#
# A fatal error has been detected by the Java Runtime Environment:
#
#  Internal Error (jvmciRuntime.cpp:1609), pid=31, tid=45
#  fatal error: Fatal exception in JVMCI: Error calling jdk.vm.ci.services.Services.serializeSavedProperties
#
# JRE version: OpenJDK Runtime Environment GraalVM CE 22.3.0 (17.0.5+8) (build 17.0.5+8-jvmci-22.3-b08)
# Java VM: OpenJDK 64-Bit Server VM GraalVM CE 22.3.0 (17.0.5+8-jvmci-22.3-b08, mixed mode, sharing, tiered, jvmci, jvmci compiler, compressed oops, compressed class ptrs, parallel gc, linux-amd64)
# Problematic frame:
# V  [libjvm.so+0x972714]  JVMCIRuntime::fatal_exception(JVMCIEnv*, char const*)+0x74
#
# Core dump will be written. Default location: Core dumps may be processed with "/usr/share/apport/apport -p%p -s%s -c%c -d%d -P%P -u%u -g%g -- %E" (or dumping to /home/runner/Ex3-Classe/core.31)
#
# If you would like to submit a bug report, please visit:
#   https://github.com/oracle/graal/issues
#

---------------  S U M M A R Y ------------

Command Line: -XX:ThreadPriorityPolicy=1 -XX:+UnlockExperimentalVMOptions -XX:+EnableJVMCIProduct -XX:JVMCIThreadsPerNativeLibraryRuntime=1 -XX:-UnlockExperimentalVMOptions -Declipse.application=org.eclipse.jdt.ls.core.id1 -Dosgi.bundles.defaultStartLevel=4 -Declipse.product=org.eclipse.jdt.ls.core.product -Dlog.level=ALL -Xverify:none -XX:+UseParallelGC -XX:GCTimeRatio=4 -XX:AdaptiveSizePolicyWeight=90 -Dsun.zip.disableMemoryMapping=true -Xmx512m -Xms100m /nix/store/m6gcpi1ii6rghy04cjwjddcavv7i90df-jdt-language-server-1.9.0/share/java/plugins/org.eclipse.equinox.launcher_1.6.400.v20210924-0641.jar --add-modules=ALL-SYSTEM --add-opens java.base/java.util=ALL-UNNAMED --add-opens java.base/java.lang=ALL-UNNAMED -configuration /home/runner/.cache/jdt-language-server/config -data /home/runner/.cache/jdt-language-server/data/home/runner/Ex3-Classe

Host: AMD EPYC 7B12, 8 cores, 1G, Ubuntu 20.04.2 LTS
Time: Fri Jun 16 16:11:42 2023 UTC elapsed time: 1120.116311 seconds (0d 0h 18m 40s)

---------------  T H R E A D  ---------------

Current thread (0x00007fe5d40b21d0):  JavaThread "JVMCI-native CompilerThread0" daemon [_thread_in_vm, id=45, stack(0x00007fe5ba61a000,0x00007fe5ba81a000)]


Current CompileTask:
JVMCI-native:1120116 8919  s    4       org.eclipse.jdt.internal.core.JavaModelManager::getInfo (36 bytes)

Stack: [0x00007fe5ba61a000,0x00007fe5ba81a000],  sp=0x00007fe5ba818380,  free space=2040k
Native frames: (J=compiled Java code, j=interpreted, Vv=VM code, C=native code)
V  [libjvm.so+0x972714]  JVMCIRuntime::fatal_exception(JVMCIEnv*, char const*)+0x74
V  [libjvm.so+0x93e2fe]  JVMCIEnv::copy_saved_properties()+0x14e
V  [libjvm.so+0x9732a9]  JVMCIRuntime::initialize(JVMCIEnv*)+0xb19
V  [libjvm.so+0x9738a2]  JVMCIRuntime::get_HotSpotJVMCIRuntime(JVMCIEnv*)+0x12
V  [libjvm.so+0x9749f2]  JVMCIRuntime::compile_method(JVMCIEnv*, JVMCICompiler*, methodHandle const&, int)+0xd2
V  [libjvm.so+0x5b0d20]  CompileBroker::invoke_compiler_on_method(CompileTask*)+0x1470
V  [libjvm.so+0x5b12e8]  CompileBroker::compiler_thread_loop()+0x528
V  [libjvm.so+0xd82460]  JavaThread::thread_main_inner()+0xd0
V  [libjvm.so+0xd85a40]  Thread::call_run()+0xc0
V  [libjvm.so+0xbdb1e1]  thread_native_entry(Thread*)+0xe1

Register to memory mapping:

RAX=0x00007fe5da2f8000 points into unknown readable memory: 0x0000000000000058 | 58 00 00 00 00 00 00 00
RBX=0x00007fe5db3f3398: <offset 0x0000000000ef5398> in /nix/store/gpxl5qgg8kicmcvivwmybwjlpf7wh20l-graalvm17-ce-22.3.0/lib/server/libjvm.so at 0x00007fe5da4fe000
RCX=0x00007fe5db3ab1e8: <offset 0x0000000000ead1e8> in /nix/store/gpxl5qgg8kicmcvivwmybwjlpf7wh20l-graalvm17-ce-22.3.0/lib/server/libjvm.so at 0x00007fe5da4fe000
RDX=0x0000000000000649 is an unknown value
RSP=0x00007fe5ba818380 is pointing into the stack for thread: 0x00007fe5d40b21d0
RBP=0x00007fe5ba8183a0 is pointing into the stack for thread: 0x00007fe5d40b21d0
RSI=0x00007fe5db3f3c48: <offset 0x0000000000ef5c48> in /nix/store/gpxl5qgg8kicmcvivwmybwjlpf7wh20l-graalvm17-ce-22.3.0/lib/server/libjvm.so at 0x00007fe5da4fe000
RDI=0x00000000e0000000 is an oop: java.lang.String 
{0x00000000e0000000} - klass: 'java/lang/String'
 - string: "resolution"
R8 =0x00007fe5db3f3398: <offset 0x0000000000ef5398> in /nix/store/gpxl5qgg8kicmcvivwmybwjlpf7wh20l-graalvm17-ce-22.3.0/lib/server/libjvm.so at 0x00007fe5da4fe000
R9 =0x0000000000000003 is an unknown value
R10=0x00007fe5db744da0: <offset 0x0000000001246da0> in /nix/store/gpxl5qgg8kicmcvivwmybwjlpf7wh20l-graalvm17-ce-22.3.0/lib/server/libjvm.so at 0x00007fe5da4fe000
R11=0x000000080044f048 is pointing into metadata
R12=0x0 is NULL
R13=0x00007fe5d40b21d0 is a thread
R14=0x00007fe5d4000b80 points into unknown readable memory: 0x00007fe5db624a38 | 38 4a 62 db e5 7f 00 00
R15=0x00007fe5db732e40: <offset 0x0000000001234e40> in /nix/store/gpxl5qgg8kicmcvivwmybwjlpf7wh20l-graalvm17-ce-22.3.0/lib/server/libjvm.so at 0x00007fe5da4fe000


Registers:
RAX=0x00007fe5da2f8000, RBX=0x00007fe5db3f3398, RCX=0x00007fe5db3ab1e8, RDX=0x0000000000000649
RSP=0x00007fe5ba818380, RBP=0x00007fe5ba8183a0, RSI=0x00007fe5db3f3c48, RDI=0x00000000e0000000
R8 =0x00007fe5db3f3398, R9 =0x0000000000000003, R10=0x00007fe5db744da0, R11=0x000000080044f048
R12=0x0000000000000000, R13=0x00007fe5d40b21d0, R14=0x00007fe5d4000b80, R15=0x00007fe5db732e40
RIP=0x00007fe5dae70714, EFLAGS=0x0000000000010206, CSGSFS=0x002b000000000033, ERR=0x0000000000000006
  TRAPNO=0x000000000000000e

Top of Stack: (sp=0x00007fe5ba818380)
0x00007fe5ba818380:   00007fe5ba818940 00007fe5d40b21d0
0x00007fe5ba818390:   00007fe5d8c898c8 0000000800c417a0
0x00007fe5ba8183a0:   00007fe5ba818500 00007fe5dae3c2fe
0x00007fe5ba8183b0:   00007fe5ba8183e0 00007fe5ba818440 

Instructions: (pc=0x00007fe5dae70714)
0x00007fe5dae70614:   30 e8 f6 cf e8 ff 4c 89 e7 e8 2e 48 d1 ff 84 db
0x00007fe5dae70624:   75 2a 4d 85 ed 74 04 4d 8b 6d 00 48 83 c4 08 44
0x00007fe5dae70634:   89 f9 4c 89 f2 4c 89 ee 5b 4c 89 e7 41 5c 41 5d
0x00007fe5dae70644:   41 5e 41 5f 5d e9 e2 47 d1 ff 66 90 48 83 c4 08
0x00007fe5dae70654:   5b 41 5c 41 5d 41 5e 41 5f 5d c3 90 31 d2 be 08
0x00007fe5dae70664:   00 00 00 4c 89 ff e8 b1 78 a3 ff 49 89 c5 e9 37
0x00007fe5dae70674:   ff ff ff 66 0f 1f 84 00 00 00 00 00 48 8b 7a 08
0x00007fe5dae70684:   e9 6d ff ff ff 0f 1f 80 00 00 00 00 e8 5b 48 0a
0x00007fe5dae70694:   00 84 c0 75 89 e9 6a ff ff ff 66 90 55 48 89 e5
0x00007fe5dae706a4:   41 56 41 55 41 54 49 89 fc 53 48 89 f3 66 48 8d
0x00007fe5dae706b4:   3d 27 5e 85 00 66 66 48 e8 df 43 8d ff 4c 8b 28
0x00007fe5dae706c4:   8b 05 be 72 8a 00 85 c0 75 14 ba 01 00 00 00 48
0x00007fe5dae706d4:   8d 0d ae 72 8a 00 f0 0f b1 11 85 c0 74 4e be c8
0x00007fe5dae706e4:   00 00 00 4c 89 ef e8 01 0b 41 00 48 8d 05 12 ac
0x00007fe5dae706f4:   85 00 49 89 d8 48 8d 0d e8 aa 53 00 ba 49 06 00
0x00007fe5dae70704:   00 48 8d 35 3c 35 58 00 bf 00 00 00 e0 48 8b 00
0x00007fe5dae70714:   c6 00 58 31 c0 e8 e2 91 c6 ff 5b 41 5c 41 5d 41
0x00007fe5dae70724:   5e 5d e9 55 34 26 00 0f 1f 44 00 00 48 8d 05 81
0x00007fe5dae70734:   a3 8b 00 48 89 df 4c 8b 30 e8 9e 43 8d ff 48 89
0x00007fe5dae70744:   de 48 89 c2 49 8b 06 4c 89 f7 ff 50 08 4c 89 f7
0x00007fe5dae70754:   e8 a7 5c 27 00 4d 85 e4 74 12 be 01 00 00 00 4c
0x00007fe5dae70764:   89 e7 e8 35 43 fc ff eb 82 0f 1f 00 be 01 00 00
0x00007fe5dae70774:   00 4c 89 ef e8 d3 fd ff ff e9 6d ff ff ff 66 66
0x00007fe5dae70784:   2e 0f 1f 84 00 00 00 00 00 0f 1f 00 55 48 89 e5
0x00007fe5dae70794:   41 57 41 56 41 55 41 54 53 48 81 ec 08 02 00 00
0x00007fe5dae707a4:   64 48 8b 04 25 28 00 00 00 48 89 45 c8 8b 07 83
0x00007fe5dae707b4:   f8 02 0f 84 11 04 00 00 4c 8b 6f 18 49 89 ff 49
0x00007fe5dae707c4:   89 f4 4d 85 ed 74 14 4c 89 ef e8 5d 57 22 00 41
0x00007fe5dae707d4:   8b 07 83 f8 02 0f 84 19 04 00 00 48 8d 1d 9a 06
0x00007fe5dae707e4:   8a 00 4c 8d 35 0b 3c 58 00 eb 38 90 48 85 d2 7f
0x00007fe5dae707f4:   0d 48 8d 05 b4 c0 85 00 48 83 38 00 7e 0e 41 8b
0x00007fe5dae70804:   77 2c 4c 89 f7 31 c0 e8 a0 b2 f7 ff 49 8b 7f 18 


Stack slot to memory mapping:
stack at sp + 0 slots: 0x00007fe5ba818940 is pointing into the stack for thread: 0x00007fe5d40b21d0
stack at sp + 1 slots: 0x00007fe5d40b21d0 is a thread
stack at sp + 2 slots: 0x00007fe5d8c898c8 points into unknown readable memory: 0x6573001880c9ffff | ff ff c9 80 18 00 73 65
stack at sp + 3 slots: 0x0000000800c417a0 is a pointer to class: 
jdk.vm.ci.services.Services {0x0000000800c417a0}
 - instance size:     2
 - klass size:        65
 - access:            public final synchronized 
 - state:             fully_initialized
 - name:              'jdk/vm/ci/services/Services'
 - super:             'java/lang/Object'
 - sub:               
 - arrays:            NULL
 - methods:           Array<T>(0x00007fe5bac42c20)
 - method ordering:   Array<T>(0x0000000800928960)
 - default_methods:   Array<T>(0x0000000000000000)
 - local interfaces:  Array<T>(0x00000008005ce810)
 - trans. interfaces: Array<T>(0x00000008005ce810)
 - constants:         constant pool [427] {0x00007fe5bac41d00} for 'jdk/vm/ci/services/Services' cache=0x00007fe5bac43ef0
 - class loader data:  loader data: 0x00007fe5d40283f0 of 'bootstrap'
 - source file:       'Services.java'
 - class annotations:       Array<T>(0x0000000000000000)
 - class type annotations:  Array<T>(0x0000000000000000)
 - field annotations:       Array<T>(0x0000000000000000)
 - field type annotations:  Array<T>(0x0000000000000000)
 - inner classes:     Array<T>(0x00007fe5bac43ec0)
 - nest members:     Array<T>(0x00007fe5bac43ee0)
 - permitted subclasses:     Array<T>(0x00000008005ce7a0)
 - java mirror:       a 'java/lang/Class'{0x00000000e0146378} = 'jdk/vm/ci/services/Services'
 - vtable length      5  (start addr: 0x0000000800c41970)
 - itable length      2 (start addr: 0x0000000800c41998)
 - ---- static fields (3 words):
 - public static final 'IS_BUILDING_NATIVE_IMAGE' 'Z' @128 
 - public static final 'IS_IN_NATIVE_IMAGE' 'Z' @129 
 - private static volatile 'savedProperties' 'Ljava/util/Map;' @112 
 - static final 'JVMCI_ENABLED' 'Z' @130 
 - private static final 'servicesCache' 'Ljava/util/Map;' @116 
 - private static final 'MAX_UNICODE_IN_UTF8_LENGTH' 'I' @120 
 - private static final 'MAX_UTF8_PROPERTY_STRING_LENGTH' 'I' @124 
 - ---- non-static fields (0 words):
 - non-static oop maps: 
stack at sp + 4 slots: 0x00007fe5ba818500 is pointing into the stack for thread: 0x00007fe5d40b21d0
stack at sp + 5 slots: 0x00007fe5dae3c2fe: <offset 0x000000000093e2fe> in /nix/store/gpxl5qgg8kicmcvivwmybwjlpf7wh20l-graalvm17-ce-22.3.0/lib/server/libjvm.so at 0x00007fe5da4fe000
stack at sp + 6 slots: 0x00007fe5ba8183e0 is pointing into the stack for thread: 0x00007fe5d40b21d0
stack at sp + 7 slots: 0x00007fe5ba818440 is pointing into the stack for thread: 0x00007fe5d40b21d0


---------------  P R O C E S S  ---------------

Threads class SMR info:
_java_thread_list=0x00007fe544035f10, length=27, elements={
0x00007fe5d4026690, 0x00007fe5d40a64d0, 0x00007fe5d40a7910, 0x00007fe5d40ae040,
0x00007fe5d40af3f0, 0x00007fe5d40b07e0, 0x00007fe5d40b21d0, 0x00007fe5d40b36e0,
0x00007fe5d40b4740, 0x00007fe5d40d71b0, 0x00007fe5d411f720, 0x00007fe5d4303be0,
0x00007fe5d4336c70, 0x00007fe5d4339530, 0x00007fe5d45fe870, 0x00007fe568017270,
0x00007fe5682a1150, 0x00007fe568305180, 0x00007fe56847f490, 0x00007fe5685efee0,
0x00007fe5d43bb970, 0x00007fe55c007510, 0x00007fe5d43871a0, 0x00007fe55c036f30,
0x00007fe538438a70, 0x00007fe5441290f0, 0x00007fe5441464b0
}

Java Threads: ( => current thread )
  0x00007fe5d4026690 JavaThread "main" [_thread_blocked, id=37, stack(0x00007fe5da319000,0x00007fe5da419000)]
  0x00007fe5d40a64d0 JavaThread "Reference Handler" daemon [_thread_blocked, id=40, stack(0x00007fe5d8330000,0x00007fe5d8430000)]
  0x00007fe5d40a7910 JavaThread "Finalizer" daemon [_thread_blocked, id=41, stack(0x00007fe5d8230000,0x00007fe5d8330000)]
  0x00007fe5d40ae040 JavaThread "Signal Dispatcher" daemon [_thread_blocked, id=42, stack(0x00007fe5d8130000,0x00007fe5d8230000)]
  0x00007fe5d40af3f0 JavaThread "Service Thread" daemon [_thread_blocked, id=43, stack(0x00007fe5d8030000,0x00007fe5d8130000)]
  0x00007fe5d40b07e0 JavaThread "Monitor Deflation Thread" daemon [_thread_blocked, id=44, stack(0x00007fe5ba81a000,0x00007fe5ba91a000)]
=>0x00007fe5d40b21d0 JavaThread "JVMCI-native CompilerThread0" daemon [_thread_in_vm, id=45, stack(0x00007fe5ba61a000,0x00007fe5ba81a000)]
  0x00007fe5d40b36e0 JavaThread "C1 CompilerThread0" daemon [_thread_blocked, id=46, stack(0x00007fe5ba41a000,0x00007fe5ba61a000)]
  0x00007fe5d40b4740 JavaThread "Sweeper thread" daemon [_thread_blocked, id=47, stack(0x00007fe5ba31a000,0x00007fe5ba41a000)]
  0x00007fe5d40d71b0 JavaThread "Common-Cleaner" daemon [_thread_blocked, id=48, stack(0x00007fe5ba21a000,0x00007fe5ba31a000)]
  0x00007fe5d411f720 JavaThread "Notification Thread" daemon [_thread_blocked, id=49, stack(0x00007fe5ba11a000,0x00007fe5ba21a000)]
  0x00007fe5d4303be0 JavaThread "Active Thread: Equinox Container: 341a42b4-0c08-49b8-9def-433dce0fb470" [_thread_blocked, id=63, stack(0x00007fe5b8d00000,0x00007fe5b8e00000)]
  0x00007fe5d4336c70 JavaThread "Framework Event Dispatcher: Equinox Container: 341a42b4-0c08-49b8-9def-433dce0fb470" daemon [_thread_blocked, id=64, stack(0x00007fe5b8b00000,0x00007fe5b8c00000)]
  0x00007fe5d4339530 JavaThread "Start Level: Equinox Container: 341a42b4-0c08-49b8-9def-433dce0fb470" daemon [_thread_blocked, id=65, stack(0x00007fe5b8900000,0x00007fe5b8a00000)]
  0x00007fe5d45fe870 JavaThread "Refresh Thread: Equinox Container: 341a42b4-0c08-49b8-9def-433dce0fb470" daemon [_thread_blocked, id=66, stack(0x00007fe5b8700000,0x00007fe5b8800000)]
  0x00007fe568017270 JavaThread "SCR Component Actor" daemon [_thread_blocked, id=74, stack(0x00007fe5b8500000,0x00007fe5b8600000)]
  0x00007fe5682a1150 JavaThread "Worker-JM" [_thread_blocked, id=77, stack(0x00007fe5b8100000,0x00007fe5b8200000)]
  0x00007fe568305180 JavaThread "Worker-0" [_thread_blocked, id=78, stack(0x00007fe581b00000,0x00007fe581c00000)]
  0x00007fe56847f490 JavaThread "Java indexing" daemon [_thread_blocked, id=80, stack(0x00007fe581700000,0x00007fe581800000)]
  0x00007fe5685efee0 JavaThread "Bundle File Closer" daemon [_thread_blocked, id=90, stack(0x00007fe581500000,0x00007fe581600000)]
  0x00007fe5d43bb970 JavaThread "pool-3-thread-1" [_thread_blocked, id=91, stack(0x00007fe581300000,0x00007fe581400000)]
  0x00007fe55c007510 JavaThread "Worker-2: Java indexing... " [_thread_blocked, id=92, stack(0x00007fe581100000,0x00007fe581200000)]
  0x00007fe5d43871a0 JavaThread "pool-2-thread-1" [_thread_in_native, id=93, stack(0x00007fe580f00000,0x00007fe581000000)]
  0x00007fe55c036f30 JavaThread "Worker-5" [_thread_blocked, id=106, stack(0x00007fe580b00000,0x00007fe580c00000)]
  0x00007fe538438a70 JavaThread "Okio Watchdog" daemon [_thread_blocked, id=111, stack(0x00007fe580e00000,0x00007fe580f00000)]
  0x00007fe5441290f0 JavaThread "Thread-5" [_thread_blocked, id=1827, stack(0x00007fe5b8400000,0x00007fe5b8500000)]
  0x00007fe5441464b0 JavaThread "Thread-6" [_thread_blocked, id=2044, stack(0x00007fe581a00000,0x00007fe581b00000)]

Other Threads:
  0x00007fe5d40a1c10 VMThread "VM Thread" [stack: 0x00007fe5d8432000,0x00007fe5d8532000] [id=39] _threads_hazard_ptr=0x00007fe544035f10
  0x00007fe5d41210c0 WatcherThread [stack: 0x00007fe5ba01a000,0x00007fe5ba11a000] [id=50]
  0x00007fe5d403df30 GCTaskThread "GC Thread#0" [stack: 0x00007fe5d9edc000,0x00007fe5d9fdc000] [id=38]

Threads with active compile tasks:
JVMCI-native CompilerThread0  1120147 8919  s    4       org.eclipse.jdt.internal.core.JavaModelManager::getInfo (36 bytes)

VM state: synchronizing (normal execution)

VM Mutex/Monitor currently owned by a thread:  ([mutex/lock_event])
[0x00007fe5d4023840] Threads_lock - owner thread: 0x00007fe5d40a1c10
[0x00007fe5d4023ff0] Heap_lock - owner thread: 0x00007fe5441290f0

OutOfMemory and StackOverflow Exception counts:
OutOfMemoryError java_heap_errors=2
LinkageErrors=73

Heap address: 0x00000000e0000000, size: 512 MB, Compressed Oops mode: 32-bit

CDS archive(s) mapped at: [0x0000000800000000-0x0000000800bc8000-0x0000000800bc8000), size 12353536, SharedBaseAddress: 0x0000000800000000, ArchiveRelocationMode: 0.
Compressed class space mapped at: 0x0000000800c00000-0x0000000840c00000, reserved size: 1073741824
Narrow klass base: 0x0000000800000000, Narrow klass shift: 0, Narrow klass range: 0x100000000

GC Precious Log:
 CPUs: 8 total, 1 available
 Memory: 1024M
 Large Page Support: Disabled
 NUMA Support: Disabled
 Compressed Oops: Enabled (32-bit)
 Alignments: Space 512K, Generation 512K, Heap 2M
 Heap Min Capacity: 100M
 Heap Initial Capacity: 100M
 Heap Max Capacity: 512M
 Pre-touch: Disabled
 Parallel Workers: 1

Heap:
 PSYoungGen      total 26112K, used 19456K [0x00000000f5580000, 0x00000000f7780000, 0x0000000100000000)
  eden space 19456K, 100% used [0x00000000f5580000,0x00000000f6880000,0x00000000f6880000)
  from space 6656K, 0% used [0x00000000f7100000,0x00000000f7100000,0x00000000f7780000)
  to   space 8704K, 0% used [0x00000000f6880000,0x00000000f6880000,0x00000000f7100000)
 ParOldGen       total 349696K, used 349695K [0x00000000e0000000, 0x00000000f5580000, 0x00000000f5580000)
  object space 349696K, 99% used [0x00000000e0000000,0x00000000f557ffe8,0x00000000f5580000)
 Metaspace       used 59571K, committed 60864K, reserved 1105920K
  class space    used 5931K, committed 6464K, reserved 1048576K

Card table byte_map: [0x00007fe5d9fdc000,0x00007fe5da0dd000] _byte_map_base: 0x00007fe5d98dc000

Marking Bits: (ParMarkBitMap*) 0x00007fe5db72c4c0
 Begin Bits: [0x00007fe5d8e2f000, 0x00007fe5d962f000)
 End Bits:   [0x00007fe5d962f000, 0x00007fe5d9e2f000)

Polling page: 0x00007fe5da2f6000

Metaspace:

Usage:
  Non-class:     52.38 MB used.
      Class:      5.79 MB used.
       Both:     58.18 MB used.

Virtual space:
  Non-class space:       56.00 MB reserved,      53.12 MB ( 95%) committed,  7 nodes.
      Class space:        1.00 GB reserved,       6.31 MB ( <1%) committed,  1 nodes.
             Both:        1.05 GB reserved,      59.44 MB (  6%) committed. 

Chunk freelists:
   Non-Class:  2.27 MB
       Class:  1.79 MB
        Both:  4.06 MB

MaxMetaspaceSize: unlimited
CompressedClassSpaceSize: 1.00 GB
Initial GC threshold: 21.00 MB
Current GC threshold: 99.00 MB
CDS: on
MetaspaceReclaimPolicy: balanced
 - commit_granule_bytes: 65536.
 - commit_granule_words: 8192.
 - virtual_space_node_default_size: 1048576.
 - enlarge_chunks_in_place: 1.
 - new_chunks_are_fully_committed: 0.
 - uncommit_free_chunks: 1.
 - use_allocation_guard: 0.
 - handle_deallocations: 1.


Internal statistics:

num_allocs_failed_limit: 6.
num_arena_births: 506.
num_arena_deaths: 150.
num_vsnodes_births: 8.
num_vsnodes_deaths: 0.
num_space_committed: 950.
num_space_uncommitted: 0.
num_chunks_returned_to_freelist: 211.
num_chunks_taken_from_freelist: 2828.
num_chunk_merges: 87.
num_chunk_splits: 1867.
num_chunks_enlarged: 1184.
num_purges: 4.
num_inconsistent_stats: 0.

CodeHeap 'non-profiled nmethods': size=120036Kb used=2643Kb max_used=2643Kb free=117393Kb
 bounds [0x00007fe5c2f7a000, 0x00007fe5c321a000, 0x00007fe5ca4b3000]
CodeHeap 'profiled nmethods': size=120032Kb used=14769Kb max_used=15778Kb free=105262Kb
 bounds [0x00007fe5bba42000, 0x00007fe5bc9b2000, 0x00007fe5c2f7a000]
CodeHeap 'non-nmethods': size=5692Kb used=1398Kb max_used=1402Kb free=4293Kb
 bounds [0x00007fe5bb4b3000, 0x00007fe5bb723000, 0x00007fe5bba42000]
 total_blobs=7601 nmethods=6863 adapters=633
 compilation: enabled
              stopped_count=0, restarted_count=0
 full_count=0

JVMCI Events (20 events):
Event: 836.198 Thread 0x00007fe5d40b21d0 releasing handles for JVMCI runtime 0: oop handles=60, metadata handles={total=96, live=86, blocks=46}
Event: 836.198 Thread 0x00007fe5d40b21d0 detached from JVMCI runtime 0
Event: 916.901 Thread 0x00007fe5d40b21d0 attached to JVMCI runtime 0
Event: 916.904 Thread 0x00007fe5d40b21d0 created JavaVM[9]@0x00007fe58049e340 for JVMCI runtime 0
Event: 919.322 Thread 0x00007fe5d40b21d0 initializing JVMCI runtime 0
Event: 919.322 Thread 0x00007fe5d40b21d0 done waiting for JavaVM references initialization in JVMCI runtime 0
Event: 952.758 Thread 0x00007fe5d40b21d0 initialized JVMCI runtime 0
Event: 976.053 Thread 0x00007fe5d40b21d0 compacted oop handles in JVMCI runtime 0 from 114 to 113
Event: 977.229 Thread 0x00007fe5d40b21d0 detaching from JVMCI runtime 0: releasing idle compiler thread (0 other threads still attached)
Event: 977.229 Thread 0x00007fe5d40b21d0 shutting down HotSpotJVMCIRuntime for JVMCI runtime 0
Event: 977.229 Thread 0x00007fe5d40b21d0 compacted oop handles in JVMCI runtime 0 from 113 to 45
Event: 977.229 Thread 0x00007fe5d40b21d0 shut down JVMCI runtime 0
Event: 978.472 Thread 0x00007fe5d40b21d0 destroyed JavaVM[9]@0x00007fe58049e340 for JVMCI runtime 0
Event: 978.472 Thread 0x00007fe5d40b21d0 compacted oop handles in JVMCI runtime 0 from 45 to 45
Event: 978.472 Thread 0x00007fe5d40b21d0 releasing handles for JVMCI runtime 0: oop handles=45, metadata handles={total=179, live=175, blocks=46}
Event: 978.472 Thread 0x00007fe5d40b21d0 detached from JVMCI runtime 0
Event: 1095.749 Thread 0x00007fe5d40b21d0 attached to JVMCI runtime 0
Event: 1095.751 Thread 0x00007fe5d40b21d0 created JavaVM[10]@0x00007fe58049e340 for JVMCI runtime 0
Event: 1095.751 Thread 0x00007fe5d40b21d0 initializing JVMCI runtime 0
Event: 1095.751 Thread 0x00007fe5d40b21d0 done waiting for JavaVM references initialization in JVMCI runtime 0

Compilation events (20 events):
Event: 982.235 Thread 0x00007fe5d40b36e0 nmethod 8907 0x00007fe5bc566d90 code [0x00007fe5bc566f40, 0x00007fe5bc5670f0]
Event: 1017.640 Thread 0x00007fe5d40b36e0 8908       3       java.util.concurrent.ThreadPoolExecutor::workerCountOf (5 bytes)
Event: 1017.641 Thread 0x00007fe5d40b36e0 nmethod 8908 0x00007fe5bc170d90 code [0x00007fe5bc170f20, 0x00007fe5bc171010]
Event: 1022.451 Thread 0x00007fe5d40b36e0 8909       3       org.eclipse.jdt.internal.compiler.parser.Scanner::scanIdentifierOrKeyword (196 bytes)
Event: 1023.751 Thread 0x00007fe5d40b36e0 nmethod 8909 0x00007fe5bc435990 code [0x00007fe5bc435bc0, 0x00007fe5bc436850]
Event: 1023.751 Thread 0x00007fe5d40b36e0 8910       3       org.eclipse.jdt.internal.compiler.parser.Scanner::mayBeAtCasePattern (42 bytes)
Event: 1024.946 Thread 0x00007fe5d40b36e0 nmethod 8910 0x00007fe5bbc55110 code [0x00007fe5bbc552c0, 0x00007fe5bbc55760]
Event: 1024.947 Thread 0x00007fe5d40b36e0 8911       3       java.util.stream.Nodes$FixedNodeBuilder::accept (61 bytes)
Event: 1026.235 Thread 0x00007fe5d40b36e0 nmethod 8911 0x00007fe5bc1e9710 code [0x00007fe5bc1e99c0, 0x00007fe5bc1eac70]
Event: 1026.236 Thread 0x00007fe5d40b36e0 8912       3       org.eclipse.jdt.core.compiler.CharOperation::toString (16 bytes)
Event: 1026.237 Thread 0x00007fe5d40b36e0 nmethod 8912 0x00007fe5bc4ddc10 code [0x00007fe5bc4dddc0, 0x00007fe5bc4ddf70]
Event: 1034.138 Thread 0x00007fe5d40b36e0 8913       3       org.eclipse.jdt.internal.codeassist.impl.AssistParser::isInsideMethod (56 bytes)
Event: 1034.139 Thread 0x00007fe5d40b36e0 nmethod 8913 0x00007fe5bbc54990 code [0x00007fe5bbc54b60, 0x00007fe5bbc54e90]
Event: 1073.934 Thread 0x00007fe5d40b36e0 8915       3       org.eclipse.jdt.internal.core.SourceRefElement::equals (35 bytes)
Event: 1074.958 Thread 0x00007fe5d40b36e0 nmethod 8915 0x00007fe5bc7b7110 code [0x00007fe5bc7b72e0, 0x00007fe5bc7b79e0]
Event: 1084.052 Thread 0x00007fe5d40b36e0 8916       3       org.eclipse.jdt.internal.compiler.lookup.ReferenceBinding::<init> (5 bytes)
Event: 1086.517 Thread 0x00007fe5d40b36e0 nmethod 8916 0x00007fe5bc4fe710 code [0x00007fe5bc4fe8c0, 0x00007fe5bc4feb10]
Event: 1086.517 Thread 0x00007fe5d40b36e0 8918       3       org.eclipse.jdt.internal.compiler.lookup.PackageBinding::addType (234 bytes)
Event: 1089.853 Thread 0x00007fe5d40b36e0 nmethod 8918 0x00007fe5bbd4ef10 code [0x00007fe5bbd4f220, 0x00007fe5bbd51d50]
Event: 1095.749 Thread 0x00007fe5d40b21d0 8919  s    4       org.eclipse.jdt.internal.core.JavaModelManager::getInfo (36 bytes)

GC Heap History (20 events):
Event: 1108.658 GC heap before
{Heap before GC invocations=972 (full 887):
 PSYoungGen      total 26112K, used 19456K [0x00000000f5580000, 0x00000000f7780000, 0x0000000100000000)
  eden space 19456K, 100% used [0x00000000f5580000,0x00000000f6880000,0x00000000f6880000)
  from space 6656K, 0% used [0x00000000f7100000,0x00000000f7100000,0x00000000f7780000)
  to   space 8704K, 0% used [0x00000000f6880000,0x00000000f6880000,0x00000000f7100000)
 ParOldGen       total 349696K, used 349696K [0x00000000e0000000, 0x00000000f5580000, 0x00000000f5580000)
  object space 349696K, 100% used [0x00000000e0000000,0x00000000f5580000,0x00000000f5580000)
 Metaspace       used 59571K, committed 60864K, reserved 1105920K
  class space    used 5931K, committed 6464K, reserved 1048576K
}
Event: 1109.921 GC heap after
{Heap after GC invocations=972 (full 887):
 PSYoungGen      total 28160K, used 19455K [0x00000000f5580000, 0x00000000f7780000, 0x0000000100000000)
  eden space 19456K, 99% used [0x00000000f5580000,0x00000000f687ffd0,0x00000000f6880000)
  from space 8704K, 0% used [0x00000000f6880000,0x00000000f6880000,0x00000000f7100000)
  to   space 6656K, 0% used [0x00000000f7100000,0x00000000f7100000,0x00000000f7780000)
 ParOldGen       total 349696K, used 349695K [0x00000000e0000000, 0x00000000f5580000, 0x00000000f5580000)
  object space 349696K, 99% used [0x00000000e0000000,0x00000000f557ff00,0x00000000f5580000)
 Metaspace       used 59571K, committed 60864K, reserved 1105920K
  class space    used 5931K, committed 6464K, reserved 1048576K
}
Event: 1109.922 GC heap before
{Heap before GC invocations=973 (full 888):
 PSYoungGen      total 28160K, used 19455K [0x00000000f5580000, 0x00000000f7780000, 0x0000000100000000)
  eden space 19456K, 99% used [0x00000000f5580000,0x00000000f687ffe8,0x00000000f6880000)
  from space 8704K, 0% used [0x00000000f6880000,0x00000000f6880000,0x00000000f7100000)
  to   space 6656K, 0% used [0x00000000f7100000,0x00000000f7100000,0x00000000f7780000)
 ParOldGen       total 349696K, used 349695K [0x00000000e0000000, 0x00000000f5580000, 0x00000000f5580000)
  object space 349696K, 99% used [0x00000000e0000000,0x00000000f557ff00,0x00000000f5580000)
 Metaspace       used 59571K, committed 60864K, reserved 1105920K
  class space    used 5931K, committed 6464K, reserved 1048576K
}
Event: 1111.026 GC heap after
{Heap after GC invocations=973 (full 888):
 PSYoungGen      total 26112K, used 19455K [0x00000000f5580000, 0x00000000f7780000, 0x0000000100000000)
  eden space 19456K, 99% used [0x00000000f5580000,0x00000000f687ffe8,0x00000000f6880000)
  from space 6656K, 0% used [0x00000000f7100000,0x00000000f7100000,0x00000000f7780000)
  to   space 8704K, 0% used [0x00000000f6880000,0x00000000f6880000,0x00000000f7100000)
 ParOldGen       total 349696K, used 349695K [0x00000000e0000000, 0x00000000f5580000, 0x00000000f5580000)
  object space 349696K, 99% used [0x00000000e0000000,0x00000000f557ff00,0x00000000f5580000)
 Metaspace       used 59571K, committed 60864K, reserved 1105920K
  class space    used 5931K, committed 6464K, reserved 1048576K
}
Event: 1111.027 GC heap before
{Heap before GC invocations=974 (full 889):
 PSYoungGen      total 26112K, used 19456K [0x00000000f5580000, 0x00000000f7780000, 0x0000000100000000)
  eden space 19456K, 100% used [0x00000000f5580000,0x00000000f6880000,0x00000000f6880000)
  from space 6656K, 0% used [0x00000000f7100000,0x00000000f7100000,0x00000000f7780000)
  to   space 8704K, 0% used [0x00000000f6880000,0x00000000f6880000,0x00000000f7100000)
 ParOldGen       total 349696K, used 349695K [0x00000000e0000000, 0x00000000f5580000, 0x00000000f5580000)
  object space 349696K, 99% used [0x00000000e0000000,0x00000000f557fff0,0x00000000f5580000)
 Metaspace       used 59571K, committed 60864K, reserved 1105920K
  class space    used 5931K, committed 6464K, reserved 1048576K
}
Event: 1112.113 GC heap after
{Heap after GC invocations=974 (full 889):
 PSYoungGen      total 28160K, used 19456K [0x00000000f5580000, 0x00000000f7780000, 0x0000000100000000)
  eden space 19456K, 100% used [0x00000000f5580000,0x00000000f6880000,0x00000000f6880000)
  from space 8704K, 0% used [0x00000000f6880000,0x00000000f6880000,0x00000000f7100000)
  to   space 6656K, 0% used [0x00000000f7100000,0x00000000f7100000,0x00000000f7780000)
 ParOldGen       total 349696K, used 349695K [0x00000000e0000000, 0x00000000f5580000, 0x00000000f5580000)
  object space 349696K, 99% used [0x00000000e0000000,0x00000000f557ff88,0x00000000f5580000)
 Metaspace       used 59571K, committed 60864K, reserved 1105920K
  class space    used 5931K, committed 6464K, reserved 1048576K
}
Event: 1112.113 GC heap before
{Heap before GC invocations=975 (full 890):
 PSYoungGen      total 28160K, used 19456K [0x00000000f5580000, 0x00000000f7780000, 0x0000000100000000)
  eden space 19456K, 100% used [0x00000000f5580000,0x00000000f6880000,0x00000000f6880000)
  from space 8704K, 0% used [0x00000000f6880000,0x00000000f6880000,0x00000000f7100000)
  to   space 6656K, 0% used [0x00000000f7100000,0x00000000f7100000,0x00000000f7780000)
 ParOldGen       total 349696K, used 349695K [0x00000000e0000000, 0x00000000f5580000, 0x00000000f5580000)
  object space 349696K, 99% used [0x00000000e0000000,0x00000000f557fff8,0x00000000f5580000)
 Metaspace       used 59571K, committed 60864K, reserved 1105920K
  class space    used 5931K, committed 6464K, reserved 1048576K
}
Event: 1113.251 GC heap after
{Heap after GC invocations=975 (full 890):
 PSYoungGen      total 26112K, used 19456K [0x00000000f5580000, 0x00000000f7780000, 0x0000000100000000)
  eden space 19456K, 100% used [0x00000000f5580000,0x00000000f6880000,0x00000000f6880000)
  from space 6656K, 0% used [0x00000000f7100000,0x00000000f7100000,0x00000000f7780000)
  to   space 8704K, 0% used [0x00000000f6880000,0x00000000f6880000,0x00000000f7100000)
 ParOldGen       total 349696K, used 349695K [0x00000000e0000000, 0x00000000f5580000, 0x00000000f5580000)
  object space 349696K, 99% used [0x00000000e0000000,0x00000000f557ffb0,0x00000000f5580000)
 Metaspace       used 59571K, committed 60864K, reserved 1105920K
  class space    used 5931K, committed 6464K, reserved 1048576K
}
Event: 1113.251 GC heap before
{Heap before GC invocations=976 (full 891):
 PSYoungGen      total 26112K, used 19456K [0x00000000f5580000, 0x00000000f7780000, 0x0000000100000000)
  eden space 19456K, 100% used [0x00000000f5580000,0x00000000f6880000,0x00000000f6880000)
  from space 6656K, 0% used [0x00000000f7100000,0x00000000f7100000,0x00000000f7780000)
  to   space 8704K, 0% used [0x00000000f6880000,0x00000000f6880000,0x00000000f7100000)
 ParOldGen       total 349696K, used 349695K [0x00000000e0000000, 0x00000000f5580000, 0x00000000f5580000)
  object space 349696K, 99% used [0x00000000e0000000,0x00000000f557ffd0,0x00000000f5580000)
 Metaspace       used 59571K, committed 60864K, reserved 1105920K
  class space    used 5931K, committed 6464K, reserved 1048576K
}
Event: 1114.331 GC heap after
{Heap after GC invocations=976 (full 891):
 PSYoungGen      total 28160K, used 19456K [0x00000000f5580000, 0x00000000f7780000, 0x0000000100000000)
  eden space 19456K, 100% used [0x00000000f5580000,0x00000000f6880000,0x00000000f6880000)
  from space 8704K, 0% used [0x00000000f6880000,0x00000000f6880000,0x00000000f7100000)
  to   space 6656K, 0% used [0x00000000f7100000,0x00000000f7100000,0x00000000f7780000)
 ParOldGen       total 349696K, used 349695K [0x00000000e0000000, 0x00000000f5580000, 0x00000000f5580000)
  object space 349696K, 99% used [0x00000000e0000000,0x00000000f557ffd0,0x00000000f5580000)
 Metaspace       used 59571K, committed 60864K, reserved 1105920K
  class space    used 5931K, committed 6464K, reserved 1048576K
}
Event: 1114.331 GC heap before
{Heap before GC invocations=977 (full 892):
 PSYoungGen      total 28160K, used 19456K [0x00000000f5580000, 0x00000000f7780000, 0x0000000100000000)
  eden space 19456K, 100% used [0x00000000f5580000,0x00000000f6880000,0x00000000f6880000)
  from space 8704K, 0% used [0x00000000f6880000,0x00000000f6880000,0x00000000f7100000)
  to   space 6656K, 0% used [0x00000000f7100000,0x00000000f7100000,0x00000000f7780000)
 ParOldGen       total 349696K, used 349695K [0x00000000e0000000, 0x00000000f5580000, 0x00000000f5580000)
  object space 349696K, 99% used [0x00000000e0000000,0x00000000f557ffd0,0x00000000f5580000)
 Metaspace       used 59571K, committed 60864K, reserved 1105920K
  class space    used 5931K, committed 6464K, reserved 1048576K
}
Event: 1115.445 GC heap after
{Heap after GC invocations=977 (full 892):
 PSYoungGen      total 26112K, used 19456K [0x00000000f5580000, 0x00000000f7780000, 0x0000000100000000)
  eden space 19456K, 100% used [0x00000000f5580000,0x00000000f6880000,0x00000000f6880000)
  from space 6656K, 0% used [0x00000000f7100000,0x00000000f7100000,0x00000000f7780000)
  to   space 8704K, 0% used [0x00000000f6880000,0x00000000f6880000,0x00000000f7100000)
 ParOldGen       total 349696K, used 349695K [0x00000000e0000000, 0x00000000f5580000, 0x00000000f5580000)
  object space 349696K, 99% used [0x00000000e0000000,0x00000000f557ffd0,0x00000000f5580000)
 Metaspace       used 59571K, committed 60864K, reserved 1105920K
  class space    used 5931K, committed 6464K, reserved 1048576K
}
Event: 1115.446 GC heap before
{Heap before GC invocations=978 (full 893):
 PSYoungGen      total 26112K, used 19456K [0x00000000f5580000, 0x00000000f7780000, 0x0000000100000000)
  eden space 19456K, 100% used [0x00000000f5580000,0x00000000f6880000,0x00000000f6880000)
  from space 6656K, 0% used [0x00000000f7100000,0x00000000f7100000,0x00000000f7780000)
  to   space 8704K, 0% used [0x00000000f6880000,0x00000000f6880000,0x00000000f7100000)
 ParOldGen       total 349696K, used 349695K [0x00000000e0000000, 0x00000000f5580000, 0x00000000f5580000)
  object space 349696K, 99% used [0x00000000e0000000,0x00000000f557fff0,0x00000000f5580000)
 Metaspace       used 59571K, committed 60864K, reserved 1105920K
  class space    used 5931K, committed 6464K, reserved 1048576K
}
Event: 1116.747 GC heap after
{Heap after GC invocations=978 (full 893):
 PSYoungGen      total 28160K, used 19456K [0x00000000f5580000, 0x00000000f7780000, 0x0000000100000000)
  eden space 19456K, 100% used [0x00000000f5580000,0x00000000f6880000,0x00000000f6880000)
  from space 8704K, 0% used [0x00000000f6880000,0x00000000f6880000,0x00000000f7100000)
  to   space 6656K, 0% used [0x00000000f7100000,0x00000000f7100000,0x00000000f7780000)
 ParOldGen       total 349696K, used 349694K [0x00000000e0000000, 0x00000000f5580000, 0x00000000f5580000)
  object space 349696K, 99% used [0x00000000e0000000,0x00000000f557fa50,0x00000000f5580000)
 Metaspace       used 59571K, committed 60864K, reserved 1105920K
  class space    used 5931K, committed 6464K, reserved 1048576K
}
Event: 1116.747 GC heap before
{Heap before GC invocations=979 (full 894):
 PSYoungGen      total 28160K, used 19456K [0x00000000f5580000, 0x00000000f7780000, 0x0000000100000000)
  eden space 19456K, 100% used [0x00000000f5580000,0x00000000f6880000,0x00000000f6880000)
  from space 8704K, 0% used [0x00000000f6880000,0x00000000f6880000,0x00000000f7100000)
  to   space 6656K, 0% used [0x00000000f7100000,0x00000000f7100000,0x00000000f7780000)
 ParOldGen       total 349696K, used 349695K [0x00000000e0000000, 0x00000000f5580000, 0x00000000f5580000)
  object space 349696K, 99% used [0x00000000e0000000,0x00000000f557fe28,0x00000000f5580000)
 Metaspace       used 59571K, committed 60864K, reserved 1105920K
  class space    used 5931K, committed 6464K, reserved 1048576K
}
Event: 1117.817 GC heap after
{Heap after GC invocations=979 (full 894):
 PSYoungGen      total 26112K, used 19456K [0x00000000f5580000, 0x00000000f7780000, 0x0000000100000000)
  eden space 19456K, 100% used [0x00000000f5580000,0x00000000f6880000,0x00000000f6880000)
  from space 6656K, 0% used [0x00000000f7100000,0x00000000f7100000,0x00000000f7780000)
  to   space 8704K, 0% used [0x00000000f6880000,0x00000000f6880000,0x00000000f7100000)
 ParOldGen       total 349696K, used 349694K [0x00000000e0000000, 0x00000000f5580000, 0x00000000f5580000)
  object space 349696K, 99% used [0x00000000e0000000,0x00000000f557fac8,0x00000000f5580000)
 Metaspace       used 59571K, committed 60864K, reserved 1105920K
  class space    used 5931K, committed 6464K, reserved 1048576K
}
Event: 1117.817 GC heap before
{Heap before GC invocations=980 (full 895):
 PSYoungGen      total 26112K, used 19456K [0x00000000f5580000, 0x00000000f7780000, 0x0000000100000000)
  eden space 19456K, 100% used [0x00000000f5580000,0x00000000f6880000,0x00000000f6880000)
  from space 6656K, 0% used [0x00000000f7100000,0x00000000f7100000,0x00000000f7780000)
  to   space 8704K, 0% used [0x00000000f6880000,0x00000000f6880000,0x00000000f7100000)
 ParOldGen       total 349696K, used 349694K [0x00000000e0000000, 0x00000000f5580000, 0x00000000f5580000)
  object space 349696K, 99% used [0x00000000e0000000,0x00000000f557fb48,0x00000000f5580000)
 Metaspace       used 59571K, committed 60864K, reserved 1105920K
  class space    used 5931K, committed 6464K, reserved 1048576K
}
Event: 1119.021 GC heap after
{Heap after GC invocations=980 (full 895):
 PSYoungGen      total 28160K, used 19456K [0x00000000f5580000, 0x00000000f7780000, 0x0000000100000000)
  eden space 19456K, 100% used [0x00000000f5580000,0x00000000f6880000,0x00000000f6880000)
  from space 8704K, 0% used [0x00000000f6880000,0x00000000f6880000,0x00000000f7100000)
  to   space 6656K, 0% used [0x00000000f7100000,0x00000000f7100000,0x00000000f7780000)
 ParOldGen       total 349696K, used 349694K [0x00000000e0000000, 0x00000000f5580000, 0x00000000f5580000)
  object space 349696K, 99% used [0x00000000e0000000,0x00000000f557fb28,0x00000000f5580000)
 Metaspace       used 59571K, committed 60864K, reserved 1105920K
  class space    used 5931K, committed 6464K, reserved 1048576K
}
Event: 1119.021 GC heap before
{Heap before GC invocations=981 (full 896):
 PSYoungGen      total 28160K, used 19456K [0x00000000f5580000, 0x00000000f7780000, 0x0000000100000000)
  eden space 19456K, 100% used [0x00000000f5580000,0x00000000f6880000,0x00000000f6880000)
  from space 8704K, 0% used [0x00000000f6880000,0x00000000f6880000,0x00000000f7100000)
  to   space 6656K, 0% used [0x00000000f7100000,0x00000000f7100000,0x00000000f7780000)
 ParOldGen       total 349696K, used 349694K [0x00000000e0000000, 0x00000000f5580000, 0x00000000f5580000)
  object space 349696K, 99% used [0x00000000e0000000,0x00000000f557fb28,0x00000000f5580000)
 Metaspace       used 59571K, committed 60864K, reserved 1105920K
  class space    used 5931K, committed 6464K, reserved 1048576K
}
Event: 1120.051 GC heap after
{Heap after GC invocations=981 (full 896):
 PSYoungGen      total 26112K, used 19456K [0x00000000f5580000, 0x00000000f7780000, 0x0000000100000000)
  eden space 19456K, 100% used [0x00000000f5580000,0x00000000f6880000,0x00000000f6880000)
  from space 6656K, 0% used [0x00000000f7100000,0x00000000f7100000,0x00000000f7780000)
  to   space 8704K, 0% used [0x00000000f6880000,0x00000000f6880000,0x00000000f7100000)
 ParOldGen       total 349696K, used 349694K [0x00000000e0000000, 0x00000000f5580000, 0x00000000f5580000)
  object space 349696K, 99% used [0x00000000e0000000,0x00000000f557fb28,0x00000000f5580000)
 Metaspace       used 59571K, committed 60864K, reserved 1105920K
  class space    used 5931K, committed 6464K, reserved 1048576K
}

Dll operation events (9 events):
Event: 0.002 Loaded shared library /nix/store/gpxl5qgg8kicmcvivwmybwjlpf7wh20l-graalvm17-ce-22.3.0/lib/libjava.so
Event: 0.006 Loaded shared library /nix/store/gpxl5qgg8kicmcvivwmybwjlpf7wh20l-graalvm17-ce-22.3.0/lib/libjsvml.so
Event: 0.174 Loaded shared library /nix/store/gpxl5qgg8kicmcvivwmybwjlpf7wh20l-graalvm17-ce-22.3.0/lib/libnio.so
Event: 0.212 Loaded shared library /nix/store/gpxl5qgg8kicmcvivwmybwjlpf7wh20l-graalvm17-ce-22.3.0/lib/libzip.so
Event: 0.222 Loaded shared library /nix/store/gpxl5qgg8kicmcvivwmybwjlpf7wh20l-graalvm17-ce-22.3.0/lib/libjvmcicompiler.so
Event: 0.543 Loaded shared library /nix/store/gpxl5qgg8kicmcvivwmybwjlpf7wh20l-graalvm17-ce-22.3.0/lib/libjimage.so
Event: 1.036 Loaded shared library /nix/store/gpxl5qgg8kicmcvivwmybwjlpf7wh20l-graalvm17-ce-22.3.0/lib/libnet.so
Event: 4.529 Loaded shared library /home/runner/.cache/jdt-language-server/config/org.eclipse.equinox.launcher/org.eclipse.equinox.launcher.gtk.linux.x86_64_1.2.400.v20211117-0650/eclipse_11600.so
Event: 13.546 Loaded shared library /nix/store/gpxl5qgg8kicmcvivwmybwjlpf7wh20l-graalvm17-ce-22.3.0/lib/libextnet.so

Deoptimization events (20 events):
Event: 65.234 Thread 0x00007fe56847f490 DEOPT PACKING pc=0x00007fe5bc427b5d sp=0x00007fe5817fe530
Event: 65.234 Thread 0x00007fe56847f490 DEOPT UNPACKING pc=0x00007fe5bb505325 sp=0x00007fe5817fda20 mode 0
Event: 65.308 Thread 0x00007fe56847f490 DEOPT PACKING pc=0x00007fe5bc427b5d sp=0x00007fe5817fe530
Event: 65.308 Thread 0x00007fe56847f490 DEOPT UNPACKING pc=0x00007fe5bb505325 sp=0x00007fe5817fda20 mode 0
Event: 65.309 Thread 0x00007fe56847f490 DEOPT PACKING pc=0x00007fe5bc427b5d sp=0x00007fe5817fe530
Event: 65.309 Thread 0x00007fe56847f490 DEOPT UNPACKING pc=0x00007fe5bb505325 sp=0x00007fe5817fda20 mode 0
Event: 65.311 Thread 0x00007fe56847f490 DEOPT PACKING pc=0x00007fe5bc427b5d sp=0x00007fe5817fe530
Event: 65.311 Thread 0x00007fe56847f490 DEOPT UNPACKING pc=0x00007fe5bb505325 sp=0x00007fe5817fda20 mode 0
Event: 65.315 Thread 0x00007fe56847f490 DEOPT PACKING pc=0x00007fe5bc427b5d sp=0x00007fe5817fe530
Event: 65.315 Thread 0x00007fe56847f490 DEOPT UNPACKING pc=0x00007fe5bb505325 sp=0x00007fe5817fda20 mode 0
Event: 65.317 Thread 0x00007fe56847f490 DEOPT PACKING pc=0x00007fe5bc427b5d sp=0x00007fe5817fe530
Event: 65.317 Thread 0x00007fe56847f490 DEOPT UNPACKING pc=0x00007fe5bb505325 sp=0x00007fe5817fda20 mode 0
Event: 853.747 Thread 0x00007fe5441290f0 Uncommon trap: trap_request=0xffffff1c fr.pc=0x00007fe5c311861c relative=0x00000000000001fc
Event: 853.747 Thread 0x00007fe5441290f0 Uncommon trap: reason=not_compiled_exception_handler action=make_not_entrant pc=0x00007fe5c311861c method=java.lang.Integer.parseInt(Ljava/lang/String;I)I @ 166 jvmci
Event: 853.747 Thread 0x00007fe5441290f0 DEOPT PACKING pc=0x00007fe5c311861c sp=0x00007fe5b84fe5c0
Event: 853.747 Thread 0x00007fe5441290f0 DEOPT UNPACKING pc=0x00007fe5bb505325 sp=0x00007fe5b84fd9c0 mode 3
Event: 1115.446 Thread 0x00007fe55c007510 Uncommon trap: trap_request=0xffffff8f fr.pc=0x00007fe5c2f99414 relative=0x0000000000000274
Event: 1115.446 Thread 0x00007fe55c007510 Uncommon trap: reason=constraint action=none pc=0x00007fe5c2f99414 method=java.lang.StringLatin1.newString([BII)Ljava/lang/String; @ 0 jvmci
Event: 1115.446 Thread 0x00007fe55c007510 DEOPT PACKING pc=0x00007fe5c2f99414 sp=0x00007fe5811fe820
Event: 1115.446 Thread 0x00007fe55c007510 DEOPT UNPACKING pc=0x00007fe5bb505325 sp=0x00007fe5811fdcb0 mode 3

Classes unloaded (20 events):
Event: 156.587 Thread 0x00007fe5d40a1c10 Unloading class 0x0000000801064800 'java/lang/invoke/LambdaForm$MH+0x0000000801064800'
Event: 156.587 Thread 0x00007fe5d40a1c10 Unloading class 0x0000000801064400 'java/lang/invoke/LambdaForm$MH+0x0000000801064400'
Event: 156.587 Thread 0x00007fe5d40a1c10 Unloading class 0x0000000801064000 'java/lang/invoke/LambdaForm$MH+0x0000000801064000'
Event: 156.587 Thread 0x00007fe5d40a1c10 Unloading class 0x0000000800eed000 'jdk/internal/reflect/GeneratedConstructorAccessor12'
Event: 156.587 Thread 0x00007fe5d40a1c10 Unloading class 0x0000000800eec800 'jdk/internal/reflect/GeneratedConstructorAccessor10'
Event: 156.587 Thread 0x00007fe5d40a1c10 Unloading class 0x0000000800eec400 'jdk/internal/reflect/GeneratedConstructorAccessor9'
Event: 156.587 Thread 0x00007fe5d40a1c10 Unloading class 0x0000000800eec000 'jdk/internal/reflect/GeneratedConstructorAccessor8'
Event: 156.587 Thread 0x00007fe5d40a1c10 Unloading class 0x0000000800d99000 'java/lang/invoke/LambdaForm$MH+0x0000000800d99000'
Event: 156.587 Thread 0x00007fe5d40a1c10 Unloading class 0x0000000800d98c00 'java/lang/invoke/LambdaForm$MH+0x0000000800d98c00'
Event: 156.587 Thread 0x00007fe5d40a1c10 Unloading class 0x0000000800d98800 'java/lang/invoke/LambdaForm$MH+0x0000000800d98800'
Event: 156.587 Thread 0x00007fe5d40a1c10 Unloading class 0x0000000800d98400 'java/lang/invoke/LambdaForm$MH+0x0000000800d98400'
Event: 156.587 Thread 0x00007fe5d40a1c10 Unloading class 0x0000000800d98000 'jdk/internal/reflect/GeneratedConstructorAccessor3'
Event: 156.587 Thread 0x00007fe5d40a1c10 Unloading class 0x0000000800d06800 'java/lang/invoke/LambdaForm$MH+0x0000000800d06800'
Event: 156.587 Thread 0x00007fe5d40a1c10 Unloading class 0x0000000800d06000 'java/lang/invoke/LambdaForm$MH+0x0000000800d06000'
Event: 156.587 Thread 0x00007fe5d40a1c10 Unloading class 0x0000000800d05c00 'java/lang/invoke/LambdaForm$MH+0x0000000800d05c00'
Event: 156.587 Thread 0x00007fe5d40a1c10 Unloading class 0x0000000800d05800 'java/lang/invoke/LambdaForm$MH+0x0000000800d05800'
Event: 156.588 Thread 0x00007fe5d40a1c10 Unloading class 0x0000000800d05000 'java/lang/invoke/LambdaForm$MH+0x0000000800d05000'
Event: 156.588 Thread 0x00007fe5d40a1c10 Unloading class 0x0000000800d04c00 'java/lang/invoke/LambdaForm$MH+0x0000000800d04c00'
Event: 156.588 Thread 0x00007fe5d40a1c10 Unloading class 0x0000000800d04800 'java/lang/invoke/LambdaForm$MH+0x0000000800d04800'
Event: 156.588 Thread 0x00007fe5d40a1c10 Unloading class 0x0000000800d04000 'java/lang/invoke/LambdaForm$MH+0x0000000800d04000'

Classes redefined (0 events):
No events

Internal exceptions (20 events):
Event: 37.616 Thread 0x00007fe55c036f30 Exception <a 'java/lang/NoSuchMethodError'{0x00000000f697f3a8}: 'java.lang.Object java.lang.invoke.Invokers$Holder.linkToTargetMethod(java.lang.Object, java.lang.Object, int, java.lang.Object, java.lang.Object)'> (0x00000000f697f3a8) 
thrown [src/hotspot/share/interpreter/linkResolver.cpp, line 758]
Event: 38.228 Thread 0x00007fe5d43871a0 Implicit null exception at 0x00007fe5c30c79bd to 0x00007fe5c30c81c2
Event: 40.712 Thread 0x00007fe538000ff0 Exception <a 'java/io/FileNotFoundException'{0x00000000f5db95d0}> (0x00000000f5db95d0) 
thrown [src/hotspot/share/prims/jni.cpp, line 516]
Event: 40.915 Thread 0x00007fe56847f490 Implicit null exception at 0x00007fe5c31747d6 to 0x00007fe5c3178a45
Event: 42.029 Thread 0x00007fe55c036f30 Implicit null exception at 0x00007fe5c30e7ae9 to 0x00007fe5c30e7c9b
Event: 45.253 Thread 0x00007fe55c036f30 Exception <a 'java/lang/NoSuchMethodError'{0x00000000f67ddf40}: 'java.lang.Object java.lang.invoke.DirectMethodHandle$Holder.invokeStatic(java.lang.Object, java.lang.Object, java.lang.Object, long)'> (0x00000000f67ddf40) 
thrown [src/hotspot/share/interpreter/linkResolver.cpp, line 758]
Event: 45.308 Thread 0x00007fe55c036f30 Exception <a 'java/lang/NoSuchMethodError'{0x00000000f67e5638}: 'java.lang.Object java.lang.invoke.DirectMethodHandle$Holder.newInvokeSpecial(java.lang.Object, java.lang.Object, java.lang.Object, long)'> (0x00000000f67e5638) 
thrown [src/hotspot/share/interpreter/linkResolver.cpp, line 758]
Event: 45.310 Thread 0x00007fe55c036f30 Exception <a 'java/lang/NoSuchMethodError'{0x00000000f67e9750}: 'java.lang.Object java.lang.invoke.DirectMethodHandle$Holder.invokeSpecial(java.lang.Object, java.lang.Object, java.lang.Object, java.lang.Object, long)'> (0x00000000f67e9750) 
thrown [src/hotspot/share/interpreter/linkResolver.cpp, line 758]
Event: 45.310 Thread 0x00007fe55c036f30 Exception <a 'java/lang/NoSuchMethodError'{0x00000000f67ed078}: 'java.lang.Object java.lang.invoke.Invokers$Holder.linkToTargetMethod(java.lang.Object, java.lang.Object, long, java.lang.Object)'> (0x00000000f67ed078) 
thrown [src/hotspot/share/interpreter/linkResolver.cpp, line 758]
Event: 45.341 Thread 0x00007fe55c036f30 Exception <a 'java/lang/NoSuchMethodError'{0x00000000f691f878}: 'java.lang.Object java.lang.invoke.DirectMethodHandle$Holder.newInvokeSpecial(java.lang.Object, java.lang.Object, int, java.lang.Object, java.lang.Object)'> (0x00000000f691f878) 
thrown [src/hotspot/share/interpreter/linkResolver.cpp, line 758]
Event: 45.343 Thread 0x00007fe55c036f30 Exception <a 'java/lang/NoSuchMethodError'{0x00000000f6923ab8}: 'java.lang.Object java.lang.invoke.DirectMethodHandle$Holder.invokeSpecial(java.lang.Object, java.lang.Object, java.lang.Object, int, java.lang.Object, java.lang.Object)'> (0x00000000f6923ab8) 
thrown [src/hotspot/share/interpreter/linkResolver.cpp, line 758]
Event: 49.623 Thread 0x00007fe56847f490 Implicit null exception at 0x00007fe5c31a76cd to 0x00007fe5c31a7d50
Event: 54.447 Thread 0x00007fe5441290f0 Exception <a 'java/lang/NoSuchMethodError'{0x00000000f602f328}: 'java.lang.Object java.lang.invoke.DirectMethodHandle$Holder.invokeStatic(java.lang.Object, int, java.lang.Object, java.lang.Object, java.lang.Object, java.lang.Object)'> (0x00000000f602f328) 
thrown [src/hotspot/share/interpreter/linkResolver.cpp, line 758]
Event: 54.448 Thread 0x00007fe5441290f0 Exception <a 'java/lang/NoSuchMethodError'{0x00000000f6037848}: 'java.lang.Object java.lang.invoke.DirectMethodHandle$Holder.newInvokeSpecial(java.lang.Object, int, java.lang.Object, java.lang.Object, java.lang.Object)'> (0x00000000f6037848) 
thrown [src/hotspot/share/interpreter/linkResolver.cpp, line 758]
Event: 54.844 Thread 0x00007fe5441464b0 Exception <a 'java/lang/NoSuchMethodError'{0x00000000f738a558}: 'java.lang.Object java.lang.invoke.DirectMethodHandle$Holder.newInvokeSpecial(java.lang.Object, java.lang.Object, int, java.lang.Object, java.lang.Object, java.lang.Object, java.lang.Object)'> (0x00000000f738a558) 
thrown [src/hotspot/share/interpreter/linkResolver.cpp, line 758]
Event: 55.017 Thread 0x00007fe5441464b0 Exception <a 'java/lang/NoSuchMethodError'{0x00000000f59afe00}: 'void java.lang.invoke.DirectMethodHandle$Holder.invokeSpecial(java.lang.Object, java.lang.Object, int)'> (0x00000000f59afe00) 
thrown [src/hotspot/share/interpreter/linkResolver.cpp, line 758]
Event: 56.030 Thread 0x00007fe5441290f0 Exception <a 'java/lang/NoSuchMethodError'{0x00000000f65dfd20}: 'int java.lang.invoke.DirectMethodHandle$Holder.invokeSpecialIFC(java.lang.Object, java.lang.Object, java.lang.Object, java.lang.Object)'> (0x00000000f65dfd20) 
thrown [src/hotspot/share/interpreter/linkResolver.cpp, line 758]
Event: 1115.446 Thread 0x00007fe55c007510 Exception <a 'java/lang/OutOfMemoryError'{0x00000000e0004730}> (0x00000000e0004730) 
thrown [src/hotspot/share/gc/shared/memAllocator.cpp, line 138]
Event: 1115.446 Thread 0x00007fe55c007510 Implicit null exception at 0x00007fe5c2f9932f to 0x00007fe5c2f993f9
Event: 1120.051 Thread 0x00007fe5d40b21d0 Exception <a 'java/lang/OutOfMemoryError'{0x00000000e0003bf0}> (0x00000000e0003bf0) 
thrown [src/hotspot/share/gc/shared/memAllocator.cpp, line 136]

VM Operations (20 events):
Event: 1106.320 Executing VM operation: ParallelGCFailedAllocation
Event: 1107.540 Executing VM operation: ParallelGCFailedAllocation done
Event: 1107.540 Executing VM operation: ParallelGCFailedAllocation
Event: 1108.657 Executing VM operation: ParallelGCFailedAllocation done
Event: 1108.658 Executing VM operation: ParallelGCFailedAllocation
Event: 1109.921 Executing VM operation: ParallelGCFailedAllocation done
Event: 1109.921 Executing VM operation: ParallelGCFailedAllocation
Event: 1111.026 Executing VM operation: ParallelGCFailedAllocation done
Event: 1111.026 Executing VM operation: ParallelGCFailedAllocation
Event: 1112.113 Executing VM operation: ParallelGCFailedAllocation done
Event: 1112.113 Executing VM operation: ParallelGCFailedAllocation
Event: 1113.251 Executing VM operation: ParallelGCFailedAllocation done
Event: 1113.251 Executing VM operation: ParallelGCFailedAllocation
Event: 1115.445 Executing VM operation: ParallelGCFailedAllocation done
Event: 1115.446 Executing VM operation: ParallelGCFailedAllocation
Event: 1116.747 Executing VM operation: ParallelGCFailedAllocation done
Event: 1116.747 Executing VM operation: ParallelGCFailedAllocation
Event: 1117.817 Executing VM operation: ParallelGCFailedAllocation done
Event: 1117.817 Executing VM operation: ParallelGCFailedAllocation
Event: 1120.051 Executing VM operation: ParallelGCFailedAllocation done

Events (20 events):
Event: 62.278 Thread 0x00007fe5d41f6f60 Thread exited: 0x00007fe5d41f6f60
Event: 92.874 Thread 0x00007fe528003020 Thread exited: 0x00007fe528003020
Event: 109.981 Thread 0x00007fe540001130 Thread exited: 0x00007fe540001130
Event: 112.584 Thread 0x00007fe55c0010d0 Thread exited: 0x00007fe55c0010d0
Event: 123.757 Thread 0x00007fe538000ff0 Thread exited: 0x00007fe538000ff0
Event: 154.465 Thread 0x00007fe5d40b4740 flushing nmethod 0x00007fe5bc96ba90
Event: 154.465 Thread 0x00007fe5d40b4740 flushing nmethod 0x00007fe5bc97f390
Event: 360.857 loading class java/io/InterruptedIOException
Event: 364.121 loading class java/io/InterruptedIOException done
Event: 365.144 loading class javax/net/ssl/SSLException
Event: 365.144 loading class javax/net/ssl/SSLException done
Event: 377.554 loading class java/lang/AssertionError
Event: 377.554 loading class java/lang/AssertionError done
Event: 392.653 Thread 0x00007fe538433430 Thread exited: 0x00007fe538433430
Event: 392.653 Thread 0x00007fe528001dd0 Thread exited: 0x00007fe528001dd0
Event: 427.011 Thread 0x00007fe538434180 Thread exited: 0x00007fe538434180
Event: 687.729 Thread 0x00007fe5441290f0 Thread added: 0x00007fe5441290f0
Event: 687.729 Protecting memory [0x00007fe5b8400000,0x00007fe5b8404000] with protection modes 0
Event: 769.856 Thread 0x00007fe5441464b0 Thread added: 0x00007fe5441464b0
Event: 769.856 Protecting memory [0x00007fe581a00000,0x00007fe581a04000] with protection modes 0


Dynamic libraries:
e0000000-f5580000 rw-p 00000000 00:00 0 
f5580000-f7780000 rw-p 00000000 00:00 0 
f7780000-100000000 ---p 00000000 00:00 0 
800000000-800449000 rw-p 00001000 00:922 4611686019135357769             /nix/store/gpxl5qgg8kicmcvivwmybwjlpf7wh20l-graalvm17-ce-22.3.0/lib/server/classes.jsa
800449000-800bc8000 r--p 0044a000 00:922 4611686019135357769             /nix/store/gpxl5qgg8kicmcvivwmybwjlpf7wh20l-graalvm17-ce-22.3.0/lib/server/classes.jsa
800bc8000-800c00000 ---p 00000000 00:00 0 
800c00000-800c20000 rw-p 00000000 00:00 0 
800c20000-800c40000 rw-p 00000000 00:00 0 
800c40000-800cc0000 rw-p 00000000 00:00 0 
800cc0000-800d00000 rw-p 00000000 00:00 0 
800d00000-800dc0000 rw-p 00000000 00:00 0 
800dc0000-800e00000 rw-p 00000000 00:00 0 
800e00000-800f40000 rw-p 00000000 00:00 0 
800f40000-800fc0000 rw-p 00000000 00:00 0 
800fc0000-801000000 rw-p 00000000 00:00 0 
801000000-801250000 rw-p 00000000 00:00 0 
801250000-840c00000 ---p 00000000 00:00 0 
55730aeae000-55730aeaf000 r-xp 00000000 00:922 4611686019099417844       /nix/store/gpxl5qgg8kicmcvivwmybwjlpf7wh20l-graalvm17-ce-22.3.0/bin/.java-wrapped
55730aeb0000-55730aeb1000 r--p 00001000 00:922 4611686019099417844       /nix/store/gpxl5qgg8kicmcvivwmybwjlpf7wh20l-graalvm17-ce-22.3.0/bin/.java-wrapped
55730aeb1000-55730aeb2000 rw-p 00002000 00:922 4611686019099417844       /nix/store/gpxl5qgg8kicmcvivwmybwjlpf7wh20l-graalvm17-ce-22.3.0/bin/.java-wrapped
55730aeb2000-55730aeb3000 rw-p 00004000 00:922 4611686019099417844       /nix/store/gpxl5qgg8kicmcvivwmybwjlpf7wh20l-graalvm17-ce-22.3.0/bin/.java-wrapped
55730aeb3000-55730aeb4000 rw-p 00005000 00:922 4611686019099417844       /nix/store/gpxl5qgg8kicmcvivwmybwjlpf7wh20l-graalvm17-ce-22.3.0/bin/.java-wrapped
55730cb0c000-55730cb54000 rw-p 00000000 00:00 0                          [heap]
7fe50c000000-7fe50c069000 rw-p 00000000 00:00 0 
7fe50c069000-7fe510000000 ---p 00000000 00:00 0 
7fe510000000-7fe510134000 rw-p 00000000 00:00 0 
7fe510134000-7fe514000000 ---p 00000000 00:00 0 
7fe518000000-7fe518021000 rw-p 00000000 00:00 0 
7fe518021000-7fe51c000000 ---p 00000000 00:00 0 
7fe51c000000-7fe51c021000 rw-p 00000000 00:00 0 
7fe51c021000-7fe520000000 ---p 00000000 00:00 0 
7fe520000000-7fe520021000 rw-p 00000000 00:00 0 
7fe520021000-7fe524000000 ---p 00000000 00:00 0 
7fe524000000-7fe524021000 rw-p 00000000 00:00 0 
7fe524021000-7fe528000000 ---p 00000000 00:00 0 
7fe528000000-7fe528021000 rw-p 00000000 00:00 0 
7fe528021000-7fe52c000000 ---p 00000000 00:00 0 
7fe52c800000-7fe52cb00000 rw-p 00000000 00:00 0 
7fe52cb00000-7fe52cb30000 rw-p 00000000 00:00 0 
7fe52cb30000-7fe52cc00000 ---p 00000000 00:00 0 
7fe52cc00000-7fe52cdf0000 rw-p 00000000 00:00 0 
7fe52cdf0000-7fe52d000000 ---p 00000000 00:00 0 
7fe52dc00000-7fe52e400000 rw-p 00000000 00:00 0 
7fe52e4b3000-7fe538000000 r--s 00000000 00:922 4611686019135192581       /nix/store/gpxl5qgg8kicmcvivwmybwjlpf7wh20l-graalvm17-ce-22.3.0/lib/modules
7fe538000000-7fe5384e6000 rw-p 00000000 00:00 0 
7fe5384e6000-7fe53c000000 ---p 00000000 00:00 0 
7fe53c000000-7fe53c122000 rw-p 00000000 00:00 0 
7fe53c122000-7fe540000000 ---p 00000000 00:00 0 
7fe540000000-7fe5400ed000 rw-p 00000000 00:00 0 
7fe5400ed000-7fe544000000 ---p 00000000 00:00 0 
7fe544000000-7fe544153000 rw-p 00000000 00:00 0 
7fe544153000-7fe548000000 ---p 00000000 00:00 0 
7fe548000000-7fe548021000 rw-p 00000000 00:00 0 
7fe548021000-7fe54c000000 ---p 00000000 00:00 0 
7fe54c000000-7fe54c021000 rw-p 00000000 00:00 0 
7fe54c021000-7fe550000000 ---p 00000000 00:00 0 
7fe550000000-7fe55031f000 rw-p 00000000 00:00 0 
7fe55031f000-7fe554000000 ---p 00000000 00:00 0 
7fe554000000-7fe554059000 rw-p 00000000 00:00 0 
7fe554059000-7fe558000000 ---p 00000000 00:00 0 
7fe558000000-7fe558021000 rw-p 00000000 00:00 0 
7fe558021000-7fe55c000000 ---p 00000000 00:00 0 
7fe55c000000-7fe55c044000 rw-p 00000000 00:00 0 
7fe55c044000-7fe560000000 ---p 00000000 00:00 0 
7fe560000000-7fe560021000 rw-p 00000000 00:00 0 
7fe560021000-7fe564000000 ---p 00000000 00:00 0 
7fe564000000-7fe564063000 rw-p 00000000 00:00 0 
7fe564063000-7fe568000000 ---p 00000000 00:00 0 
7fe568000000-7fe5688bb000 rw-p 00000000 00:00 0 
7fe5688bb000-7fe56c000000 ---p 00000000 00:00 0 
7fe56c000000-7fe56c025000 rw-p 00000000 00:00 0 
7fe56c025000-7fe570000000 ---p 00000000 00:00 0 
7fe570000000-7fe570021000 rw-p 00000000 00:00 0 
7fe570021000-7fe574000000 ---p 00000000 00:00 0 
7fe574000000-7fe574021000 rw-p 00000000 00:00 0 
7fe574021000-7fe578000000 ---p 00000000 00:00 0 
7fe578000000-7fe578021000 rw-p 00000000 00:00 0 
7fe578021000-7fe57c000000 ---p 00000000 00:00 0 
7fe57c000000-7fe57c180000 rw-p 00000000 00:00 0 
7fe57c180000-7fe57c200000 rw-p 00000000 00:00 0 
7fe57c200000-7fe57c500000 rw-p 00000000 00:00 0 
7fe57c500000-7fe57c600000 rw-p 00000000 00:00 0 
7fe57c600000-7fe57c800000 rw-p 00000000 00:00 0 
7fe57c800000-7fe57c900000 rw-p 00000000 00:00 0 
7fe57c900000-7fe57c980000 rw-p 00000000 00:00 0 
7fe57c980000-7fe57ca00000 rw-p 00000000 00:00 0 
7fe57ca00000-7fe57cb00000 rw-p 00000000 00:00 0 
7fe57cb00000-7fe57cd00000 rw-p 00000000 00:00 0 
7fe57cd00000-7fe57ce00000 rw-p 00000000 00:00 0 
7fe57ce00000-7fe57d000000 rw-p 00000000 00:00 0 
7fe57d000000-7fe57d100000 rw-p 00000000 00:00 0 
7fe57d100000-7fe57d200000 rw-p 00000000 00:00 0 
7fe57d200000-7fe57d780000 rw-p 00000000 00:00 0 
7fe57d780000-7fe57d800000 rw-p 00000000 00:00 0 
7fe57d800000-7fe57d900000 rw-p 00000000 00:00 0 
7fe57d900000-7fe57da00000 rw-p 00000000 00:00 0 
7fe57da00000-7fe57df40000 rw-p 00000000 00:00 0 
7fe57df40000-7fe57df80000 rw-p 00000000 00:00 0 
7fe57df80000-7fe57e000000 rw-p 00000000 00:00 0 
7fe57e200000-7fe57e210000 r-xp 00000000 00:909 360                       /home/runner/.cache/jdt-language-server/config/org.eclipse.equinox.launcher/org.eclipse.equinox.launcher.gtk.linux.x86_64_1.2.400.v20211117-0650/eclipse_11600.so
7fe57e210000-7fe57e40f000 ---p 00010000 00:909 360                       /home/runner/.cache/jdt-language-server/config/org.eclipse.equinox.launcher/org.eclipse.equinox.launcher.gtk.linux.x86_64_1.2.400.v20211117-0650/eclipse_11600.so
7fe57e40f000-7fe57e410000 r--p 0000f000 00:909 360                       /home/runner/.cache/jdt-language-server/config/org.eclipse.equinox.launcher/org.eclipse.equinox.launcher.gtk.linux.x86_64_1.2.400.v20211117-0650/eclipse_11600.so
7fe57e410000-7fe57e411000 rw-p 00010000 00:909 360                       /home/runner/.cache/jdt-language-server/config/org.eclipse.equinox.launcher/org.eclipse.equinox.launcher.gtk.linux.x86_64_1.2.400.v20211117-0650/eclipse_11600.so
7fe57f800000-7fe57f900000 ---p 00000000 00:00 0 
7fe57f900000-7fe57feaf000 r--p 01122000 00:922 4611686019135190040       /nix/store/gpxl5qgg8kicmcvivwmybwjlpf7wh20l-graalvm17-ce-22.3.0/lib/libjvmcicompiler.so
7fe57feaf000-7fe580000000 r--p 00000000 00:00 0 
7fe580000000-7fe58003d000 rw-p 00000000 00:00 0 
7fe58003d000-7fe58055d000 rw-p 0185f000 00:922 4611686019135190040       /nix/store/gpxl5qgg8kicmcvivwmybwjlpf7wh20l-graalvm17-ce-22.3.0/lib/libjvmcicompiler.so
7fe58055d000-7fe580944000 r--p 01d7f000 00:922 4611686019135190040       /nix/store/gpxl5qgg8kicmcvivwmybwjlpf7wh20l-graalvm17-ce-22.3.0/lib/libjvmcicompiler.so
7fe580a00000-7fe580a04000 ---p 00000000 00:00 0 
7fe580a04000-7fe580b00000 rw-p 00000000 00:00 0 
7fe580b00000-7fe580b04000 ---p 00000000 00:00 0 
7fe580b04000-7fe580c00000 rw-p 00000000 00:00 0 
7fe580d00000-7fe580d04000 ---p 00000000 00:00 0 
7fe580d04000-7fe580e00000 rw-p 00000000 00:00 0 
7fe580e00000-7fe580e04000 ---p 00000000 00:00 0 
7fe580e04000-7fe580f00000 rw-p 00000000 00:00 0 
7fe580f00000-7fe580f04000 ---p 00000000 00:00 0 
7fe580f04000-7fe581000000 rw-p 00000000 00:00 0 
7fe581100000-7fe581104000 ---p 00000000 00:00 0 
7fe581104000-7fe581200000 rw-p 00000000 00:00 0 
7fe581300000-7fe581304000 ---p 00000000 00:00 0 
7fe581304000-7fe581400000 rw-p 00000000 00:00 0 
7fe581500000-7fe581504000 ---p 00000000 00:00 0 
7fe581504000-7fe581600000 rw-p 00000000 00:00 0 
7fe581600000-7fe581604000 ---p 00000000 00:00 0 
7fe581604000-7fe581700000 rw-p 00000000 00:00 0 
7fe581700000-7fe581704000 ---p 00000000 00:00 0 
7fe581704000-7fe581800000 rw-p 00000000 00:00 0 
7fe581900000-7fe581904000 ---p 00000000 00:00 0 
7fe581904000-7fe581a00000 rw-p 00000000 00:00 0 
7fe581a00000-7fe581a04000 ---p 00000000 00:00 0 
7fe581a04000-7fe581b00000 rw-p 00000000 00:00 0 
7fe581b00000-7fe581b04000 ---p 00000000 00:00 0 
7fe581b04000-7fe581c00000 rw-p 00000000 00:00 0 
7fe581c00000-7fe583d6a000 r-xp 00000000 00:922 4611686019135190040       /nix/store/gpxl5qgg8kicmcvivwmybwjlpf7wh20l-graalvm17-ce-22.3.0/lib/libjvmcicompiler.so
7fe583d6a000-7fe583f69000 ---p 0216a000 00:922 4611686019135190040       /nix/store/gpxl5qgg8kicmcvivwmybwjlpf7wh20l-graalvm17-ce-22.3.0/lib/libjvmcicompiler.so
7fe583f69000-7fe583f6a000 r--p 02169000 00:922 4611686019135190040       /nix/store/gpxl5qgg8kicmcvivwmybwjlpf7wh20l-graalvm17-ce-22.3.0/lib/libjvmcicompiler.so
7fe583f6a000-7fe583f6c000 rw-p 0216a000 00:922 4611686019135190040       /nix/store/gpxl5qgg8kicmcvivwmybwjlpf7wh20l-graalvm17-ce-22.3.0/lib/libjvmcicompiler.so
7fe583f6c000-7fe583f6d000 rw-p 00000000 00:00 0 
7fe583f6d000-7fe583f72000 rw-p 023c3000 00:922 4611686019135190040       /nix/store/gpxl5qgg8kicmcvivwmybwjlpf7wh20l-graalvm17-ce-22.3.0/lib/libjvmcicompiler.so
7fe584000000-7fe584021000 rw-p 00000000 00:00 0 
7fe584021000-7fe588000000 ---p 00000000 00:00 0 
7fe588000000-7fe588021000 rw-p 00000000 00:00 0 
7fe588021000-7fe58c000000 ---p 00000000 00:00 0 
7fe58c000000-7fe58c021000 rw-p 00000000 00:00 0 
7fe58c021000-7fe590000000 ---p 00000000 00:00 0 
7fe590000000-7fe590021000 rw-p 00000000 00:00 0 
7fe590021000-7fe594000000 ---p 00000000 00:00 0 
7fe594000000-7fe5940d1000 rw-p 00000000 00:00 0 
7fe5940d1000-7fe598000000 ---p 00000000 00:00 0 
7fe598000000-7fe598c20000 rw-p 00000000 00:00 0 
7fe598c20000-7fe59c000000 ---p 00000000 00:00 0 
7fe59c000000-7fe59c021000 rw-p 00000000 00:00 0 
7fe59c021000-7fe5a0000000 ---p 00000000 00:00 0 
7fe5a0000000-7fe5a0021000 rw-p 00000000 00:00 0 
7fe5a0021000-7fe5a4000000 ---p 00000000 00:00 0 
7fe5a4000000-7fe5a4021000 rw-p 00000000 00:00 0 
7fe5a4021000-7fe5a8000000 ---p 00000000 00:00 0 
7fe5a8000000-7fe5a8021000 rw-p 00000000 00:00 0 
7fe5a8021000-7fe5ac000000 ---p 00000000 00:00 0 
7fe5ac000000-7fe5ac021000 rw-p 00000000 00:00 0 
7fe5ac021000-7fe5b0000000 ---p 00000000 00:00 0 
7fe5b0000000-7fe5b0021000 rw-p 00000000 00:00 0 
7fe5b0021000-7fe5b4000000 ---p 00000000 00:00 0 
7fe5b4000000-7fe5b406f000 rw-p 00000000 00:00 0 
7fe5b406f000-7fe5b8000000 ---p 00000000 00:00 0 
7fe5b8100000-7fe5b8104000 ---p 00000000 00:00 0 
7fe5b8104000-7fe5b8200000 rw-p 00000000 00:00 0 
7fe5b8300000-7fe5b8304000 ---p 00000000 00:00 0 
7fe5b8304000-7fe5b8400000 rw-p 00000000 00:00 0 
7fe5b8400000-7fe5b8404000 ---p 00000000 00:00 0 
7fe5b8404000-7fe5b8500000 rw-p 00000000 00:00 0 
7fe5b8500000-7fe5b8504000 ---p 00000000 00:00 0 
7fe5b8504000-7fe5b8600000 rw-p 00000000 00:00 0 
7fe5b8700000-7fe5b8704000 ---p 00000000 00:00 0 
7fe5b8704000-7fe5b8800000 rw-p 00000000 00:00 0 
7fe5b8800000-7fe5b8804000 ---p 00000000 00:00 0 
7fe5b8804000-7fe5b8900000 rw-p 00000000 00:00 0 
7fe5b8900000-7fe5b8904000 ---p 00000000 00:00 0 
7fe5b8904000-7fe5b8a00000 rw-p 00000000 00:00 0 
7fe5b8b00000-7fe5b8b04000 ---p 00000000 00:00 0 
7fe5b8b04000-7fe5b8c00000 rw-p 00000000 00:00 0 
7fe5b8c00000-7fe5b8c04000 ---p 00000000 00:00 0 
7fe5b8c04000-7fe5b8d00000 rw-p 00000000 00:00 0 
7fe5b8d00000-7fe5b8d04000 ---p 00000000 00:00 0 
7fe5b8d04000-7fe5b8e00000 rw-p 00000000 00:00 0 
7fe5b9b68000-7fe5ba000000 rw-p 00000000 00:00 0 
7fe5ba018000-7fe5ba019000 ---p 00000000 00:00 0 
7fe5ba019000-7fe5ba11a000 rw-p 00000000 00:00 0 
7fe5ba11a000-7fe5ba11e000 ---p 00000000 00:00 0 
7fe5ba11e000-7fe5ba21a000 rw-p 00000000 00:00 0 
7fe5ba21a000-7fe5ba21e000 ---p 00000000 00:00 0 
7fe5ba21e000-7fe5ba31a000 rw-p 00000000 00:00 0 
7fe5ba31a000-7fe5ba31e000 ---p 00000000 00:00 0 
7fe5ba31e000-7fe5ba41a000 rw-p 00000000 00:00 0 
7fe5ba41a000-7fe5ba41e000 ---p 00000000 00:00 0 
7fe5ba41e000-7fe5ba61a000 rw-p 00000000 00:00 0 
7fe5ba61a000-7fe5ba61e000 ---p 00000000 00:00 0 
7fe5ba61e000-7fe5ba81a000 rw-p 00000000 00:00 0 
7fe5ba81a000-7fe5ba81e000 ---p 00000000 00:00 0 
7fe5ba81e000-7fe5ba91a000 rw-p 00000000 00:00 0 
7fe5ba91a000-7fe5bac00000 r--p 00000000 00:6ef 28444448                  /usr/lib/locale/locale-archive
7fe5bac00000-7fe5bb000000 rw-p 00000000 00:00 0 
7fe5bb000000-7fe5bb200000 rw-p 00000000 00:00 0 
7fe5bb200000-7fe5bb300000 rw-p 00000000 00:00 0 
7fe5bb300000-7fe5bb400000 rw-p 00000000 00:00 0 
7fe5bb476000-7fe5bb47a000 ---p 00000000 00:00 0 
7fe5bb47a000-7fe5bb498000 rw-p 00000000 00:00 0 
7fe5bb498000-7fe5bb4ad000 r-xp 00000000 00:922 4611686019135192570       /nix/store/gpxl5qgg8kicmcvivwmybwjlpf7wh20l-graalvm17-ce-22.3.0/lib/libnet.so
7fe5bb4ad000-7fe5bb4ae000 ---p 00015000 00:922 4611686019135192570       /nix/store/gpxl5qgg8kicmcvivwmybwjlpf7wh20l-graalvm17-ce-22.3.0/lib/libnet.so
7fe5bb4ae000-7fe5bb4af000 r--p 00015000 00:922 4611686019135192570       /nix/store/gpxl5qgg8kicmcvivwmybwjlpf7wh20l-graalvm17-ce-22.3.0/lib/libnet.so
7fe5bb4af000-7fe5bb4b0000 rw-p 00016000 00:922 4611686019135192570       /nix/store/gpxl5qgg8kicmcvivwmybwjlpf7wh20l-graalvm17-ce-22.3.0/lib/libnet.so
7fe5bb4b0000-7fe5bb4b3000 rw-p 0001b000 00:922 4611686019135192570       /nix/store/gpxl5qgg8kicmcvivwmybwjlpf7wh20l-graalvm17-ce-22.3.0/lib/libnet.so
7fe5bb4b3000-7fe5bb723000 rwxp 00000000 00:00 0 
7fe5bb723000-7fe5bba42000 ---p 00000000 00:00 0 
7fe5bba42000-7fe5bc9b2000 rwxp 00000000 00:00 0 
7fe5bc9b2000-7fe5c2f7a000 ---p 00000000 00:00 0 
7fe5c2f7a000-7fe5c321a000 rwxp 00000000 00:00 0 
7fe5c321a000-7fe5ca4b3000 ---p 00000000 00:00 0 
7fe5ca4b3000-7fe5d4000000 r--s 00000000 00:922 4611686019135192581       /nix/store/gpxl5qgg8kicmcvivwmybwjlpf7wh20l-graalvm17-ce-22.3.0/lib/modules
7fe5d4000000-7fe5d4603000 rw-p 00000000 00:00 0 
7fe5d4603000-7fe5d8000000 ---p 00000000 00:00 0 
7fe5d8005000-7fe5d8007000 r-xp 00000000 00:922 4611686019135190017       /nix/store/gpxl5qgg8kicmcvivwmybwjlpf7wh20l-graalvm17-ce-22.3.0/lib/libextnet.so
7fe5d8007000-7fe5d8008000 r--p 00001000 00:922 4611686019135190017       /nix/store/gpxl5qgg8kicmcvivwmybwjlpf7wh20l-graalvm17-ce-22.3.0/lib/libextnet.so
7fe5d8008000-7fe5d8009000 rw-p 00002000 00:922 4611686019135190017       /nix/store/gpxl5qgg8kicmcvivwmybwjlpf7wh20l-graalvm17-ce-22.3.0/lib/libextnet.so
7fe5d8009000-7fe5d800a000 rw-p 00004000 00:922 4611686019135190017       /nix/store/gpxl5qgg8kicmcvivwmybwjlpf7wh20l-graalvm17-ce-22.3.0/lib/libextnet.so
7fe5d800a000-7fe5d8011000 r-xp 00000000 00:922 4611686019135192580       /nix/store/gpxl5qgg8kicmcvivwmybwjlpf7wh20l-graalvm17-ce-22.3.0/lib/libzip.so
7fe5d8011000-7fe5d8012000 ---p 00007000 00:922 4611686019135192580       /nix/store/gpxl5qgg8kicmcvivwmybwjlpf7wh20l-graalvm17-ce-22.3.0/lib/libzip.so
7fe5d8012000-7fe5d8013000 r--p 00007000 00:922 4611686019135192580       /nix/store/gpxl5qgg8kicmcvivwmybwjlpf7wh20l-graalvm17-ce-22.3.0/lib/libzip.so
7fe5d8013000-7fe5d8014000 rw-p 00008000 00:922 4611686019135192580       /nix/store/gpxl5qgg8kicmcvivwmybwjlpf7wh20l-graalvm17-ce-22.3.0/lib/libzip.so
7fe5d8014000-7fe5d8016000 rw-p 0000b000 00:922 4611686019135192580       /nix/store/gpxl5qgg8kicmcvivwmybwjlpf7wh20l-graalvm17-ce-22.3.0/lib/libzip.so
7fe5d8016000-7fe5d8029000 r-xp 00000000 00:922 4611686019135192571       /nix/store/gpxl5qgg8kicmcvivwmybwjlpf7wh20l-graalvm17-ce-22.3.0/lib/libnio.so
7fe5d8029000-7fe5d802a000 r--p 00012000 00:922 4611686019135192571       /nix/store/gpxl5qgg8kicmcvivwmybwjlpf7wh20l-graalvm17-ce-22.3.0/lib/libnio.so
7fe5d802a000-7fe5d802b000 rw-p 00013000 00:922 4611686019135192571       /nix/store/gpxl5qgg8kicmcvivwmybwjlpf7wh20l-graalvm17-ce-22.3.0/lib/libnio.so
7fe5d802b000-7fe5d8030000 rw-p 00019000 00:922 4611686019135192571       /nix/store/gpxl5qgg8kicmcvivwmybwjlpf7wh20l-graalvm17-ce-22.3.0/lib/libnio.so
7fe5d8030000-7fe5d8034000 ---p 00000000 00:00 0 
7fe5d8034000-7fe5d8130000 rw-p 00000000 00:00 0 
7fe5d8130000-7fe5d8134000 ---p 00000000 00:00 0 
7fe5d8134000-7fe5d8230000 rw-p 00000000 00:00 0 
7fe5d8230000-7fe5d8234000 ---p 00000000 00:00 0 
7fe5d8234000-7fe5d8330000 rw-p 00000000 00:00 0 
7fe5d8330000-7fe5d8334000 ---p 00000000 00:00 0 
7fe5d8334000-7fe5d8430000 rw-p 00000000 00:00 0 
7fe5d8430000-7fe5d8431000 ---p 00000000 00:00 0 
7fe5d8431000-7fe5d8532000 rw-p 00000000 00:00 0 
7fe5d8532000-7fe5d8600000 r-xp 00000000 00:922 4611686019135190036       /nix/store/gpxl5qgg8kicmcvivwmybwjlpf7wh20l-graalvm17-ce-22.3.0/lib/libjsvml.so
7fe5d8600000-7fe5d8601000 r--p 000cd000 00:922 4611686019135190036       /nix/store/gpxl5qgg8kicmcvivwmybwjlpf7wh20l-graalvm17-ce-22.3.0/lib/libjsvml.so
7fe5d8601000-7fe5d8602000 rw-p 000ce000 00:922 4611686019135190036       /nix/store/gpxl5qgg8kicmcvivwmybwjlpf7wh20l-graalvm17-ce-22.3.0/lib/libjsvml.so
7fe5d8602000-7fe5d9eda000 rw-p 00000000 00:00 0 
7fe5d9eda000-7fe5d9edb000 ---p 00000000 00:00 0 
7fe5d9edb000-7fe5da086000 rw-p 00000000 00:00 0 
7fe5da086000-7fe5da098000 rw-p 00000000 00:00 0 
7fe5da098000-7fe5da0dc000 ---p 00000000 00:00 0 
7fe5da0dc000-7fe5da0e3000 rw-p 00000000 00:00 0 
7fe5da0e3000-7fe5da1c8000 ---p 00000000 00:00 0 
7fe5da1c8000-7fe5da1e7000 rw-p 00000000 00:00 0 
7fe5da1e7000-7fe5da2b3000 ---p 00000000 00:00 0 
7fe5da2b3000-7fe5da2b8000 rw-p 00000000 00:00 0 
7fe5da2b8000-7fe5da2bf000 ---p 00000000 00:00 0 
7fe5da2bf000-7fe5da2e3000 r-xp 00000000 00:922 4611686019135190028       /nix/store/gpxl5qgg8kicmcvivwmybwjlpf7wh20l-graalvm17-ce-22.3.0/lib/libjava.so
7fe5da2e3000-7fe5da2e4000 ---p 00024000 00:922 4611686019135190028       /nix/store/gpxl5qgg8kicmcvivwmybwjlpf7wh20l-graalvm17-ce-22.3.0/lib/libjava.so
7fe5da2e4000-7fe5da2e5000 r--p 00024000 00:922 4611686019135190028       /nix/store/gpxl5qgg8kicmcvivwmybwjlpf7wh20l-graalvm17-ce-22.3.0/lib/libjava.so
7fe5da2e5000-7fe5da2e6000 rw-p 00025000 00:922 4611686019135190028       /nix/store/gpxl5qgg8kicmcvivwmybwjlpf7wh20l-graalvm17-ce-22.3.0/lib/libjava.so
7fe5da2e6000-7fe5da2e7000 rw-p 00000000 00:00 0 
7fe5da2e7000-7fe5da2ee000 rw-p 0002f000 00:922 4611686019135190028       /nix/store/gpxl5qgg8kicmcvivwmybwjlpf7wh20l-graalvm17-ce-22.3.0/lib/libjava.so
7fe5da2ee000-7fe5da2f6000 rw-s 00000000 00:4e7 357                       /tmp/hsperfdata_runner/31
7fe5da2f6000-7fe5da2f7000 ---p 00000000 00:00 0 
7fe5da2f7000-7fe5da2f8000 r--p 00000000 00:00 0 
7fe5da2f8000-7fe5da2f9000 rwxp 00000000 00:00 0 
7fe5da2f9000-7fe5da314000 r-xp 00000000 00:922 4611686019135190032       /nix/store/gpxl5qgg8kicmcvivwmybwjlpf7wh20l-graalvm17-ce-22.3.0/lib/libjimage.so
7fe5da314000-7fe5da315000 ---p 0001b000 00:922 4611686019135190032       /nix/store/gpxl5qgg8kicmcvivwmybwjlpf7wh20l-graalvm17-ce-22.3.0/lib/libjimage.so
7fe5da315000-7fe5da317000 r--p 0001b000 00:922 4611686019135190032       /nix/store/gpxl5qgg8kicmcvivwmybwjlpf7wh20l-graalvm17-ce-22.3.0/lib/libjimage.so
7fe5da317000-7fe5da318000 rw-p 0001d000 00:922 4611686019135190032       /nix/store/gpxl5qgg8kicmcvivwmybwjlpf7wh20l-graalvm17-ce-22.3.0/lib/libjimage.so
7fe5da318000-7fe5da319000 rw-p 00024000 00:922 4611686019135190032       /nix/store/gpxl5qgg8kicmcvivwmybwjlpf7wh20l-graalvm17-ce-22.3.0/lib/libjimage.so
7fe5da319000-7fe5da31d000 ---p 00000000 00:00 0 
7fe5da31d000-7fe5da419000 rw-p 00000000 00:00 0 
7fe5da419000-7fe5da427000 r--p 00000000 00:922 4611686019027979927       /nix/store/4nlgxhb09sdr51nc9hdm8az5b08vzkgx-glibc-2.35-163/lib/libm.so.6
7fe5da427000-7fe5da49a000 r-xp 0000e000 00:922 4611686019027979927       /nix/store/4nlgxhb09sdr51nc9hdm8az5b08vzkgx-glibc-2.35-163/lib/libm.so.6
7fe5da49a000-7fe5da4f7000 r--p 00081000 00:922 4611686019027979927       /nix/store/4nlgxhb09sdr51nc9hdm8az5b08vzkgx-glibc-2.35-163/lib/libm.so.6
7fe5da4f7000-7fe5da4f8000 r--p 000dd000 00:922 4611686019027979927       /nix/store/4nlgxhb09sdr51nc9hdm8az5b08vzkgx-glibc-2.35-163/lib/libm.so.6
7fe5da4f8000-7fe5da4f9000 rw-p 000de000 00:922 4611686019027979927       /nix/store/4nlgxhb09sdr51nc9hdm8az5b08vzkgx-glibc-2.35-163/lib/libm.so.6
7fe5da4f9000-7fe5da4fa000 r--p 00000000 00:922 4611686019027979946       /nix/store/4nlgxhb09sdr51nc9hdm8az5b08vzkgx-glibc-2.35-163/lib/librt.so.1
7fe5da4fa000-7fe5da4fb000 r-xp 00001000 00:922 4611686019027979946       /nix/store/4nlgxhb09sdr51nc9hdm8az5b08vzkgx-glibc-2.35-163/lib/librt.so.1
7fe5da4fb000-7fe5da4fc000 r--p 00002000 00:922 4611686019027979946       /nix/store/4nlgxhb09sdr51nc9hdm8az5b08vzkgx-glibc-2.35-163/lib/librt.so.1
7fe5da4fc000-7fe5da4fd000 r--p 00002000 00:922 4611686019027979946       /nix/store/4nlgxhb09sdr51nc9hdm8az5b08vzkgx-glibc-2.35-163/lib/librt.so.1
7fe5da4fd000-7fe5da4fe000 rw-p 00003000 00:922 4611686019027979946       /nix/store/4nlgxhb09sdr51nc9hdm8az5b08vzkgx-glibc-2.35-163/lib/librt.so.1
7fe5da4fe000-7fe5db611000 r-xp 00000000 00:922 4611686019135360866       /nix/store/gpxl5qgg8kicmcvivwmybwjlpf7wh20l-graalvm17-ce-22.3.0/lib/server/libjvm.so
7fe5db611000-7fe5db612000 ---p 01113000 00:922 4611686019135360866       /nix/store/gpxl5qgg8kicmcvivwmybwjlpf7wh20l-graalvm17-ce-22.3.0/lib/server/libjvm.so
7fe5db612000-7fe5db6c7000 r--p 01113000 00:922 4611686019135360866       /nix/store/gpxl5qgg8kicmcvivwmybwjlpf7wh20l-graalvm17-ce-22.3.0/lib/server/libjvm.so
7fe5db6c7000-7fe5db6fb000 rw-p 011c8000 00:922 4611686019135360866       /nix/store/gpxl5qgg8kicmcvivwmybwjlpf7wh20l-graalvm17-ce-22.3.0/lib/server/libjvm.so
7fe5db6fb000-7fe5db757000 rw-p 00000000 00:00 0 
7fe5db757000-7fe5db77f000 r--p 00000000 00:922 4611686019027979918       /nix/store/4nlgxhb09sdr51nc9hdm8az5b08vzkgx-glibc-2.35-163/lib/libc.so.6
7fe5db77f000-7fe5db8f5000 r-xp 00028000 00:922 4611686019027979918       /nix/store/4nlgxhb09sdr51nc9hdm8az5b08vzkgx-glibc-2.35-163/lib/libc.so.6
7fe5db8f5000-7fe5db94d000 r--p 0019e000 00:922 4611686019027979918       /nix/store/4nlgxhb09sdr51nc9hdm8az5b08vzkgx-glibc-2.35-163/lib/libc.so.6
7fe5db94d000-7fe5db951000 r--p 001f6000 00:922 4611686019027979918       /nix/store/4nlgxhb09sdr51nc9hdm8az5b08vzkgx-glibc-2.35-163/lib/libc.so.6
7fe5db951000-7fe5db953000 rw-p 001fa000 00:922 4611686019027979918       /nix/store/4nlgxhb09sdr51nc9hdm8az5b08vzkgx-glibc-2.35-163/lib/libc.so.6
7fe5db953000-7fe5db962000 rw-p 00000000 00:00 0 
7fe5db962000-7fe5db963000 r--p 00000000 00:922 4611686019027979923       /nix/store/4nlgxhb09sdr51nc9hdm8az5b08vzkgx-glibc-2.35-163/lib/libdl.so.2
7fe5db963000-7fe5db964000 r-xp 00001000 00:922 4611686019027979923       /nix/store/4nlgxhb09sdr51nc9hdm8az5b08vzkgx-glibc-2.35-163/lib/libdl.so.2
7fe5db964000-7fe5db965000 r--p 00002000 00:922 4611686019027979923       /nix/store/4nlgxhb09sdr51nc9hdm8az5b08vzkgx-glibc-2.35-163/lib/libdl.so.2
7fe5db965000-7fe5db966000 r--p 00002000 00:922 4611686019027979923       /nix/store/4nlgxhb09sdr51nc9hdm8az5b08vzkgx-glibc-2.35-163/lib/libdl.so.2
7fe5db966000-7fe5db967000 rw-p 00003000 00:922 4611686019027979923       /nix/store/4nlgxhb09sdr51nc9hdm8az5b08vzkgx-glibc-2.35-163/lib/libdl.so.2
7fe5db967000-7fe5db968000 r--p 00000000 00:922 4611686019027979942       /nix/store/4nlgxhb09sdr51nc9hdm8az5b08vzkgx-glibc-2.35-163/lib/libpthread.so.0
7fe5db968000-7fe5db969000 r-xp 00001000 00:922 4611686019027979942       /nix/store/4nlgxhb09sdr51nc9hdm8az5b08vzkgx-glibc-2.35-163/lib/libpthread.so.0
7fe5db969000-7fe5db96a000 r--p 00002000 00:922 4611686019027979942       /nix/store/4nlgxhb09sdr51nc9hdm8az5b08vzkgx-glibc-2.35-163/lib/libpthread.so.0
7fe5db96a000-7fe5db96b000 r--p 00002000 00:922 4611686019027979942       /nix/store/4nlgxhb09sdr51nc9hdm8az5b08vzkgx-glibc-2.35-163/lib/libpthread.so.0
7fe5db96b000-7fe5db96c000 rw-p 00003000 00:922 4611686019027979942       /nix/store/4nlgxhb09sdr51nc9hdm8az5b08vzkgx-glibc-2.35-163/lib/libpthread.so.0
7fe5db96c000-7fe5db97a000 r-xp 00000000 00:922 4611686019135190033       /nix/store/gpxl5qgg8kicmcvivwmybwjlpf7wh20l-graalvm17-ce-22.3.0/lib/libjli.so
7fe5db97a000-7fe5db97b000 ---p 0000e000 00:922 4611686019135190033       /nix/store/gpxl5qgg8kicmcvivwmybwjlpf7wh20l-graalvm17-ce-22.3.0/lib/libjli.so
7fe5db97b000-7fe5db97c000 r--p 0000e000 00:922 4611686019135190033       /nix/store/gpxl5qgg8kicmcvivwmybwjlpf7wh20l-graalvm17-ce-22.3.0/lib/libjli.so
7fe5db97c000-7fe5db97d000 rw-p 0000f000 00:922 4611686019135190033       /nix/store/gpxl5qgg8kicmcvivwmybwjlpf7wh20l-graalvm17-ce-22.3.0/lib/libjli.so
7fe5db97d000-7fe5db97e000 rw-p 00012000 00:922 4611686019135190033       /nix/store/gpxl5qgg8kicmcvivwmybwjlpf7wh20l-graalvm17-ce-22.3.0/lib/libjli.so
7fe5db97e000-7fe5db981000 r--p 00000000 00:922 4611686019106210071       /nix/store/026hln0aq1hyshaxsdvhg0kmcm6yf45r-zlib-1.2.13/lib/libz.so.1.2.13
7fe5db981000-7fe5db993000 r-xp 00003000 00:922 4611686019106210071       /nix/store/026hln0aq1hyshaxsdvhg0kmcm6yf45r-zlib-1.2.13/lib/libz.so.1.2.13
7fe5db993000-7fe5db99a000 r--p 00015000 00:922 4611686019106210071       /nix/store/026hln0aq1hyshaxsdvhg0kmcm6yf45r-zlib-1.2.13/lib/libz.so.1.2.13
7fe5db99a000-7fe5db99b000 r--p 0001b000 00:922 4611686019106210071       /nix/store/026hln0aq1hyshaxsdvhg0kmcm6yf45r-zlib-1.2.13/lib/libz.so.1.2.13
7fe5db99b000-7fe5db99c000 rw-p 0001c000 00:922 4611686019106210071       /nix/store/026hln0aq1hyshaxsdvhg0kmcm6yf45r-zlib-1.2.13/lib/libz.so.1.2.13
7fe5db99c000-7fe5db99e000 rw-p 00000000 00:00 0 
7fe5db99e000-7fe5db9a0000 r--p 00000000 00:922 4611686019027979912       /nix/store/4nlgxhb09sdr51nc9hdm8az5b08vzkgx-glibc-2.35-163/lib/ld-linux-x86-64.so.2
7fe5db9a0000-7fe5db9c7000 r-xp 00002000 00:922 4611686019027979912       /nix/store/4nlgxhb09sdr51nc9hdm8az5b08vzkgx-glibc-2.35-163/lib/ld-linux-x86-64.so.2
7fe5db9c7000-7fe5db9d3000 r--p 00029000 00:922 4611686019027979912       /nix/store/4nlgxhb09sdr51nc9hdm8az5b08vzkgx-glibc-2.35-163/lib/ld-linux-x86-64.so.2
7fe5db9d3000-7fe5db9d5000 r--p 00034000 00:922 4611686019027979912       /nix/store/4nlgxhb09sdr51nc9hdm8az5b08vzkgx-glibc-2.35-163/lib/ld-linux-x86-64.so.2
7fe5db9d5000-7fe5db9d7000 rw-p 00036000 00:922 4611686019027979912       /nix/store/4nlgxhb09sdr51nc9hdm8az5b08vzkgx-glibc-2.35-163/lib/ld-linux-x86-64.so.2
7ffc534f9000-7ffc5351d000 rw-p 00000000 00:00 0                          [stack]
7ffc535d3000-7ffc535d7000 r--p 00000000 00:00 0                          [vvar]
7ffc535d7000-7ffc535d9000 r-xp 00000000 00:00 0                          [vdso]
ffffffffff600000-ffffffffff601000 --xp 00000000 00:00 0                  [vsyscall]


VM Arguments:
jvm_args: -XX:ThreadPriorityPolicy=1 -XX:+UnlockExperimentalVMOptions -XX:+EnableJVMCIProduct -XX:JVMCIThreadsPerNativeLibraryRuntime=1 -XX:-UnlockExperimentalVMOptions -Declipse.application=org.eclipse.jdt.ls.core.id1 -Dosgi.bundles.defaultStartLevel=4 -Declipse.product=org.eclipse.jdt.ls.core.product -Dlog.level=ALL -Xverify:none -XX:+UseParallelGC -XX:GCTimeRatio=4 -XX:AdaptiveSizePolicyWeight=90 -Dsun.zip.disableMemoryMapping=true -Xmx512m -Xms100m 
java_command: /nix/store/m6gcpi1ii6rghy04cjwjddcavv7i90df-jdt-language-server-1.9.0/share/java/plugins/org.eclipse.equinox.launcher_1.6.400.v20210924-0641.jar --add-modules=ALL-SYSTEM --add-opens java.base/java.util=ALL-UNNAMED --add-opens java.base/java.lang=ALL-UNNAMED -configuration /home/runner/.cache/jdt-language-server/config -data /home/runner/.cache/jdt-language-server/data/home/runner/Ex3-Classe
java_class_path (initial): /nix/store/m6gcpi1ii6rghy04cjwjddcavv7i90df-jdt-language-server-1.9.0/share/java/plugins/org.eclipse.equinox.launcher_1.6.400.v20210924-0641.jar
Launcher Type: SUN_STANDARD

[Global flags]
    uintx AdaptiveSizePolicyWeight                 = 90                                        {product} {command line}
     intx CICompilerCount                          = 2                                         {product} {ergonomic}
     bool EnableJVMCIProduct                       = true                                {JVMCI product} {jimage}
    uintx GCTimeRatio                              = 4                                         {product} {command line}
   size_t InitialHeapSize                          = 104857600                                 {product} {command line}
     uint JVMCIThreadsPerNativeLibraryRuntime      = 1                                   {JVMCI product} {jimage}
   size_t MaxHeapSize                              = 536870912                                 {product} {command line}
   size_t MaxNewSize                               = 178782208                                 {product} {ergonomic}
   size_t MinHeapDeltaBytes                        = 524288                                    {product} {ergonomic}
   size_t MinHeapSize                              = 104857600                                 {product} {command line}
   size_t NewSize                                  = 34603008                                  {product} {ergonomic}
    uintx NonNMethodCodeHeapSize                   = 5826188                                {pd product} {ergonomic}
    uintx NonProfiledCodeHeapSize                  = 122916026                              {pd product} {ergonomic}
   size_t OldSize                                  = 70254592                                  {product} {ergonomic}
    uintx ProfiledCodeHeapSize                     = 122916026                              {pd product} {ergonomic}
    uintx ReservedCodeCacheSize                    = 251658240                              {pd product} {ergonomic}
     bool SegmentedCodeCache                       = true                                      {product} {ergonomic}
   size_t SoftMaxHeapSize                          = 536870912                              {manageable} {ergonomic}
     intx ThreadPriorityPolicy                     = 1                                         {product} {jimage}
     bool UseCompressedClassPointers               = true                           {product lp64_product} {ergonomic}
     bool UseCompressedOops                        = true                           {product lp64_product} {ergonomic}
     bool UseParallelGC                            = true                                      {product} {command line}

Logging:
Log output configuration:
 #0: stdout all=warning uptime,level,tags
 #1: stderr all=off uptime,level,tags

Environment Variables:
JAVA_HOME=/nix/store/gpxl5qgg8kicmcvivwmybwjlpf7wh20l-graalvm17-ce-22.3.0
PATH=/nix/store/1d6ian3r8kdzspw8hacjhl3xkp40g1lj-binutils-wrapper-2.39/bin:/nix/store/dq0xwmsk1g0i2ayg6pb7y87na2knzylh-gcc-wrapper-11.3.0/bin:/nix/store/bap4d0lpcrhpwmpb8ayjcgkmvfj62lnq-bash-interactive-5.1-p16/bin:/nix/store/pr5n59mb4jzmfx6kanwxly0l07p861fg-patchelf-0.15.0/bin:/nix/store/1gf2flfqnpqbr1b4p4qz2f72y42bs56r-gcc-11.3.0/bin:/nix/store/57xv61c5zi8pphjbcwxxjlgc34p61ic9-glibc-2.35-163-bin/bin:/nix/store/a7gvj343m05j2s32xcnwr35v31ynlypr-coreutils-9.1/bin:/nix/store/039g378vc3pc3dvi9dzdlrd0i4q93qwf-binutils-2.39/bin:/nix/store/gpxl5qgg8kicmcvivwmybwjlpf7wh20l-graalvm17-ce-22.3.0/bin:/nix/store/6z9ag3ihc8mq2hzsw48lhbznvzny65nz-apache-maven-3.8.6/bin:/nix/store/m6gcpi1ii6rghy04cjwjddcavv7i90df-jdt-language-server-1.9.0/bin:/nix/store/84xs5alhs01zrbr4ywm05kxbjbp5590l-java-debug/bin:/nix/store/mydc6f4k2z73xlcz7ilif3v2lcaiqvza-findutils-4.9.0/bin:/nix/store/j9p3g8472iijd50vhdprx0nmk2fqn5gv-diffutils-3.8/bin:/nix/store/89zs7rms6x00xfq4dq6m7mjnhkr8a6r4-gnused-4.8/bin:/nix/store/86bp03jkmsl6f92w0yzg4s59g5mhxwmy-gnugrep-3.7/bin:/nix/store/hwcdqw4jrjnd37wxqgsd47hd0j8bnj09-gawk-5.1.1/bin:/nix/store/cfbhw8r8ags41vwqaz47r583d0p4h4a1-gnutar-1.34/bin:/nix/store/p3m1ndl1lapwrlh698bnb5lvvxh67378-gzip-1.12/bin:/nix/store/a8mhcagrsly7c7mpjrpsnaahk4aax056-bzip2-1.0.8-bin/bin:/nix/store/mblgz65m3zv9x548a3d5m96fj2pbwr09-gnumake-4.3/bin:/nix/store/dsd5gz46hdbdk2rfdimqddhq6m8m8fqs-bash-5.1-p16/bin:/nix/store/v7ljksji50mg3w61dykaa3n3y79n6nil-patch-2.7.6/bin:/nix/store/zlcnmqq14jz5x9439jf937mvayyl63da-xz-5.2.7-bin/bin:/nix/store/y6aj732zm9m87c82fpvf103a1xb22blp-file-5.43/bin:/nix/store/i4kzir3m7mrisxmf5xvlnkw01x4qaqr4-prybar-elisp-0.0.0-e0d9a52/bin:/nix/store/lwwivxf6h7x3cvxp9zv8sj0mv7dak99r-prybar-lua-0.0.0-e0d9a52/bin:/nix/store/gxj28g1cg4hq3qanmjv07156h800qr58-prybar-python3-0.0.0-e0d9a52/bin:/nix/store/hshkjnxrgidigf8x75vg6lqng2xlx9i3-prybar-sqlite-0.0.0-e0d9a52/bin:/nix/store/c4w01bpjgyy5ixmwdk8m1pw87zq4sl26-prybar-tcl-0.0.0-e0d9a52/bin:/nix/store/hpbvrlwd5viqmvcaisb3x0118i913a9n-st
LD_LIBRARY_PATH=/nix/store/a4pff549sk2idnkpzk5nsfps3mdkdnvm-cups-2.4.2-lib/lib:/nix/store/72mqxxhh3cy5yifh92wh2yb8cl2hikyy-cairo-1.16.0/lib:/nix/store/2k366jrbsra97gjfxwvrhvixjfxdach5-glib-2.74.1/lib:/nix/store/2j2znigd8ak37rlwh9khz0ry3clqlw1l-gtk+3-3.24.34/lib:/nix/store/hisqvx32cd57apbpcsnkpx6k3549wql1-libglvnd-1.4.0/lib:/nix/store/p36pgcv991mq5srvg765b78yqpxvk3qs-mesa-21.3.3-drivers/lib:/nix/store/mav4251if1ahjq5vkpwycyyvnmy459c4-pulseaudio-14.2/lib
DISPLAY=:0
LANG=en_US.UTF-8

Signal Handlers:
   SIGSEGV: crash_handler in libjvm.so, mask=11100100010111111101111111111110, flags=SA_RESTART|SA_SIGINFO
    SIGBUS: crash_handler in libjvm.so, mask=11100100010111111101111111111110, flags=SA_RESTART|SA_SIGINFO
    SIGFPE: crash_handler in libjvm.so, mask=11100100010111111101111111111110, flags=SA_RESTART|SA_SIGINFO
   SIGPIPE: IsolateEnterStub_IgnoreSIGPIPEStartupHook_noopSignalHandler_8f19bff2f35b5f630d83b364d6b2339320d4ec70_216e8361c6bc87a8f89f58cc10d3b2fd4415bf87 in libjvmcicompiler.so, mask=00000000000000000000000000000000, flags=SA_RESTART
  *** Handler was modified!
  *** Expected: javaSignalHandler in libjvm.so, mask=11100100110111111111111111111110, flags=SA_RESTART|SA_SIGINFO
   SIGXFSZ: javaSignalHandler in libjvm.so, mask=11100100010111111101111111111110, flags=SA_RESTART|SA_SIGINFO
    SIGILL: crash_handler in libjvm.so, mask=11100100010111111101111111111110, flags=SA_RESTART|SA_SIGINFO
   SIGUSR2: SR_handler in libjvm.so, mask=00000000000000000000000000000000, flags=SA_RESTART|SA_SIGINFO
    SIGHUP: UserHandler in libjvm.so, mask=11100100010111111101111111111110, flags=SA_RESTART|SA_SIGINFO
    SIGINT: UserHandler in libjvm.so, mask=11100100010111111101111111111110, flags=SA_RESTART|SA_SIGINFO
   SIGTERM: UserHandler in libjvm.so, mask=11100100010111111101111111111110, flags=SA_RESTART|SA_SIGINFO
   SIGQUIT: UserHandler in libjvm.so, mask=11100100010111111101111111111110, flags=SA_RESTART|SA_SIGINFO
  *** Handler was modified!
  *** Expected: javaSignalHandler in libjvm.so, mask=11100100110111111111111111111110, flags=SA_RESTART|SA_SIGINFO
   SIGTRAP: crash_handler in libjvm.so, mask=11100100010111111101111111111110, flags=SA_RESTART|SA_SIGINFO


---------------  S Y S T E M  ---------------

OS:
DISTRIB_ID=Ubuntu
DISTRIB_RELEASE=20.04
DISTRIB_CODENAME=focal
DISTRIB_DESCRIPTION="Ubuntu 20.04.2 LTS"
uname: Linux 5.19.0-1025-gcp #27~22.04.1-Ubuntu SMP Wed May 24 03:53:01 UTC 2023 x86_64
OS uptime: 0 days 15:50 hours
libc: glibc 2.35 NPTL 2.35 
rlimit (soft/hard): STACK 8192k/infinity , CORE infinity/infinity , NPROC infinity/infinity , NOFILE 5242/5242 , AS infinity/infinity , CPU infinity/infinity , DATA infinity/infinity , FSIZE infinity/infinity , MEMLOCK 8192k/8192k
load average: 17.25 16.86 16.44

/proc/meminfo:
MemTotal:       65852236 kB
MemFree:         7215316 kB
MemAvailable:   30488240 kB
Buffers:         2384588 kB
Cached:         19034624 kB
SwapCached:            0 kB
Active:         10747492 kB
Inactive:       43244172 kB
Active(anon):      18744 kB
Inactive(anon): 32019084 kB
Active(file):   10728748 kB
Inactive(file): 11225088 kB
Unevictable:       56828 kB
Mlocked:           56828 kB
SwapTotal:             0 kB
SwapFree:              0 kB
Zswap:                 0 kB
Zswapped:              0 kB
Dirty:              5912 kB
Writeback:             0 kB
AnonPages:      30088272 kB
Mapped:          1825016 kB
Shmem:             28100 kB
KReclaimable:    2045848 kB
Slab:            3318848 kB
SReclaimable:    2045848 kB
SUnreclaim:      1273000 kB
KernelStack:      494164 kB
PageTables:       292800 kB
NFS_Unstable:          0 kB
Bounce:                0 kB
WritebackTmp:          0 kB
CommitLimit:    32926116 kB
Committed_AS:   93731396 kB
VmallocTotal:   34359738367 kB
VmallocUsed:      540136 kB
VmallocChunk:          0 kB
Percpu:            63680 kB
HardwareCorrupted:     0 kB
AnonHugePages:   8220672 kB
ShmemHugePages:        0 kB
ShmemPmdMapped:        0 kB
FileHugePages:         0 kB
FilePmdMapped:         0 kB
HugePages_Total:       0
HugePages_Free:        0
HugePages_Rsvd:        0
HugePages_Surp:        0
Hugepagesize:       2048 kB
Hugetlb:               0 kB
DirectMap4k:    10558264 kB
DirectMap2M:    54450176 kB
DirectMap1G:     4194304 kB

/sys/kernel/mm/transparent_hugepage/enabled: always [madvise] never
/sys/kernel/mm/transparent_hugepage/defrag (defrag/compaction efforts parameter): always defer defer+madvise [madvise] never

Process Memory:
Virtual Size: 4855420K (peak: 4887356K)
Resident Set Size: 731800K (peak: 767704K) (anon: 534680K, file: 197120K, shmem: 0K)
Swapped out: 0K
C-Heap outstanding allocations: 43718K, retained: 14265K
glibc malloc tunables: (default)

/proc/sys/kernel/threads-max (system-wide limit on the number of threads): 514406
/proc/sys/vm/max_map_count (maximum number of memory map areas a process may have): 65530
/proc/sys/kernel/pid_max (system-wide limit on number of process identifiers): 4194304

container (cgroup) information:
container_type: cgroupv1
cpu_cpuset_cpus: 2-7
cpu_memory_nodes: 0
active_processor_count: 1
cpu_quota: 50000
cpu_period: 100000
cpu_shares: 512
memory_limit_in_bytes: 1048576 k
memory_and_swap_limit_in_bytes: 1048576 k
memory_soft_limit_in_bytes: 524288 k
memory_usage_in_bytes: 584700 k
memory_max_usage_in_bytes: 607980 k
maximum number of tasks: 1000
current number of tasks: 49

KVM virtualization detected
Steal ticks since vm start: 0
Steal ticks percentage since vm start:  0.000

CPU: total 8 (initial active 1) (8 cores per cpu, 2 threads per core) family 23 model 49 stepping 0 microcode 0xffffffff, cx8, cmov, fxsr, ht, mmx, 3dnowpref, sse, sse2, sse3, ssse3, sse4a, sse4.1, sse4.2, popcnt, lzcnt, tsc, tscinvbit, avx, avx2, aes, clmul, bmi1, bmi2, adx, sha, fma, vzeroupper, clflush, clflushopt, hv
CPU Model and flags from /proc/cpuinfo:
model name	: AMD EPYC 7B12
flags		: fpu vme de pse tsc msr pae mce cx8 apic sep mtrr pge mca cmov pat pse36 clflush mmx fxsr sse sse2 ht syscall nx mmxext fxsr_opt pdpe1gb rdtscp lm constant_tsc rep_good nopl nonstop_tsc cpuid extd_apicid tsc_known_freq pni pclmulqdq ssse3 fma cx16 sse4_1 sse4_2 movbe popcnt aes xsave avx f16c rdrand hypervisor lahf_lm cmp_legacy cr8_legacy abm sse4a misalignsse 3dnowprefetch osvw topoext ssbd ibrs ibpb stibp vmmcall fsgsbase tsc_adjust bmi1 avx2 smep bmi2 rdseed adx smap clflushopt clwb sha_ni xsaveopt xsavec xgetbv1 clzero xsaveerptr arat npt nrip_save umip rdpid

Online cpus: 0-7
Offline cpus: 
BIOS frequency limitation: <Not Available>
Frequency switch latency (ns): <Not Available>
Available cpu frequencies: <Not Available>
Current governor: <Not Available>
Core performance/turbo boost: <Not Available>

Memory: 4k page, physical 1048576k(463872k free), swap 0k(0k free)
Page Sizes: 4k

vm_info: OpenJDK 64-Bit Server VM (17.0.5+8-jvmci-22.3-b08) for linux-amd64 JRE (17.0.5+8-jvmci-22.3-b08), built on Oct 19 2022 09:01:27 by "buildslave" with gcc 10.3.0

END.
