#
# A fatal error has been detected by the Java Runtime Environment:
#
#  Internal Error (jvmciRuntime.cpp:1609), pid=29, tid=43
#  fatal error: Fatal exception in JVMCI: Error calling jdk.vm.ci.services.Services.serializeSavedProperties
#
# JRE version: OpenJDK Runtime Environment GraalVM CE 22.3.0 (17.0.5+8) (build 17.0.5+8-jvmci-22.3-b08)
# Java VM: OpenJDK 64-Bit Server VM GraalVM CE 22.3.0 (17.0.5+8-jvmci-22.3-b08, mixed mode, sharing, tiered, jvmci, jvmci compiler, compressed oops, compressed class ptrs, parallel gc, linux-amd64)
# Problematic frame:
# V  [libjvm.so+0x972714]  JVMCIRuntime::fatal_exception(JVMCIEnv*, char const*)+0x74
#
# Core dump will be written. Default location: Core dumps may be processed with "/usr/share/apport/apport -p%p -s%s -c%c -d%d -P%P -u%u -g%g -- %E" (or dumping to /home/runner/Ex-6-WikiPython/core.29)
#
# If you would like to submit a bug report, please visit:
#   https://github.com/oracle/graal/issues
#

---------------  S U M M A R Y ------------

Command Line: -XX:ThreadPriorityPolicy=1 -XX:+UnlockExperimentalVMOptions -XX:+EnableJVMCIProduct -XX:JVMCIThreadsPerNativeLibraryRuntime=1 -XX:-UnlockExperimentalVMOptions -Declipse.application=org.eclipse.jdt.ls.core.id1 -Dosgi.bundles.defaultStartLevel=4 -Declipse.product=org.eclipse.jdt.ls.core.product -Dlog.level=ALL -Xverify:none -XX:+UseParallelGC -XX:GCTimeRatio=4 -XX:AdaptiveSizePolicyWeight=90 -Dsun.zip.disableMemoryMapping=true -Xmx512m -Xms100m /nix/store/m6gcpi1ii6rghy04cjwjddcavv7i90df-jdt-language-server-1.9.0/share/java/plugins/org.eclipse.equinox.launcher_1.6.400.v20210924-0641.jar --add-modules=ALL-SYSTEM --add-opens java.base/java.util=ALL-UNNAMED --add-opens java.base/java.lang=ALL-UNNAMED -configuration /home/runner/.cache/jdt-language-server/config -data /home/runner/.cache/jdt-language-server/data/home/runner/Ex-6-WikiPython

Host: AMD EPYC 7B12, 8 cores, 1G, Ubuntu 20.04.2 LTS
Time: Fri Apr  7 16:54:58 2023 UTC elapsed time: 1859.236130 seconds (0d 0h 30m 59s)

---------------  T H R E A D  ---------------

Current thread (0x00007fe58c0b21e0):  JavaThread "JVMCI-native CompilerThread0" daemon [_thread_in_vm, id=43, stack(0x00007fe571a18000,0x00007fe571c18000)]


Current CompileTask:
JVMCI-native:1859236 10638 %s    4       java.util.Hashtable::putAll @ 12 (52 bytes)

Stack: [0x00007fe571a18000,0x00007fe571c18000],  sp=0x00007fe571c16380,  free space=2040k
Native frames: (J=compiled Java code, j=interpreted, Vv=VM code, C=native code)
V  [libjvm.so+0x972714]  JVMCIRuntime::fatal_exception(JVMCIEnv*, char const*)+0x74
V  [libjvm.so+0x93e2fe]  JVMCIEnv::copy_saved_properties()+0x14e
V  [libjvm.so+0x9732a9]  JVMCIRuntime::initialize(JVMCIEnv*)+0xb19
V  [libjvm.so+0x9738a2]  JVMCIRuntime::get_HotSpotJVMCIRuntime(JVMCIEnv*)+0x12
V  [libjvm.so+0x9749f2]  JVMCIRuntime::compile_method(JVMCIEnv*, JVMCICompiler*, methodHandle const&, int)+0xd2
V  [libjvm.so+0x5b0d20]  CompileBroker::invoke_compiler_on_method(CompileTask*)+0x1470
V  [libjvm.so+0x5b12e8]  CompileBroker::compiler_thread_loop()+0x528
V  [libjvm.so+0xd82460]  JavaThread::thread_main_inner()+0xd0
V  [libjvm.so+0xd85a40]  Thread::call_run()+0xc0
V  [libjvm.so+0xbdb1e1]  thread_native_entry(Thread*)+0xe1

Register to memory mapping:

RAX=0x00007fe59161d000 points into unknown readable memory: 0x0000000000000058 | 58 00 00 00 00 00 00 00
RBX=0x00007fe592718398: <offset 0x0000000000ef5398> in /nix/store/gpxl5qgg8kicmcvivwmybwjlpf7wh20l-graalvm17-ce-22.3.0/lib/server/libjvm.so at 0x00007fe591823000
RCX=0x00007fe5926d01e8: <offset 0x0000000000ead1e8> in /nix/store/gpxl5qgg8kicmcvivwmybwjlpf7wh20l-graalvm17-ce-22.3.0/lib/server/libjvm.so at 0x00007fe591823000
RDX=0x0000000000000649 is an unknown value
RSP=0x00007fe571c16380 is pointing into the stack for thread: 0x00007fe58c0b21e0
RBP=0x00007fe571c163a0 is pointing into the stack for thread: 0x00007fe58c0b21e0
RSI=0x00007fe592718c48: <offset 0x0000000000ef5c48> in /nix/store/gpxl5qgg8kicmcvivwmybwjlpf7wh20l-graalvm17-ce-22.3.0/lib/server/libjvm.so at 0x00007fe591823000
RDI=0x00000000e0000000 is an oop: java.lang.String 
{0x00000000e0000000} - klass: 'java/lang/String'
 - string: "resolution"
R8 =0x00007fe592718398: <offset 0x0000000000ef5398> in /nix/store/gpxl5qgg8kicmcvivwmybwjlpf7wh20l-graalvm17-ce-22.3.0/lib/server/libjvm.so at 0x00007fe591823000
R9 =0x00007fe571c16330 is pointing into the stack for thread: 0x00007fe58c0b21e0
R10=0x00007fe571c17948 is pointing into the stack for thread: 0x00007fe58c0b21e0
R11=0x0000000000000293 is an unknown value
R12=0x0 is NULL
R13=0x00007fe58c0b21e0 is a thread
R14=0x00007fe58c000b80 points into unknown readable memory: 0x00007fe592949a38 | 38 9a 94 92 e5 7f 00 00
R15=0x00007fe592a57e40: <offset 0x0000000001234e40> in /nix/store/gpxl5qgg8kicmcvivwmybwjlpf7wh20l-graalvm17-ce-22.3.0/lib/server/libjvm.so at 0x00007fe591823000


Registers:
RAX=0x00007fe59161d000, RBX=0x00007fe592718398, RCX=0x00007fe5926d01e8, RDX=0x0000000000000649
RSP=0x00007fe571c16380, RBP=0x00007fe571c163a0, RSI=0x00007fe592718c48, RDI=0x00000000e0000000
R8 =0x00007fe592718398, R9 =0x00007fe571c16330, R10=0x00007fe571c17948, R11=0x0000000000000293
R12=0x0000000000000000, R13=0x00007fe58c0b21e0, R14=0x00007fe58c000b80, R15=0x00007fe592a57e40
RIP=0x00007fe592195714, EFLAGS=0x0000000000010206, CSGSFS=0x002b000000000033, ERR=0x0000000000000006
  TRAPNO=0x000000000000000e

Top of Stack: (sp=0x00007fe571c16380)
0x00007fe571c16380:   00007fe571c16940 00007fe58c0b21e0
0x00007fe571c16390:   00007fe5734588c8 0000000800c417a0
0x00007fe571c163a0:   00007fe571c16500 00007fe5921612fe
0x00007fe571c163b0:   00007fe571c163e0 00007fe571c16440 

Instructions: (pc=0x00007fe592195714)
0x00007fe592195614:   30 e8 f6 cf e8 ff 4c 89 e7 e8 2e 48 d1 ff 84 db
0x00007fe592195624:   75 2a 4d 85 ed 74 04 4d 8b 6d 00 48 83 c4 08 44
0x00007fe592195634:   89 f9 4c 89 f2 4c 89 ee 5b 4c 89 e7 41 5c 41 5d
0x00007fe592195644:   41 5e 41 5f 5d e9 e2 47 d1 ff 66 90 48 83 c4 08
0x00007fe592195654:   5b 41 5c 41 5d 41 5e 41 5f 5d c3 90 31 d2 be 08
0x00007fe592195664:   00 00 00 4c 89 ff e8 b1 78 a3 ff 49 89 c5 e9 37
0x00007fe592195674:   ff ff ff 66 0f 1f 84 00 00 00 00 00 48 8b 7a 08
0x00007fe592195684:   e9 6d ff ff ff 0f 1f 80 00 00 00 00 e8 5b 48 0a
0x00007fe592195694:   00 84 c0 75 89 e9 6a ff ff ff 66 90 55 48 89 e5
0x00007fe5921956a4:   41 56 41 55 41 54 49 89 fc 53 48 89 f3 66 48 8d
0x00007fe5921956b4:   3d 27 5e 85 00 66 66 48 e8 df 43 8d ff 4c 8b 28
0x00007fe5921956c4:   8b 05 be 72 8a 00 85 c0 75 14 ba 01 00 00 00 48
0x00007fe5921956d4:   8d 0d ae 72 8a 00 f0 0f b1 11 85 c0 74 4e be c8
0x00007fe5921956e4:   00 00 00 4c 89 ef e8 01 0b 41 00 48 8d 05 12 ac
0x00007fe5921956f4:   85 00 49 89 d8 48 8d 0d e8 aa 53 00 ba 49 06 00
0x00007fe592195704:   00 48 8d 35 3c 35 58 00 bf 00 00 00 e0 48 8b 00
0x00007fe592195714:   c6 00 58 31 c0 e8 e2 91 c6 ff 5b 41 5c 41 5d 41
0x00007fe592195724:   5e 5d e9 55 34 26 00 0f 1f 44 00 00 48 8d 05 81
0x00007fe592195734:   a3 8b 00 48 89 df 4c 8b 30 e8 9e 43 8d ff 48 89
0x00007fe592195744:   de 48 89 c2 49 8b 06 4c 89 f7 ff 50 08 4c 89 f7
0x00007fe592195754:   e8 a7 5c 27 00 4d 85 e4 74 12 be 01 00 00 00 4c
0x00007fe592195764:   89 e7 e8 35 43 fc ff eb 82 0f 1f 00 be 01 00 00
0x00007fe592195774:   00 4c 89 ef e8 d3 fd ff ff e9 6d ff ff ff 66 66
0x00007fe592195784:   2e 0f 1f 84 00 00 00 00 00 0f 1f 00 55 48 89 e5
0x00007fe592195794:   41 57 41 56 41 55 41 54 53 48 81 ec 08 02 00 00
0x00007fe5921957a4:   64 48 8b 04 25 28 00 00 00 48 89 45 c8 8b 07 83
0x00007fe5921957b4:   f8 02 0f 84 11 04 00 00 4c 8b 6f 18 49 89 ff 49
0x00007fe5921957c4:   89 f4 4d 85 ed 74 14 4c 89 ef e8 5d 57 22 00 41
0x00007fe5921957d4:   8b 07 83 f8 02 0f 84 19 04 00 00 48 8d 1d 9a 06
0x00007fe5921957e4:   8a 00 4c 8d 35 0b 3c 58 00 eb 38 90 48 85 d2 7f
0x00007fe5921957f4:   0d 48 8d 05 b4 c0 85 00 48 83 38 00 7e 0e 41 8b
0x00007fe592195804:   77 2c 4c 89 f7 31 c0 e8 a0 b2 f7 ff 49 8b 7f 18 


Stack slot to memory mapping:
stack at sp + 0 slots: 0x00007fe571c16940 is pointing into the stack for thread: 0x00007fe58c0b21e0
stack at sp + 1 slots: 0x00007fe58c0b21e0 is a thread
stack at sp + 2 slots: 0x00007fe5734588c8 points into unknown readable memory: 0x6573001880c9ffff | ff ff c9 80 18 00 73 65
stack at sp + 3 slots: 0x0000000800c417a0 is a pointer to class: 
jdk.vm.ci.services.Services {0x0000000800c417a0}
 - instance size:     2
 - klass size:        65
 - access:            public final synchronized 
 - state:             fully_initialized
 - name:              'jdk/vm/ci/services/Services'
 - super:             'java/lang/Object'
 - sub:               
 - arrays:            NULL
 - methods:           Array<T>(0x00007fe5724416e0)
 - method ordering:   Array<T>(0x0000000800928960)
 - default_methods:   Array<T>(0x0000000000000000)
 - local interfaces:  Array<T>(0x00000008005ce810)
 - trans. interfaces: Array<T>(0x00000008005ce810)
 - constants:         constant pool [427] {0x00007fe5724407c0} for 'jdk/vm/ci/services/Services' cache=0x00007fe5724429b0
 - class loader data:  loader data: 0x00007fe58c0283f0 of 'bootstrap'
 - source file:       'Services.java'
 - class annotations:       Array<T>(0x0000000000000000)
 - class type annotations:  Array<T>(0x0000000000000000)
 - field annotations:       Array<T>(0x0000000000000000)
 - field type annotations:  Array<T>(0x0000000000000000)
 - inner classes:     Array<T>(0x00007fe572442980)
 - nest members:     Array<T>(0x00007fe5724429a0)
 - permitted subclasses:     Array<T>(0x00000008005ce7a0)
 - java mirror:       a 'java/lang/Class'{0x00000000e0147cd0} = 'jdk/vm/ci/services/Services'
 - vtable length      5  (start addr: 0x0000000800c41970)
 - itable length      2 (start addr: 0x0000000800c41998)
 - ---- static fields (3 words):
 - public static final 'IS_BUILDING_NATIVE_IMAGE' 'Z' @128 
 - public static final 'IS_IN_NATIVE_IMAGE' 'Z' @129 
 - private static volatile 'savedProperties' 'Ljava/util/Map;' @112 
 - static final 'JVMCI_ENABLED' 'Z' @130 
 - private static final 'servicesCache' 'Ljava/util/Map;' @116 
 - private static final 'MAX_UNICODE_IN_UTF8_LENGTH' 'I' @120 
 - private static final 'MAX_UTF8_PROPERTY_STRING_LENGTH' 'I' @124 
 - ---- non-static fields (0 words):
 - non-static oop maps: 
stack at sp + 4 slots: 0x00007fe571c16500 is pointing into the stack for thread: 0x00007fe58c0b21e0
stack at sp + 5 slots: 0x00007fe5921612fe: <offset 0x000000000093e2fe> in /nix/store/gpxl5qgg8kicmcvivwmybwjlpf7wh20l-graalvm17-ce-22.3.0/lib/server/libjvm.so at 0x00007fe591823000
stack at sp + 6 slots: 0x00007fe571c163e0 is pointing into the stack for thread: 0x00007fe58c0b21e0
stack at sp + 7 slots: 0x00007fe571c16440 is pointing into the stack for thread: 0x00007fe58c0b21e0


---------------  P R O C E S S  ---------------

Threads class SMR info:
_java_thread_list=0x00007fe4c0004240, length=24, elements={
0x00007fe58c026690, 0x00007fe58c0a64d0, 0x00007fe58c0a7910, 0x00007fe58c0ae050,
0x00007fe58c0af400, 0x00007fe58c0b07f0, 0x00007fe58c0b21e0, 0x00007fe58c0b36f0,
0x00007fe58c0b4b40, 0x00007fe58c0e87d0, 0x00007fe58c130a50, 0x00007fe58c383a20,
0x00007fe58c3b6f50, 0x00007fe58c3b8f90, 0x00007fe58c67e4e0, 0x00007fe52001a650,
0x00007fe5202a1190, 0x00007fe520304b50, 0x00007fe5140010d0, 0x00007fe520481f40,
0x00007fe520614c60, 0x00007fe58c3ad0e0, 0x00007fe58c5111a0, 0x00007fe4d001fea0
}

Java Threads: ( => current thread )
  0x00007fe58c026690 JavaThread "main" [_thread_blocked, id=35, stack(0x00007fe59163e000,0x00007fe59173e000)]
  0x00007fe58c0a64d0 JavaThread "Reference Handler" daemon [_thread_blocked, id=38, stack(0x00007fe572c01000,0x00007fe572d01000)]
  0x00007fe58c0a7910 JavaThread "Finalizer" daemon [_thread_blocked, id=39, stack(0x00007fe5721fe000,0x00007fe5722fe000)]
  0x00007fe58c0ae050 JavaThread "Signal Dispatcher" daemon [_thread_blocked, id=40, stack(0x00007fe571e18000,0x00007fe571f18000)]
  0x00007fe58c0af400 JavaThread "Service Thread" daemon [_thread_blocked, id=41, stack(0x00007fe571d18000,0x00007fe571e18000)]
  0x00007fe58c0b07f0 JavaThread "Monitor Deflation Thread" daemon [_thread_blocked, id=42, stack(0x00007fe571c18000,0x00007fe571d18000)]
=>0x00007fe58c0b21e0 JavaThread "JVMCI-native CompilerThread0" daemon [_thread_in_vm, id=43, stack(0x00007fe571a18000,0x00007fe571c18000)]
  0x00007fe58c0b36f0 JavaThread "C1 CompilerThread0" daemon [_thread_blocked, id=44, stack(0x00007fe571818000,0x00007fe571a18000)]
  0x00007fe58c0b4b40 JavaThread "Sweeper thread" daemon [_thread_blocked, id=45, stack(0x00007fe571718000,0x00007fe571818000)]
  0x00007fe58c0e87d0 JavaThread "Common-Cleaner" daemon [_thread_blocked, id=46, stack(0x00007fe571618000,0x00007fe571718000)]
  0x00007fe58c130a50 JavaThread "Notification Thread" daemon [_thread_blocked, id=47, stack(0x00007fe571518000,0x00007fe571618000)]
  0x00007fe58c383a20 JavaThread "Active Thread: Equinox Container: fc2218bf-2263-488d-89aa-bc0ef7a2222c" [_thread_blocked, id=62, stack(0x00007fe570100000,0x00007fe570200000)]
  0x00007fe58c3b6f50 JavaThread "Framework Event Dispatcher: Equinox Container: fc2218bf-2263-488d-89aa-bc0ef7a2222c" daemon [_thread_blocked, id=63, stack(0x00007fe539b00000,0x00007fe539c00000)]
  0x00007fe58c3b8f90 JavaThread "Start Level: Equinox Container: fc2218bf-2263-488d-89aa-bc0ef7a2222c" daemon [_thread_blocked, id=64, stack(0x00007fe539900000,0x00007fe539a00000)]
  0x00007fe58c67e4e0 JavaThread "Refresh Thread: Equinox Container: fc2218bf-2263-488d-89aa-bc0ef7a2222c" daemon [_thread_blocked, id=73, stack(0x00007fe539700000,0x00007fe539800000)]
  0x00007fe52001a650 JavaThread "SCR Component Actor" daemon [_thread_blocked, id=74, stack(0x00007fe539500000,0x00007fe539600000)]
  0x00007fe5202a1190 JavaThread "Worker-JM" [_thread_blocked, id=84, stack(0x00007fe539100000,0x00007fe539200000)]
  0x00007fe520304b50 JavaThread "Worker-0: Compacting resource model" [_thread_blocked, id=85, stack(0x00007fe538f00000,0x00007fe539000000)]
  0x00007fe5140010d0 JavaThread "Worker-1" [_thread_blocked, id=86, stack(0x00007fe538d00000,0x00007fe538e00000)]
  0x00007fe520481f40 JavaThread "Java indexing" daemon [_thread_blocked, id=88, stack(0x00007fe538900000,0x00007fe538a00000)]
  0x00007fe520614c60 JavaThread "Bundle File Closer" daemon [_thread_blocked, id=97, stack(0x00007fe538700000,0x00007fe538800000)]
  0x00007fe58c3ad0e0 JavaThread "pool-3-thread-1" [_thread_blocked, id=98, stack(0x00007fe538500000,0x00007fe538600000)]
  0x00007fe58c5111a0 JavaThread "pool-2-thread-1" [_thread_blocked, id=107, stack(0x00007fe538600000,0x00007fe538700000)]
  0x00007fe4d001fea0 JavaThread "Worker-6: Publish Diagnostics" [_thread_blocked, id=223, stack(0x00007fe538000000,0x00007fe538100000)]

Other Threads:
  0x00007fe58c0a1c10 VMThread "VM Thread" [stack: 0x00007fe572300000,0x00007fe572400000] [id=37] _threads_hazard_ptr=0x00007fe4c0004240
  0x00007fe58c1323f0 WatcherThread [stack: 0x00007fe571418000,0x00007fe571518000] [id=48]
  0x00007fe58c03df30 GCTaskThread "GC Thread#0" [stack: 0x00007fe591201000,0x00007fe591301000] [id=36]

Threads with active compile tasks:
JVMCI-native CompilerThread0  1859304 10638 %s    4       java.util.Hashtable::putAll @ 12 (52 bytes)

VM state: synchronizing (normal execution)

VM Mutex/Monitor currently owned by a thread:  ([mutex/lock_event])
[0x00007fe58c023840] Threads_lock - owner thread: 0x00007fe58c0a1c10
[0x00007fe58c023ff0] Heap_lock - owner thread: 0x00007fe5202a1190

OutOfMemory and StackOverflow Exception counts:
OutOfMemoryError java_heap_errors=5
LinkageErrors=72

Heap address: 0x00000000e0000000, size: 512 MB, Compressed Oops mode: 32-bit

CDS archive(s) mapped at: [0x0000000800000000-0x0000000800bc8000-0x0000000800bc8000), size 12353536, SharedBaseAddress: 0x0000000800000000, ArchiveRelocationMode: 0.
Compressed class space mapped at: 0x0000000800c00000-0x0000000840c00000, reserved size: 1073741824
Narrow klass base: 0x0000000800000000, Narrow klass shift: 0, Narrow klass range: 0x100000000

GC Precious Log:
 CPUs: 8 total, 1 available
 Memory: 1024M
 Large Page Support: Disabled
 NUMA Support: Disabled
 Compressed Oops: Enabled (32-bit)
 Alignments: Space 512K, Generation 512K, Heap 2M
 Heap Min Capacity: 100M
 Heap Initial Capacity: 100M
 Heap Max Capacity: 512M
 Pre-touch: Disabled
 Parallel Workers: 1

Heap:
 PSYoungGen      total 82432K, used 62975K [0x00000000f5580000, 0x00000000fbb00000, 0x0000000100000000)
  eden space 62976K, 99% used [0x00000000f5580000,0x00000000f92fffe8,0x00000000f9300000)
  from space 19456K, 0% used [0x00000000f9300000,0x00000000f9300000,0x00000000fa600000)
  to   space 17408K, 0% used [0x00000000faa00000,0x00000000faa00000,0x00000000fbb00000)
 ParOldGen       total 349696K, used 349695K [0x00000000e0000000, 0x00000000f5580000, 0x00000000f5580000)
  object space 349696K, 99% used [0x00000000e0000000,0x00000000f557fff8,0x00000000f5580000)
 Metaspace       used 62649K, committed 63680K, reserved 1105920K
  class space    used 6132K, committed 6592K, reserved 1048576K

Card table byte_map: [0x00007fe591301000,0x00007fe591402000] _byte_map_base: 0x00007fe590c01000

Marking Bits: (ParMarkBitMap*) 0x00007fe592a514c0
 Begin Bits: [0x00007fe590154000, 0x00007fe590954000)
 End Bits:   [0x00007fe590954000, 0x00007fe591154000)

Polling page: 0x00007fe59161b000

Metaspace:

Usage:
  Non-class:     55.19 MB used.
      Class:      5.99 MB used.
       Both:     61.18 MB used.

Virtual space:
  Non-class space:       56.00 MB reserved,      55.75 MB (>99%) committed,  7 nodes.
      Class space:        1.00 GB reserved,       6.44 MB ( <1%) committed,  1 nodes.
             Both:        1.05 GB reserved,      62.19 MB (  6%) committed. 

Chunk freelists:
   Non-Class:  321.00 KB
       Class:  1.61 MB
        Both:  1.92 MB

MaxMetaspaceSize: unlimited
CompressedClassSpaceSize: 1.00 GB
Initial GC threshold: 21.00 MB
Current GC threshold: 103.69 MB
CDS: on
MetaspaceReclaimPolicy: balanced
 - commit_granule_bytes: 65536.
 - commit_granule_words: 8192.
 - virtual_space_node_default_size: 1048576.
 - enlarge_chunks_in_place: 1.
 - new_chunks_are_fully_committed: 0.
 - uncommit_free_chunks: 1.
 - use_allocation_guard: 0.
 - handle_deallocations: 1.


Internal statistics:

num_allocs_failed_limit: 6.
num_arena_births: 522.
num_arena_deaths: 158.
num_vsnodes_births: 8.
num_vsnodes_deaths: 0.
num_space_committed: 993.
num_space_uncommitted: 0.
num_chunks_returned_to_freelist: 225.
num_chunks_taken_from_freelist: 2998.
num_chunk_merges: 84.
num_chunk_splits: 1938.
num_chunks_enlarged: 1208.
num_purges: 8.
num_inconsistent_stats: 0.

CodeHeap 'non-profiled nmethods': size=120036Kb used=2932Kb max_used=2932Kb free=117103Kb
 bounds [0x00007fe57af7a000, 0x00007fe57b25a000, 0x00007fe5824b3000]
CodeHeap 'profiled nmethods': size=120032Kb used=18647Kb max_used=18647Kb free=101384Kb
 bounds [0x00007fe573a42000, 0x00007fe574c82000, 0x00007fe57af7a000]
CodeHeap 'non-nmethods': size=5692Kb used=1412Kb max_used=1426Kb free=4279Kb
 bounds [0x00007fe5734b3000, 0x00007fe573723000, 0x00007fe573a42000]
 total_blobs=9088 nmethods=8335 adapters=636
 compilation: enabled
              stopped_count=0, restarted_count=0
 full_count=0

JVMCI Events (20 events):
Event: 1551.421 Thread 0x00007fe58c0b21e0 destroyed JavaVM[8]@0x00007fe4e1f9e340 for JVMCI runtime 0
Event: 1551.421 Thread 0x00007fe58c0b21e0 compacted oop handles in JVMCI runtime 0 from 92 to 92
Event: 1551.421 Thread 0x00007fe58c0b21e0 releasing handles for JVMCI runtime 0: oop handles=92, metadata handles={total=224, live=202, blocks=40}
Event: 1551.421 Thread 0x00007fe58c0b21e0 detached from JVMCI runtime 0
Event: 1599.540 Thread 0x00007fe58c0b21e0 attached to JVMCI runtime 0
Event: 1599.542 Thread 0x00007fe58c0b21e0 created JavaVM[9]@0x00007fe4e1f9e340 for JVMCI runtime 0
Event: 1599.542 Thread 0x00007fe58c0b21e0 initializing JVMCI runtime 0
Event: 1599.542 Thread 0x00007fe58c0b21e0 done waiting for JavaVM references initialization in JVMCI runtime 0
Event: 1673.237 Thread 0x00007fe58c0b21e0 initialized JVMCI runtime 0
Event: 1678.766 Thread 0x00007fe58c0b21e0 detaching from JVMCI runtime 0: releasing idle compiler thread (0 other threads still attached)
Event: 1678.766 Thread 0x00007fe58c0b21e0 shutting down HotSpotJVMCIRuntime for JVMCI runtime 0
Event: 1684.460 Thread 0x00007fe58c0b21e0 shut down JVMCI runtime 0
Event: 1684.461 Thread 0x00007fe58c0b21e0 destroyed JavaVM[9]@0x00007fe4e1f9e340 for JVMCI runtime 0
Event: 1684.461 Thread 0x00007fe58c0b21e0 compacted oop handles in JVMCI runtime 0 from 50 to 50
Event: 1684.461 Thread 0x00007fe58c0b21e0 releasing handles for JVMCI runtime 0: oop handles=50, metadata handles={total=96, live=90, blocks=40}
Event: 1684.461 Thread 0x00007fe58c0b21e0 detached from JVMCI runtime 0
Event: 1828.247 Thread 0x00007fe58c0b21e0 attached to JVMCI runtime 0
Event: 1828.248 Thread 0x00007fe58c0b21e0 created JavaVM[10]@0x00007fe4e1f9e340 for JVMCI runtime 0
Event: 1829.856 Thread 0x00007fe58c0b21e0 initializing JVMCI runtime 0
Event: 1829.856 Thread 0x00007fe58c0b21e0 done waiting for JavaVM references initialization in JVMCI runtime 0

Compilation events (20 events):
Event: 1581.506 Thread 0x00007fe58c0b36f0 nmethod 10626 0x00007fe574c75890 code [0x00007fe574c75a20, 0x00007fe574c75b30]
Event: 1581.506 Thread 0x00007fe58c0b36f0 10628       3       java.util.concurrent.locks.AbstractQueuedSynchronizer$Node::clearStatus (12 bytes)
Event: 1581.506 Thread 0x00007fe58c0b36f0 nmethod 10628 0x00007fe574c75c10 code [0x00007fe574c75dc0, 0x00007fe574c75f20]
Event: 1599.540 Thread 0x00007fe58c0b36f0 10629       3       java.lang.invoke.MemberName::changeReferenceKind (60 bytes)
Event: 1599.540 Thread 0x00007fe58c0b21e0 10630       4       java.util.Arrays::equals (57 bytes)
Event: 1599.540 Thread 0x00007fe58c0b36f0 nmethod 10629 0x00007fe574c76010 code [0x00007fe574c761a0, 0x00007fe574c762d0]
Event: 1676.926 Thread 0x00007fe58c0b21e0 nmethod 10630 0x00007fe57b256290 code [0x00007fe57b256420, 0x00007fe57b256660]
Event: 1689.844 Thread 0x00007fe58c0b36f0 10631       1       org.eclipse.osgi.internal.location.BasicLocation::isReadOnly (5 bytes)
Event: 1691.809 Thread 0x00007fe58c0b36f0 nmethod 10631 0x00007fe57b256810 code [0x00007fe57b2569a0, 0x00007fe57b256a70]
Event: 1707.730 Thread 0x00007fe58c0b36f0 10632       3       org.eclipse.jdt.internal.compiler.codegen.CharArrayCache::<init> (34 bytes)
Event: 1711.445 Thread 0x00007fe58c0b36f0 nmethod 10632 0x00007fe574c76390 code [0x00007fe574c76540, 0x00007fe574c76850]
Event: 1719.252 Thread 0x00007fe58c0b36f0 10633       3       java.util.concurrent.ScheduledThreadPoolExecutor$ScheduledFutureTask::getDelay (16 bytes)
Event: 1719.253 Thread 0x00007fe58c0b36f0 nmethod 10633 0x00007fe574c76990 code [0x00007fe574c76b40, 0x00007fe574c76cc0]
Event: 1722.836 Thread 0x00007fe58c0b36f0 10634       1       org.eclipse.jdt.internal.core.CancelableNameEnvironment::setMonitor (6 bytes)
Event: 1724.637 Thread 0x00007fe58c0b36f0 nmethod 10634 0x00007fe57b256b10 code [0x00007fe57b256ca0, 0x00007fe57b256d70]
Event: 1742.876 Thread 0x00007fe58c0b36f0 10635       3       org.eclipse.jdt.core.dom.ImportDeclaration::accept0 (25 bytes)
Event: 1746.526 Thread 0x00007fe58c0b36f0 nmethod 10635 0x00007fe574c76d90 code [0x00007fe574c76fc0, 0x00007fe574c77e00]
Event: 1772.111 Thread 0x00007fe58c0b36f0 10636       1       org.eclipse.jdt.internal.core.SourceTypeElementInfo::getChildren (5 bytes)
Event: 1773.711 Thread 0x00007fe58c0b36f0 nmethod 10636 0x00007fe57b256e10 code [0x00007fe57b256fa0, 0x00007fe57b257070]
Event: 1828.247 Thread 0x00007fe58c0b21e0 10638 %s    4       java.util.Hashtable::putAll @ 12 (52 bytes)

GC Heap History (20 events):
Event: 1842.025 GC heap before
{Heap before GC invocations=1001 (full 892):
 PSYoungGen      total 82432K, used 62975K [0x00000000f5580000, 0x00000000fbb00000, 0x0000000100000000)
  eden space 62976K, 99% used [0x00000000f5580000,0x00000000f92ffff8,0x00000000f9300000)
  from space 19456K, 0% used [0x00000000f9300000,0x00000000f9300000,0x00000000fa600000)
  to   space 17408K, 0% used [0x00000000faa00000,0x00000000faa00000,0x00000000fbb00000)
 ParOldGen       total 349696K, used 349695K [0x00000000e0000000, 0x00000000f5580000, 0x00000000f5580000)
  object space 349696K, 99% used [0x00000000e0000000,0x00000000f557ff70,0x00000000f5580000)
 Metaspace       used 62649K, committed 63680K, reserved 1105920K
  class space    used 6132K, committed 6592K, reserved 1048576K
}
Event: 1843.851 GC heap after
{Heap after GC invocations=1001 (full 892):
 PSYoungGen      total 80384K, used 62975K [0x00000000f5580000, 0x00000000fbb00000, 0x0000000100000000)
  eden space 62976K, 99% used [0x00000000f5580000,0x00000000f92fff90,0x00000000f9300000)
  from space 17408K, 0% used [0x00000000faa00000,0x00000000faa00000,0x00000000fbb00000)
  to   space 19456K, 0% used [0x00000000f9300000,0x00000000f9300000,0x00000000fa600000)
 ParOldGen       total 349696K, used 349695K [0x00000000e0000000, 0x00000000f5580000, 0x00000000f5580000)
  object space 349696K, 99% used [0x00000000e0000000,0x00000000f557ff70,0x00000000f5580000)
 Metaspace       used 62649K, committed 63680K, reserved 1105920K
  class space    used 6132K, committed 6592K, reserved 1048576K
}
Event: 1843.855 GC heap before
{Heap before GC invocations=1002 (full 893):
 PSYoungGen      total 80384K, used 62975K [0x00000000f5580000, 0x00000000fbb00000, 0x0000000100000000)
  eden space 62976K, 99% used [0x00000000f5580000,0x00000000f92ffff0,0x00000000f9300000)
  from space 17408K, 0% used [0x00000000faa00000,0x00000000faa00000,0x00000000fbb00000)
  to   space 19456K, 0% used [0x00000000f9300000,0x00000000f9300000,0x00000000fa600000)
 ParOldGen       total 349696K, used 349695K [0x00000000e0000000, 0x00000000f5580000, 0x00000000f5580000)
  object space 349696K, 99% used [0x00000000e0000000,0x00000000f557ff70,0x00000000f5580000)
 Metaspace       used 62649K, committed 63680K, reserved 1105920K
  class space    used 6132K, committed 6592K, reserved 1048576K
}
Event: 1845.650 GC heap after
{Heap after GC invocations=1002 (full 893):
 PSYoungGen      total 82432K, used 62975K [0x00000000f5580000, 0x00000000fbb00000, 0x0000000100000000)
  eden space 62976K, 99% used [0x00000000f5580000,0x00000000f92fffd0,0x00000000f9300000)
  from space 19456K, 0% used [0x00000000f9300000,0x00000000f9300000,0x00000000fa600000)
  to   space 17408K, 0% used [0x00000000faa00000,0x00000000faa00000,0x00000000fbb00000)
 ParOldGen       total 349696K, used 349695K [0x00000000e0000000, 0x00000000f5580000, 0x00000000f5580000)
  object space 349696K, 99% used [0x00000000e0000000,0x00000000f557ff50,0x00000000f5580000)
 Metaspace       used 62649K, committed 63680K, reserved 1105920K
  class space    used 6132K, committed 6592K, reserved 1048576K
}
Event: 1845.650 GC heap before
{Heap before GC invocations=1003 (full 894):
 PSYoungGen      total 82432K, used 62975K [0x00000000f5580000, 0x00000000fbb00000, 0x0000000100000000)
  eden space 62976K, 99% used [0x00000000f5580000,0x00000000f92ffff0,0x00000000f9300000)
  from space 19456K, 0% used [0x00000000f9300000,0x00000000f9300000,0x00000000fa600000)
  to   space 17408K, 0% used [0x00000000faa00000,0x00000000faa00000,0x00000000fbb00000)
 ParOldGen       total 349696K, used 349695K [0x00000000e0000000, 0x00000000f5580000, 0x00000000f5580000)
  object space 349696K, 99% used [0x00000000e0000000,0x00000000f557ff50,0x00000000f5580000)
 Metaspace       used 62649K, committed 63680K, reserved 1105920K
  class space    used 6132K, committed 6592K, reserved 1048576K
}
Event: 1847.377 GC heap after
{Heap after GC invocations=1003 (full 894):
 PSYoungGen      total 80384K, used 62975K [0x00000000f5580000, 0x00000000fbb00000, 0x0000000100000000)
  eden space 62976K, 99% used [0x00000000f5580000,0x00000000f92fffd0,0x00000000f9300000)
  from space 17408K, 0% used [0x00000000faa00000,0x00000000faa00000,0x00000000fbb00000)
  to   space 19456K, 0% used [0x00000000f9300000,0x00000000f9300000,0x00000000fa600000)
 ParOldGen       total 349696K, used 349695K [0x00000000e0000000, 0x00000000f5580000, 0x00000000f5580000)
  object space 349696K, 99% used [0x00000000e0000000,0x00000000f557ff50,0x00000000f5580000)
 Metaspace       used 62649K, committed 63680K, reserved 1105920K
  class space    used 6132K, committed 6592K, reserved 1048576K
}
Event: 1847.377 GC heap before
{Heap before GC invocations=1004 (full 895):
 PSYoungGen      total 80384K, used 62975K [0x00000000f5580000, 0x00000000fbb00000, 0x0000000100000000)
  eden space 62976K, 99% used [0x00000000f5580000,0x00000000f92ffff0,0x00000000f9300000)
  from space 17408K, 0% used [0x00000000faa00000,0x00000000faa00000,0x00000000fbb00000)
  to   space 19456K, 0% used [0x00000000f9300000,0x00000000f9300000,0x00000000fa600000)
 ParOldGen       total 349696K, used 349695K [0x00000000e0000000, 0x00000000f5580000, 0x00000000f5580000)
  object space 349696K, 99% used [0x00000000e0000000,0x00000000f557ff50,0x00000000f5580000)
 Metaspace       used 62649K, committed 63680K, reserved 1105920K
  class space    used 6132K, committed 6592K, reserved 1048576K
}
Event: 1849.332 GC heap after
{Heap after GC invocations=1004 (full 895):
 PSYoungGen      total 82432K, used 62975K [0x00000000f5580000, 0x00000000fbb00000, 0x0000000100000000)
  eden space 62976K, 99% used [0x00000000f5580000,0x00000000f92ffff0,0x00000000f9300000)
  from space 19456K, 0% used [0x00000000f9300000,0x00000000f9300000,0x00000000fa600000)
  to   space 17408K, 0% used [0x00000000faa00000,0x00000000faa00000,0x00000000fbb00000)
 ParOldGen       total 349696K, used 349695K [0x00000000e0000000, 0x00000000f5580000, 0x00000000f5580000)
  object space 349696K, 99% used [0x00000000e0000000,0x00000000f557ff50,0x00000000f5580000)
 Metaspace       used 62649K, committed 63680K, reserved 1105920K
  class space    used 6132K, committed 6592K, reserved 1048576K
}
Event: 1849.333 GC heap before
{Heap before GC invocations=1005 (full 896):
 PSYoungGen      total 82432K, used 62975K [0x00000000f5580000, 0x00000000fbb00000, 0x0000000100000000)
  eden space 62976K, 99% used [0x00000000f5580000,0x00000000f92ffff0,0x00000000f9300000)
  from space 19456K, 0% used [0x00000000f9300000,0x00000000f9300000,0x00000000fa600000)
  to   space 17408K, 0% used [0x00000000faa00000,0x00000000faa00000,0x00000000fbb00000)
 ParOldGen       total 349696K, used 349695K [0x00000000e0000000, 0x00000000f5580000, 0x00000000f5580000)
  object space 349696K, 99% used [0x00000000e0000000,0x00000000f557fff8,0x00000000f5580000)
 Metaspace       used 62649K, committed 63680K, reserved 1105920K
  class space    used 6132K, committed 6592K, reserved 1048576K
}
Event: 1851.014 GC heap after
{Heap after GC invocations=1005 (full 896):
 PSYoungGen      total 80384K, used 62975K [0x00000000f5580000, 0x00000000fbb00000, 0x0000000100000000)
  eden space 62976K, 99% used [0x00000000f5580000,0x00000000f92fffd8,0x00000000f9300000)
  from space 17408K, 0% used [0x00000000faa00000,0x00000000faa00000,0x00000000fbb00000)
  to   space 19456K, 0% used [0x00000000f9300000,0x00000000f9300000,0x00000000fa600000)
 ParOldGen       total 349696K, used 349695K [0x00000000e0000000, 0x00000000f5580000, 0x00000000f5580000)
  object space 349696K, 99% used [0x00000000e0000000,0x00000000f557fff8,0x00000000f5580000)
 Metaspace       used 62649K, committed 63680K, reserved 1105920K
  class space    used 6132K, committed 6592K, reserved 1048576K
}
Event: 1851.015 GC heap before
{Heap before GC invocations=1006 (full 897):
 PSYoungGen      total 80384K, used 62975K [0x00000000f5580000, 0x00000000fbb00000, 0x0000000100000000)
  eden space 62976K, 99% used [0x00000000f5580000,0x00000000f92ffff0,0x00000000f9300000)
  from space 17408K, 0% used [0x00000000faa00000,0x00000000faa00000,0x00000000fbb00000)
  to   space 19456K, 0% used [0x00000000f9300000,0x00000000f9300000,0x00000000fa600000)
 ParOldGen       total 349696K, used 349695K [0x00000000e0000000, 0x00000000f5580000, 0x00000000f5580000)
  object space 349696K, 99% used [0x00000000e0000000,0x00000000f557fff8,0x00000000f5580000)
 Metaspace       used 62649K, committed 63680K, reserved 1105920K
  class space    used 6132K, committed 6592K, reserved 1048576K
}
Event: 1852.654 GC heap after
{Heap after GC invocations=1006 (full 897):
 PSYoungGen      total 82432K, used 62975K [0x00000000f5580000, 0x00000000fbb00000, 0x0000000100000000)
  eden space 62976K, 99% used [0x00000000f5580000,0x00000000f92ffff0,0x00000000f9300000)
  from space 19456K, 0% used [0x00000000f9300000,0x00000000f9300000,0x00000000fa600000)
  to   space 17408K, 0% used [0x00000000faa00000,0x00000000faa00000,0x00000000fbb00000)
 ParOldGen       total 349696K, used 349695K [0x00000000e0000000, 0x00000000f5580000, 0x00000000f5580000)
  object space 349696K, 99% used [0x00000000e0000000,0x00000000f557fff8,0x00000000f5580000)
 Metaspace       used 62649K, committed 63680K, reserved 1105920K
  class space    used 6132K, committed 6592K, reserved 1048576K
}
Event: 1852.654 GC heap before
{Heap before GC invocations=1007 (full 898):
 PSYoungGen      total 82432K, used 62975K [0x00000000f5580000, 0x00000000fbb00000, 0x0000000100000000)
  eden space 62976K, 99% used [0x00000000f5580000,0x00000000f92ffff0,0x00000000f9300000)
  from space 19456K, 0% used [0x00000000f9300000,0x00000000f9300000,0x00000000fa600000)
  to   space 17408K, 0% used [0x00000000faa00000,0x00000000faa00000,0x00000000fbb00000)
 ParOldGen       total 349696K, used 349695K [0x00000000e0000000, 0x00000000f5580000, 0x00000000f5580000)
  object space 349696K, 99% used [0x00000000e0000000,0x00000000f557fff8,0x00000000f5580000)
 Metaspace       used 62649K, committed 63680K, reserved 1105920K
  class space    used 6132K, committed 6592K, reserved 1048576K
}
Event: 1854.425 GC heap after
{Heap after GC invocations=1007 (full 898):
 PSYoungGen      total 80384K, used 62975K [0x00000000f5580000, 0x00000000fbb00000, 0x0000000100000000)
  eden space 62976K, 99% used [0x00000000f5580000,0x00000000f92ffff0,0x00000000f9300000)
  from space 17408K, 0% used [0x00000000faa00000,0x00000000faa00000,0x00000000fbb00000)
  to   space 19456K, 0% used [0x00000000f9300000,0x00000000f9300000,0x00000000fa600000)
 ParOldGen       total 349696K, used 349695K [0x00000000e0000000, 0x00000000f5580000, 0x00000000f5580000)
  object space 349696K, 99% used [0x00000000e0000000,0x00000000f557fff8,0x00000000f5580000)
 Metaspace       used 62649K, committed 63680K, reserved 1105920K
  class space    used 6132K, committed 6592K, reserved 1048576K
}
Event: 1854.425 GC heap before
{Heap before GC invocations=1008 (full 899):
 PSYoungGen      total 80384K, used 62975K [0x00000000f5580000, 0x00000000fbb00000, 0x0000000100000000)
  eden space 62976K, 99% used [0x00000000f5580000,0x00000000f92ffff0,0x00000000f9300000)
  from space 17408K, 0% used [0x00000000faa00000,0x00000000faa00000,0x00000000fbb00000)
  to   space 19456K, 0% used [0x00000000f9300000,0x00000000f9300000,0x00000000fa600000)
 ParOldGen       total 349696K, used 349695K [0x00000000e0000000, 0x00000000f5580000, 0x00000000f5580000)
  object space 349696K, 99% used [0x00000000e0000000,0x00000000f557fff8,0x00000000f5580000)
 Metaspace       used 62649K, committed 63680K, reserved 1105920K
  class space    used 6132K, committed 6592K, reserved 1048576K
}
Event: 1855.949 GC heap after
{Heap after GC invocations=1008 (full 899):
 PSYoungGen      total 82432K, used 62975K [0x00000000f5580000, 0x00000000fbb00000, 0x0000000100000000)
  eden space 62976K, 99% used [0x00000000f5580000,0x00000000f92fffd0,0x00000000f9300000)
  from space 19456K, 0% used [0x00000000f9300000,0x00000000f9300000,0x00000000fa600000)
  to   space 17408K, 0% used [0x00000000faa00000,0x00000000faa00000,0x00000000fbb00000)
 ParOldGen       total 349696K, used 349695K [0x00000000e0000000, 0x00000000f5580000, 0x00000000f5580000)
  object space 349696K, 99% used [0x00000000e0000000,0x00000000f557fff8,0x00000000f5580000)
 Metaspace       used 62649K, committed 63680K, reserved 1105920K
  class space    used 6132K, committed 6592K, reserved 1048576K
}
Event: 1855.949 GC heap before
{Heap before GC invocations=1009 (full 900):
 PSYoungGen      total 82432K, used 62975K [0x00000000f5580000, 0x00000000fbb00000, 0x0000000100000000)
  eden space 62976K, 99% used [0x00000000f5580000,0x00000000f92fffe8,0x00000000f9300000)
  from space 19456K, 0% used [0x00000000f9300000,0x00000000f9300000,0x00000000fa600000)
  to   space 17408K, 0% used [0x00000000faa00000,0x00000000faa00000,0x00000000fbb00000)
 ParOldGen       total 349696K, used 349695K [0x00000000e0000000, 0x00000000f5580000, 0x00000000f5580000)
  object space 349696K, 99% used [0x00000000e0000000,0x00000000f557fff8,0x00000000f5580000)
 Metaspace       used 62649K, committed 63680K, reserved 1105920K
  class space    used 6132K, committed 6592K, reserved 1048576K
}
Event: 1857.649 GC heap after
{Heap after GC invocations=1009 (full 900):
 PSYoungGen      total 80384K, used 62975K [0x00000000f5580000, 0x00000000fbb00000, 0x0000000100000000)
  eden space 62976K, 99% used [0x00000000f5580000,0x00000000f92fffe8,0x00000000f9300000)
  from space 17408K, 0% used [0x00000000faa00000,0x00000000faa00000,0x00000000fbb00000)
  to   space 19456K, 0% used [0x00000000f9300000,0x00000000f9300000,0x00000000fa600000)
 ParOldGen       total 349696K, used 349695K [0x00000000e0000000, 0x00000000f5580000, 0x00000000f5580000)
  object space 349696K, 99% used [0x00000000e0000000,0x00000000f557fff8,0x00000000f5580000)
 Metaspace       used 62649K, committed 63680K, reserved 1105920K
  class space    used 6132K, committed 6592K, reserved 1048576K
}
Event: 1857.649 GC heap before
{Heap before GC invocations=1010 (full 901):
 PSYoungGen      total 80384K, used 62975K [0x00000000f5580000, 0x00000000fbb00000, 0x0000000100000000)
  eden space 62976K, 99% used [0x00000000f5580000,0x00000000f92fffe8,0x00000000f9300000)
  from space 17408K, 0% used [0x00000000faa00000,0x00000000faa00000,0x00000000fbb00000)
  to   space 19456K, 0% used [0x00000000f9300000,0x00000000f9300000,0x00000000fa600000)
 ParOldGen       total 349696K, used 349695K [0x00000000e0000000, 0x00000000f5580000, 0x00000000f5580000)
  object space 349696K, 99% used [0x00000000e0000000,0x00000000f557fff8,0x00000000f5580000)
 Metaspace       used 62649K, committed 63680K, reserved 1105920K
  class space    used 6132K, committed 6592K, reserved 1048576K
}
Event: 1859.217 GC heap after
{Heap after GC invocations=1010 (full 901):
 PSYoungGen      total 82432K, used 62975K [0x00000000f5580000, 0x00000000fbb00000, 0x0000000100000000)
  eden space 62976K, 99% used [0x00000000f5580000,0x00000000f92fffe8,0x00000000f9300000)
  from space 19456K, 0% used [0x00000000f9300000,0x00000000f9300000,0x00000000fa600000)
  to   space 17408K, 0% used [0x00000000faa00000,0x00000000faa00000,0x00000000fbb00000)
 ParOldGen       total 349696K, used 349695K [0x00000000e0000000, 0x00000000f5580000, 0x00000000f5580000)
  object space 349696K, 99% used [0x00000000e0000000,0x00000000f557fff8,0x00000000f5580000)
 Metaspace       used 62649K, committed 63680K, reserved 1105920K
  class space    used 6132K, committed 6592K, reserved 1048576K
}

Dll operation events (9 events):
Event: 0.002 Loaded shared library /nix/store/gpxl5qgg8kicmcvivwmybwjlpf7wh20l-graalvm17-ce-22.3.0/lib/libjava.so
Event: 0.012 Loaded shared library /nix/store/gpxl5qgg8kicmcvivwmybwjlpf7wh20l-graalvm17-ce-22.3.0/lib/libjsvml.so
Event: 0.278 Loaded shared library /nix/store/gpxl5qgg8kicmcvivwmybwjlpf7wh20l-graalvm17-ce-22.3.0/lib/libnio.so
Event: 0.285 Loaded shared library /nix/store/gpxl5qgg8kicmcvivwmybwjlpf7wh20l-graalvm17-ce-22.3.0/lib/libzip.so
Event: 0.288 Loaded shared library /nix/store/gpxl5qgg8kicmcvivwmybwjlpf7wh20l-graalvm17-ce-22.3.0/lib/libjvmcicompiler.so
Event: 0.729 Loaded shared library /nix/store/gpxl5qgg8kicmcvivwmybwjlpf7wh20l-graalvm17-ce-22.3.0/lib/libjimage.so
Event: 1.325 Loaded shared library /nix/store/gpxl5qgg8kicmcvivwmybwjlpf7wh20l-graalvm17-ce-22.3.0/lib/libnet.so
Event: 5.118 Loaded shared library /home/runner/.cache/jdt-language-server/config/org.eclipse.equinox.launcher/org.eclipse.equinox.launcher.gtk.linux.x86_64_1.2.400.v20211117-0650/eclipse_11600.so
Event: 15.019 Loaded shared library /nix/store/gpxl5qgg8kicmcvivwmybwjlpf7wh20l-graalvm17-ce-22.3.0/lib/libextnet.so

Deoptimization events (20 events):
Event: 320.026 Thread 0x00007fe58c0b21e0 Uncommon trap: trap_request=0xffffffcd fr.pc=0x00007fe57b13b790 relative=0x00000000000004d0
Event: 320.026 Thread 0x00007fe58c0b21e0 Uncommon trap: reason=intrinsic_or_type_checked_inlining action=reinterpret pc=0x00007fe57b13b790 method=java.io.DataOutputStream.writeInt(I)V @ 0 jvmci
Event: 320.026 Thread 0x00007fe58c0b21e0 DEOPT PACKING pc=0x00007fe57b13b790 sp=0x00007fe571c16000
Event: 320.026 Thread 0x00007fe58c0b21e0 DEOPT UNPACKING pc=0x00007fe573505325 sp=0x00007fe571c154d8 mode 3
Event: 1223.515 Thread 0x00007fe4fc158f70 DEOPT PACKING pc=0x00007fe57b0b9248 sp=0x00007fe5398fd5e0
Event: 1223.515 Thread 0x00007fe4fc158f70 DEOPT UNPACKING pc=0x00007fe573505325 sp=0x00007fe5398fca28 mode 1
Event: 1225.121 Thread 0x00007fe4fc158f70 DEOPT PACKING pc=0x00007fe57b0c339c sp=0x00007fe5398fd740
Event: 1225.121 Thread 0x00007fe4fc158f70 DEOPT UNPACKING pc=0x00007fe573505325 sp=0x00007fe5398fcc28 mode 1
Event: 1468.484 Thread 0x00007fe58c0a64d0 Uncommon trap: trap_request=0xffffffcd fr.pc=0x00007fe57b2528d4 relative=0x0000000000000394
Event: 1468.484 Thread 0x00007fe58c0a64d0 Uncommon trap: reason=intrinsic_or_type_checked_inlining action=reinterpret pc=0x00007fe57b2528d4 method=java.lang.ref.Reference.enqueueFromPending()V @ 4 jvmci
Event: 1468.484 Thread 0x00007fe58c0a64d0 DEOPT PACKING pc=0x00007fe57b2528d4 sp=0x00007fe572cff8c0
Event: 1468.484 Thread 0x00007fe58c0a64d0 DEOPT UNPACKING pc=0x00007fe573505325 sp=0x00007fe572cfed68 mode 3
Event: 1798.523 Thread 0x00007fe4d001fea0 Uncommon trap: trap_request=0xffffff8f fr.pc=0x00007fe57b1d9501 relative=0x00000000000009c1
Event: 1798.524 Thread 0x00007fe4d001fea0 Uncommon trap: reason=constraint action=none pc=0x00007fe57b1d9501 method=java.util.Hashtable.addEntry(ILjava/lang/Object;Ljava/lang/Object;I)V @ 42 jvmci
Event: 1800.252 Thread 0x00007fe4d001fea0 DEOPT PACKING pc=0x00007fe57b1d9501 sp=0x00007fe5380fdf50
Event: 1800.252 Thread 0x00007fe4d001fea0 DEOPT UNPACKING pc=0x00007fe573505325 sp=0x00007fe5380fd378 mode 3
Event: 1854.425 Thread 0x00007fe58c0b21e0 Uncommon trap: trap_request=0xffffff8f fr.pc=0x00007fe57b23681b relative=0x000000000000017b
Event: 1854.425 Thread 0x00007fe58c0b21e0 Uncommon trap: reason=constraint action=none pc=0x00007fe57b23681b method=java.io.ByteArrayOutputStream.<init>(I)V @ 0 jvmci
Event: 1855.949 Thread 0x00007fe58c0b21e0 DEOPT PACKING pc=0x00007fe57b23681b sp=0x00007fe571c16020
Event: 1855.949 Thread 0x00007fe58c0b21e0 DEOPT UNPACKING pc=0x00007fe573505325 sp=0x00007fe571c154c8 mode 3

Classes unloaded (20 events):
Event: 104.825 Thread 0x00007fe58c0a1c10 Unloading class 0x0000000800d98800 'java/lang/invoke/LambdaForm$MH+0x0000000800d98800'
Event: 104.825 Thread 0x00007fe58c0a1c10 Unloading class 0x0000000800d98400 'java/lang/invoke/LambdaForm$MH+0x0000000800d98400'
Event: 104.825 Thread 0x00007fe58c0a1c10 Unloading class 0x0000000800d98000 'jdk/internal/reflect/GeneratedConstructorAccessor3'
Event: 104.825 Thread 0x00007fe58c0a1c10 Unloading class 0x0000000800d06800 'java/lang/invoke/LambdaForm$MH+0x0000000800d06800'
Event: 104.825 Thread 0x00007fe58c0a1c10 Unloading class 0x0000000800d06000 'java/lang/invoke/LambdaForm$MH+0x0000000800d06000'
Event: 104.825 Thread 0x00007fe58c0a1c10 Unloading class 0x0000000800d05c00 'java/lang/invoke/LambdaForm$MH+0x0000000800d05c00'
Event: 104.825 Thread 0x00007fe58c0a1c10 Unloading class 0x0000000800d05800 'java/lang/invoke/LambdaForm$MH+0x0000000800d05800'
Event: 104.825 Thread 0x00007fe58c0a1c10 Unloading class 0x0000000800d05000 'java/lang/invoke/LambdaForm$MH+0x0000000800d05000'
Event: 104.825 Thread 0x00007fe58c0a1c10 Unloading class 0x0000000800d04c00 'java/lang/invoke/LambdaForm$MH+0x0000000800d04c00'
Event: 104.825 Thread 0x00007fe58c0a1c10 Unloading class 0x0000000800d04800 'java/lang/invoke/LambdaForm$MH+0x0000000800d04800'
Event: 104.825 Thread 0x00007fe58c0a1c10 Unloading class 0x0000000800d04000 'java/lang/invoke/LambdaForm$MH+0x0000000800d04000'
Event: 104.825 Thread 0x00007fe58c0a1c10 Unloading class 0x0000000800c1d000 'jdk/internal/reflect/GeneratedMethodAccessor5'
Event: 104.825 Thread 0x00007fe58c0a1c10 Unloading class 0x0000000800c1cc00 'jdk/internal/reflect/GeneratedMethodAccessor4'
Event: 104.825 Thread 0x00007fe58c0a1c10 Unloading class 0x0000000800c1c800 'jdk/internal/reflect/GeneratedMethodAccessor3'
Event: 104.825 Thread 0x00007fe58c0a1c10 Unloading class 0x0000000800c1c400 'jdk/internal/reflect/GeneratedMethodAccessor2'
Event: 104.825 Thread 0x00007fe58c0a1c10 Unloading class 0x0000000800c1c000 'jdk/internal/reflect/GeneratedMethodAccessor1'
Event: 104.825 Thread 0x00007fe58c0a1c10 Unloading class 0x0000000800c01c00 'java/lang/invoke/LambdaForm$DMH+0x0000000800c01c00'
Event: 258.115 Thread 0x00007fe58c0a1c10 Unloading class 0x0000000801248c00 'jdk/internal/reflect/GeneratedConstructorAccessor47'
Event: 1774.817 Thread 0x00007fe58c0a1c10 Unloading class 0x0000000801248c00 'java/lang/invoke/LambdaForm$MH+0x0000000801248c00'
Event: 1809.324 Thread 0x00007fe58c0a1c10 Unloading class 0x00000008011a8000 'java/lang/invoke/LambdaForm$MH+0x00000008011a8000'

Classes redefined (0 events):
No events

Internal exceptions (20 events):
Event: 129.341 Thread 0x00007fe51c001300 Exception <a 'java/lang/ArrayIndexOutOfBoundsException'{0x00000000f90cdd50}: Index 109 out of bounds for length 109> (0x00000000f90cdd50) 
thrown [src/hotspot/share/interpreter/interpreterRuntime.cpp, line 428]
Event: 132.035 Thread 0x00007fe51c4fce20 Exception <a 'java/lang/ArrayIndexOutOfBoundsException'{0x00000000f92175e0}: Index 109 out of bounds for length 109> (0x00000000f92175e0) 
thrown [src/hotspot/share/interpreter/interpreterRuntime.cpp, line 428]
Event: 132.045 Thread 0x00007fe51c4fce20 Exception <a 'java/lang/ArrayIndexOutOfBoundsException'{0x00000000f92eade8}: Index 109 out of bounds for length 109> (0x00000000f92eade8) 
thrown [src/hotspot/share/interpreter/interpreterRuntime.cpp, line 428]
Event: 136.303 Thread 0x00007fe51c4fce20 Exception <a 'java/lang/ArrayIndexOutOfBoundsException'{0x00000000f9291588}: Index 109 out of bounds for length 109> (0x00000000f9291588) 
thrown [src/hotspot/share/interpreter/interpreterRuntime.cpp, line 428]
Event: 143.122 Thread 0x00007fe514008070 Exception <a 'java/lang/ArrayIndexOutOfBoundsException'{0x00000000f92b9070}: Index 111 out of bounds for length 111> (0x00000000f92b9070) 
thrown [src/hotspot/share/interpreter/interpreterRuntime.cpp, line 428]
Event: 145.247 Thread 0x00007fe5140010d0 Exception <a 'java/lang/ArrayIndexOutOfBoundsException'{0x00000000f92bef48}: Index 112 out of bounds for length 112> (0x00000000f92bef48) 
thrown [src/hotspot/share/interpreter/interpreterRuntime.cpp, line 428]
Event: 149.458 Thread 0x00007fe4fc158f70 Exception <a 'java/lang/ArrayIndexOutOfBoundsException'{0x00000000f92d3e08}: Index 112 out of bounds for length 112> (0x00000000f92d3e08) 
thrown [src/hotspot/share/interpreter/interpreterRuntime.cpp, line 428]
Event: 149.459 Thread 0x00007fe4fc158f70 Exception <a 'java/lang/ArrayIndexOutOfBoundsException'{0x00000000f92d49d8}> (0x00000000f92d49d8) 
thrown [src/hotspot/share/runtime/sharedRuntime.cpp, line 628]
Event: 149.459 Thread 0x00007fe4fc158f70 Exception <a 'java/lang/ArrayIndexOutOfBoundsException'{0x00000000f92d4e00}> (0x00000000f92d4e00) 
thrown [src/hotspot/share/runtime/sharedRuntime.cpp, line 628]
Event: 149.459 Thread 0x00007fe4fc158f70 Exception <a 'java/lang/ArrayIndexOutOfBoundsException'{0x00000000f92d5168}> (0x00000000f92d5168) 
thrown [src/hotspot/share/runtime/sharedRuntime.cpp, line 628]
Event: 149.459 Thread 0x00007fe4fc158f70 Exception <a 'java/lang/ArrayIndexOutOfBoundsException'{0x00000000f92d5488}> (0x00000000f92d5488) 
thrown [src/hotspot/share/runtime/sharedRuntime.cpp, line 628]
Event: 159.331 Thread 0x00007fe4d001fea0 Exception <a 'java/lang/ArrayIndexOutOfBoundsException'{0x00000000f92f29b8}: Index 112 out of bounds for length 112> (0x00000000f92f29b8) 
thrown [src/hotspot/share/interpreter/interpreterRuntime.cpp, line 428]
Event: 1223.515 Thread 0x00007fe4fc158f70 Exception <a 'java/lang/OutOfMemoryError'{0x00000000e0003c10}> (0x00000000e0003c10) 
thrown [src/hotspot/share/gc/shared/memAllocator.cpp, line 136]
Event: 1258.145 Thread 0x00007fe58c5111a0 Exception <a 'java/lang/reflect/InvocationTargetException'{0x00000000f92f7580}> (0x00000000f92f7580) 
thrown [src/hotspot/share/runtime/reflection.cpp, line 1119]
Event: 1798.523 Thread 0x00007fe4d001fea0 Exception <a 'java/lang/OutOfMemoryError'{0x00000000e00041b0}> (0x00000000e00041b0) 
thrown [src/hotspot/share/gc/shared/memAllocator.cpp, line 138]
Event: 1798.523 Thread 0x00007fe4d001fea0 Implicit null exception at 0x00007fe57b1d9051 to 0x00007fe57b1d94e6
Event: 1806.540 Thread 0x00007fe58c5111a0 Exception <a 'java/lang/OutOfMemoryError'{0x00000000e0004200}> (0x00000000e0004200) 
thrown [src/hotspot/share/gc/shared/memAllocator.cpp, line 136]
Event: 1854.425 Thread 0x00007fe58c0b21e0 Exception <a 'java/lang/OutOfMemoryError'{0x00000000e0003c10}> (0x00000000e0003c10) 
thrown [src/hotspot/share/gc/shared/memAllocator.cpp, line 138]
Event: 1854.425 Thread 0x00007fe58c0b21e0 Implicit null exception at 0x00007fe57b2367d1 to 0x00007fe57b236800
Event: 1859.217 Thread 0x00007fe58c0b21e0 Exception <a 'java/lang/OutOfMemoryError'{0x00000000e0003f30}> (0x00000000e0003f30) 
thrown [src/hotspot/share/gc/shared/memAllocator.cpp, line 136]

VM Operations (20 events):
Event: 1840.358 Executing VM operation: ParallelGCFailedAllocation done
Event: 1840.359 Executing VM operation: ParallelGCFailedAllocation
Event: 1842.025 Executing VM operation: ParallelGCFailedAllocation done
Event: 1842.025 Executing VM operation: ParallelGCFailedAllocation
Event: 1843.851 Executing VM operation: ParallelGCFailedAllocation done
Event: 1843.852 Executing VM operation: ParallelGCFailedAllocation
Event: 1845.650 Executing VM operation: ParallelGCFailedAllocation done
Event: 1845.650 Executing VM operation: ParallelGCFailedAllocation
Event: 1847.377 Executing VM operation: ParallelGCFailedAllocation done
Event: 1847.377 Executing VM operation: ParallelGCFailedAllocation
Event: 1849.332 Executing VM operation: ParallelGCFailedAllocation done
Event: 1849.332 Executing VM operation: ParallelGCFailedAllocation
Event: 1851.015 Executing VM operation: ParallelGCFailedAllocation done
Event: 1851.015 Executing VM operation: ParallelGCFailedAllocation
Event: 1854.425 Executing VM operation: ParallelGCFailedAllocation done
Event: 1854.425 Executing VM operation: ParallelGCFailedAllocation
Event: 1855.949 Executing VM operation: ParallelGCFailedAllocation done
Event: 1855.949 Executing VM operation: ParallelGCFailedAllocation
Event: 1859.217 Executing VM operation: ParallelGCFailedAllocation done
Event: 1859.217 Executing VM operation: ParallelGCFailedAllocation

Events (20 events):
Event: 1262.542 loading class java/time/chrono/ChronoZonedDateTime done
Event: 1262.542 loading class java/time/ZonedDateTime done
Event: 1264.619 loading class java/util/logging/LogRecord$CallerFinder
Event: 1264.619 loading class java/util/logging/LogRecord$CallerFinder done
Event: 1453.654 loading class java/lang/StackStreamFactory
Event: 1453.654 loading class java/lang/StackStreamFactory done
Event: 1453.654 loading class java/lang/StackWalker$ExtendedOption
Event: 1453.654 loading class java/lang/StackWalker$ExtendedOption done
Event: 1453.654 loading class java/lang/StackStreamFactory$StackFrameTraverser
Event: 1468.483 loading class java/lang/StackStreamFactory$StackFrameTraverser done
Event: 1468.483 loading class java/lang/StackStreamFactory$WalkerState
Event: 1468.484 loading class java/lang/StackStreamFactory$WalkerState done
Event: 1468.484 loading class java/lang/StackStreamFactory$1
Event: 1468.484 loading class java/lang/StackStreamFactory$1 done
Event: 1468.484 loading class java/lang/StackStreamFactory$StackFrameTraverser$StackFrameBuffer
Event: 1468.484 loading class java/lang/StackStreamFactory$FrameBuffer
Event: 1498.938 loading class java/lang/StackStreamFactory$FrameBuffer done
Event: 1498.938 loading class java/lang/StackStreamFactory$StackFrameTraverser$StackFrameBuffer done
Event: 1806.540 loading class java/lang/invoke/InvokerBytecodeGenerator$BytecodeGenerationException
Event: 1808.045 loading class java/lang/invoke/InvokerBytecodeGenerator$BytecodeGenerationException done


Dynamic libraries:
e0000000-f5580000 rw-p 00000000 00:00 0 
f5580000-fbb00000 rw-p 00000000 00:00 0 
fbb00000-100000000 ---p 00000000 00:00 0 
800000000-800449000 rw-p 00001000 00:1cdd 4611686019135357769            /nix/store/gpxl5qgg8kicmcvivwmybwjlpf7wh20l-graalvm17-ce-22.3.0/lib/server/classes.jsa
800449000-800bc8000 r--p 0044a000 00:1cdd 4611686019135357769            /nix/store/gpxl5qgg8kicmcvivwmybwjlpf7wh20l-graalvm17-ce-22.3.0/lib/server/classes.jsa
800bc8000-800c00000 ---p 00000000 00:00 0 
800c00000-800c20000 rw-p 00000000 00:00 0 
800c20000-800c40000 rw-p 00000000 00:00 0 
800c40000-800cc0000 rw-p 00000000 00:00 0 
800cc0000-800d00000 rw-p 00000000 00:00 0 
800d00000-800dc0000 rw-p 00000000 00:00 0 
800dc0000-800e00000 rw-p 00000000 00:00 0 
800e00000-800f40000 rw-p 00000000 00:00 0 
800f40000-800fc0000 rw-p 00000000 00:00 0 
800fc0000-801000000 rw-p 00000000 00:00 0 
801000000-801270000 rw-p 00000000 00:00 0 
801270000-840c00000 ---p 00000000 00:00 0 
56286a9d8000-56286a9d9000 r-xp 00000000 00:1cdd 4611686019099417844      /nix/store/gpxl5qgg8kicmcvivwmybwjlpf7wh20l-graalvm17-ce-22.3.0/bin/.java-wrapped
56286a9da000-56286a9db000 r--p 00001000 00:1cdd 4611686019099417844      /nix/store/gpxl5qgg8kicmcvivwmybwjlpf7wh20l-graalvm17-ce-22.3.0/bin/.java-wrapped
56286a9db000-56286a9dc000 rw-p 00002000 00:1cdd 4611686019099417844      /nix/store/gpxl5qgg8kicmcvivwmybwjlpf7wh20l-graalvm17-ce-22.3.0/bin/.java-wrapped
56286a9dc000-56286a9dd000 rw-p 00004000 00:1cdd 4611686019099417844      /nix/store/gpxl5qgg8kicmcvivwmybwjlpf7wh20l-graalvm17-ce-22.3.0/bin/.java-wrapped
56286a9dd000-56286a9de000 rw-p 00005000 00:1cdd 4611686019099417844      /nix/store/gpxl5qgg8kicmcvivwmybwjlpf7wh20l-graalvm17-ce-22.3.0/bin/.java-wrapped
56286b58b000-56286b5d3000 rw-p 00000000 00:00 0                          [heap]
7fe4b4000000-7fe4b4021000 rw-p 00000000 00:00 0 
7fe4b4021000-7fe4b8000000 ---p 00000000 00:00 0 
7fe4bc000000-7fe4bc023000 rw-p 00000000 00:00 0 
7fe4bc023000-7fe4c0000000 ---p 00000000 00:00 0 
7fe4c0000000-7fe4c0021000 rw-p 00000000 00:00 0 
7fe4c0021000-7fe4c4000000 ---p 00000000 00:00 0 
7fe4c4000000-7fe4c4021000 rw-p 00000000 00:00 0 
7fe4c4021000-7fe4c8000000 ---p 00000000 00:00 0 
7fe4c8000000-7fe4c8166000 rw-p 00000000 00:00 0 
7fe4c8166000-7fe4cc000000 ---p 00000000 00:00 0 
7fe4cc000000-7fe4cc021000 rw-p 00000000 00:00 0 
7fe4cc021000-7fe4d0000000 ---p 00000000 00:00 0 
7fe4d0000000-7fe4d0046000 rw-p 00000000 00:00 0 
7fe4d0046000-7fe4d4000000 ---p 00000000 00:00 0 
7fe4d4000000-7fe4d4021000 rw-p 00000000 00:00 0 
7fe4d4021000-7fe4d8000000 ---p 00000000 00:00 0 
7fe4d8000000-7fe4d8021000 rw-p 00000000 00:00 0 
7fe4d8021000-7fe4dc000000 ---p 00000000 00:00 0 
7fe4dc000000-7fe4dc021000 rw-p 00000000 00:00 0 
7fe4dc021000-7fe4e0000000 ---p 00000000 00:00 0 
7fe4e1300000-7fe4e1400000 ---p 00000000 00:00 0 
7fe4e1400000-7fe4e19af000 r--p 01122000 00:1cdd 4611686019135190040      /nix/store/gpxl5qgg8kicmcvivwmybwjlpf7wh20l-graalvm17-ce-22.3.0/lib/libjvmcicompiler.so
7fe4e19af000-7fe4e1b00000 r--p 00000000 00:00 0 
7fe4e1b00000-7fe4e1b3d000 rw-p 00000000 00:00 0 
7fe4e1b3d000-7fe4e205d000 rw-p 0185f000 00:1cdd 4611686019135190040      /nix/store/gpxl5qgg8kicmcvivwmybwjlpf7wh20l-graalvm17-ce-22.3.0/lib/libjvmcicompiler.so
7fe4e205d000-7fe4e2444000 r--p 01d7f000 00:1cdd 4611686019135190040      /nix/store/gpxl5qgg8kicmcvivwmybwjlpf7wh20l-graalvm17-ce-22.3.0/lib/libjvmcicompiler.so
7fe4e24b3000-7fe4ec000000 r--s 00000000 00:1cdd 4611686019135192581      /nix/store/gpxl5qgg8kicmcvivwmybwjlpf7wh20l-graalvm17-ce-22.3.0/lib/modules
7fe4ec000000-7fe4ec021000 rw-p 00000000 00:00 0 
7fe4ec021000-7fe4f0000000 ---p 00000000 00:00 0 
7fe4f0000000-7fe4f00e6000 rw-p 00000000 00:00 0 
7fe4f00e6000-7fe4f4000000 ---p 00000000 00:00 0 
7fe4f5000000-7fe4f50c0000 rw-p 00000000 00:00 0 
7fe4f50c0000-7fe4f57c0000 rw-p 00000000 00:00 0 
7fe4f57c0000-7fe4f5800000 ---p 00000000 00:00 0 
7fe4f5800000-7fe4f5b00000 rw-p 00000000 00:00 0 
7fe4f5b00000-7fe4f5c00000 rw-p 00000000 00:00 0 
7fe4f5c00000-7fe4f6000000 rw-p 00000000 00:00 0 
7fe4f7000000-7fe4f7780000 rw-p 00000000 00:00 0 
7fe4f7780000-7fe4f7800000 rw-p 00000000 00:00 0 
7fe4f7800000-7fe4f7900000 rw-p 00000000 00:00 0 
7fe4f7900000-7fe4f7b00000 rw-p 00000000 00:00 0 
7fe4f7b00000-7fe4f7d00000 rw-p 00000000 00:00 0 
7fe4f7d00000-7fe4f7e00000 rw-p 00000000 00:00 0 
7fe4f7e00000-7fe4f7f00000 rw-p 00000000 00:00 0 
7fe4f7f00000-7fe4f8000000 rw-p 00000000 00:00 0 
7fe4f8000000-7fe4f8021000 rw-p 00000000 00:00 0 
7fe4f8021000-7fe4fc000000 ---p 00000000 00:00 0 
7fe4fc000000-7fe4fc17f000 rw-p 00000000 00:00 0 
7fe4fc17f000-7fe500000000 ---p 00000000 00:00 0 
7fe500000000-7fe500089000 rw-p 00000000 00:00 0 
7fe500089000-7fe504000000 ---p 00000000 00:00 0 
7fe504000000-7fe504021000 rw-p 00000000 00:00 0 
7fe504021000-7fe508000000 ---p 00000000 00:00 0 
7fe508000000-7fe50805c000 rw-p 00000000 00:00 0 
7fe50805c000-7fe50c000000 ---p 00000000 00:00 0 
7fe50c000000-7fe50c311000 rw-p 00000000 00:00 0 
7fe50c311000-7fe510000000 ---p 00000000 00:00 0 
7fe510000000-7fe510021000 rw-p 00000000 00:00 0 
7fe510021000-7fe514000000 ---p 00000000 00:00 0 
7fe514000000-7fe51411f000 rw-p 00000000 00:00 0 
7fe51411f000-7fe518000000 ---p 00000000 00:00 0 
7fe518000000-7fe518021000 rw-p 00000000 00:00 0 
7fe518021000-7fe51c000000 ---p 00000000 00:00 0 
7fe51c000000-7fe51c502000 rw-p 00000000 00:00 0 
7fe51c502000-7fe520000000 ---p 00000000 00:00 0 
7fe520000000-7fe5208ba000 rw-p 00000000 00:00 0 
7fe5208ba000-7fe524000000 ---p 00000000 00:00 0 
7fe524000000-7fe524022000 rw-p 00000000 00:00 0 
7fe524022000-7fe528000000 ---p 00000000 00:00 0 
7fe528000000-7fe528021000 rw-p 00000000 00:00 0 
7fe528021000-7fe52c000000 ---p 00000000 00:00 0 
7fe52c000000-7fe52c021000 rw-p 00000000 00:00 0 
7fe52c021000-7fe530000000 ---p 00000000 00:00 0 
7fe530000000-7fe530049000 rw-p 00000000 00:00 0 
7fe530049000-7fe534000000 ---p 00000000 00:00 0 
7fe534400000-7fe534500000 rw-p 00000000 00:00 0 
7fe534500000-7fe534600000 rw-p 00000000 00:00 0 
7fe534600000-7fe534bc0000 rw-p 00000000 00:00 0 
7fe534bc0000-7fe534c00000 rw-p 00000000 00:00 0 
7fe534c00000-7fe534d00000 rw-p 00000000 00:00 0 
7fe534d00000-7fe534e00000 rw-p 00000000 00:00 0 
7fe534e00000-7fe535300000 rw-p 00000000 00:00 0 
7fe535300000-7fe535400000 rw-p 00000000 00:00 0 
7fe536600000-7fe536610000 r-xp 00000000 00:1cda 356                      /home/runner/.cache/jdt-language-server/config/org.eclipse.equinox.launcher/org.eclipse.equinox.launcher.gtk.linux.x86_64_1.2.400.v20211117-0650/eclipse_11600.so
7fe536610000-7fe53680f000 ---p 00010000 00:1cda 356                      /home/runner/.cache/jdt-language-server/config/org.eclipse.equinox.launcher/org.eclipse.equinox.launcher.gtk.linux.x86_64_1.2.400.v20211117-0650/eclipse_11600.so
7fe53680f000-7fe536810000 r--p 0000f000 00:1cda 356                      /home/runner/.cache/jdt-language-server/config/org.eclipse.equinox.launcher/org.eclipse.equinox.launcher.gtk.linux.x86_64_1.2.400.v20211117-0650/eclipse_11600.so
7fe536810000-7fe536811000 rw-p 00010000 00:1cda 356                      /home/runner/.cache/jdt-language-server/config/org.eclipse.equinox.launcher/org.eclipse.equinox.launcher.gtk.linux.x86_64_1.2.400.v20211117-0650/eclipse_11600.so
7fe537900000-7fe537904000 ---p 00000000 00:00 0 
7fe537904000-7fe537a00000 rw-p 00000000 00:00 0 
7fe537b00000-7fe537b04000 ---p 00000000 00:00 0 
7fe537b04000-7fe537c00000 rw-p 00000000 00:00 0 
7fe537d00000-7fe537d04000 ---p 00000000 00:00 0 
7fe537d04000-7fe537e00000 rw-p 00000000 00:00 0 
7fe537e00000-7fe537e04000 ---p 00000000 00:00 0 
7fe537e04000-7fe537f00000 rw-p 00000000 00:00 0 
7fe537f00000-7fe537f04000 ---p 00000000 00:00 0 
7fe537f04000-7fe538000000 rw-p 00000000 00:00 0 
7fe538000000-7fe538004000 ---p 00000000 00:00 0 
7fe538004000-7fe538100000 rw-p 00000000 00:00 0 
7fe538100000-7fe538104000 ---p 00000000 00:00 0 
7fe538104000-7fe538200000 rw-p 00000000 00:00 0 
7fe538300000-7fe538304000 ---p 00000000 00:00 0 
7fe538304000-7fe538400000 rw-p 00000000 00:00 0 
7fe538400000-7fe538404000 ---p 00000000 00:00 0 
7fe538404000-7fe538500000 rw-p 00000000 00:00 0 
7fe538500000-7fe538504000 ---p 00000000 00:00 0 
7fe538504000-7fe538600000 rw-p 00000000 00:00 0 
7fe538600000-7fe538604000 ---p 00000000 00:00 0 
7fe538604000-7fe538700000 rw-p 00000000 00:00 0 
7fe538700000-7fe538704000 ---p 00000000 00:00 0 
7fe538704000-7fe538800000 rw-p 00000000 00:00 0 
7fe538900000-7fe538904000 ---p 00000000 00:00 0 
7fe538904000-7fe538a00000 rw-p 00000000 00:00 0 
7fe538b00000-7fe538b04000 ---p 00000000 00:00 0 
7fe538b04000-7fe538c00000 rw-p 00000000 00:00 0 
7fe538c00000-7fe538c04000 ---p 00000000 00:00 0 
7fe538c04000-7fe538d00000 rw-p 00000000 00:00 0 
7fe538d00000-7fe538d04000 ---p 00000000 00:00 0 
7fe538d04000-7fe538e00000 rw-p 00000000 00:00 0 
7fe538f00000-7fe538f04000 ---p 00000000 00:00 0 
7fe538f04000-7fe539000000 rw-p 00000000 00:00 0 
7fe539000000-7fe539004000 ---p 00000000 00:00 0 
7fe539004000-7fe539100000 rw-p 00000000 00:00 0 
7fe539100000-7fe539104000 ---p 00000000 00:00 0 
7fe539104000-7fe539200000 rw-p 00000000 00:00 0 
7fe539300000-7fe539304000 ---p 00000000 00:00 0 
7fe539304000-7fe539400000 rw-p 00000000 00:00 0 
7fe539500000-7fe539504000 ---p 00000000 00:00 0 
7fe539504000-7fe539600000 rw-p 00000000 00:00 0 
7fe539600000-7fe539604000 ---p 00000000 00:00 0 
7fe539604000-7fe539700000 rw-p 00000000 00:00 0 
7fe539700000-7fe539704000 ---p 00000000 00:00 0 
7fe539704000-7fe539800000 rw-p 00000000 00:00 0 
7fe539800000-7fe539804000 ---p 00000000 00:00 0 
7fe539804000-7fe539900000 rw-p 00000000 00:00 0 
7fe539900000-7fe539904000 ---p 00000000 00:00 0 
7fe539904000-7fe539a00000 rw-p 00000000 00:00 0 
7fe539b00000-7fe539b04000 ---p 00000000 00:00 0 
7fe539b04000-7fe539c00000 rw-p 00000000 00:00 0 
7fe539c00000-7fe53bd6a000 r-xp 00000000 00:1cdd 4611686019135190040      /nix/store/gpxl5qgg8kicmcvivwmybwjlpf7wh20l-graalvm17-ce-22.3.0/lib/libjvmcicompiler.so
7fe53bd6a000-7fe53bf69000 ---p 0216a000 00:1cdd 4611686019135190040      /nix/store/gpxl5qgg8kicmcvivwmybwjlpf7wh20l-graalvm17-ce-22.3.0/lib/libjvmcicompiler.so
7fe53bf69000-7fe53bf6a000 r--p 02169000 00:1cdd 4611686019135190040      /nix/store/gpxl5qgg8kicmcvivwmybwjlpf7wh20l-graalvm17-ce-22.3.0/lib/libjvmcicompiler.so
7fe53bf6a000-7fe53bf6c000 rw-p 0216a000 00:1cdd 4611686019135190040      /nix/store/gpxl5qgg8kicmcvivwmybwjlpf7wh20l-graalvm17-ce-22.3.0/lib/libjvmcicompiler.so
7fe53bf6c000-7fe53bf6d000 rw-p 00000000 00:00 0 
7fe53bf6d000-7fe53bf72000 rw-p 023c3000 00:1cdd 4611686019135190040      /nix/store/gpxl5qgg8kicmcvivwmybwjlpf7wh20l-graalvm17-ce-22.3.0/lib/libjvmcicompiler.so
7fe53c000000-7fe53c021000 rw-p 00000000 00:00 0 
7fe53c021000-7fe540000000 ---p 00000000 00:00 0 
7fe540000000-7fe540021000 rw-p 00000000 00:00 0 
7fe540021000-7fe544000000 ---p 00000000 00:00 0 
7fe544000000-7fe544029000 rw-p 00000000 00:00 0 
7fe544029000-7fe548000000 ---p 00000000 00:00 0 
7fe548000000-7fe548021000 rw-p 00000000 00:00 0 
7fe548021000-7fe54c000000 ---p 00000000 00:00 0 
7fe54c000000-7fe54c100000 rw-p 00000000 00:00 0 
7fe54c100000-7fe550000000 ---p 00000000 00:00 0 
7fe550000000-7fe550b69000 rw-p 00000000 00:00 0 
7fe550b69000-7fe554000000 ---p 00000000 00:00 0 
7fe554000000-7fe554021000 rw-p 00000000 00:00 0 
7fe554021000-7fe558000000 ---p 00000000 00:00 0 
7fe558000000-7fe558021000 rw-p 00000000 00:00 0 
7fe558021000-7fe55c000000 ---p 00000000 00:00 0 
7fe55c000000-7fe55c021000 rw-p 00000000 00:00 0 
7fe55c021000-7fe560000000 ---p 00000000 00:00 0 
7fe560000000-7fe560021000 rw-p 00000000 00:00 0 
7fe560021000-7fe564000000 ---p 00000000 00:00 0 
7fe564000000-7fe564021000 rw-p 00000000 00:00 0 
7fe564021000-7fe568000000 ---p 00000000 00:00 0 
7fe568000000-7fe568021000 rw-p 00000000 00:00 0 
7fe568021000-7fe56c000000 ---p 00000000 00:00 0 
7fe56c000000-7fe56c078000 rw-p 00000000 00:00 0 
7fe56c078000-7fe570000000 ---p 00000000 00:00 0 
7fe570100000-7fe570104000 ---p 00000000 00:00 0 
7fe570104000-7fe570200000 rw-p 00000000 00:00 0 
7fe570e68000-7fe571300000 rw-p 00000000 00:00 0 
7fe5713b3000-7fe5713b7000 ---p 00000000 00:00 0 
7fe5713b7000-7fe5713d5000 rw-p 00000000 00:00 0 
7fe5713d5000-7fe5713dc000 r-xp 00000000 00:1cdd 4611686019135192580      /nix/store/gpxl5qgg8kicmcvivwmybwjlpf7wh20l-graalvm17-ce-22.3.0/lib/libzip.so
7fe5713dc000-7fe5713dd000 ---p 00007000 00:1cdd 4611686019135192580      /nix/store/gpxl5qgg8kicmcvivwmybwjlpf7wh20l-graalvm17-ce-22.3.0/lib/libzip.so
7fe5713dd000-7fe5713de000 r--p 00007000 00:1cdd 4611686019135192580      /nix/store/gpxl5qgg8kicmcvivwmybwjlpf7wh20l-graalvm17-ce-22.3.0/lib/libzip.so
7fe5713de000-7fe5713df000 rw-p 00008000 00:1cdd 4611686019135192580      /nix/store/gpxl5qgg8kicmcvivwmybwjlpf7wh20l-graalvm17-ce-22.3.0/lib/libzip.so
7fe5713df000-7fe5713e1000 rw-p 0000b000 00:1cdd 4611686019135192580      /nix/store/gpxl5qgg8kicmcvivwmybwjlpf7wh20l-graalvm17-ce-22.3.0/lib/libzip.so
7fe5713e1000-7fe5713f6000 r-xp 00000000 00:1cdd 4611686019135192570      /nix/store/gpxl5qgg8kicmcvivwmybwjlpf7wh20l-graalvm17-ce-22.3.0/lib/libnet.so
7fe5713f6000-7fe5713f7000 ---p 00015000 00:1cdd 4611686019135192570      /nix/store/gpxl5qgg8kicmcvivwmybwjlpf7wh20l-graalvm17-ce-22.3.0/lib/libnet.so
7fe5713f7000-7fe5713f8000 r--p 00015000 00:1cdd 4611686019135192570      /nix/store/gpxl5qgg8kicmcvivwmybwjlpf7wh20l-graalvm17-ce-22.3.0/lib/libnet.so
7fe5713f8000-7fe5713f9000 rw-p 00016000 00:1cdd 4611686019135192570      /nix/store/gpxl5qgg8kicmcvivwmybwjlpf7wh20l-graalvm17-ce-22.3.0/lib/libnet.so
7fe5713f9000-7fe5713fc000 rw-p 0001b000 00:1cdd 4611686019135192570      /nix/store/gpxl5qgg8kicmcvivwmybwjlpf7wh20l-graalvm17-ce-22.3.0/lib/libnet.so
7fe5713fc000-7fe57140f000 r-xp 00000000 00:1cdd 4611686019135192571      /nix/store/gpxl5qgg8kicmcvivwmybwjlpf7wh20l-graalvm17-ce-22.3.0/lib/libnio.so
7fe57140f000-7fe571410000 r--p 00012000 00:1cdd 4611686019135192571      /nix/store/gpxl5qgg8kicmcvivwmybwjlpf7wh20l-graalvm17-ce-22.3.0/lib/libnio.so
7fe571410000-7fe571411000 rw-p 00013000 00:1cdd 4611686019135192571      /nix/store/gpxl5qgg8kicmcvivwmybwjlpf7wh20l-graalvm17-ce-22.3.0/lib/libnio.so
7fe571411000-7fe571416000 rw-p 00019000 00:1cdd 4611686019135192571      /nix/store/gpxl5qgg8kicmcvivwmybwjlpf7wh20l-graalvm17-ce-22.3.0/lib/libnio.so
7fe571416000-7fe571417000 ---p 00000000 00:00 0 
7fe571417000-7fe571518000 rw-p 00000000 00:00 0 
7fe571518000-7fe57151c000 ---p 00000000 00:00 0 
7fe57151c000-7fe571618000 rw-p 00000000 00:00 0 
7fe571618000-7fe57161c000 ---p 00000000 00:00 0 
7fe57161c000-7fe571718000 rw-p 00000000 00:00 0 
7fe571718000-7fe57171c000 ---p 00000000 00:00 0 
7fe57171c000-7fe571818000 rw-p 00000000 00:00 0 
7fe571818000-7fe57181c000 ---p 00000000 00:00 0 
7fe57181c000-7fe571a18000 rw-p 00000000 00:00 0 
7fe571a18000-7fe571a1c000 ---p 00000000 00:00 0 
7fe571a1c000-7fe571c18000 rw-p 00000000 00:00 0 
7fe571c18000-7fe571c1c000 ---p 00000000 00:00 0 
7fe571c1c000-7fe571d18000 rw-p 00000000 00:00 0 
7fe571d18000-7fe571d1c000 ---p 00000000 00:00 0 
7fe571d1c000-7fe571e18000 rw-p 00000000 00:00 0 
7fe571e18000-7fe571e1c000 ---p 00000000 00:00 0 
7fe571e1c000-7fe571f18000 rw-p 00000000 00:00 0 
7fe571f18000-7fe5721fe000 r--p 00000000 00:1c62 28444448                 /usr/lib/locale/locale-archive
7fe5721fe000-7fe572202000 ---p 00000000 00:00 0 
7fe572202000-7fe5722fe000 rw-p 00000000 00:00 0 
7fe5722fe000-7fe5722ff000 ---p 00000000 00:00 0 
7fe5722ff000-7fe572800000 rw-p 00000000 00:00 0 
7fe572800000-7fe572b00000 rw-p 00000000 00:00 0 
7fe572b00000-7fe572c00000 rw-p 00000000 00:00 0 
7fe572c01000-7fe572c05000 ---p 00000000 00:00 0 
7fe572c05000-7fe572d01000 rw-p 00000000 00:00 0 
7fe572d01000-7fe572dcf000 r-xp 00000000 00:1cdd 4611686019135190036      /nix/store/gpxl5qgg8kicmcvivwmybwjlpf7wh20l-graalvm17-ce-22.3.0/lib/libjsvml.so
7fe572dcf000-7fe572dd0000 r--p 000cd000 00:1cdd 4611686019135190036      /nix/store/gpxl5qgg8kicmcvivwmybwjlpf7wh20l-graalvm17-ce-22.3.0/lib/libjsvml.so
7fe572dd0000-7fe572dd1000 rw-p 000ce000 00:1cdd 4611686019135190036      /nix/store/gpxl5qgg8kicmcvivwmybwjlpf7wh20l-graalvm17-ce-22.3.0/lib/libjsvml.so
7fe572dd1000-7fe5734b3000 rw-p 00000000 00:00 0 
7fe5734b3000-7fe573723000 rwxp 00000000 00:00 0 
7fe573723000-7fe573a42000 ---p 00000000 00:00 0 
7fe573a42000-7fe574c82000 rwxp 00000000 00:00 0 
7fe574c82000-7fe57af7a000 ---p 00000000 00:00 0 
7fe57af7a000-7fe57b25a000 rwxp 00000000 00:00 0 
7fe57b25a000-7fe5824b3000 ---p 00000000 00:00 0 
7fe5824b3000-7fe58c000000 r--s 00000000 00:1cdd 4611686019135192581      /nix/store/gpxl5qgg8kicmcvivwmybwjlpf7wh20l-graalvm17-ce-22.3.0/lib/modules
7fe58c000000-7fe58c682000 rw-p 00000000 00:00 0 
7fe58c682000-7fe590000000 ---p 00000000 00:00 0 
7fe590004000-7fe590006000 r-xp 00000000 00:1cdd 4611686019135190017      /nix/store/gpxl5qgg8kicmcvivwmybwjlpf7wh20l-graalvm17-ce-22.3.0/lib/libextnet.so
7fe590006000-7fe590007000 r--p 00001000 00:1cdd 4611686019135190017      /nix/store/gpxl5qgg8kicmcvivwmybwjlpf7wh20l-graalvm17-ce-22.3.0/lib/libextnet.so
7fe590007000-7fe590008000 rw-p 00002000 00:1cdd 4611686019135190017      /nix/store/gpxl5qgg8kicmcvivwmybwjlpf7wh20l-graalvm17-ce-22.3.0/lib/libextnet.so
7fe590008000-7fe590009000 rw-p 00004000 00:1cdd 4611686019135190017      /nix/store/gpxl5qgg8kicmcvivwmybwjlpf7wh20l-graalvm17-ce-22.3.0/lib/libextnet.so
7fe590009000-7fe5911ff000 rw-p 00000000 00:00 0 
7fe5911ff000-7fe591200000 ---p 00000000 00:00 0 
7fe591200000-7fe5913ab000 rw-p 00000000 00:00 0 
7fe5913ab000-7fe5913df000 rw-p 00000000 00:00 0 
7fe5913df000-7fe591401000 ---p 00000000 00:00 0 
7fe591401000-7fe591408000 rw-p 00000000 00:00 0 
7fe591408000-7fe5914ed000 ---p 00000000 00:00 0 
7fe5914ed000-7fe591512000 rw-p 00000000 00:00 0 
7fe591512000-7fe5915d8000 ---p 00000000 00:00 0 
7fe5915d8000-7fe5915dd000 rw-p 00000000 00:00 0 
7fe5915dd000-7fe5915e4000 ---p 00000000 00:00 0 
7fe5915e4000-7fe591608000 r-xp 00000000 00:1cdd 4611686019135190028      /nix/store/gpxl5qgg8kicmcvivwmybwjlpf7wh20l-graalvm17-ce-22.3.0/lib/libjava.so
7fe591608000-7fe591609000 ---p 00024000 00:1cdd 4611686019135190028      /nix/store/gpxl5qgg8kicmcvivwmybwjlpf7wh20l-graalvm17-ce-22.3.0/lib/libjava.so
7fe591609000-7fe59160a000 r--p 00024000 00:1cdd 4611686019135190028      /nix/store/gpxl5qgg8kicmcvivwmybwjlpf7wh20l-graalvm17-ce-22.3.0/lib/libjava.so
7fe59160a000-7fe59160b000 rw-p 00025000 00:1cdd 4611686019135190028      /nix/store/gpxl5qgg8kicmcvivwmybwjlpf7wh20l-graalvm17-ce-22.3.0/lib/libjava.so
7fe59160b000-7fe59160c000 rw-p 00000000 00:00 0 
7fe59160c000-7fe591613000 rw-p 0002f000 00:1cdd 4611686019135190028      /nix/store/gpxl5qgg8kicmcvivwmybwjlpf7wh20l-graalvm17-ce-22.3.0/lib/libjava.so
7fe591613000-7fe59161b000 rw-s 00000000 00:51f 353                       /tmp/hsperfdata_runner/29
7fe59161b000-7fe59161c000 ---p 00000000 00:00 0 
7fe59161c000-7fe59161d000 r--p 00000000 00:00 0 
7fe59161d000-7fe59161e000 rwxp 00000000 00:00 0 
7fe59161e000-7fe591639000 r-xp 00000000 00:1cdd 4611686019135190032      /nix/store/gpxl5qgg8kicmcvivwmybwjlpf7wh20l-graalvm17-ce-22.3.0/lib/libjimage.so
7fe591639000-7fe59163a000 ---p 0001b000 00:1cdd 4611686019135190032      /nix/store/gpxl5qgg8kicmcvivwmybwjlpf7wh20l-graalvm17-ce-22.3.0/lib/libjimage.so
7fe59163a000-7fe59163c000 r--p 0001b000 00:1cdd 4611686019135190032      /nix/store/gpxl5qgg8kicmcvivwmybwjlpf7wh20l-graalvm17-ce-22.3.0/lib/libjimage.so
7fe59163c000-7fe59163d000 rw-p 0001d000 00:1cdd 4611686019135190032      /nix/store/gpxl5qgg8kicmcvivwmybwjlpf7wh20l-graalvm17-ce-22.3.0/lib/libjimage.so
7fe59163d000-7fe59163e000 rw-p 00024000 00:1cdd 4611686019135190032      /nix/store/gpxl5qgg8kicmcvivwmybwjlpf7wh20l-graalvm17-ce-22.3.0/lib/libjimage.so
7fe59163e000-7fe591642000 ---p 00000000 00:00 0 
7fe591642000-7fe59173e000 rw-p 00000000 00:00 0 
7fe59173e000-7fe59174c000 r--p 00000000 00:1cdd 4611686019027979927      /nix/store/4nlgxhb09sdr51nc9hdm8az5b08vzkgx-glibc-2.35-163/lib/libm.so.6
7fe59174c000-7fe5917bf000 r-xp 0000e000 00:1cdd 4611686019027979927      /nix/store/4nlgxhb09sdr51nc9hdm8az5b08vzkgx-glibc-2.35-163/lib/libm.so.6
7fe5917bf000-7fe59181c000 r--p 00081000 00:1cdd 4611686019027979927      /nix/store/4nlgxhb09sdr51nc9hdm8az5b08vzkgx-glibc-2.35-163/lib/libm.so.6
7fe59181c000-7fe59181d000 r--p 000dd000 00:1cdd 4611686019027979927      /nix/store/4nlgxhb09sdr51nc9hdm8az5b08vzkgx-glibc-2.35-163/lib/libm.so.6
7fe59181d000-7fe59181e000 rw-p 000de000 00:1cdd 4611686019027979927      /nix/store/4nlgxhb09sdr51nc9hdm8az5b08vzkgx-glibc-2.35-163/lib/libm.so.6
7fe59181e000-7fe59181f000 r--p 00000000 00:1cdd 4611686019027979946      /nix/store/4nlgxhb09sdr51nc9hdm8az5b08vzkgx-glibc-2.35-163/lib/librt.so.1
7fe59181f000-7fe591820000 r-xp 00001000 00:1cdd 4611686019027979946      /nix/store/4nlgxhb09sdr51nc9hdm8az5b08vzkgx-glibc-2.35-163/lib/librt.so.1
7fe591820000-7fe591821000 r--p 00002000 00:1cdd 4611686019027979946      /nix/store/4nlgxhb09sdr51nc9hdm8az5b08vzkgx-glibc-2.35-163/lib/librt.so.1
7fe591821000-7fe591822000 r--p 00002000 00:1cdd 4611686019027979946      /nix/store/4nlgxhb09sdr51nc9hdm8az5b08vzkgx-glibc-2.35-163/lib/librt.so.1
7fe591822000-7fe591823000 rw-p 00003000 00:1cdd 4611686019027979946      /nix/store/4nlgxhb09sdr51nc9hdm8az5b08vzkgx-glibc-2.35-163/lib/librt.so.1
7fe591823000-7fe592936000 r-xp 00000000 00:1cdd 4611686019135360866      /nix/store/gpxl5qgg8kicmcvivwmybwjlpf7wh20l-graalvm17-ce-22.3.0/lib/server/libjvm.so
7fe592936000-7fe592937000 ---p 01113000 00:1cdd 4611686019135360866      /nix/store/gpxl5qgg8kicmcvivwmybwjlpf7wh20l-graalvm17-ce-22.3.0/lib/server/libjvm.so
7fe592937000-7fe5929ec000 r--p 01113000 00:1cdd 4611686019135360866      /nix/store/gpxl5qgg8kicmcvivwmybwjlpf7wh20l-graalvm17-ce-22.3.0/lib/server/libjvm.so
7fe5929ec000-7fe592a20000 rw-p 011c8000 00:1cdd 4611686019135360866      /nix/store/gpxl5qgg8kicmcvivwmybwjlpf7wh20l-graalvm17-ce-22.3.0/lib/server/libjvm.so
7fe592a20000-7fe592a7c000 rw-p 00000000 00:00 0 
7fe592a7c000-7fe592aa4000 r--p 00000000 00:1cdd 4611686019027979918      /nix/store/4nlgxhb09sdr51nc9hdm8az5b08vzkgx-glibc-2.35-163/lib/libc.so.6
7fe592aa4000-7fe592c1a000 r-xp 00028000 00:1cdd 4611686019027979918      /nix/store/4nlgxhb09sdr51nc9hdm8az5b08vzkgx-glibc-2.35-163/lib/libc.so.6
7fe592c1a000-7fe592c72000 r--p 0019e000 00:1cdd 4611686019027979918      /nix/store/4nlgxhb09sdr51nc9hdm8az5b08vzkgx-glibc-2.35-163/lib/libc.so.6
7fe592c72000-7fe592c76000 r--p 001f6000 00:1cdd 4611686019027979918      /nix/store/4nlgxhb09sdr51nc9hdm8az5b08vzkgx-glibc-2.35-163/lib/libc.so.6
7fe592c76000-7fe592c78000 rw-p 001fa000 00:1cdd 4611686019027979918      /nix/store/4nlgxhb09sdr51nc9hdm8az5b08vzkgx-glibc-2.35-163/lib/libc.so.6
7fe592c78000-7fe592c87000 rw-p 00000000 00:00 0 
7fe592c87000-7fe592c88000 r--p 00000000 00:1cdd 4611686019027979923      /nix/store/4nlgxhb09sdr51nc9hdm8az5b08vzkgx-glibc-2.35-163/lib/libdl.so.2
7fe592c88000-7fe592c89000 r-xp 00001000 00:1cdd 4611686019027979923      /nix/store/4nlgxhb09sdr51nc9hdm8az5b08vzkgx-glibc-2.35-163/lib/libdl.so.2
7fe592c89000-7fe592c8a000 r--p 00002000 00:1cdd 4611686019027979923      /nix/store/4nlgxhb09sdr51nc9hdm8az5b08vzkgx-glibc-2.35-163/lib/libdl.so.2
7fe592c8a000-7fe592c8b000 r--p 00002000 00:1cdd 4611686019027979923      /nix/store/4nlgxhb09sdr51nc9hdm8az5b08vzkgx-glibc-2.35-163/lib/libdl.so.2
7fe592c8b000-7fe592c8c000 rw-p 00003000 00:1cdd 4611686019027979923      /nix/store/4nlgxhb09sdr51nc9hdm8az5b08vzkgx-glibc-2.35-163/lib/libdl.so.2
7fe592c8c000-7fe592c8d000 r--p 00000000 00:1cdd 4611686019027979942      /nix/store/4nlgxhb09sdr51nc9hdm8az5b08vzkgx-glibc-2.35-163/lib/libpthread.so.0
7fe592c8d000-7fe592c8e000 r-xp 00001000 00:1cdd 4611686019027979942      /nix/store/4nlgxhb09sdr51nc9hdm8az5b08vzkgx-glibc-2.35-163/lib/libpthread.so.0
7fe592c8e000-7fe592c8f000 r--p 00002000 00:1cdd 4611686019027979942      /nix/store/4nlgxhb09sdr51nc9hdm8az5b08vzkgx-glibc-2.35-163/lib/libpthread.so.0
7fe592c8f000-7fe592c90000 r--p 00002000 00:1cdd 4611686019027979942      /nix/store/4nlgxhb09sdr51nc9hdm8az5b08vzkgx-glibc-2.35-163/lib/libpthread.so.0
7fe592c90000-7fe592c91000 rw-p 00003000 00:1cdd 4611686019027979942      /nix/store/4nlgxhb09sdr51nc9hdm8az5b08vzkgx-glibc-2.35-163/lib/libpthread.so.0
7fe592c91000-7fe592c9f000 r-xp 00000000 00:1cdd 4611686019135190033      /nix/store/gpxl5qgg8kicmcvivwmybwjlpf7wh20l-graalvm17-ce-22.3.0/lib/libjli.so
7fe592c9f000-7fe592ca0000 ---p 0000e000 00:1cdd 4611686019135190033      /nix/store/gpxl5qgg8kicmcvivwmybwjlpf7wh20l-graalvm17-ce-22.3.0/lib/libjli.so
7fe592ca0000-7fe592ca1000 r--p 0000e000 00:1cdd 4611686019135190033      /nix/store/gpxl5qgg8kicmcvivwmybwjlpf7wh20l-graalvm17-ce-22.3.0/lib/libjli.so
7fe592ca1000-7fe592ca2000 rw-p 0000f000 00:1cdd 4611686019135190033      /nix/store/gpxl5qgg8kicmcvivwmybwjlpf7wh20l-graalvm17-ce-22.3.0/lib/libjli.so
7fe592ca2000-7fe592ca3000 rw-p 00012000 00:1cdd 4611686019135190033      /nix/store/gpxl5qgg8kicmcvivwmybwjlpf7wh20l-graalvm17-ce-22.3.0/lib/libjli.so
7fe592ca3000-7fe592ca6000 r--p 00000000 00:1cdd 4611686019106210071      /nix/store/026hln0aq1hyshaxsdvhg0kmcm6yf45r-zlib-1.2.13/lib/libz.so.1.2.13
7fe592ca6000-7fe592cb8000 r-xp 00003000 00:1cdd 4611686019106210071      /nix/store/026hln0aq1hyshaxsdvhg0kmcm6yf45r-zlib-1.2.13/lib/libz.so.1.2.13
7fe592cb8000-7fe592cbf000 r--p 00015000 00:1cdd 4611686019106210071      /nix/store/026hln0aq1hyshaxsdvhg0kmcm6yf45r-zlib-1.2.13/lib/libz.so.1.2.13
7fe592cbf000-7fe592cc0000 r--p 0001b000 00:1cdd 4611686019106210071      /nix/store/026hln0aq1hyshaxsdvhg0kmcm6yf45r-zlib-1.2.13/lib/libz.so.1.2.13
7fe592cc0000-7fe592cc1000 rw-p 0001c000 00:1cdd 4611686019106210071      /nix/store/026hln0aq1hyshaxsdvhg0kmcm6yf45r-zlib-1.2.13/lib/libz.so.1.2.13
7fe592cc1000-7fe592cc3000 rw-p 00000000 00:00 0 
7fe592cc3000-7fe592cc5000 r--p 00000000 00:1cdd 4611686019027979912      /nix/store/4nlgxhb09sdr51nc9hdm8az5b08vzkgx-glibc-2.35-163/lib/ld-linux-x86-64.so.2
7fe592cc5000-7fe592cec000 r-xp 00002000 00:1cdd 4611686019027979912      /nix/store/4nlgxhb09sdr51nc9hdm8az5b08vzkgx-glibc-2.35-163/lib/ld-linux-x86-64.so.2
7fe592cec000-7fe592cf8000 r--p 00029000 00:1cdd 4611686019027979912      /nix/store/4nlgxhb09sdr51nc9hdm8az5b08vzkgx-glibc-2.35-163/lib/ld-linux-x86-64.so.2
7fe592cf8000-7fe592cfa000 r--p 00034000 00:1cdd 4611686019027979912      /nix/store/4nlgxhb09sdr51nc9hdm8az5b08vzkgx-glibc-2.35-163/lib/ld-linux-x86-64.so.2
7fe592cfa000-7fe592cfc000 rw-p 00036000 00:1cdd 4611686019027979912      /nix/store/4nlgxhb09sdr51nc9hdm8az5b08vzkgx-glibc-2.35-163/lib/ld-linux-x86-64.so.2
7fff56e9e000-7fff56ec3000 rw-p 00000000 00:00 0                          [stack]
7fff56ee4000-7fff56ee8000 r--p 00000000 00:00 0                          [vvar]
7fff56ee8000-7fff56eea000 r-xp 00000000 00:00 0                          [vdso]
ffffffffff600000-ffffffffff601000 --xp 00000000 00:00 0                  [vsyscall]


VM Arguments:
jvm_args: -XX:ThreadPriorityPolicy=1 -XX:+UnlockExperimentalVMOptions -XX:+EnableJVMCIProduct -XX:JVMCIThreadsPerNativeLibraryRuntime=1 -XX:-UnlockExperimentalVMOptions -Declipse.application=org.eclipse.jdt.ls.core.id1 -Dosgi.bundles.defaultStartLevel=4 -Declipse.product=org.eclipse.jdt.ls.core.product -Dlog.level=ALL -Xverify:none -XX:+UseParallelGC -XX:GCTimeRatio=4 -XX:AdaptiveSizePolicyWeight=90 -Dsun.zip.disableMemoryMapping=true -Xmx512m -Xms100m 
java_command: /nix/store/m6gcpi1ii6rghy04cjwjddcavv7i90df-jdt-language-server-1.9.0/share/java/plugins/org.eclipse.equinox.launcher_1.6.400.v20210924-0641.jar --add-modules=ALL-SYSTEM --add-opens java.base/java.util=ALL-UNNAMED --add-opens java.base/java.lang=ALL-UNNAMED -configuration /home/runner/.cache/jdt-language-server/config -data /home/runner/.cache/jdt-language-server/data/home/runner/Ex-6-WikiPython
java_class_path (initial): /nix/store/m6gcpi1ii6rghy04cjwjddcavv7i90df-jdt-language-server-1.9.0/share/java/plugins/org.eclipse.equinox.launcher_1.6.400.v20210924-0641.jar
Launcher Type: SUN_STANDARD

[Global flags]
    uintx AdaptiveSizePolicyWeight                 = 90                                        {product} {command line}
     intx CICompilerCount                          = 2                                         {product} {ergonomic}
     bool EnableJVMCIProduct                       = true                                {JVMCI product} {jimage}
    uintx GCTimeRatio                              = 4                                         {product} {command line}
   size_t InitialHeapSize                          = 104857600                                 {product} {command line}
     uint JVMCIThreadsPerNativeLibraryRuntime      = 1                                   {JVMCI product} {jimage}
   size_t MaxHeapSize                              = 536870912                                 {product} {command line}
   size_t MaxNewSize                               = 178782208                                 {product} {ergonomic}
   size_t MinHeapDeltaBytes                        = 524288                                    {product} {ergonomic}
   size_t MinHeapSize                              = 104857600                                 {product} {command line}
   size_t NewSize                                  = 34603008                                  {product} {ergonomic}
    uintx NonNMethodCodeHeapSize                   = 5826188                                {pd product} {ergonomic}
    uintx NonProfiledCodeHeapSize                  = 122916026                              {pd product} {ergonomic}
   size_t OldSize                                  = 70254592                                  {product} {ergonomic}
    uintx ProfiledCodeHeapSize                     = 122916026                              {pd product} {ergonomic}
    uintx ReservedCodeCacheSize                    = 251658240                              {pd product} {ergonomic}
     bool SegmentedCodeCache                       = true                                      {product} {ergonomic}
   size_t SoftMaxHeapSize                          = 536870912                              {manageable} {ergonomic}
     intx ThreadPriorityPolicy                     = 1                                         {product} {jimage}
     bool UseCompressedClassPointers               = true                           {product lp64_product} {ergonomic}
     bool UseCompressedOops                        = true                           {product lp64_product} {ergonomic}
     bool UseParallelGC                            = true                                      {product} {command line}

Logging:
Log output configuration:
 #0: stdout all=warning uptime,level,tags
 #1: stderr all=off uptime,level,tags

Environment Variables:
JAVA_HOME=/nix/store/gpxl5qgg8kicmcvivwmybwjlpf7wh20l-graalvm17-ce-22.3.0
PATH=/nix/store/1d6ian3r8kdzspw8hacjhl3xkp40g1lj-binutils-wrapper-2.39/bin:/nix/store/dq0xwmsk1g0i2ayg6pb7y87na2knzylh-gcc-wrapper-11.3.0/bin:/nix/store/bap4d0lpcrhpwmpb8ayjcgkmvfj62lnq-bash-interactive-5.1-p16/bin:/nix/store/pr5n59mb4jzmfx6kanwxly0l07p861fg-patchelf-0.15.0/bin:/nix/store/1gf2flfqnpqbr1b4p4qz2f72y42bs56r-gcc-11.3.0/bin:/nix/store/57xv61c5zi8pphjbcwxxjlgc34p61ic9-glibc-2.35-163-bin/bin:/nix/store/a7gvj343m05j2s32xcnwr35v31ynlypr-coreutils-9.1/bin:/nix/store/039g378vc3pc3dvi9dzdlrd0i4q93qwf-binutils-2.39/bin:/nix/store/gpxl5qgg8kicmcvivwmybwjlpf7wh20l-graalvm17-ce-22.3.0/bin:/nix/store/6z9ag3ihc8mq2hzsw48lhbznvzny65nz-apache-maven-3.8.6/bin:/nix/store/m6gcpi1ii6rghy04cjwjddcavv7i90df-jdt-language-server-1.9.0/bin:/nix/store/84xs5alhs01zrbr4ywm05kxbjbp5590l-java-debug/bin:/nix/store/mydc6f4k2z73xlcz7ilif3v2lcaiqvza-findutils-4.9.0/bin:/nix/store/j9p3g8472iijd50vhdprx0nmk2fqn5gv-diffutils-3.8/bin:/nix/store/89zs7rms6x00xfq4dq6m7mjnhkr8a6r4-gnused-4.8/bin:/nix/store/86bp03jkmsl6f92w0yzg4s59g5mhxwmy-gnugrep-3.7/bin:/nix/store/hwcdqw4jrjnd37wxqgsd47hd0j8bnj09-gawk-5.1.1/bin:/nix/store/cfbhw8r8ags41vwqaz47r583d0p4h4a1-gnutar-1.34/bin:/nix/store/p3m1ndl1lapwrlh698bnb5lvvxh67378-gzip-1.12/bin:/nix/store/a8mhcagrsly7c7mpjrpsnaahk4aax056-bzip2-1.0.8-bin/bin:/nix/store/mblgz65m3zv9x548a3d5m96fj2pbwr09-gnumake-4.3/bin:/nix/store/dsd5gz46hdbdk2rfdimqddhq6m8m8fqs-bash-5.1-p16/bin:/nix/store/v7ljksji50mg3w61dykaa3n3y79n6nil-patch-2.7.6/bin:/nix/store/zlcnmqq14jz5x9439jf937mvayyl63da-xz-5.2.7-bin/bin:/nix/store/y6aj732zm9m87c82fpvf103a1xb22blp-file-5.43/bin:/nix/store/i4kzir3m7mrisxmf5xvlnkw01x4qaqr4-prybar-elisp-0.0.0-e0d9a52/bin:/nix/store/lwwivxf6h7x3cvxp9zv8sj0mv7dak99r-prybar-lua-0.0.0-e0d9a52/bin:/nix/store/gxj28g1cg4hq3qanmjv07156h800qr58-prybar-python3-0.0.0-e0d9a52/bin:/nix/store/hshkjnxrgidigf8x75vg6lqng2xlx9i3-prybar-sqlite-0.0.0-e0d9a52/bin:/nix/store/c4w01bpjgyy5ixmwdk8m1pw87zq4sl26-prybar-tcl-0.0.0-e0d9a52/bin:/nix/store/hpbvrlwd5viqmvcaisb3x0118i913a9n-st
LD_LIBRARY_PATH=/nix/store/a4pff549sk2idnkpzk5nsfps3mdkdnvm-cups-2.4.2-lib/lib:/nix/store/72mqxxhh3cy5yifh92wh2yb8cl2hikyy-cairo-1.16.0/lib:/nix/store/2k366jrbsra97gjfxwvrhvixjfxdach5-glib-2.74.1/lib:/nix/store/2j2znigd8ak37rlwh9khz0ry3clqlw1l-gtk+3-3.24.34/lib:/nix/store/hisqvx32cd57apbpcsnkpx6k3549wql1-libglvnd-1.4.0/lib:/nix/store/p36pgcv991mq5srvg765b78yqpxvk3qs-mesa-21.3.3-drivers/lib:/nix/store/mav4251if1ahjq5vkpwycyyvnmy459c4-pulseaudio-14.2/lib
DISPLAY=:0
LANG=en_US.UTF-8

Signal Handlers:
   SIGSEGV: crash_handler in libjvm.so, mask=11100100010111111101111111111110, flags=SA_RESTART|SA_SIGINFO
    SIGBUS: crash_handler in libjvm.so, mask=11100100010111111101111111111110, flags=SA_RESTART|SA_SIGINFO
    SIGFPE: crash_handler in libjvm.so, mask=11100100010111111101111111111110, flags=SA_RESTART|SA_SIGINFO
   SIGPIPE: IsolateEnterStub_IgnoreSIGPIPEStartupHook_noopSignalHandler_8f19bff2f35b5f630d83b364d6b2339320d4ec70_216e8361c6bc87a8f89f58cc10d3b2fd4415bf87 in libjvmcicompiler.so, mask=00000000000000000000000000000000, flags=SA_RESTART
  *** Handler was modified!
  *** Expected: javaSignalHandler in libjvm.so, mask=11100100110111111111111111111110, flags=SA_RESTART|SA_SIGINFO
   SIGXFSZ: javaSignalHandler in libjvm.so, mask=11100100010111111101111111111110, flags=SA_RESTART|SA_SIGINFO
    SIGILL: crash_handler in libjvm.so, mask=11100100010111111101111111111110, flags=SA_RESTART|SA_SIGINFO
   SIGUSR2: SR_handler in libjvm.so, mask=00000000000000000000000000000000, flags=SA_RESTART|SA_SIGINFO
    SIGHUP: UserHandler in libjvm.so, mask=11100100010111111101111111111110, flags=SA_RESTART|SA_SIGINFO
    SIGINT: UserHandler in libjvm.so, mask=11100100010111111101111111111110, flags=SA_RESTART|SA_SIGINFO
   SIGTERM: UserHandler in libjvm.so, mask=11100100010111111101111111111110, flags=SA_RESTART|SA_SIGINFO
   SIGQUIT: UserHandler in libjvm.so, mask=11100100010111111101111111111110, flags=SA_RESTART|SA_SIGINFO
  *** Handler was modified!
  *** Expected: javaSignalHandler in libjvm.so, mask=11100100110111111111111111111110, flags=SA_RESTART|SA_SIGINFO
   SIGTRAP: crash_handler in libjvm.so, mask=11100100010111111101111111111110, flags=SA_RESTART|SA_SIGINFO


---------------  S Y S T E M  ---------------

OS:
DISTRIB_ID=Ubuntu
DISTRIB_RELEASE=20.04
DISTRIB_CODENAME=focal
DISTRIB_DESCRIPTION="Ubuntu 20.04.2 LTS"
uname: Linux 5.15.0-1031-gcp #38~20.04.1-Ubuntu SMP Sun Mar 12 04:47:58 UTC 2023 x86_64
OS uptime: 0 days 1:20 hours
libc: glibc 2.35 NPTL 2.35 
rlimit (soft/hard): STACK 8192k/infinity , CORE infinity/infinity , NPROC infinity/infinity , NOFILE 5242/5242 , AS infinity/infinity , CPU infinity/infinity , DATA infinity/infinity , FSIZE infinity/infinity , MEMLOCK 64k/64k
load average: 14.49 15.10 16.14

/proc/meminfo:
MemTotal:       65852704 kB
MemFree:        20442208 kB
MemAvailable:   47978252 kB
Buffers:         1636592 kB
Cached:         24892428 kB
SwapCached:            0 kB
Active:          6616424 kB
Inactive:       34934428 kB
Active(anon):      15300 kB
Inactive(anon): 14901852 kB
Active(file):    6601124 kB
Inactive(file): 20032576 kB
Unevictable:       42628 kB
Mlocked:           42628 kB
SwapTotal:             0 kB
SwapFree:              0 kB
Dirty:              2464 kB
Writeback:             0 kB
AnonPages:      14838640 kB
Mapped:          1733072 kB
Shmem:            174088 kB
KReclaimable:    1628944 kB
Slab:            2779612 kB
SReclaimable:    1628944 kB
SUnreclaim:      1150668 kB
KernelStack:      417696 kB
PageTables:       194208 kB
NFS_Unstable:          0 kB
Bounce:                0 kB
WritebackTmp:          0 kB
CommitLimit:    32926352 kB
Committed_AS:   56301440 kB
VmallocTotal:   34359738367 kB
VmallocUsed:      453808 kB
VmallocChunk:          0 kB
Percpu:            51936 kB
HardwareCorrupted:     0 kB
AnonHugePages:   1105920 kB
ShmemHugePages:        0 kB
ShmemPmdMapped:        0 kB
FileHugePages:         0 kB
FilePmdMapped:         0 kB
HugePages_Total:       0
HugePages_Free:        0
HugePages_Rsvd:        0
HugePages_Surp:        0
Hugepagesize:       2048 kB
Hugetlb:               0 kB
DirectMap4k:     2661176 kB
DirectMap2M:    47667200 kB
DirectMap1G:    18874368 kB

/sys/kernel/mm/transparent_hugepage/enabled: always [madvise] never
/sys/kernel/mm/transparent_hugepage/defrag (defrag/compaction efforts parameter): always defer defer+madvise [madvise] never

Process Memory:
Virtual Size: 5055580K (peak: 5147456K)
Resident Set Size: 808540K (peak: 845624K) (anon: 612008K, file: 196532K, shmem: 0K)
Swapped out: 0K
C-Heap outstanding allocations: 44540K, retained: 16055K
glibc malloc tunables: (default)

/proc/sys/kernel/threads-max (system-wide limit on the number of threads): 514406
/proc/sys/vm/max_map_count (maximum number of memory map areas a process may have): 65530
/proc/sys/kernel/pid_max (system-wide limit on number of process identifiers): 4194304

container (cgroup) information:
container_type: cgroupv1
cpu_cpuset_cpus: 2-7
cpu_memory_nodes: 0
active_processor_count: 1
cpu_quota: 50000
cpu_period: 100000
cpu_shares: 512
memory_limit_in_bytes: 1048576 k
memory_and_swap_limit_in_bytes: 1048576 k
memory_soft_limit_in_bytes: 524288 k
memory_usage_in_bytes: 664416 k
memory_max_usage_in_bytes: 783496 k
maximum number of tasks: 1000
current number of tasks: 46

KVM virtualization detected
Steal ticks since vm start: 0
Steal ticks percentage since vm start:  0.000

CPU: total 8 (initial active 1) (8 cores per cpu, 2 threads per core) family 23 model 49 stepping 0 microcode 0xffffffff, cx8, cmov, fxsr, ht, mmx, 3dnowpref, sse, sse2, sse3, ssse3, sse4a, sse4.1, sse4.2, popcnt, lzcnt, tsc, tscinvbit, avx, avx2, aes, clmul, bmi1, bmi2, adx, sha, fma, vzeroupper, clflush, clflushopt, hv
CPU Model and flags from /proc/cpuinfo:
model name	: AMD EPYC 7B12
flags		: fpu vme de pse tsc msr pae mce cx8 apic sep mtrr pge mca cmov pat pse36 clflush mmx fxsr sse sse2 ht syscall nx mmxext fxsr_opt pdpe1gb rdtscp lm constant_tsc rep_good nopl nonstop_tsc cpuid extd_apicid tsc_known_freq pni pclmulqdq ssse3 fma cx16 sse4_1 sse4_2 movbe popcnt aes xsave avx f16c rdrand hypervisor lahf_lm cmp_legacy cr8_legacy abm sse4a misalignsse 3dnowprefetch osvw topoext ssbd ibrs ibpb stibp vmmcall fsgsbase tsc_adjust bmi1 avx2 smep bmi2 rdseed adx smap clflushopt clwb sha_ni xsaveopt xsavec xgetbv1 clzero xsaveerptr arat npt nrip_save umip rdpid

Online cpus: 0-7
Offline cpus: 
BIOS frequency limitation: <Not Available>
Frequency switch latency (ns): <Not Available>
Available cpu frequencies: <Not Available>
Current governor: <Not Available>
Core performance/turbo boost: <Not Available>

Memory: 4k page, physical 1048576k(384160k free), swap 0k(0k free)
Page Sizes: 4k

vm_info: OpenJDK 64-Bit Server VM (17.0.5+8-jvmci-22.3-b08) for linux-amd64 JRE (17.0.5+8-jvmci-22.3-b08), built on Oct 19 2022 09:01:27 by "buildslave" with gcc 10.3.0

END.
