#
# A fatal error has been detected by the Java Runtime Environment:
#
#  Internal Error (jvmciRuntime.cpp:1609), pid=29, tid=44
#  fatal error: Fatal exception in JVMCI: Error calling jdk.vm.ci.services.Services.serializeSavedProperties
#
# JRE version: OpenJDK Runtime Environment GraalVM CE 22.3.0 (17.0.5+8) (build 17.0.5+8-jvmci-22.3-b08)
# Java VM: OpenJDK 64-Bit Server VM GraalVM CE 22.3.0 (17.0.5+8-jvmci-22.3-b08, mixed mode, sharing, tiered, jvmci, jvmci compiler, compressed oops, compressed class ptrs, parallel gc, linux-amd64)
# Problematic frame:
# V  [libjvm.so+0x972714]  JVMCIRuntime::fatal_exception(JVMCIEnv*, char const*)+0x74
#
# Core dump will be written. Default location: Core dumps may be processed with "/usr/share/apport/apport -p%p -s%s -c%c -d%d -P%P -u%u -g%g -- %E" (or dumping to /home/runner/Ex6-Classe/core.29)
#
# If you would like to submit a bug report, please visit:
#   https://github.com/oracle/graal/issues
#

---------------  S U M M A R Y ------------

Command Line: -XX:ThreadPriorityPolicy=1 -XX:+UnlockExperimentalVMOptions -XX:+EnableJVMCIProduct -XX:JVMCIThreadsPerNativeLibraryRuntime=1 -XX:-UnlockExperimentalVMOptions -Declipse.application=org.eclipse.jdt.ls.core.id1 -Dosgi.bundles.defaultStartLevel=4 -Declipse.product=org.eclipse.jdt.ls.core.product -Dlog.level=ALL -Xverify:none -XX:+UseParallelGC -XX:GCTimeRatio=4 -XX:AdaptiveSizePolicyWeight=90 -Dsun.zip.disableMemoryMapping=true -Xmx512m -Xms100m /nix/store/m6gcpi1ii6rghy04cjwjddcavv7i90df-jdt-language-server-1.9.0/share/java/plugins/org.eclipse.equinox.launcher_1.6.400.v20210924-0641.jar --add-modules=ALL-SYSTEM --add-opens java.base/java.util=ALL-UNNAMED --add-opens java.base/java.lang=ALL-UNNAMED -configuration /home/runner/.cache/jdt-language-server/config -data /home/runner/.cache/jdt-language-server/data/home/runner/Ex6-Classe

Host: AMD EPYC 7B12, 8 cores, 1G, Ubuntu 20.04.2 LTS
Time: Fri Jun 16 21:12:57 2023 UTC elapsed time: 807.114471 seconds (0d 0h 13m 27s)

---------------  T H R E A D  ---------------

Current thread (0x00007f84ac0b21d0):  JavaThread "JVMCI-native CompilerThread0" daemon [_thread_in_vm, id=44, stack(0x00007f84932b3000,0x00007f84934b3000)]


Current CompileTask:
JVMCI-native: 807114 10007       4       jdk.internal.org.objectweb.asm.Frame::execute (2305 bytes)

Stack: [0x00007f84932b3000,0x00007f84934b3000],  sp=0x00007f84934b1380,  free space=2040k
Native frames: (J=compiled Java code, j=interpreted, Vv=VM code, C=native code)
V  [libjvm.so+0x972714]  JVMCIRuntime::fatal_exception(JVMCIEnv*, char const*)+0x74
V  [libjvm.so+0x93e2fe]  JVMCIEnv::copy_saved_properties()+0x14e
V  [libjvm.so+0x9732a9]  JVMCIRuntime::initialize(JVMCIEnv*)+0xb19
V  [libjvm.so+0x9738a2]  JVMCIRuntime::get_HotSpotJVMCIRuntime(JVMCIEnv*)+0x12
V  [libjvm.so+0x9749f2]  JVMCIRuntime::compile_method(JVMCIEnv*, JVMCICompiler*, methodHandle const&, int)+0xd2
V  [libjvm.so+0x5b0d20]  CompileBroker::invoke_compiler_on_method(CompileTask*)+0x1470
V  [libjvm.so+0x5b12e8]  CompileBroker::compiler_thread_loop()+0x528
V  [libjvm.so+0xd82460]  JavaThread::thread_main_inner()+0xd0
V  [libjvm.so+0xd85a40]  Thread::call_run()+0xc0
V  [libjvm.so+0xbdb1e1]  thread_native_entry(Thread*)+0xe1

Register to memory mapping:

RAX=0x00007f84b3057000 points into unknown readable memory: 0x0000000000000058 | 58 00 00 00 00 00 00 00
RBX=0x00007f84b4152398: <offset 0x0000000000ef5398> in /nix/store/gpxl5qgg8kicmcvivwmybwjlpf7wh20l-graalvm17-ce-22.3.0/lib/server/libjvm.so at 0x00007f84b325d000
RCX=0x00007f84b410a1e8: <offset 0x0000000000ead1e8> in /nix/store/gpxl5qgg8kicmcvivwmybwjlpf7wh20l-graalvm17-ce-22.3.0/lib/server/libjvm.so at 0x00007f84b325d000
RDX=0x0000000000000649 is an unknown value
RSP=0x00007f84934b1380 is pointing into the stack for thread: 0x00007f84ac0b21d0
RBP=0x00007f84934b13a0 is pointing into the stack for thread: 0x00007f84ac0b21d0
RSI=0x00007f84b4152c48: <offset 0x0000000000ef5c48> in /nix/store/gpxl5qgg8kicmcvivwmybwjlpf7wh20l-graalvm17-ce-22.3.0/lib/server/libjvm.so at 0x00007f84b325d000
RDI=0x00000000e0000000 is an oop: java.lang.String 
{0x00000000e0000000} - klass: 'java/lang/String'
 - string: "resolution"
R8 =0x00007f84b4152398: <offset 0x0000000000ef5398> in /nix/store/gpxl5qgg8kicmcvivwmybwjlpf7wh20l-graalvm17-ce-22.3.0/lib/server/libjvm.so at 0x00007f84b325d000
R9 =0x0000000000000003 is an unknown value
R10=0x00007f84b44a3da0: <offset 0x0000000001246da0> in /nix/store/gpxl5qgg8kicmcvivwmybwjlpf7wh20l-graalvm17-ce-22.3.0/lib/server/libjvm.so at 0x00007f84b325d000
R11=0x000000080044f048 is pointing into metadata
R12=0x0 is NULL
R13=0x00007f84ac0b21d0 is a thread
R14=0x00007f84ac000b80 points into unknown readable memory: 0x00007f84b4383a38 | 38 3a 38 b4 84 7f 00 00
R15=0x00007f84b4491e40: <offset 0x0000000001234e40> in /nix/store/gpxl5qgg8kicmcvivwmybwjlpf7wh20l-graalvm17-ce-22.3.0/lib/server/libjvm.so at 0x00007f84b325d000


Registers:
RAX=0x00007f84b3057000, RBX=0x00007f84b4152398, RCX=0x00007f84b410a1e8, RDX=0x0000000000000649
RSP=0x00007f84934b1380, RBP=0x00007f84934b13a0, RSI=0x00007f84b4152c48, RDI=0x00000000e0000000
R8 =0x00007f84b4152398, R9 =0x0000000000000003, R10=0x00007f84b44a3da0, R11=0x000000080044f048
R12=0x0000000000000000, R13=0x00007f84ac0b21d0, R14=0x00007f84ac000b80, R15=0x00007f84b4491e40
RIP=0x00007f84b3bcf714, EFLAGS=0x0000000000010206, CSGSFS=0x002b000000000033, ERR=0x0000000000000006
  TRAPNO=0x000000000000000e

Top of Stack: (sp=0x00007f84934b1380)
0x00007f84934b1380:   00007f84934b1940 00007f84ac0b21d0
0x00007f84934b1390:   00007f84b19e8bf8 0000000800c417a0
0x00007f84934b13a0:   00007f84934b1500 00007f84b3b9b2fe
0x00007f84934b13b0:   00007f84934b13e0 00007f84934b1440 

Instructions: (pc=0x00007f84b3bcf714)
0x00007f84b3bcf614:   30 e8 f6 cf e8 ff 4c 89 e7 e8 2e 48 d1 ff 84 db
0x00007f84b3bcf624:   75 2a 4d 85 ed 74 04 4d 8b 6d 00 48 83 c4 08 44
0x00007f84b3bcf634:   89 f9 4c 89 f2 4c 89 ee 5b 4c 89 e7 41 5c 41 5d
0x00007f84b3bcf644:   41 5e 41 5f 5d e9 e2 47 d1 ff 66 90 48 83 c4 08
0x00007f84b3bcf654:   5b 41 5c 41 5d 41 5e 41 5f 5d c3 90 31 d2 be 08
0x00007f84b3bcf664:   00 00 00 4c 89 ff e8 b1 78 a3 ff 49 89 c5 e9 37
0x00007f84b3bcf674:   ff ff ff 66 0f 1f 84 00 00 00 00 00 48 8b 7a 08
0x00007f84b3bcf684:   e9 6d ff ff ff 0f 1f 80 00 00 00 00 e8 5b 48 0a
0x00007f84b3bcf694:   00 84 c0 75 89 e9 6a ff ff ff 66 90 55 48 89 e5
0x00007f84b3bcf6a4:   41 56 41 55 41 54 49 89 fc 53 48 89 f3 66 48 8d
0x00007f84b3bcf6b4:   3d 27 5e 85 00 66 66 48 e8 df 43 8d ff 4c 8b 28
0x00007f84b3bcf6c4:   8b 05 be 72 8a 00 85 c0 75 14 ba 01 00 00 00 48
0x00007f84b3bcf6d4:   8d 0d ae 72 8a 00 f0 0f b1 11 85 c0 74 4e be c8
0x00007f84b3bcf6e4:   00 00 00 4c 89 ef e8 01 0b 41 00 48 8d 05 12 ac
0x00007f84b3bcf6f4:   85 00 49 89 d8 48 8d 0d e8 aa 53 00 ba 49 06 00
0x00007f84b3bcf704:   00 48 8d 35 3c 35 58 00 bf 00 00 00 e0 48 8b 00
0x00007f84b3bcf714:   c6 00 58 31 c0 e8 e2 91 c6 ff 5b 41 5c 41 5d 41
0x00007f84b3bcf724:   5e 5d e9 55 34 26 00 0f 1f 44 00 00 48 8d 05 81
0x00007f84b3bcf734:   a3 8b 00 48 89 df 4c 8b 30 e8 9e 43 8d ff 48 89
0x00007f84b3bcf744:   de 48 89 c2 49 8b 06 4c 89 f7 ff 50 08 4c 89 f7
0x00007f84b3bcf754:   e8 a7 5c 27 00 4d 85 e4 74 12 be 01 00 00 00 4c
0x00007f84b3bcf764:   89 e7 e8 35 43 fc ff eb 82 0f 1f 00 be 01 00 00
0x00007f84b3bcf774:   00 4c 89 ef e8 d3 fd ff ff e9 6d ff ff ff 66 66
0x00007f84b3bcf784:   2e 0f 1f 84 00 00 00 00 00 0f 1f 00 55 48 89 e5
0x00007f84b3bcf794:   41 57 41 56 41 55 41 54 53 48 81 ec 08 02 00 00
0x00007f84b3bcf7a4:   64 48 8b 04 25 28 00 00 00 48 89 45 c8 8b 07 83
0x00007f84b3bcf7b4:   f8 02 0f 84 11 04 00 00 4c 8b 6f 18 49 89 ff 49
0x00007f84b3bcf7c4:   89 f4 4d 85 ed 74 14 4c 89 ef e8 5d 57 22 00 41
0x00007f84b3bcf7d4:   8b 07 83 f8 02 0f 84 19 04 00 00 48 8d 1d 9a 06
0x00007f84b3bcf7e4:   8a 00 4c 8d 35 0b 3c 58 00 eb 38 90 48 85 d2 7f
0x00007f84b3bcf7f4:   0d 48 8d 05 b4 c0 85 00 48 83 38 00 7e 0e 41 8b
0x00007f84b3bcf804:   77 2c 4c 89 f7 31 c0 e8 a0 b2 f7 ff 49 8b 7f 18 


Stack slot to memory mapping:
stack at sp + 0 slots: 0x00007f84934b1940 is pointing into the stack for thread: 0x00007f84ac0b21d0
stack at sp + 1 slots: 0x00007f84ac0b21d0 is a thread
stack at sp + 2 slots: 0x00007f84b19e8bf8 points into unknown readable memory: 0x65730018131cffff | ff ff 1c 13 18 00 73 65
stack at sp + 3 slots: 0x0000000800c417a0 is a pointer to class: 
jdk.vm.ci.services.Services {0x0000000800c417a0}
 - instance size:     2
 - klass size:        65
 - access:            public final synchronized 
 - state:             fully_initialized
 - name:              'jdk/vm/ci/services/Services'
 - super:             'java/lang/Object'
 - sub:               
 - arrays:            NULL
 - methods:           Array<T>(0x00007f84b08467c0)
 - method ordering:   Array<T>(0x0000000800928960)
 - default_methods:   Array<T>(0x0000000000000000)
 - local interfaces:  Array<T>(0x00000008005ce810)
 - trans. interfaces: Array<T>(0x00000008005ce810)
 - constants:         constant pool [427] {0x00007f84b0845700} for 'jdk/vm/ci/services/Services' cache=0x00007f84b0847a90
 - class loader data:  loader data: 0x00007f84ac0283f0 of 'bootstrap'
 - source file:       'Services.java'
 - class annotations:       Array<T>(0x0000000000000000)
 - class type annotations:  Array<T>(0x0000000000000000)
 - field annotations:       Array<T>(0x0000000000000000)
 - field type annotations:  Array<T>(0x0000000000000000)
 - inner classes:     Array<T>(0x00007f84b0847a60)
 - nest members:     Array<T>(0x00007f84b0847a80)
 - permitted subclasses:     Array<T>(0x00000008005ce7a0)
 - java mirror:       a 'java/lang/Class'{0x00000000e0148da8} = 'jdk/vm/ci/services/Services'
 - vtable length      5  (start addr: 0x0000000800c41970)
 - itable length      2 (start addr: 0x0000000800c41998)
 - ---- static fields (3 words):
 - public static final 'IS_BUILDING_NATIVE_IMAGE' 'Z' @128 
 - public static final 'IS_IN_NATIVE_IMAGE' 'Z' @129 
 - private static volatile 'savedProperties' 'Ljava/util/Map;' @112 
 - static final 'JVMCI_ENABLED' 'Z' @130 
 - private static final 'servicesCache' 'Ljava/util/Map;' @116 
 - private static final 'MAX_UNICODE_IN_UTF8_LENGTH' 'I' @120 
 - private static final 'MAX_UTF8_PROPERTY_STRING_LENGTH' 'I' @124 
 - ---- non-static fields (0 words):
 - non-static oop maps: 
stack at sp + 4 slots: 0x00007f84934b1500 is pointing into the stack for thread: 0x00007f84ac0b21d0
stack at sp + 5 slots: 0x00007f84b3b9b2fe: <offset 0x000000000093e2fe> in /nix/store/gpxl5qgg8kicmcvivwmybwjlpf7wh20l-graalvm17-ce-22.3.0/lib/server/libjvm.so at 0x00007f84b325d000
stack at sp + 6 slots: 0x00007f84934b13e0 is pointing into the stack for thread: 0x00007f84ac0b21d0
stack at sp + 7 slots: 0x00007f84934b1440 is pointing into the stack for thread: 0x00007f84ac0b21d0


---------------  P R O C E S S  ---------------

Threads class SMR info:
_java_thread_list=0x00007f8400000b70, length=29, elements={
0x00007f84ac026690, 0x00007f84ac0a64d0, 0x00007f84ac0a7910, 0x00007f84ac0ae040,
0x00007f84ac0af3f0, 0x00007f84ac0b07e0, 0x00007f84ac0b21d0, 0x00007f84ac0b36e0,
0x00007f84ac0b4b30, 0x00007f84ac0d8030, 0x00007f84ac120330, 0x00007f84ac31c810,
0x00007f84ac351180, 0x00007f84ac352450, 0x00007f84ac6177d0, 0x00007f844401a760,
0x00007f84442aad20, 0x00007f844430cd00, 0x00007f8444489240, 0x00007f84445f8010,
0x00007f84ac484c20, 0x00007f84ac4d9dc0, 0x00007f8418001130, 0x00007f8414446b70,
0x00007f84282e57c0, 0x00007f841c114360, 0x00007f841c114e90, 0x00007f841c116be0,
0x00007f84340010d0
}

Java Threads: ( => current thread )
  0x00007f84ac026690 JavaThread "main" [_thread_blocked, id=36, stack(0x00007f84b3078000,0x00007f84b3178000)]
  0x00007f84ac0a64d0 JavaThread "Reference Handler" daemon [_thread_blocked, id=39, stack(0x00007f84b108f000,0x00007f84b118f000)]
  0x00007f84ac0a7910 JavaThread "Finalizer" daemon [_thread_blocked, id=40, stack(0x00007f84b0700000,0x00007f84b0800000)]
  0x00007f84ac0ae040 JavaThread "Signal Dispatcher" daemon [_thread_blocked, id=41, stack(0x00007f84b031a000,0x00007f84b041a000)]
  0x00007f84ac0af3f0 JavaThread "Service Thread" daemon [_thread_blocked, id=42, stack(0x00007f84b021a000,0x00007f84b031a000)]
  0x00007f84ac0b07e0 JavaThread "Monitor Deflation Thread" daemon [_thread_blocked, id=43, stack(0x00007f84b011a000,0x00007f84b021a000)]
=>0x00007f84ac0b21d0 JavaThread "JVMCI-native CompilerThread0" daemon [_thread_in_vm, id=44, stack(0x00007f84932b3000,0x00007f84934b3000)]
  0x00007f84ac0b36e0 JavaThread "C1 CompilerThread0" daemon [_thread_blocked, id=45, stack(0x00007f84930b3000,0x00007f84932b3000)]
  0x00007f84ac0b4b30 JavaThread "Sweeper thread" daemon [_thread_blocked, id=46, stack(0x00007f84b001a000,0x00007f84b011a000)]
  0x00007f84ac0d8030 JavaThread "Common-Cleaner" daemon [_thread_blocked, id=47, stack(0x00007f8492fb3000,0x00007f84930b3000)]
  0x00007f84ac120330 JavaThread "Notification Thread" daemon [_thread_blocked, id=48, stack(0x00007f8492eb3000,0x00007f8492fb3000)]
  0x00007f84ac31c810 JavaThread "Active Thread: Equinox Container: d508c7eb-8df9-4c92-bec8-bf1fdfcdefbc" [_thread_blocked, id=57, stack(0x00007f8490900000,0x00007f8490a00000)]
  0x00007f84ac351180 JavaThread "Framework Event Dispatcher: Equinox Container: d508c7eb-8df9-4c92-bec8-bf1fdfcdefbc" daemon [_thread_blocked, id=63, stack(0x00007f8490700000,0x00007f8490800000)]
  0x00007f84ac352450 JavaThread "Start Level: Equinox Container: d508c7eb-8df9-4c92-bec8-bf1fdfcdefbc" daemon [_thread_blocked, id=64, stack(0x00007f8490500000,0x00007f8490600000)]
  0x00007f84ac6177d0 JavaThread "Refresh Thread: Equinox Container: d508c7eb-8df9-4c92-bec8-bf1fdfcdefbc" daemon [_thread_blocked, id=65, stack(0x00007f8490300000,0x00007f8490400000)]
  0x00007f844401a760 JavaThread "SCR Component Actor" daemon [_thread_blocked, id=66, stack(0x00007f8490100000,0x00007f8490200000)]
  0x00007f84442aad20 JavaThread "Worker-JM" [_thread_blocked, id=76, stack(0x00007f845ab00000,0x00007f845ac00000)]
  0x00007f844430cd00 JavaThread "Worker-0: Compacting resource model" [_thread_blocked, id=77, stack(0x00007f845a900000,0x00007f845aa00000)]
  0x00007f8444489240 JavaThread "Java indexing" daemon [_thread_blocked, id=79, stack(0x00007f845a500000,0x00007f845a600000)]
  0x00007f84445f8010 JavaThread "Bundle File Closer" daemon [_thread_blocked, id=88, stack(0x00007f845a300000,0x00007f845a400000)]
  0x00007f84ac484c20 JavaThread "pool-3-thread-1" [_thread_blocked, id=89, stack(0x00007f845a100000,0x00007f845a200000)]
  0x00007f84ac4d9dc0 JavaThread "pool-2-thread-1" [_thread_blocked, id=91, stack(0x00007f8459d00000,0x00007f8459e00000)]
  0x00007f8418001130 JavaThread "Worker-3: Publish Diagnostics" [_thread_blocked, id=92, stack(0x00007f8459b00000,0x00007f8459c00000)]
  0x00007f8414446b70 JavaThread "Okio Watchdog" daemon [_thread_blocked, id=173, stack(0x00007f8459700000,0x00007f8459800000)]
  0x00007f84282e57c0 JavaThread "Worker-5" [_thread_blocked, id=191, stack(0x00007f8459500000,0x00007f8459600000)]
  0x00007f841c114360 JavaThread "Thread-10" [_thread_blocked, id=447, stack(0x00007f845aa00000,0x00007f845ab00000)]
  0x00007f841c114e90 JavaThread "Thread-11" [_thread_blocked, id=452, stack(0x00007f8459a00000,0x00007f8459b00000)]
  0x00007f841c116be0 JavaThread "Thread-13" [_thread_blocked, id=474, stack(0x00007f8490600000,0x00007f8490700000)]
  0x00007f84340010d0 JavaThread "Worker-6" [_thread_blocked, id=1085, stack(0x00007f8459900000,0x00007f8459a00000)]

Other Threads:
  0x00007f84ac0a1c10 VMThread "VM Thread" [stack: 0x00007f84b1191000,0x00007f84b1291000] [id=38] _threads_hazard_ptr=0x00007f8400000b70
  0x00007f84ac121cd0 WatcherThread [stack: 0x00007f8492db3000,0x00007f8492eb3000] [id=49]
  0x00007f84ac03df30 GCTaskThread "GC Thread#0" [stack: 0x00007f84b2c3b000,0x00007f84b2d3b000] [id=37]

Threads with active compile tasks:
JVMCI-native CompilerThread0   807218 10007       4       jdk.internal.org.objectweb.asm.Frame::execute (2305 bytes)

VM state: synchronizing (normal execution)

VM Mutex/Monitor currently owned by a thread:  ([mutex/lock_event])
[0x00007f84ac023840] Threads_lock - owner thread: 0x00007f84ac0a1c10
[0x00007f84ac023ff0] Heap_lock - owner thread: 0x00007f8444489240

OutOfMemory and StackOverflow Exception counts:
OutOfMemoryError java_heap_errors=1
LinkageErrors=76

Heap address: 0x00000000e0000000, size: 512 MB, Compressed Oops mode: 32-bit

CDS archive(s) mapped at: [0x0000000800000000-0x0000000800bc8000-0x0000000800bc8000), size 12353536, SharedBaseAddress: 0x0000000800000000, ArchiveRelocationMode: 0.
Compressed class space mapped at: 0x0000000800c00000-0x0000000840c00000, reserved size: 1073741824
Narrow klass base: 0x0000000800000000, Narrow klass shift: 0, Narrow klass range: 0x100000000

GC Precious Log:
 CPUs: 8 total, 1 available
 Memory: 1024M
 Large Page Support: Disabled
 NUMA Support: Disabled
 Compressed Oops: Enabled (32-bit)
 Alignments: Space 512K, Generation 512K, Heap 2M
 Heap Min Capacity: 100M
 Heap Initial Capacity: 100M
 Heap Max Capacity: 512M
 Pre-touch: Disabled
 Parallel Workers: 1

Heap:
 PSYoungGen      total 74240K, used 43519K [0x00000000f5580000, 0x00000000fbe00000, 0x0000000100000000)
  eden space 43520K, 99% used [0x00000000f5580000,0x00000000f7fffff8,0x00000000f8000000)
  from space 30720K, 0% used [0x00000000fa000000,0x00000000fa000000,0x00000000fbe00000)
  to   space 16384K, 0% used [0x00000000f8000000,0x00000000f8000000,0x00000000f9000000)
 ParOldGen       total 349696K, used 349696K [0x00000000e0000000, 0x00000000f5580000, 0x00000000f5580000)
  object space 349696K, 100% used [0x00000000e0000000,0x00000000f5580000,0x00000000f5580000)
 Metaspace       used 61177K, committed 62208K, reserved 1105920K
  class space    used 5986K, committed 6464K, reserved 1048576K

Card table byte_map: [0x00007f84b2d3b000,0x00007f84b2e3c000] _byte_map_base: 0x00007f84b263b000

Marking Bits: (ParMarkBitMap*) 0x00007f84b448b4c0
 Begin Bits: [0x00007f84b1b8e000, 0x00007f84b238e000)
 End Bits:   [0x00007f84b238e000, 0x00007f84b2b8e000)

Polling page: 0x00007f84b3055000

Metaspace:

Usage:
  Non-class:     53.90 MB used.
      Class:      5.85 MB used.
       Both:     59.74 MB used.

Virtual space:
  Non-class space:       56.00 MB reserved,      54.44 MB ( 97%) committed,  7 nodes.
      Class space:        1.00 GB reserved,       6.31 MB ( <1%) committed,  1 nodes.
             Both:        1.05 GB reserved,      60.75 MB (  6%) committed. 

Chunk freelists:
   Non-Class:  734.00 KB
       Class:  1.77 MB
        Both:  2.49 MB

MaxMetaspaceSize: unlimited
CompressedClassSpaceSize: 1.00 GB
Initial GC threshold: 21.00 MB
Current GC threshold: 101.25 MB
CDS: on
MetaspaceReclaimPolicy: balanced
 - commit_granule_bytes: 65536.
 - commit_granule_words: 8192.
 - virtual_space_node_default_size: 1048576.
 - enlarge_chunks_in_place: 1.
 - new_chunks_are_fully_committed: 0.
 - uncommit_free_chunks: 1.
 - use_allocation_guard: 0.
 - handle_deallocations: 1.


Internal statistics:

num_allocs_failed_limit: 6.
num_arena_births: 514.
num_arena_deaths: 154.
num_vsnodes_births: 8.
num_vsnodes_deaths: 0.
num_space_committed: 970.
num_space_uncommitted: 0.
num_chunks_returned_to_freelist: 216.
num_chunks_taken_from_freelist: 2909.
num_chunk_merges: 86.
num_chunk_splits: 1873.
num_chunks_enlarged: 1196.
num_purges: 6.
num_inconsistent_stats: 0.

CodeHeap 'non-profiled nmethods': size=120036Kb used=2660Kb max_used=2660Kb free=117375Kb
 bounds [0x00007f849af7a000, 0x00007f849b21a000, 0x00007f84a24b3000]
CodeHeap 'profiled nmethods': size=120032Kb used=17188Kb max_used=17188Kb free=102844Kb
 bounds [0x00007f8493a42000, 0x00007f8494b12000, 0x00007f849af7a000]
CodeHeap 'non-nmethods': size=5692Kb used=1400Kb max_used=1408Kb free=4291Kb
 bounds [0x00007f84934b3000, 0x00007f8493723000, 0x00007f8493a42000]
 total_blobs=8505 nmethods=7768 adapters=635
 compilation: enabled
              stopped_count=0, restarted_count=0
 full_count=0

JVMCI Events (20 events):
Event: 676.860 Thread 0x00007f84ac0b21d0 releasing handles for JVMCI runtime 0: oop handles=43, metadata handles={total=88, live=76, blocks=36}
Event: 676.860 Thread 0x00007f84ac0b21d0 detached from JVMCI runtime 0
Event: 676.860 Thread 0x00007f84ac0b21d0 attached to JVMCI runtime 0
Event: 676.914 Thread 0x00007f84ac0b21d0 created JavaVM[7]@0x00007f8458f9e340 for JVMCI runtime 0
Event: 678.248 Thread 0x00007f84ac0b21d0 initializing JVMCI runtime 0
Event: 678.248 Thread 0x00007f84ac0b21d0 done waiting for JavaVM references initialization in JVMCI runtime 0
Event: 691.966 Thread 0x00007f84ac0b21d0 initialized JVMCI runtime 0
Event: 702.876 Thread 0x00007f84ac0b21d0 compacted oop handles in JVMCI runtime 0 from 55 to 46
Event: 709.336 Thread 0x00007f84ac0b21d0 compacted oop handles in JVMCI runtime 0 from 47 to 46
Event: 715.220 Thread 0x00007f84ac0b21d0 detaching from JVMCI runtime 0: releasing idle compiler thread (0 other threads still attached)
Event: 715.220 Thread 0x00007f84ac0b21d0 shutting down HotSpotJVMCIRuntime for JVMCI runtime 0
Event: 715.220 Thread 0x00007f84ac0b21d0 shut down JVMCI runtime 0
Event: 715.226 Thread 0x00007f84ac0b21d0 destroyed JavaVM[7]@0x00007f8458f9e340 for JVMCI runtime 0
Event: 715.226 Thread 0x00007f84ac0b21d0 compacted oop handles in JVMCI runtime 0 from 64 to 64
Event: 715.226 Thread 0x00007f84ac0b21d0 releasing handles for JVMCI runtime 0: oop handles=64, metadata handles={total=120, live=113, blocks=36}
Event: 715.226 Thread 0x00007f84ac0b21d0 detached from JVMCI runtime 0
Event: 785.221 Thread 0x00007f84ac0b21d0 attached to JVMCI runtime 0
Event: 785.222 Thread 0x00007f84ac0b21d0 created JavaVM[8]@0x00007f8458f9e340 for JVMCI runtime 0
Event: 786.636 Thread 0x00007f84ac0b21d0 initializing JVMCI runtime 0
Event: 786.636 Thread 0x00007f84ac0b21d0 done waiting for JavaVM references initialization in JVMCI runtime 0

Compilation events (20 events):
Event: 702.877 Thread 0x00007f84ac0b21d0 nmethod 9994 0x00007f849b211d10 code [0x00007f849b211ea0, 0x00007f849b211f50]
Event: 702.877 Thread 0x00007f84ac0b21d0 9995       4       org.eclipse.jdt.internal.compiler.parser.ScannerHelper::isJavaIdentifierStart (28 bytes)
Event: 709.336 Thread 0x00007f84ac0b21d0 nmethod 9995 0x00007f849b212010 code [0x00007f849b212180, 0x00007f849b212228]
Event: 709.336 Thread 0x00007f84ac0b21d0 10001 %     4       org.eclipse.jdt.internal.compiler.parser.diagnose.DiagnoseParser::scopeTrial @ 16 (84 bytes)
Event: 713.439 Thread 0x00007f84ac0b21d0 nmethod 10001% 0x00007f849b212310 code [0x00007f849b2124c0, 0x00007f849b2129b0]
Event: 713.439 Thread 0x00007f84ac0b21d0 9996       4       java.util.HashMap$EntrySet::iterator (12 bytes)
Event: 713.457 Thread 0x00007f84ac0b21d0 nmethod 9996 0x00007f849b212c90 code [0x00007f849b212e20, 0x00007f849b213048]
Event: 730.635 Thread 0x00007f84ac0b36e0 10002       3       org.eclipse.jdt.internal.core.util.LRUCache::updateTimestamp (36 bytes)
Event: 730.635 Thread 0x00007f84ac0b36e0 nmethod 10002 0x00007f8494b05f90 code [0x00007f8494b06140, 0x00007f8494b066f0]
Event: 736.835 Thread 0x00007f84ac0b36e0 10003       3       java.util.concurrent.ThreadPoolExecutor::isShutdown (12 bytes)
Event: 738.435 Thread 0x00007f84ac0b36e0 nmethod 10003 0x00007f8494b06810 code [0x00007f8494b069c0, 0x00007f8494b06bb0]
Event: 741.364 Thread 0x00007f84ac0b36e0 10004       3       org.eclipse.jdt.internal.compiler.lookup.LookupEnvironment::getTypeFromSignature (376 bytes)
Event: 744.424 Thread 0x00007f84ac0b36e0 nmethod 10004 0x00007f8494b06c90 code [0x00007f8494b06f40, 0x00007f8494b086a0]
Event: 754.021 Thread 0x00007f84ac0b36e0 10005       3       java.util.concurrent.ScheduledThreadPoolExecutor::canRunInCurrentRunState (61 bytes)
Event: 754.022 Thread 0x00007f84ac0b36e0 nmethod 10005 0x00007f8494b08b10 code [0x00007f8494b08d20, 0x00007f8494b097c0]
Event: 776.637 Thread 0x00007f84ac0b36e0 10006       3       org.eclipse.jdt.internal.compiler.lookup.MethodBinding::isAbstract (15 bytes)
Event: 777.965 Thread 0x00007f84ac0b36e0 nmethod 10006 0x00007f8494b09a10 code [0x00007f8494b09bc0, 0x00007f8494b09d30]
Event: 785.221 Thread 0x00007f84ac0b21d0 10007       4       jdk.internal.org.objectweb.asm.Frame::execute (2305 bytes)
Event: 792.336 Thread 0x00007f84ac0b36e0 10008       3       org.eclipse.jdt.internal.compiler.util.Sorting::concreteFirst (98 bytes)
Event: 797.968 Thread 0x00007f84ac0b36e0 nmethod 10008 0x00007f8494b09e10 code [0x00007f8494b0a020, 0x00007f8494b0acd0]

GC Heap History (20 events):
Event: 792.337 GC heap before
{Heap before GC invocations=576 (full 484):
 PSYoungGen      total 74240K, used 43519K [0x00000000f5580000, 0x00000000fbe00000, 0x0000000100000000)
  eden space 43520K, 99% used [0x00000000f5580000,0x00000000f7fffff8,0x00000000f8000000)
  from space 30720K, 0% used [0x00000000fa000000,0x00000000fa000000,0x00000000fbe00000)
  to   space 16384K, 0% used [0x00000000f8000000,0x00000000f8000000,0x00000000f9000000)
 ParOldGen       total 349696K, used 349695K [0x00000000e0000000, 0x00000000f5580000, 0x00000000f5580000)
  object space 349696K, 99% used [0x00000000e0000000,0x00000000f557fe50,0x00000000f5580000)
 Metaspace       used 61177K, committed 62208K, reserved 1105920K
  class space    used 5986K, committed 6464K, reserved 1048576K
}
Event: 793.728 GC heap after
{Heap after GC invocations=576 (full 484):
 PSYoungGen      total 59904K, used 43519K [0x00000000f5580000, 0x00000000fbe00000, 0x0000000100000000)
  eden space 43520K, 99% used [0x00000000f5580000,0x00000000f7ffffe8,0x00000000f8000000)
  from space 16384K, 0% used [0x00000000f8000000,0x00000000f8000000,0x00000000f9000000)
  to   space 30720K, 0% used [0x00000000fa000000,0x00000000fa000000,0x00000000fbe00000)
 ParOldGen       total 349696K, used 349695K [0x00000000e0000000, 0x00000000f5580000, 0x00000000f5580000)
  object space 349696K, 99% used [0x00000000e0000000,0x00000000f557fc80,0x00000000f5580000)
 Metaspace       used 61177K, committed 62208K, reserved 1105920K
  class space    used 5986K, committed 6464K, reserved 1048576K
}
Event: 793.728 GC heap before
{Heap before GC invocations=577 (full 485):
 PSYoungGen      total 59904K, used 43519K [0x00000000f5580000, 0x00000000fbe00000, 0x0000000100000000)
  eden space 43520K, 99% used [0x00000000f5580000,0x00000000f7fffff8,0x00000000f8000000)
  from space 16384K, 0% used [0x00000000f8000000,0x00000000f8000000,0x00000000f9000000)
  to   space 30720K, 0% used [0x00000000fa000000,0x00000000fa000000,0x00000000fbe00000)
 ParOldGen       total 349696K, used 349695K [0x00000000e0000000, 0x00000000f5580000, 0x00000000f5580000)
  object space 349696K, 99% used [0x00000000e0000000,0x00000000f557fc80,0x00000000f5580000)
 Metaspace       used 61177K, committed 62208K, reserved 1105920K
  class space    used 5986K, committed 6464K, reserved 1048576K
}
Event: 795.061 GC heap after
{Heap after GC invocations=577 (full 485):
 PSYoungGen      total 74240K, used 43519K [0x00000000f5580000, 0x00000000fbe00000, 0x0000000100000000)
  eden space 43520K, 99% used [0x00000000f5580000,0x00000000f7ffffe8,0x00000000f8000000)
  from space 30720K, 0% used [0x00000000fa000000,0x00000000fa000000,0x00000000fbe00000)
  to   space 16384K, 0% used [0x00000000f8000000,0x00000000f8000000,0x00000000f9000000)
 ParOldGen       total 349696K, used 349695K [0x00000000e0000000, 0x00000000f5580000, 0x00000000f5580000)
  object space 349696K, 99% used [0x00000000e0000000,0x00000000f557fc60,0x00000000f5580000)
 Metaspace       used 61177K, committed 62208K, reserved 1105920K
  class space    used 5986K, committed 6464K, reserved 1048576K
}
Event: 795.062 GC heap before
{Heap before GC invocations=578 (full 486):
 PSYoungGen      total 74240K, used 43519K [0x00000000f5580000, 0x00000000fbe00000, 0x0000000100000000)
  eden space 43520K, 99% used [0x00000000f5580000,0x00000000f7fffff8,0x00000000f8000000)
  from space 30720K, 0% used [0x00000000fa000000,0x00000000fa000000,0x00000000fbe00000)
  to   space 16384K, 0% used [0x00000000f8000000,0x00000000f8000000,0x00000000f9000000)
 ParOldGen       total 349696K, used 349695K [0x00000000e0000000, 0x00000000f5580000, 0x00000000f5580000)
  object space 349696K, 99% used [0x00000000e0000000,0x00000000f557fc60,0x00000000f5580000)
 Metaspace       used 61177K, committed 62208K, reserved 1105920K
  class space    used 5986K, committed 6464K, reserved 1048576K
}
Event: 796.533 GC heap after
{Heap after GC invocations=578 (full 486):
 PSYoungGen      total 59904K, used 43519K [0x00000000f5580000, 0x00000000fbe00000, 0x0000000100000000)
  eden space 43520K, 99% used [0x00000000f5580000,0x00000000f7ffffc8,0x00000000f8000000)
  from space 16384K, 0% used [0x00000000f8000000,0x00000000f8000000,0x00000000f9000000)
  to   space 30720K, 0% used [0x00000000fa000000,0x00000000fa000000,0x00000000fbe00000)
 ParOldGen       total 349696K, used 349695K [0x00000000e0000000, 0x00000000f5580000, 0x00000000f5580000)
  object space 349696K, 99% used [0x00000000e0000000,0x00000000f557fc60,0x00000000f5580000)
 Metaspace       used 61177K, committed 62208K, reserved 1105920K
  class space    used 5986K, committed 6464K, reserved 1048576K
}
Event: 796.534 GC heap before
{Heap before GC invocations=579 (full 487):
 PSYoungGen      total 59904K, used 43519K [0x00000000f5580000, 0x00000000fbe00000, 0x0000000100000000)
  eden space 43520K, 99% used [0x00000000f5580000,0x00000000f7fffff8,0x00000000f8000000)
  from space 16384K, 0% used [0x00000000f8000000,0x00000000f8000000,0x00000000f9000000)
  to   space 30720K, 0% used [0x00000000fa000000,0x00000000fa000000,0x00000000fbe00000)
 ParOldGen       total 349696K, used 349695K [0x00000000e0000000, 0x00000000f5580000, 0x00000000f5580000)
  object space 349696K, 99% used [0x00000000e0000000,0x00000000f557fc60,0x00000000f5580000)
 Metaspace       used 61177K, committed 62208K, reserved 1105920K
  class space    used 5986K, committed 6464K, reserved 1048576K
}
Event: 797.968 GC heap after
{Heap after GC invocations=579 (full 487):
 PSYoungGen      total 74240K, used 43519K [0x00000000f5580000, 0x00000000fbe00000, 0x0000000100000000)
  eden space 43520K, 99% used [0x00000000f5580000,0x00000000f7ffffc8,0x00000000f8000000)
  from space 30720K, 0% used [0x00000000fa000000,0x00000000fa000000,0x00000000fbe00000)
  to   space 16384K, 0% used [0x00000000f8000000,0x00000000f8000000,0x00000000f9000000)
 ParOldGen       total 349696K, used 349695K [0x00000000e0000000, 0x00000000f5580000, 0x00000000f5580000)
  object space 349696K, 99% used [0x00000000e0000000,0x00000000f557fc60,0x00000000f5580000)
 Metaspace       used 61177K, committed 62208K, reserved 1105920K
  class space    used 5986K, committed 6464K, reserved 1048576K
}
Event: 797.968 GC heap before
{Heap before GC invocations=580 (full 488):
 PSYoungGen      total 74240K, used 43519K [0x00000000f5580000, 0x00000000fbe00000, 0x0000000100000000)
  eden space 43520K, 99% used [0x00000000f5580000,0x00000000f7fffff8,0x00000000f8000000)
  from space 30720K, 0% used [0x00000000fa000000,0x00000000fa000000,0x00000000fbe00000)
  to   space 16384K, 0% used [0x00000000f8000000,0x00000000f8000000,0x00000000f9000000)
 ParOldGen       total 349696K, used 349695K [0x00000000e0000000, 0x00000000f5580000, 0x00000000f5580000)
  object space 349696K, 99% used [0x00000000e0000000,0x00000000f557fff8,0x00000000f5580000)
 Metaspace       used 61177K, committed 62208K, reserved 1105920K
  class space    used 5986K, committed 6464K, reserved 1048576K
}
Event: 799.551 GC heap after
{Heap after GC invocations=580 (full 488):
 PSYoungGen      total 59904K, used 43519K [0x00000000f5580000, 0x00000000fbe00000, 0x0000000100000000)
  eden space 43520K, 99% used [0x00000000f5580000,0x00000000f7ffffe0,0x00000000f8000000)
  from space 16384K, 0% used [0x00000000f8000000,0x00000000f8000000,0x00000000f9000000)
  to   space 30720K, 0% used [0x00000000fa000000,0x00000000fa000000,0x00000000fbe00000)
 ParOldGen       total 349696K, used 349695K [0x00000000e0000000, 0x00000000f5580000, 0x00000000f5580000)
  object space 349696K, 99% used [0x00000000e0000000,0x00000000f557ff18,0x00000000f5580000)
 Metaspace       used 61177K, committed 62208K, reserved 1105920K
  class space    used 5986K, committed 6464K, reserved 1048576K
}
Event: 799.551 GC heap before
{Heap before GC invocations=581 (full 489):
 PSYoungGen      total 59904K, used 43519K [0x00000000f5580000, 0x00000000fbe00000, 0x0000000100000000)
  eden space 43520K, 99% used [0x00000000f5580000,0x00000000f7fffff8,0x00000000f8000000)
  from space 16384K, 0% used [0x00000000f8000000,0x00000000f8000000,0x00000000f9000000)
  to   space 30720K, 0% used [0x00000000fa000000,0x00000000fa000000,0x00000000fbe00000)
 ParOldGen       total 349696K, used 349695K [0x00000000e0000000, 0x00000000f5580000, 0x00000000f5580000)
  object space 349696K, 99% used [0x00000000e0000000,0x00000000f557ff18,0x00000000f5580000)
 Metaspace       used 61177K, committed 62208K, reserved 1105920K
  class space    used 5986K, committed 6464K, reserved 1048576K
}
Event: 801.034 GC heap after
{Heap after GC invocations=581 (full 489):
 PSYoungGen      total 74240K, used 43519K [0x00000000f5580000, 0x00000000fbe00000, 0x0000000100000000)
  eden space 43520K, 99% used [0x00000000f5580000,0x00000000f7fffff8,0x00000000f8000000)
  from space 30720K, 0% used [0x00000000fa000000,0x00000000fa000000,0x00000000fbe00000)
  to   space 16384K, 0% used [0x00000000f8000000,0x00000000f8000000,0x00000000f9000000)
 ParOldGen       total 349696K, used 349695K [0x00000000e0000000, 0x00000000f5580000, 0x00000000f5580000)
  object space 349696K, 99% used [0x00000000e0000000,0x00000000f557ff18,0x00000000f5580000)
 Metaspace       used 61177K, committed 62208K, reserved 1105920K
  class space    used 5986K, committed 6464K, reserved 1048576K
}
Event: 801.035 GC heap before
{Heap before GC invocations=582 (full 490):
 PSYoungGen      total 74240K, used 43519K [0x00000000f5580000, 0x00000000fbe00000, 0x0000000100000000)
  eden space 43520K, 99% used [0x00000000f5580000,0x00000000f7fffff8,0x00000000f8000000)
  from space 30720K, 0% used [0x00000000fa000000,0x00000000fa000000,0x00000000fbe00000)
  to   space 16384K, 0% used [0x00000000f8000000,0x00000000f8000000,0x00000000f9000000)
 ParOldGen       total 349696K, used 349695K [0x00000000e0000000, 0x00000000f5580000, 0x00000000f5580000)
  object space 349696K, 99% used [0x00000000e0000000,0x00000000f557fff8,0x00000000f5580000)
 Metaspace       used 61177K, committed 62208K, reserved 1105920K
  class space    used 5986K, committed 6464K, reserved 1048576K
}
Event: 802.557 GC heap after
{Heap after GC invocations=582 (full 490):
 PSYoungGen      total 59904K, used 43519K [0x00000000f5580000, 0x00000000fbe00000, 0x0000000100000000)
  eden space 43520K, 99% used [0x00000000f5580000,0x00000000f7fffff8,0x00000000f8000000)
  from space 16384K, 0% used [0x00000000f8000000,0x00000000f8000000,0x00000000f9000000)
  to   space 30720K, 0% used [0x00000000fa000000,0x00000000fa000000,0x00000000fbe00000)
 ParOldGen       total 349696K, used 349695K [0x00000000e0000000, 0x00000000f5580000, 0x00000000f5580000)
  object space 349696K, 99% used [0x00000000e0000000,0x00000000f557ff18,0x00000000f5580000)
 Metaspace       used 61177K, committed 62208K, reserved 1105920K
  class space    used 5986K, committed 6464K, reserved 1048576K
}
Event: 802.557 GC heap before
{Heap before GC invocations=583 (full 491):
 PSYoungGen      total 59904K, used 43519K [0x00000000f5580000, 0x00000000fbe00000, 0x0000000100000000)
  eden space 43520K, 99% used [0x00000000f5580000,0x00000000f7fffff8,0x00000000f8000000)
  from space 16384K, 0% used [0x00000000f8000000,0x00000000f8000000,0x00000000f9000000)
  to   space 30720K, 0% used [0x00000000fa000000,0x00000000fa000000,0x00000000fbe00000)
 ParOldGen       total 349696K, used 349695K [0x00000000e0000000, 0x00000000f5580000, 0x00000000f5580000)
  object space 349696K, 99% used [0x00000000e0000000,0x00000000f557fff8,0x00000000f5580000)
 Metaspace       used 61177K, committed 62208K, reserved 1105920K
  class space    used 5986K, committed 6464K, reserved 1048576K
}
Event: 804.167 GC heap after
{Heap after GC invocations=583 (full 491):
 PSYoungGen      total 74240K, used 43519K [0x00000000f5580000, 0x00000000fbe00000, 0x0000000100000000)
  eden space 43520K, 99% used [0x00000000f5580000,0x00000000f7fffff8,0x00000000f8000000)
  from space 30720K, 0% used [0x00000000fa000000,0x00000000fa000000,0x00000000fbe00000)
  to   space 16384K, 0% used [0x00000000f8000000,0x00000000f8000000,0x00000000f9000000)
 ParOldGen       total 349696K, used 349695K [0x00000000e0000000, 0x00000000f5580000, 0x00000000f5580000)
  object space 349696K, 99% used [0x00000000e0000000,0x00000000f557ff18,0x00000000f5580000)
 Metaspace       used 61177K, committed 62208K, reserved 1105920K
  class space    used 5986K, committed 6464K, reserved 1048576K
}
Event: 804.167 GC heap before
{Heap before GC invocations=584 (full 492):
 PSYoungGen      total 74240K, used 43519K [0x00000000f5580000, 0x00000000fbe00000, 0x0000000100000000)
  eden space 43520K, 99% used [0x00000000f5580000,0x00000000f7fffff8,0x00000000f8000000)
  from space 30720K, 0% used [0x00000000fa000000,0x00000000fa000000,0x00000000fbe00000)
  to   space 16384K, 0% used [0x00000000f8000000,0x00000000f8000000,0x00000000f9000000)
 ParOldGen       total 349696K, used 349695K [0x00000000e0000000, 0x00000000f5580000, 0x00000000f5580000)
  object space 349696K, 99% used [0x00000000e0000000,0x00000000f557ff38,0x00000000f5580000)
 Metaspace       used 61177K, committed 62208K, reserved 1105920K
  class space    used 5986K, committed 6464K, reserved 1048576K
}
Event: 805.539 GC heap after
{Heap after GC invocations=584 (full 492):
 PSYoungGen      total 59904K, used 43519K [0x00000000f5580000, 0x00000000fbe00000, 0x0000000100000000)
  eden space 43520K, 99% used [0x00000000f5580000,0x00000000f7fffff8,0x00000000f8000000)
  from space 16384K, 0% used [0x00000000f8000000,0x00000000f8000000,0x00000000f9000000)
  to   space 30720K, 0% used [0x00000000fa000000,0x00000000fa000000,0x00000000fbe00000)
 ParOldGen       total 349696K, used 349695K [0x00000000e0000000, 0x00000000f5580000, 0x00000000f5580000)
  object space 349696K, 99% used [0x00000000e0000000,0x00000000f557ff18,0x00000000f5580000)
 Metaspace       used 61177K, committed 62208K, reserved 1105920K
  class space    used 5986K, committed 6464K, reserved 1048576K
}
Event: 805.539 GC heap before
{Heap before GC invocations=585 (full 493):
 PSYoungGen      total 59904K, used 43519K [0x00000000f5580000, 0x00000000fbe00000, 0x0000000100000000)
  eden space 43520K, 99% used [0x00000000f5580000,0x00000000f7fffff8,0x00000000f8000000)
  from space 16384K, 0% used [0x00000000f8000000,0x00000000f8000000,0x00000000f9000000)
  to   space 30720K, 0% used [0x00000000fa000000,0x00000000fa000000,0x00000000fbe00000)
 ParOldGen       total 349696K, used 349695K [0x00000000e0000000, 0x00000000f5580000, 0x00000000f5580000)
  object space 349696K, 99% used [0x00000000e0000000,0x00000000f557ff18,0x00000000f5580000)
 Metaspace       used 61177K, committed 62208K, reserved 1105920K
  class space    used 5986K, committed 6464K, reserved 1048576K
}
Event: 807.066 GC heap after
{Heap after GC invocations=585 (full 493):
 PSYoungGen      total 74240K, used 43519K [0x00000000f5580000, 0x00000000fbe00000, 0x0000000100000000)
  eden space 43520K, 99% used [0x00000000f5580000,0x00000000f7fffff8,0x00000000f8000000)
  from space 30720K, 0% used [0x00000000fa000000,0x00000000fa000000,0x00000000fbe00000)
  to   space 16384K, 0% used [0x00000000f8000000,0x00000000f8000000,0x00000000f9000000)
 ParOldGen       total 349696K, used 349695K [0x00000000e0000000, 0x00000000f5580000, 0x00000000f5580000)
  object space 349696K, 99% used [0x00000000e0000000,0x00000000f557ff18,0x00000000f5580000)
 Metaspace       used 61177K, committed 62208K, reserved 1105920K
  class space    used 5986K, committed 6464K, reserved 1048576K
}

Dll operation events (9 events):
Event: 0.004 Loaded shared library /nix/store/gpxl5qgg8kicmcvivwmybwjlpf7wh20l-graalvm17-ce-22.3.0/lib/libjava.so
Event: 0.033 Loaded shared library /nix/store/gpxl5qgg8kicmcvivwmybwjlpf7wh20l-graalvm17-ce-22.3.0/lib/libjsvml.so
Event: 0.236 Loaded shared library /nix/store/gpxl5qgg8kicmcvivwmybwjlpf7wh20l-graalvm17-ce-22.3.0/lib/libnio.so
Event: 0.239 Loaded shared library /nix/store/gpxl5qgg8kicmcvivwmybwjlpf7wh20l-graalvm17-ce-22.3.0/lib/libzip.so
Event: 0.243 Loaded shared library /nix/store/gpxl5qgg8kicmcvivwmybwjlpf7wh20l-graalvm17-ce-22.3.0/lib/libjvmcicompiler.so
Event: 0.658 Loaded shared library /nix/store/gpxl5qgg8kicmcvivwmybwjlpf7wh20l-graalvm17-ce-22.3.0/lib/libjimage.so
Event: 1.228 Loaded shared library /nix/store/gpxl5qgg8kicmcvivwmybwjlpf7wh20l-graalvm17-ce-22.3.0/lib/libnet.so
Event: 4.715 Loaded shared library /home/runner/.cache/jdt-language-server/config/org.eclipse.equinox.launcher/org.eclipse.equinox.launcher.gtk.linux.x86_64_1.2.400.v20211117-0650/eclipse_11600.so
Event: 13.024 Loaded shared library /nix/store/gpxl5qgg8kicmcvivwmybwjlpf7wh20l-graalvm17-ce-22.3.0/lib/libextnet.so

Deoptimization events (20 events):
Event: 108.933 Thread 0x00007f841c114360 DEOPT PACKING pc=0x00007f8493b40767 sp=0x00007f845aafe020
Event: 108.933 Thread 0x00007f841c114360 DEOPT UNPACKING pc=0x00007f8493505325 sp=0x00007f845aafd4b8 mode 0
Event: 114.249 Thread 0x00007f844430cd00 Uncommon trap: trap_request=0xffffffcd fr.pc=0x00007f849b1f9386 relative=0x00000000000009c6
Event: 114.249 Thread 0x00007f844430cd00 Uncommon trap: reason=intrinsic_or_type_checked_inlining action=reinterpret pc=0x00007f849b1f9386 method=org.eclipse.jdt.internal.core.JavaModelManager.removeInfoAndChildren(Lorg/eclipse/jdt/internal/core/JavaElement;)Ljava/lang/Object; @ 8 jvmci
Event: 114.249 Thread 0x00007f844430cd00 DEOPT PACKING pc=0x00007f849b1f9386 sp=0x00007f845a9fe3c0
Event: 114.249 Thread 0x00007f844430cd00 DEOPT UNPACKING pc=0x00007f8493505325 sp=0x00007f845a9fd860 mode 3
Event: 129.628 Thread 0x00007f84ac4d9dc0 DEOPT PACKING pc=0x00007f849482c040 sp=0x00007f8459dfd5b0
Event: 129.628 Thread 0x00007f84ac4d9dc0 DEOPT UNPACKING pc=0x00007f8493505325 sp=0x00007f8459dfcb60 mode 0
Event: 133.026 Thread 0x00007f8418001130 Uncommon trap: trap_request=0xffffffed fr.pc=0x00007f849b1fc50b relative=0x0000000000000ceb
Event: 133.026 Thread 0x00007f8418001130 Uncommon trap: reason=null_assert_or_unreached0 action=reinterpret pc=0x00007f849b1fc50b method=org.eclipse.jdt.internal.compiler.parser.diagnose.DiagnoseParser.misspell(II)I @ 171 jvmci
Event: 133.026 Thread 0x00007f8418001130 DEOPT PACKING pc=0x00007f849b1fc50b sp=0x00007f8459bfdbb0
Event: 133.026 Thread 0x00007f8418001130 DEOPT UNPACKING pc=0x00007f8493505325 sp=0x00007f8459bfd010 mode 3
Event: 137.735 Thread 0x00007f84ac4d9dc0 Uncommon trap: trap_request=0xffffffcd fr.pc=0x00007f849b2050ce relative=0x00000000000002ce
Event: 137.735 Thread 0x00007f84ac4d9dc0 Uncommon trap: reason=intrinsic_or_type_checked_inlining action=reinterpret pc=0x00007f849b2050ce method=org.eclipse.jdt.internal.core.PackageFragmentRoot.getPath()Lorg/eclipse/core/runtime/IPath; @ 0 jvmci
Event: 137.735 Thread 0x00007f84ac4d9dc0 DEOPT PACKING pc=0x00007f849b2050ce sp=0x00007f8459dfd2e0
Event: 137.735 Thread 0x00007f84ac4d9dc0 DEOPT UNPACKING pc=0x00007f8493505325 sp=0x00007f8459dfc798 mode 3
Event: 410.637 Thread 0x00007f8414388cf0 Uncommon trap: trap_request=0xffffffed fr.pc=0x00007f849b09d1e3 relative=0x0000000000000143
Event: 410.637 Thread 0x00007f8414388cf0 Uncommon trap: reason=null_assert_or_unreached0 action=reinterpret pc=0x00007f849b09d1e3 method=java.util.concurrent.locks.AbstractQueuedSynchronizer.compareAndSetState(II)Z @ 12 jvmci
Event: 410.637 Thread 0x00007f8414388cf0 DEOPT PACKING pc=0x00007f849b09d1e3 sp=0x00007f845adfe580
Event: 410.637 Thread 0x00007f8414388cf0 DEOPT UNPACKING pc=0x00007f8493505325 sp=0x00007f845adfd8e0 mode 3

Classes unloaded (20 events):
Event: 107.757 Thread 0x00007f84ac0a1c10 Unloading class 0x0000000800da4800 'java/lang/invoke/LambdaForm$MH+0x0000000800da4800'
Event: 107.757 Thread 0x00007f84ac0a1c10 Unloading class 0x0000000800da4400 'java/lang/invoke/LambdaForm$MH+0x0000000800da4400'
Event: 107.757 Thread 0x00007f84ac0a1c10 Unloading class 0x0000000800da4000 'jdk/internal/reflect/GeneratedConstructorAccessor3'
Event: 107.757 Thread 0x00007f84ac0a1c10 Unloading class 0x0000000800d06800 'java/lang/invoke/LambdaForm$MH+0x0000000800d06800'
Event: 107.757 Thread 0x00007f84ac0a1c10 Unloading class 0x0000000800d06000 'java/lang/invoke/LambdaForm$MH+0x0000000800d06000'
Event: 107.757 Thread 0x00007f84ac0a1c10 Unloading class 0x0000000800d05c00 'java/lang/invoke/LambdaForm$MH+0x0000000800d05c00'
Event: 107.757 Thread 0x00007f84ac0a1c10 Unloading class 0x0000000800d05800 'java/lang/invoke/LambdaForm$MH+0x0000000800d05800'
Event: 107.757 Thread 0x00007f84ac0a1c10 Unloading class 0x0000000800d05000 'java/lang/invoke/LambdaForm$MH+0x0000000800d05000'
Event: 107.757 Thread 0x00007f84ac0a1c10 Unloading class 0x0000000800d04c00 'java/lang/invoke/LambdaForm$MH+0x0000000800d04c00'
Event: 107.757 Thread 0x00007f84ac0a1c10 Unloading class 0x0000000800d04800 'java/lang/invoke/LambdaForm$MH+0x0000000800d04800'
Event: 107.757 Thread 0x00007f84ac0a1c10 Unloading class 0x0000000800d04000 'java/lang/invoke/LambdaForm$MH+0x0000000800d04000'
Event: 107.757 Thread 0x00007f84ac0a1c10 Unloading class 0x0000000800c1d000 'jdk/internal/reflect/GeneratedMethodAccessor5'
Event: 107.757 Thread 0x00007f84ac0a1c10 Unloading class 0x0000000800c1cc00 'jdk/internal/reflect/GeneratedMethodAccessor4'
Event: 107.757 Thread 0x00007f84ac0a1c10 Unloading class 0x0000000800c1c800 'jdk/internal/reflect/GeneratedMethodAccessor3'
Event: 107.757 Thread 0x00007f84ac0a1c10 Unloading class 0x0000000800c1c400 'jdk/internal/reflect/GeneratedMethodAccessor2'
Event: 107.757 Thread 0x00007f84ac0a1c10 Unloading class 0x0000000800c1c000 'jdk/internal/reflect/GeneratedMethodAccessor1'
Event: 107.757 Thread 0x00007f84ac0a1c10 Unloading class 0x0000000800c01c00 'java/lang/invoke/LambdaForm$DMH+0x0000000800c01c00'
Event: 267.831 Thread 0x00007f84ac0a1c10 Unloading class 0x0000000801140000 'jdk/internal/reflect/GeneratedConstructorAccessor45'
Event: 759.454 Thread 0x00007f84ac0a1c10 Unloading class 0x0000000801138000 'java/lang/invoke/LambdaForm$MH+0x0000000801138000'
Event: 759.454 Thread 0x00007f84ac0a1c10 Unloading class 0x0000000801140000 'java/lang/invoke/LambdaForm$MH+0x0000000801140000'

Classes redefined (0 events):
No events

Internal exceptions (20 events):
Event: 47.027 Thread 0x00007f841c12b8a0 Exception <a 'java/lang/NoSuchMethodError'{0x00000000f5e027d8}: 'java.lang.Object java.lang.invoke.DirectMethodHandle$Holder.newInvokeSpecial(java.lang.Object, int, java.lang.Object, java.lang.Object, java.lang.Object)'> (0x00000000f5e027d8) 
thrown [src/hotspot/share/interpreter/linkResolver.cpp, line 758]
Event: 47.619 Thread 0x00007f841c12b8a0 Exception <a 'java/lang/NoSuchMethodError'{0x00000000f59beea0}: 'void java.lang.invoke.DirectMethodHandle$Holder.invokeSpecial(java.lang.Object, java.lang.Object, int)'> (0x00000000f59beea0) 
thrown [src/hotspot/share/interpreter/linkResolver.cpp, line 758]
Event: 48.515 Thread 0x00007f841c12b8a0 Exception <a 'java/lang/NoSuchMethodError'{0x00000000f57e6758}: 'int java.lang.invoke.DirectMethodHandle$Holder.invokeSpecialIFC(java.lang.Object, java.lang.Object, java.lang.Object, java.lang.Object)'> (0x00000000f57e6758) 
thrown [src/hotspot/share/interpreter/linkResolver.cpp, line 758]
Event: 49.950 Thread 0x00007f8444489240 Implicit null exception at 0x00007f849b1a61b5 to 0x00007f849b1a66e1
Event: 55.717 Thread 0x00007f841c130020 Exception <a 'java/lang/ArrayIndexOutOfBoundsException'{0x00000000f5b23658}: Index 288 out of bounds for length 288> (0x00000000f5b23658) 
thrown [src/hotspot/share/interpreter/interpreterRuntime.cpp, line 428]
Event: 55.717 Thread 0x00007f841c130020 Exception <a 'java/lang/ArrayIndexOutOfBoundsException'{0x00000000f5b23ac8}: Index 288 out of bounds for length 288> (0x00000000f5b23ac8) 
thrown [src/hotspot/share/interpreter/interpreterRuntime.cpp, line 428]
Event: 55.717 Thread 0x00007f841c130020 Exception <a 'java/lang/ArrayIndexOutOfBoundsException'{0x00000000f5b23e30}: Index 289 out of bounds for length 288> (0x00000000f5b23e30) 
thrown [src/hotspot/share/interpreter/interpreterRuntime.cpp, line 428]
Event: 66.173 Thread 0x00007f841c130020 Exception <a 'java/lang/ArrayIndexOutOfBoundsException'{0x00000000f55e7688}: Index 296 out of bounds for length 296> (0x00000000f55e7688) 
thrown [src/hotspot/share/interpreter/interpreterRuntime.cpp, line 428]
Event: 66.173 Thread 0x00007f841c130020 Exception <a 'java/lang/ArrayIndexOutOfBoundsException'{0x00000000f55e79f0}: Index 296 out of bounds for length 296> (0x00000000f55e79f0) 
thrown [src/hotspot/share/interpreter/interpreterRuntime.cpp, line 428]
Event: 66.173 Thread 0x00007f841c130020 Exception <a 'java/lang/ArrayIndexOutOfBoundsException'{0x00000000f55e7d58}: Index 297 out of bounds for length 296> (0x00000000f55e7d58) 
thrown [src/hotspot/share/interpreter/interpreterRuntime.cpp, line 428]
Event: 74.330 Thread 0x00007f841c114360 Exception <a 'java/lang/ArrayIndexOutOfBoundsException'{0x00000000f75258d0}: Index 305 out of bounds for length 305> (0x00000000f75258d0) 
thrown [src/hotspot/share/interpreter/interpreterRuntime.cpp, line 428]
Event: 74.330 Thread 0x00007f841c114360 Exception <a 'java/lang/ArrayIndexOutOfBoundsException'{0x00000000f7525c38}: Index 305 out of bounds for length 305> (0x00000000f7525c38) 
thrown [src/hotspot/share/interpreter/interpreterRuntime.cpp, line 428]
Event: 74.330 Thread 0x00007f841c114360 Exception <a 'java/lang/ArrayIndexOutOfBoundsException'{0x00000000f7525fa0}: Index 306 out of bounds for length 305> (0x00000000f7525fa0) 
thrown [src/hotspot/share/interpreter/interpreterRuntime.cpp, line 428]
Event: 79.722 Thread 0x00007f841c114360 Exception <a 'java/lang/ArrayIndexOutOfBoundsException'{0x00000000f7bdce98}: Index 305 out of bounds for length 305> (0x00000000f7bdce98) 
thrown [src/hotspot/share/interpreter/interpreterRuntime.cpp, line 428]
Event: 79.722 Thread 0x00007f841c114360 Exception <a 'java/lang/ArrayIndexOutOfBoundsException'{0x00000000f7bdd200}: Index 305 out of bounds for length 305> (0x00000000f7bdd200) 
thrown [src/hotspot/share/interpreter/interpreterRuntime.cpp, line 428]
Event: 79.722 Thread 0x00007f841c114360 Exception <a 'java/lang/ArrayIndexOutOfBoundsException'{0x00000000f7bdd568}: Index 306 out of bounds for length 305> (0x00000000f7bdd568) 
thrown [src/hotspot/share/interpreter/interpreterRuntime.cpp, line 428]
Event: 89.415 Thread 0x00007f841c114360 Exception <a 'java/lang/ArrayIndexOutOfBoundsException'{0x00000000f7f59ed0}: Index 305 out of bounds for length 305> (0x00000000f7f59ed0) 
thrown [src/hotspot/share/interpreter/interpreterRuntime.cpp, line 428]
Event: 89.415 Thread 0x00007f841c114360 Exception <a 'java/lang/ArrayIndexOutOfBoundsException'{0x00000000f7f5a238}: Index 305 out of bounds for length 305> (0x00000000f7f5a238) 
thrown [src/hotspot/share/interpreter/interpreterRuntime.cpp, line 428]
Event: 89.415 Thread 0x00007f841c114360 Exception <a 'java/lang/ArrayIndexOutOfBoundsException'{0x00000000f7f5a5a0}: Index 306 out of bounds for length 305> (0x00000000f7f5a5a0) 
thrown [src/hotspot/share/interpreter/interpreterRuntime.cpp, line 428]
Event: 807.066 Thread 0x00007f84ac0b21d0 Exception <a 'java/lang/OutOfMemoryError'{0x00000000e0004290}> (0x00000000e0004290) 
thrown [src/hotspot/share/gc/shared/memAllocator.cpp, line 136]

VM Operations (20 events):
Event: 792.336 Executing VM operation: ParallelGCFailedAllocation done
Event: 792.337 Executing VM operation: ParallelGCFailedAllocation
Event: 793.728 Executing VM operation: ParallelGCFailedAllocation done
Event: 793.728 Executing VM operation: ParallelGCFailedAllocation
Event: 795.062 Executing VM operation: ParallelGCFailedAllocation done
Event: 795.062 Executing VM operation: ParallelGCFailedAllocation
Event: 796.533 Executing VM operation: ParallelGCFailedAllocation done
Event: 796.534 Executing VM operation: ParallelGCFailedAllocation
Event: 797.968 Executing VM operation: ParallelGCFailedAllocation done
Event: 797.968 Executing VM operation: ParallelGCFailedAllocation
Event: 799.551 Executing VM operation: ParallelGCFailedAllocation done
Event: 799.551 Executing VM operation: ParallelGCFailedAllocation
Event: 801.034 Executing VM operation: ParallelGCFailedAllocation done
Event: 801.035 Executing VM operation: ParallelGCFailedAllocation
Event: 802.557 Executing VM operation: ParallelGCFailedAllocation done
Event: 802.557 Executing VM operation: ParallelGCFailedAllocation
Event: 804.167 Executing VM operation: ParallelGCFailedAllocation done
Event: 804.167 Executing VM operation: ParallelGCFailedAllocation
Event: 807.066 Executing VM operation: ParallelGCFailedAllocation done
Event: 807.067 Executing VM operation: ParallelGCFailedAllocation

Events (20 events):
Event: 340.218 loading class java/time/ZonedDateTime done
Event: 359.641 loading class java/util/logging/LogRecord$CallerFinder
Event: 359.642 loading class java/util/logging/LogRecord$CallerFinder done
Event: 415.611 Thread 0x00007f8414388cf0 Thread exited: 0x00007f8414388cf0
Event: 436.091 Thread 0x00007f843c004080 Thread exited: 0x00007f843c004080
Event: 460.631 Thread 0x00007f8414389520 Thread exited: 0x00007f8414389520
Event: 510.270 loading class java/lang/StackStreamFactory
Event: 510.270 loading class java/lang/StackStreamFactory done
Event: 513.375 loading class java/lang/StackWalker$ExtendedOption
Event: 513.376 loading class java/lang/StackWalker$ExtendedOption done
Event: 514.934 loading class java/lang/StackStreamFactory$StackFrameTraverser
Event: 514.935 loading class java/lang/StackStreamFactory$StackFrameTraverser done
Event: 514.935 loading class java/lang/StackStreamFactory$WalkerState
Event: 514.935 loading class java/lang/StackStreamFactory$WalkerState done
Event: 514.935 loading class java/lang/StackStreamFactory$1
Event: 514.935 loading class java/lang/StackStreamFactory$1 done
Event: 514.935 loading class java/lang/StackStreamFactory$StackFrameTraverser$StackFrameBuffer
Event: 514.935 loading class java/lang/StackStreamFactory$FrameBuffer
Event: 514.935 loading class java/lang/StackStreamFactory$FrameBuffer done
Event: 514.935 loading class java/lang/StackStreamFactory$StackFrameTraverser$StackFrameBuffer done


Dynamic libraries:
e0000000-f5580000 rw-p 00000000 00:00 0 
f5580000-fbe00000 rw-p 00000000 00:00 0 
fbe00000-100000000 ---p 00000000 00:00 0 
800000000-800449000 rw-p 00001000 00:f09 4611686019135357769             /nix/store/gpxl5qgg8kicmcvivwmybwjlpf7wh20l-graalvm17-ce-22.3.0/lib/server/classes.jsa
800449000-800bc8000 r--p 0044a000 00:f09 4611686019135357769             /nix/store/gpxl5qgg8kicmcvivwmybwjlpf7wh20l-graalvm17-ce-22.3.0/lib/server/classes.jsa
800bc8000-800c00000 ---p 00000000 00:00 0 
800c00000-800c20000 rw-p 00000000 00:00 0 
800c20000-800c40000 rw-p 00000000 00:00 0 
800c40000-800cc0000 rw-p 00000000 00:00 0 
800cc0000-800d00000 rw-p 00000000 00:00 0 
800d00000-800dc0000 rw-p 00000000 00:00 0 
800dc0000-800e00000 rw-p 00000000 00:00 0 
800e00000-800f40000 rw-p 00000000 00:00 0 
800f40000-800fc0000 rw-p 00000000 00:00 0 
800fc0000-801000000 rw-p 00000000 00:00 0 
801000000-801250000 rw-p 00000000 00:00 0 
801250000-840c00000 ---p 00000000 00:00 0 
55ee2c28f000-55ee2c290000 r-xp 00000000 00:f09 4611686019099417844       /nix/store/gpxl5qgg8kicmcvivwmybwjlpf7wh20l-graalvm17-ce-22.3.0/bin/.java-wrapped
55ee2c291000-55ee2c292000 r--p 00001000 00:f09 4611686019099417844       /nix/store/gpxl5qgg8kicmcvivwmybwjlpf7wh20l-graalvm17-ce-22.3.0/bin/.java-wrapped
55ee2c292000-55ee2c293000 rw-p 00002000 00:f09 4611686019099417844       /nix/store/gpxl5qgg8kicmcvivwmybwjlpf7wh20l-graalvm17-ce-22.3.0/bin/.java-wrapped
55ee2c293000-55ee2c294000 rw-p 00004000 00:f09 4611686019099417844       /nix/store/gpxl5qgg8kicmcvivwmybwjlpf7wh20l-graalvm17-ce-22.3.0/bin/.java-wrapped
55ee2c294000-55ee2c295000 rw-p 00005000 00:f09 4611686019099417844       /nix/store/gpxl5qgg8kicmcvivwmybwjlpf7wh20l-graalvm17-ce-22.3.0/bin/.java-wrapped
55ee2e0b2000-55ee2e0fa000 rw-p 00000000 00:00 0                          [heap]
7f83e0000000-7f83e0021000 rw-p 00000000 00:00 0 
7f83e0021000-7f83e4000000 ---p 00000000 00:00 0 
7f83e4000000-7f83e4021000 rw-p 00000000 00:00 0 
7f83e4021000-7f83e8000000 ---p 00000000 00:00 0 
7f83e8000000-7f83e8190000 rw-p 00000000 00:00 0 
7f83e8190000-7f83ec000000 ---p 00000000 00:00 0 
7f83ec000000-7f83ec021000 rw-p 00000000 00:00 0 
7f83ec021000-7f83f0000000 ---p 00000000 00:00 0 
7f83f0000000-7f83f0021000 rw-p 00000000 00:00 0 
7f83f0021000-7f83f4000000 ---p 00000000 00:00 0 
7f83f4000000-7f83f4021000 rw-p 00000000 00:00 0 
7f83f4021000-7f83f8000000 ---p 00000000 00:00 0 
7f83f8000000-7f83f8021000 rw-p 00000000 00:00 0 
7f83f8021000-7f83fc000000 ---p 00000000 00:00 0 
7f83fc000000-7f83fc021000 rw-p 00000000 00:00 0 
7f83fc021000-7f8400000000 ---p 00000000 00:00 0 
7f8400000000-7f8400021000 rw-p 00000000 00:00 0 
7f8400021000-7f8404000000 ---p 00000000 00:00 0 
7f8405400000-7f8405560000 rw-p 00000000 00:00 0 
7f8405560000-7f8405a50000 rw-p 00000000 00:00 0 
7f8405a50000-7f8405b00000 ---p 00000000 00:00 0 
7f8405b00000-7f8405b20000 rw-p 00000000 00:00 0 
7f8405b20000-7f8405c00000 ---p 00000000 00:00 0 
7f8405c00000-7f8405d80000 rw-p 00000000 00:00 0 
7f8405d80000-7f8405e00000 rw-p 00000000 00:00 0 
7f8405e00000-7f8406380000 rw-p 00000000 00:00 0 
7f8406380000-7f8406400000 rw-p 00000000 00:00 0 
7f84064b3000-7f8410000000 r--s 00000000 00:f09 4611686019135192581       /nix/store/gpxl5qgg8kicmcvivwmybwjlpf7wh20l-graalvm17-ce-22.3.0/lib/modules
7f8410000000-7f84100fd000 rw-p 00000000 00:00 0 
7f84100fd000-7f8414000000 ---p 00000000 00:00 0 
7f8414000000-7f84144f6000 rw-p 00000000 00:00 0 
7f84144f6000-7f8418000000 ---p 00000000 00:00 0 
7f8418000000-7f8418160000 rw-p 00000000 00:00 0 
7f8418160000-7f841c000000 ---p 00000000 00:00 0 
7f841c000000-7f841c14a000 rw-p 00000000 00:00 0 
7f841c14a000-7f8420000000 ---p 00000000 00:00 0 
7f8420000000-7f8420021000 rw-p 00000000 00:00 0 
7f8420021000-7f8424000000 ---p 00000000 00:00 0 
7f8424000000-7f8424021000 rw-p 00000000 00:00 0 
7f8424021000-7f8428000000 ---p 00000000 00:00 0 
7f8428000000-7f842832c000 rw-p 00000000 00:00 0 
7f842832c000-7f842c000000 ---p 00000000 00:00 0 
7f842c000000-7f842c056000 rw-p 00000000 00:00 0 
7f842c056000-7f8430000000 ---p 00000000 00:00 0 
7f8430000000-7f8430021000 rw-p 00000000 00:00 0 
7f8430021000-7f8434000000 ---p 00000000 00:00 0 
7f8434000000-7f843404f000 rw-p 00000000 00:00 0 
7f843404f000-7f8438000000 ---p 00000000 00:00 0 
7f8438000000-7f8438021000 rw-p 00000000 00:00 0 
7f8438021000-7f843c000000 ---p 00000000 00:00 0 
7f843c000000-7f843c021000 rw-p 00000000 00:00 0 
7f843c021000-7f8440000000 ---p 00000000 00:00 0 
7f8440000000-7f8440025000 rw-p 00000000 00:00 0 
7f8440025000-7f8444000000 ---p 00000000 00:00 0 
7f8444000000-7f84448d6000 rw-p 00000000 00:00 0 
7f84448d6000-7f8448000000 ---p 00000000 00:00 0 
7f8449000000-7f8449100000 rw-p 00000000 00:00 0 
7f8449100000-7f8449200000 rw-p 00000000 00:00 0 
7f8449200000-7f8449800000 rw-p 00000000 00:00 0 
7f8449800000-7f8449900000 rw-p 00000000 00:00 0 
7f8449900000-7f8449a00000 rw-p 00000000 00:00 0 
7f8449a00000-7f8449b00000 rw-p 00000000 00:00 0 
7f8449b00000-7f8449d00000 rw-p 00000000 00:00 0 
7f8449d00000-7f8449e00000 rw-p 00000000 00:00 0 
7f8449e00000-7f844a000000 rw-p 00000000 00:00 0 
7f844a000000-7f844a100000 rw-p 00000000 00:00 0 
7f844a100000-7f844a200000 rw-p 00000000 00:00 0 
7f844a200000-7f844a800000 rw-p 00000000 00:00 0 
7f844a800000-7f844a900000 rw-p 00000000 00:00 0 
7f844a900000-7f844aa00000 rw-p 00000000 00:00 0 
7f844aa00000-7f844ad00000 rw-p 00000000 00:00 0 
7f844ad00000-7f844ae00000 rw-p 00000000 00:00 0 
7f844ae00000-7f844b000000 rw-p 00000000 00:00 0 
7f844b200000-7f844b210000 r-xp 00000000 00:f06 358                       /home/runner/.cache/jdt-language-server/config/org.eclipse.equinox.launcher/org.eclipse.equinox.launcher.gtk.linux.x86_64_1.2.400.v20211117-0650/eclipse_11600.so
7f844b210000-7f844b40f000 ---p 00010000 00:f06 358                       /home/runner/.cache/jdt-language-server/config/org.eclipse.equinox.launcher/org.eclipse.equinox.launcher.gtk.linux.x86_64_1.2.400.v20211117-0650/eclipse_11600.so
7f844b40f000-7f844b410000 r--p 0000f000 00:f06 358                       /home/runner/.cache/jdt-language-server/config/org.eclipse.equinox.launcher/org.eclipse.equinox.launcher.gtk.linux.x86_64_1.2.400.v20211117-0650/eclipse_11600.so
7f844b410000-7f844b411000 rw-p 00010000 00:f06 358                       /home/runner/.cache/jdt-language-server/config/org.eclipse.equinox.launcher/org.eclipse.equinox.launcher.gtk.linux.x86_64_1.2.400.v20211117-0650/eclipse_11600.so
7f844c000000-7f844c021000 rw-p 00000000 00:00 0 
7f844c021000-7f8450000000 ---p 00000000 00:00 0 
7f8450000000-7f8450021000 rw-p 00000000 00:00 0 
7f8450021000-7f8454000000 ---p 00000000 00:00 0 
7f8454000000-7f84540ab000 rw-p 00000000 00:00 0 
7f84540ab000-7f8458000000 ---p 00000000 00:00 0 
7f8458300000-7f8458400000 ---p 00000000 00:00 0 
7f8458400000-7f84589af000 r--p 01122000 00:f09 4611686019135190040       /nix/store/gpxl5qgg8kicmcvivwmybwjlpf7wh20l-graalvm17-ce-22.3.0/lib/libjvmcicompiler.so
7f84589af000-7f8458b00000 r--p 00000000 00:00 0 
7f8458b00000-7f8458b3d000 rw-p 00000000 00:00 0 
7f8458b3d000-7f845905d000 rw-p 0185f000 00:f09 4611686019135190040       /nix/store/gpxl5qgg8kicmcvivwmybwjlpf7wh20l-graalvm17-ce-22.3.0/lib/libjvmcicompiler.so
7f845905d000-7f8459444000 r--p 01d7f000 00:f09 4611686019135190040       /nix/store/gpxl5qgg8kicmcvivwmybwjlpf7wh20l-graalvm17-ce-22.3.0/lib/libjvmcicompiler.so
7f8459500000-7f8459504000 ---p 00000000 00:00 0 
7f8459504000-7f8459600000 rw-p 00000000 00:00 0 
7f8459700000-7f8459704000 ---p 00000000 00:00 0 
7f8459704000-7f8459800000 rw-p 00000000 00:00 0 
7f8459900000-7f8459904000 ---p 00000000 00:00 0 
7f8459904000-7f8459a00000 rw-p 00000000 00:00 0 
7f8459a00000-7f8459a04000 ---p 00000000 00:00 0 
7f8459a04000-7f8459b00000 rw-p 00000000 00:00 0 
7f8459b00000-7f8459b04000 ---p 00000000 00:00 0 
7f8459b04000-7f8459c00000 rw-p 00000000 00:00 0 
7f8459d00000-7f8459d04000 ---p 00000000 00:00 0 
7f8459d04000-7f8459e00000 rw-p 00000000 00:00 0 
7f8459e00000-7f8459e04000 ---p 00000000 00:00 0 
7f8459e04000-7f8459f00000 rw-p 00000000 00:00 0 
7f8459f00000-7f8459f04000 ---p 00000000 00:00 0 
7f8459f04000-7f845a000000 rw-p 00000000 00:00 0 
7f845a100000-7f845a104000 ---p 00000000 00:00 0 
7f845a104000-7f845a200000 rw-p 00000000 00:00 0 
7f845a300000-7f845a304000 ---p 00000000 00:00 0 
7f845a304000-7f845a400000 rw-p 00000000 00:00 0 
7f845a500000-7f845a504000 ---p 00000000 00:00 0 
7f845a504000-7f845a600000 rw-p 00000000 00:00 0 
7f845a600000-7f845a604000 ---p 00000000 00:00 0 
7f845a604000-7f845a700000 rw-p 00000000 00:00 0 
7f845a700000-7f845a704000 ---p 00000000 00:00 0 
7f845a704000-7f845a800000 rw-p 00000000 00:00 0 
7f845a800000-7f845a804000 ---p 00000000 00:00 0 
7f845a804000-7f845a900000 rw-p 00000000 00:00 0 
7f845a900000-7f845a904000 ---p 00000000 00:00 0 
7f845a904000-7f845aa00000 rw-p 00000000 00:00 0 
7f845aa00000-7f845aa04000 ---p 00000000 00:00 0 
7f845aa04000-7f845ab00000 rw-p 00000000 00:00 0 
7f845ab00000-7f845ab04000 ---p 00000000 00:00 0 
7f845ab04000-7f845ac00000 rw-p 00000000 00:00 0 
7f845ad00000-7f845ad04000 ---p 00000000 00:00 0 
7f845ad04000-7f845ae00000 rw-p 00000000 00:00 0 
7f845ba68000-7f845bf00000 rw-p 00000000 00:00 0 
7f845c000000-7f845c021000 rw-p 00000000 00:00 0 
7f845c021000-7f8460000000 ---p 00000000 00:00 0 
7f8460000000-7f8460021000 rw-p 00000000 00:00 0 
7f8460021000-7f8464000000 ---p 00000000 00:00 0 
7f8464000000-7f8464021000 rw-p 00000000 00:00 0 
7f8464021000-7f8468000000 ---p 00000000 00:00 0 
7f8468000000-7f8468021000 rw-p 00000000 00:00 0 
7f8468021000-7f846c000000 ---p 00000000 00:00 0 
7f846c000000-7f846c0d1000 rw-p 00000000 00:00 0 
7f846c0d1000-7f8470000000 ---p 00000000 00:00 0 
7f8470000000-7f8470ac6000 rw-p 00000000 00:00 0 
7f8470ac6000-7f8474000000 ---p 00000000 00:00 0 
7f8474000000-7f8474021000 rw-p 00000000 00:00 0 
7f8474021000-7f8478000000 ---p 00000000 00:00 0 
7f8478000000-7f8478021000 rw-p 00000000 00:00 0 
7f8478021000-7f847c000000 ---p 00000000 00:00 0 
7f847c000000-7f847c021000 rw-p 00000000 00:00 0 
7f847c021000-7f8480000000 ---p 00000000 00:00 0 
7f8480000000-7f8480021000 rw-p 00000000 00:00 0 
7f8480021000-7f8484000000 ---p 00000000 00:00 0 
7f8484000000-7f8484021000 rw-p 00000000 00:00 0 
7f8484021000-7f8488000000 ---p 00000000 00:00 0 
7f8488000000-7f8488021000 rw-p 00000000 00:00 0 
7f8488021000-7f848c000000 ---p 00000000 00:00 0 
7f848c000000-7f848c080000 rw-p 00000000 00:00 0 
7f848c080000-7f8490004000 ---p 00000000 00:00 0 
7f8490004000-7f8490100000 rw-p 00000000 00:00 0 
7f8490100000-7f8490104000 ---p 00000000 00:00 0 
7f8490104000-7f8490200000 rw-p 00000000 00:00 0 
7f8490300000-7f8490304000 ---p 00000000 00:00 0 
7f8490304000-7f8490400000 rw-p 00000000 00:00 0 
7f8490500000-7f8490504000 ---p 00000000 00:00 0 
7f8490504000-7f8490600000 rw-p 00000000 00:00 0 
7f8490600000-7f8490604000 ---p 00000000 00:00 0 
7f8490604000-7f8490700000 rw-p 00000000 00:00 0 
7f8490700000-7f8490704000 ---p 00000000 00:00 0 
7f8490704000-7f8490800000 rw-p 00000000 00:00 0 
7f8490800000-7f8490804000 ---p 00000000 00:00 0 
7f8490804000-7f8490900000 rw-p 00000000 00:00 0 
7f8490900000-7f8490904000 ---p 00000000 00:00 0 
7f8490904000-7f8490a00000 rw-p 00000000 00:00 0 
7f8490a00000-7f8492b6a000 r-xp 00000000 00:f09 4611686019135190040       /nix/store/gpxl5qgg8kicmcvivwmybwjlpf7wh20l-graalvm17-ce-22.3.0/lib/libjvmcicompiler.so
7f8492b6a000-7f8492d69000 ---p 0216a000 00:f09 4611686019135190040       /nix/store/gpxl5qgg8kicmcvivwmybwjlpf7wh20l-graalvm17-ce-22.3.0/lib/libjvmcicompiler.so
7f8492d69000-7f8492d6a000 r--p 02169000 00:f09 4611686019135190040       /nix/store/gpxl5qgg8kicmcvivwmybwjlpf7wh20l-graalvm17-ce-22.3.0/lib/libjvmcicompiler.so
7f8492d6a000-7f8492d6c000 rw-p 0216a000 00:f09 4611686019135190040       /nix/store/gpxl5qgg8kicmcvivwmybwjlpf7wh20l-graalvm17-ce-22.3.0/lib/libjvmcicompiler.so
7f8492d6c000-7f8492d6d000 rw-p 00000000 00:00 0 
7f8492d6d000-7f8492d72000 rw-p 023c3000 00:f09 4611686019135190040       /nix/store/gpxl5qgg8kicmcvivwmybwjlpf7wh20l-graalvm17-ce-22.3.0/lib/libjvmcicompiler.so
7f8492db1000-7f8492db2000 ---p 00000000 00:00 0 
7f8492db2000-7f8492eb3000 rw-p 00000000 00:00 0 
7f8492eb3000-7f8492eb7000 ---p 00000000 00:00 0 
7f8492eb7000-7f8492fb3000 rw-p 00000000 00:00 0 
7f8492fb3000-7f8492fb7000 ---p 00000000 00:00 0 
7f8492fb7000-7f84930b3000 rw-p 00000000 00:00 0 
7f84930b3000-7f84930b7000 ---p 00000000 00:00 0 
7f84930b7000-7f84932b3000 rw-p 00000000 00:00 0 
7f84932b3000-7f84932b7000 ---p 00000000 00:00 0 
7f84932b7000-7f84934b3000 rw-p 00000000 00:00 0 
7f84934b3000-7f8493723000 rwxp 00000000 00:00 0 
7f8493723000-7f8493a42000 ---p 00000000 00:00 0 
7f8493a42000-7f8494b12000 rwxp 00000000 00:00 0 
7f8494b12000-7f849af7a000 ---p 00000000 00:00 0 
7f849af7a000-7f849b21a000 rwxp 00000000 00:00 0 
7f849b21a000-7f84a24b3000 ---p 00000000 00:00 0 
7f84a24b3000-7f84ac000000 r--s 00000000 00:f09 4611686019135192581       /nix/store/gpxl5qgg8kicmcvivwmybwjlpf7wh20l-graalvm17-ce-22.3.0/lib/modules
7f84ac000000-7f84ac64b000 rw-p 00000000 00:00 0 
7f84ac64b000-7f84b0000000 ---p 00000000 00:00 0 
7f84b001a000-7f84b001e000 ---p 00000000 00:00 0 
7f84b001e000-7f84b011a000 rw-p 00000000 00:00 0 
7f84b011a000-7f84b011e000 ---p 00000000 00:00 0 
7f84b011e000-7f84b021a000 rw-p 00000000 00:00 0 
7f84b021a000-7f84b021e000 ---p 00000000 00:00 0 
7f84b021e000-7f84b031a000 rw-p 00000000 00:00 0 
7f84b031a000-7f84b031e000 ---p 00000000 00:00 0 
7f84b031e000-7f84b041a000 rw-p 00000000 00:00 0 
7f84b041a000-7f84b0700000 r--p 00000000 00:33a 28444448                  /usr/lib/locale/locale-archive
7f84b0700000-7f84b0704000 ---p 00000000 00:00 0 
7f84b0704000-7f84b0c00000 rw-p 00000000 00:00 0 
7f84b0c00000-7f84b0f00000 rw-p 00000000 00:00 0 
7f84b0f00000-7f84b1000000 rw-p 00000000 00:00 0 
7f84b1027000-7f84b1029000 r-xp 00000000 00:f09 4611686019135190017       /nix/store/gpxl5qgg8kicmcvivwmybwjlpf7wh20l-graalvm17-ce-22.3.0/lib/libextnet.so
7f84b1029000-7f84b102a000 r--p 00001000 00:f09 4611686019135190017       /nix/store/gpxl5qgg8kicmcvivwmybwjlpf7wh20l-graalvm17-ce-22.3.0/lib/libextnet.so
7f84b102a000-7f84b102b000 rw-p 00002000 00:f09 4611686019135190017       /nix/store/gpxl5qgg8kicmcvivwmybwjlpf7wh20l-graalvm17-ce-22.3.0/lib/libextnet.so
7f84b102b000-7f84b102c000 rw-p 00004000 00:f09 4611686019135190017       /nix/store/gpxl5qgg8kicmcvivwmybwjlpf7wh20l-graalvm17-ce-22.3.0/lib/libextnet.so
7f84b102c000-7f84b1030000 ---p 00000000 00:00 0 
7f84b1030000-7f84b104e000 rw-p 00000000 00:00 0 
7f84b104e000-7f84b1055000 r-xp 00000000 00:f09 4611686019135192580       /nix/store/gpxl5qgg8kicmcvivwmybwjlpf7wh20l-graalvm17-ce-22.3.0/lib/libzip.so
7f84b1055000-7f84b1056000 ---p 00007000 00:f09 4611686019135192580       /nix/store/gpxl5qgg8kicmcvivwmybwjlpf7wh20l-graalvm17-ce-22.3.0/lib/libzip.so
7f84b1056000-7f84b1057000 r--p 00007000 00:f09 4611686019135192580       /nix/store/gpxl5qgg8kicmcvivwmybwjlpf7wh20l-graalvm17-ce-22.3.0/lib/libzip.so
7f84b1057000-7f84b1058000 rw-p 00008000 00:f09 4611686019135192580       /nix/store/gpxl5qgg8kicmcvivwmybwjlpf7wh20l-graalvm17-ce-22.3.0/lib/libzip.so
7f84b1058000-7f84b105a000 rw-p 0000b000 00:f09 4611686019135192580       /nix/store/gpxl5qgg8kicmcvivwmybwjlpf7wh20l-graalvm17-ce-22.3.0/lib/libzip.so
7f84b105a000-7f84b106f000 r-xp 00000000 00:f09 4611686019135192570       /nix/store/gpxl5qgg8kicmcvivwmybwjlpf7wh20l-graalvm17-ce-22.3.0/lib/libnet.so
7f84b106f000-7f84b1070000 ---p 00015000 00:f09 4611686019135192570       /nix/store/gpxl5qgg8kicmcvivwmybwjlpf7wh20l-graalvm17-ce-22.3.0/lib/libnet.so
7f84b1070000-7f84b1071000 r--p 00015000 00:f09 4611686019135192570       /nix/store/gpxl5qgg8kicmcvivwmybwjlpf7wh20l-graalvm17-ce-22.3.0/lib/libnet.so
7f84b1071000-7f84b1072000 rw-p 00016000 00:f09 4611686019135192570       /nix/store/gpxl5qgg8kicmcvivwmybwjlpf7wh20l-graalvm17-ce-22.3.0/lib/libnet.so
7f84b1072000-7f84b1075000 rw-p 0001b000 00:f09 4611686019135192570       /nix/store/gpxl5qgg8kicmcvivwmybwjlpf7wh20l-graalvm17-ce-22.3.0/lib/libnet.so
7f84b1075000-7f84b1088000 r-xp 00000000 00:f09 4611686019135192571       /nix/store/gpxl5qgg8kicmcvivwmybwjlpf7wh20l-graalvm17-ce-22.3.0/lib/libnio.so
7f84b1088000-7f84b1089000 r--p 00012000 00:f09 4611686019135192571       /nix/store/gpxl5qgg8kicmcvivwmybwjlpf7wh20l-graalvm17-ce-22.3.0/lib/libnio.so
7f84b1089000-7f84b108a000 rw-p 00013000 00:f09 4611686019135192571       /nix/store/gpxl5qgg8kicmcvivwmybwjlpf7wh20l-graalvm17-ce-22.3.0/lib/libnio.so
7f84b108a000-7f84b108f000 rw-p 00019000 00:f09 4611686019135192571       /nix/store/gpxl5qgg8kicmcvivwmybwjlpf7wh20l-graalvm17-ce-22.3.0/lib/libnio.so
7f84b108f000-7f84b1093000 ---p 00000000 00:00 0 
7f84b1093000-7f84b118f000 rw-p 00000000 00:00 0 
7f84b118f000-7f84b1190000 ---p 00000000 00:00 0 
7f84b1190000-7f84b1291000 rw-p 00000000 00:00 0 
7f84b1291000-7f84b135f000 r-xp 00000000 00:f09 4611686019135190036       /nix/store/gpxl5qgg8kicmcvivwmybwjlpf7wh20l-graalvm17-ce-22.3.0/lib/libjsvml.so
7f84b135f000-7f84b1360000 r--p 000cd000 00:f09 4611686019135190036       /nix/store/gpxl5qgg8kicmcvivwmybwjlpf7wh20l-graalvm17-ce-22.3.0/lib/libjsvml.so
7f84b1360000-7f84b1361000 rw-p 000ce000 00:f09 4611686019135190036       /nix/store/gpxl5qgg8kicmcvivwmybwjlpf7wh20l-graalvm17-ce-22.3.0/lib/libjsvml.so
7f84b1361000-7f84b2c39000 rw-p 00000000 00:00 0 
7f84b2c39000-7f84b2c3a000 ---p 00000000 00:00 0 
7f84b2c3a000-7f84b2de5000 rw-p 00000000 00:00 0 
7f84b2de5000-7f84b2e1a000 rw-p 00000000 00:00 0 
7f84b2e1a000-7f84b2e3b000 ---p 00000000 00:00 0 
7f84b2e3b000-7f84b2e42000 rw-p 00000000 00:00 0 
7f84b2e42000-7f84b2f27000 ---p 00000000 00:00 0 
7f84b2f27000-7f84b2f49000 rw-p 00000000 00:00 0 
7f84b2f49000-7f84b3012000 ---p 00000000 00:00 0 
7f84b3012000-7f84b3017000 rw-p 00000000 00:00 0 
7f84b3017000-7f84b301e000 ---p 00000000 00:00 0 
7f84b301e000-7f84b3042000 r-xp 00000000 00:f09 4611686019135190028       /nix/store/gpxl5qgg8kicmcvivwmybwjlpf7wh20l-graalvm17-ce-22.3.0/lib/libjava.so
7f84b3042000-7f84b3043000 ---p 00024000 00:f09 4611686019135190028       /nix/store/gpxl5qgg8kicmcvivwmybwjlpf7wh20l-graalvm17-ce-22.3.0/lib/libjava.so
7f84b3043000-7f84b3044000 r--p 00024000 00:f09 4611686019135190028       /nix/store/gpxl5qgg8kicmcvivwmybwjlpf7wh20l-graalvm17-ce-22.3.0/lib/libjava.so
7f84b3044000-7f84b3045000 rw-p 00025000 00:f09 4611686019135190028       /nix/store/gpxl5qgg8kicmcvivwmybwjlpf7wh20l-graalvm17-ce-22.3.0/lib/libjava.so
7f84b3045000-7f84b3046000 rw-p 00000000 00:00 0 
7f84b3046000-7f84b304d000 rw-p 0002f000 00:f09 4611686019135190028       /nix/store/gpxl5qgg8kicmcvivwmybwjlpf7wh20l-graalvm17-ce-22.3.0/lib/libjava.so
7f84b304d000-7f84b3055000 rw-s 00000000 00:148 353                       /tmp/hsperfdata_runner/29
7f84b3055000-7f84b3056000 ---p 00000000 00:00 0 
7f84b3056000-7f84b3057000 r--p 00000000 00:00 0 
7f84b3057000-7f84b3058000 rwxp 00000000 00:00 0 
7f84b3058000-7f84b3073000 r-xp 00000000 00:f09 4611686019135190032       /nix/store/gpxl5qgg8kicmcvivwmybwjlpf7wh20l-graalvm17-ce-22.3.0/lib/libjimage.so
7f84b3073000-7f84b3074000 ---p 0001b000 00:f09 4611686019135190032       /nix/store/gpxl5qgg8kicmcvivwmybwjlpf7wh20l-graalvm17-ce-22.3.0/lib/libjimage.so
7f84b3074000-7f84b3076000 r--p 0001b000 00:f09 4611686019135190032       /nix/store/gpxl5qgg8kicmcvivwmybwjlpf7wh20l-graalvm17-ce-22.3.0/lib/libjimage.so
7f84b3076000-7f84b3077000 rw-p 0001d000 00:f09 4611686019135190032       /nix/store/gpxl5qgg8kicmcvivwmybwjlpf7wh20l-graalvm17-ce-22.3.0/lib/libjimage.so
7f84b3077000-7f84b3078000 rw-p 00024000 00:f09 4611686019135190032       /nix/store/gpxl5qgg8kicmcvivwmybwjlpf7wh20l-graalvm17-ce-22.3.0/lib/libjimage.so
7f84b3078000-7f84b307c000 ---p 00000000 00:00 0 
7f84b307c000-7f84b3178000 rw-p 00000000 00:00 0 
7f84b3178000-7f84b3186000 r--p 00000000 00:f09 4611686019027979927       /nix/store/4nlgxhb09sdr51nc9hdm8az5b08vzkgx-glibc-2.35-163/lib/libm.so.6
7f84b3186000-7f84b31f9000 r-xp 0000e000 00:f09 4611686019027979927       /nix/store/4nlgxhb09sdr51nc9hdm8az5b08vzkgx-glibc-2.35-163/lib/libm.so.6
7f84b31f9000-7f84b3256000 r--p 00081000 00:f09 4611686019027979927       /nix/store/4nlgxhb09sdr51nc9hdm8az5b08vzkgx-glibc-2.35-163/lib/libm.so.6
7f84b3256000-7f84b3257000 r--p 000dd000 00:f09 4611686019027979927       /nix/store/4nlgxhb09sdr51nc9hdm8az5b08vzkgx-glibc-2.35-163/lib/libm.so.6
7f84b3257000-7f84b3258000 rw-p 000de000 00:f09 4611686019027979927       /nix/store/4nlgxhb09sdr51nc9hdm8az5b08vzkgx-glibc-2.35-163/lib/libm.so.6
7f84b3258000-7f84b3259000 r--p 00000000 00:f09 4611686019027979946       /nix/store/4nlgxhb09sdr51nc9hdm8az5b08vzkgx-glibc-2.35-163/lib/librt.so.1
7f84b3259000-7f84b325a000 r-xp 00001000 00:f09 4611686019027979946       /nix/store/4nlgxhb09sdr51nc9hdm8az5b08vzkgx-glibc-2.35-163/lib/librt.so.1
7f84b325a000-7f84b325b000 r--p 00002000 00:f09 4611686019027979946       /nix/store/4nlgxhb09sdr51nc9hdm8az5b08vzkgx-glibc-2.35-163/lib/librt.so.1
7f84b325b000-7f84b325c000 r--p 00002000 00:f09 4611686019027979946       /nix/store/4nlgxhb09sdr51nc9hdm8az5b08vzkgx-glibc-2.35-163/lib/librt.so.1
7f84b325c000-7f84b325d000 rw-p 00003000 00:f09 4611686019027979946       /nix/store/4nlgxhb09sdr51nc9hdm8az5b08vzkgx-glibc-2.35-163/lib/librt.so.1
7f84b325d000-7f84b4370000 r-xp 00000000 00:f09 4611686019135360866       /nix/store/gpxl5qgg8kicmcvivwmybwjlpf7wh20l-graalvm17-ce-22.3.0/lib/server/libjvm.so
7f84b4370000-7f84b4371000 ---p 01113000 00:f09 4611686019135360866       /nix/store/gpxl5qgg8kicmcvivwmybwjlpf7wh20l-graalvm17-ce-22.3.0/lib/server/libjvm.so
7f84b4371000-7f84b4426000 r--p 01113000 00:f09 4611686019135360866       /nix/store/gpxl5qgg8kicmcvivwmybwjlpf7wh20l-graalvm17-ce-22.3.0/lib/server/libjvm.so
7f84b4426000-7f84b445a000 rw-p 011c8000 00:f09 4611686019135360866       /nix/store/gpxl5qgg8kicmcvivwmybwjlpf7wh20l-graalvm17-ce-22.3.0/lib/server/libjvm.so
7f84b445a000-7f84b44b6000 rw-p 00000000 00:00 0 
7f84b44b6000-7f84b44de000 r--p 00000000 00:f09 4611686019027979918       /nix/store/4nlgxhb09sdr51nc9hdm8az5b08vzkgx-glibc-2.35-163/lib/libc.so.6
7f84b44de000-7f84b4654000 r-xp 00028000 00:f09 4611686019027979918       /nix/store/4nlgxhb09sdr51nc9hdm8az5b08vzkgx-glibc-2.35-163/lib/libc.so.6
7f84b4654000-7f84b46ac000 r--p 0019e000 00:f09 4611686019027979918       /nix/store/4nlgxhb09sdr51nc9hdm8az5b08vzkgx-glibc-2.35-163/lib/libc.so.6
7f84b46ac000-7f84b46b0000 r--p 001f6000 00:f09 4611686019027979918       /nix/store/4nlgxhb09sdr51nc9hdm8az5b08vzkgx-glibc-2.35-163/lib/libc.so.6
7f84b46b0000-7f84b46b2000 rw-p 001fa000 00:f09 4611686019027979918       /nix/store/4nlgxhb09sdr51nc9hdm8az5b08vzkgx-glibc-2.35-163/lib/libc.so.6
7f84b46b2000-7f84b46c1000 rw-p 00000000 00:00 0 
7f84b46c1000-7f84b46c2000 r--p 00000000 00:f09 4611686019027979923       /nix/store/4nlgxhb09sdr51nc9hdm8az5b08vzkgx-glibc-2.35-163/lib/libdl.so.2
7f84b46c2000-7f84b46c3000 r-xp 00001000 00:f09 4611686019027979923       /nix/store/4nlgxhb09sdr51nc9hdm8az5b08vzkgx-glibc-2.35-163/lib/libdl.so.2
7f84b46c3000-7f84b46c4000 r--p 00002000 00:f09 4611686019027979923       /nix/store/4nlgxhb09sdr51nc9hdm8az5b08vzkgx-glibc-2.35-163/lib/libdl.so.2
7f84b46c4000-7f84b46c5000 r--p 00002000 00:f09 4611686019027979923       /nix/store/4nlgxhb09sdr51nc9hdm8az5b08vzkgx-glibc-2.35-163/lib/libdl.so.2
7f84b46c5000-7f84b46c6000 rw-p 00003000 00:f09 4611686019027979923       /nix/store/4nlgxhb09sdr51nc9hdm8az5b08vzkgx-glibc-2.35-163/lib/libdl.so.2
7f84b46c6000-7f84b46c7000 r--p 00000000 00:f09 4611686019027979942       /nix/store/4nlgxhb09sdr51nc9hdm8az5b08vzkgx-glibc-2.35-163/lib/libpthread.so.0
7f84b46c7000-7f84b46c8000 r-xp 00001000 00:f09 4611686019027979942       /nix/store/4nlgxhb09sdr51nc9hdm8az5b08vzkgx-glibc-2.35-163/lib/libpthread.so.0
7f84b46c8000-7f84b46c9000 r--p 00002000 00:f09 4611686019027979942       /nix/store/4nlgxhb09sdr51nc9hdm8az5b08vzkgx-glibc-2.35-163/lib/libpthread.so.0
7f84b46c9000-7f84b46ca000 r--p 00002000 00:f09 4611686019027979942       /nix/store/4nlgxhb09sdr51nc9hdm8az5b08vzkgx-glibc-2.35-163/lib/libpthread.so.0
7f84b46ca000-7f84b46cb000 rw-p 00003000 00:f09 4611686019027979942       /nix/store/4nlgxhb09sdr51nc9hdm8az5b08vzkgx-glibc-2.35-163/lib/libpthread.so.0
7f84b46cb000-7f84b46d9000 r-xp 00000000 00:f09 4611686019135190033       /nix/store/gpxl5qgg8kicmcvivwmybwjlpf7wh20l-graalvm17-ce-22.3.0/lib/libjli.so
7f84b46d9000-7f84b46da000 ---p 0000e000 00:f09 4611686019135190033       /nix/store/gpxl5qgg8kicmcvivwmybwjlpf7wh20l-graalvm17-ce-22.3.0/lib/libjli.so
7f84b46da000-7f84b46db000 r--p 0000e000 00:f09 4611686019135190033       /nix/store/gpxl5qgg8kicmcvivwmybwjlpf7wh20l-graalvm17-ce-22.3.0/lib/libjli.so
7f84b46db000-7f84b46dc000 rw-p 0000f000 00:f09 4611686019135190033       /nix/store/gpxl5qgg8kicmcvivwmybwjlpf7wh20l-graalvm17-ce-22.3.0/lib/libjli.so
7f84b46dc000-7f84b46dd000 rw-p 00012000 00:f09 4611686019135190033       /nix/store/gpxl5qgg8kicmcvivwmybwjlpf7wh20l-graalvm17-ce-22.3.0/lib/libjli.so
7f84b46dd000-7f84b46e0000 r--p 00000000 00:f09 4611686019106210071       /nix/store/026hln0aq1hyshaxsdvhg0kmcm6yf45r-zlib-1.2.13/lib/libz.so.1.2.13
7f84b46e0000-7f84b46f2000 r-xp 00003000 00:f09 4611686019106210071       /nix/store/026hln0aq1hyshaxsdvhg0kmcm6yf45r-zlib-1.2.13/lib/libz.so.1.2.13
7f84b46f2000-7f84b46f9000 r--p 00015000 00:f09 4611686019106210071       /nix/store/026hln0aq1hyshaxsdvhg0kmcm6yf45r-zlib-1.2.13/lib/libz.so.1.2.13
7f84b46f9000-7f84b46fa000 r--p 0001b000 00:f09 4611686019106210071       /nix/store/026hln0aq1hyshaxsdvhg0kmcm6yf45r-zlib-1.2.13/lib/libz.so.1.2.13
7f84b46fa000-7f84b46fb000 rw-p 0001c000 00:f09 4611686019106210071       /nix/store/026hln0aq1hyshaxsdvhg0kmcm6yf45r-zlib-1.2.13/lib/libz.so.1.2.13
7f84b46fb000-7f84b46fd000 rw-p 00000000 00:00 0 
7f84b46fd000-7f84b46ff000 r--p 00000000 00:f09 4611686019027979912       /nix/store/4nlgxhb09sdr51nc9hdm8az5b08vzkgx-glibc-2.35-163/lib/ld-linux-x86-64.so.2
7f84b46ff000-7f84b4726000 r-xp 00002000 00:f09 4611686019027979912       /nix/store/4nlgxhb09sdr51nc9hdm8az5b08vzkgx-glibc-2.35-163/lib/ld-linux-x86-64.so.2
7f84b4726000-7f84b4732000 r--p 00029000 00:f09 4611686019027979912       /nix/store/4nlgxhb09sdr51nc9hdm8az5b08vzkgx-glibc-2.35-163/lib/ld-linux-x86-64.so.2
7f84b4732000-7f84b4734000 r--p 00034000 00:f09 4611686019027979912       /nix/store/4nlgxhb09sdr51nc9hdm8az5b08vzkgx-glibc-2.35-163/lib/ld-linux-x86-64.so.2
7f84b4734000-7f84b4736000 rw-p 00036000 00:f09 4611686019027979912       /nix/store/4nlgxhb09sdr51nc9hdm8az5b08vzkgx-glibc-2.35-163/lib/ld-linux-x86-64.so.2
7fffa59a8000-7fffa59cc000 rw-p 00000000 00:00 0                          [stack]
7fffa59ed000-7fffa59f1000 r--p 00000000 00:00 0                          [vvar]
7fffa59f1000-7fffa59f3000 r-xp 00000000 00:00 0                          [vdso]
ffffffffff600000-ffffffffff601000 --xp 00000000 00:00 0                  [vsyscall]


VM Arguments:
jvm_args: -XX:ThreadPriorityPolicy=1 -XX:+UnlockExperimentalVMOptions -XX:+EnableJVMCIProduct -XX:JVMCIThreadsPerNativeLibraryRuntime=1 -XX:-UnlockExperimentalVMOptions -Declipse.application=org.eclipse.jdt.ls.core.id1 -Dosgi.bundles.defaultStartLevel=4 -Declipse.product=org.eclipse.jdt.ls.core.product -Dlog.level=ALL -Xverify:none -XX:+UseParallelGC -XX:GCTimeRatio=4 -XX:AdaptiveSizePolicyWeight=90 -Dsun.zip.disableMemoryMapping=true -Xmx512m -Xms100m 
java_command: /nix/store/m6gcpi1ii6rghy04cjwjddcavv7i90df-jdt-language-server-1.9.0/share/java/plugins/org.eclipse.equinox.launcher_1.6.400.v20210924-0641.jar --add-modules=ALL-SYSTEM --add-opens java.base/java.util=ALL-UNNAMED --add-opens java.base/java.lang=ALL-UNNAMED -configuration /home/runner/.cache/jdt-language-server/config -data /home/runner/.cache/jdt-language-server/data/home/runner/Ex6-Classe
java_class_path (initial): /nix/store/m6gcpi1ii6rghy04cjwjddcavv7i90df-jdt-language-server-1.9.0/share/java/plugins/org.eclipse.equinox.launcher_1.6.400.v20210924-0641.jar
Launcher Type: SUN_STANDARD

[Global flags]
    uintx AdaptiveSizePolicyWeight                 = 90                                        {product} {command line}
     intx CICompilerCount                          = 2                                         {product} {ergonomic}
     bool EnableJVMCIProduct                       = true                                {JVMCI product} {jimage}
    uintx GCTimeRatio                              = 4                                         {product} {command line}
   size_t InitialHeapSize                          = 104857600                                 {product} {command line}
     uint JVMCIThreadsPerNativeLibraryRuntime      = 1                                   {JVMCI product} {jimage}
   size_t MaxHeapSize                              = 536870912                                 {product} {command line}
   size_t MaxNewSize                               = 178782208                                 {product} {ergonomic}
   size_t MinHeapDeltaBytes                        = 524288                                    {product} {ergonomic}
   size_t MinHeapSize                              = 104857600                                 {product} {command line}
   size_t NewSize                                  = 34603008                                  {product} {ergonomic}
    uintx NonNMethodCodeHeapSize                   = 5826188                                {pd product} {ergonomic}
    uintx NonProfiledCodeHeapSize                  = 122916026                              {pd product} {ergonomic}
   size_t OldSize                                  = 70254592                                  {product} {ergonomic}
    uintx ProfiledCodeHeapSize                     = 122916026                              {pd product} {ergonomic}
    uintx ReservedCodeCacheSize                    = 251658240                              {pd product} {ergonomic}
     bool SegmentedCodeCache                       = true                                      {product} {ergonomic}
   size_t SoftMaxHeapSize                          = 536870912                              {manageable} {ergonomic}
     intx ThreadPriorityPolicy                     = 1                                         {product} {jimage}
     bool UseCompressedClassPointers               = true                           {product lp64_product} {ergonomic}
     bool UseCompressedOops                        = true                           {product lp64_product} {ergonomic}
     bool UseParallelGC                            = true                                      {product} {command line}

Logging:
Log output configuration:
 #0: stdout all=warning uptime,level,tags
 #1: stderr all=off uptime,level,tags

Environment Variables:
JAVA_HOME=/nix/store/gpxl5qgg8kicmcvivwmybwjlpf7wh20l-graalvm17-ce-22.3.0
PATH=/nix/store/1d6ian3r8kdzspw8hacjhl3xkp40g1lj-binutils-wrapper-2.39/bin:/nix/store/dq0xwmsk1g0i2ayg6pb7y87na2knzylh-gcc-wrapper-11.3.0/bin:/nix/store/bap4d0lpcrhpwmpb8ayjcgkmvfj62lnq-bash-interactive-5.1-p16/bin:/nix/store/pr5n59mb4jzmfx6kanwxly0l07p861fg-patchelf-0.15.0/bin:/nix/store/1gf2flfqnpqbr1b4p4qz2f72y42bs56r-gcc-11.3.0/bin:/nix/store/57xv61c5zi8pphjbcwxxjlgc34p61ic9-glibc-2.35-163-bin/bin:/nix/store/a7gvj343m05j2s32xcnwr35v31ynlypr-coreutils-9.1/bin:/nix/store/039g378vc3pc3dvi9dzdlrd0i4q93qwf-binutils-2.39/bin:/nix/store/gpxl5qgg8kicmcvivwmybwjlpf7wh20l-graalvm17-ce-22.3.0/bin:/nix/store/6z9ag3ihc8mq2hzsw48lhbznvzny65nz-apache-maven-3.8.6/bin:/nix/store/m6gcpi1ii6rghy04cjwjddcavv7i90df-jdt-language-server-1.9.0/bin:/nix/store/84xs5alhs01zrbr4ywm05kxbjbp5590l-java-debug/bin:/nix/store/mydc6f4k2z73xlcz7ilif3v2lcaiqvza-findutils-4.9.0/bin:/nix/store/j9p3g8472iijd50vhdprx0nmk2fqn5gv-diffutils-3.8/bin:/nix/store/89zs7rms6x00xfq4dq6m7mjnhkr8a6r4-gnused-4.8/bin:/nix/store/86bp03jkmsl6f92w0yzg4s59g5mhxwmy-gnugrep-3.7/bin:/nix/store/hwcdqw4jrjnd37wxqgsd47hd0j8bnj09-gawk-5.1.1/bin:/nix/store/cfbhw8r8ags41vwqaz47r583d0p4h4a1-gnutar-1.34/bin:/nix/store/p3m1ndl1lapwrlh698bnb5lvvxh67378-gzip-1.12/bin:/nix/store/a8mhcagrsly7c7mpjrpsnaahk4aax056-bzip2-1.0.8-bin/bin:/nix/store/mblgz65m3zv9x548a3d5m96fj2pbwr09-gnumake-4.3/bin:/nix/store/dsd5gz46hdbdk2rfdimqddhq6m8m8fqs-bash-5.1-p16/bin:/nix/store/v7ljksji50mg3w61dykaa3n3y79n6nil-patch-2.7.6/bin:/nix/store/zlcnmqq14jz5x9439jf937mvayyl63da-xz-5.2.7-bin/bin:/nix/store/y6aj732zm9m87c82fpvf103a1xb22blp-file-5.43/bin:/nix/store/i4kzir3m7mrisxmf5xvlnkw01x4qaqr4-prybar-elisp-0.0.0-e0d9a52/bin:/nix/store/lwwivxf6h7x3cvxp9zv8sj0mv7dak99r-prybar-lua-0.0.0-e0d9a52/bin:/nix/store/gxj28g1cg4hq3qanmjv07156h800qr58-prybar-python3-0.0.0-e0d9a52/bin:/nix/store/hshkjnxrgidigf8x75vg6lqng2xlx9i3-prybar-sqlite-0.0.0-e0d9a52/bin:/nix/store/c4w01bpjgyy5ixmwdk8m1pw87zq4sl26-prybar-tcl-0.0.0-e0d9a52/bin:/nix/store/hpbvrlwd5viqmvcaisb3x0118i913a9n-st
LD_LIBRARY_PATH=/nix/store/a4pff549sk2idnkpzk5nsfps3mdkdnvm-cups-2.4.2-lib/lib:/nix/store/72mqxxhh3cy5yifh92wh2yb8cl2hikyy-cairo-1.16.0/lib:/nix/store/2k366jrbsra97gjfxwvrhvixjfxdach5-glib-2.74.1/lib:/nix/store/2j2znigd8ak37rlwh9khz0ry3clqlw1l-gtk+3-3.24.34/lib:/nix/store/hisqvx32cd57apbpcsnkpx6k3549wql1-libglvnd-1.4.0/lib:/nix/store/p36pgcv991mq5srvg765b78yqpxvk3qs-mesa-21.3.3-drivers/lib:/nix/store/mav4251if1ahjq5vkpwycyyvnmy459c4-pulseaudio-14.2/lib
DISPLAY=:0
LANG=en_US.UTF-8

Signal Handlers:
   SIGSEGV: crash_handler in libjvm.so, mask=11100100010111111101111111111110, flags=SA_RESTART|SA_SIGINFO
    SIGBUS: crash_handler in libjvm.so, mask=11100100010111111101111111111110, flags=SA_RESTART|SA_SIGINFO
    SIGFPE: crash_handler in libjvm.so, mask=11100100010111111101111111111110, flags=SA_RESTART|SA_SIGINFO
   SIGPIPE: IsolateEnterStub_IgnoreSIGPIPEStartupHook_noopSignalHandler_8f19bff2f35b5f630d83b364d6b2339320d4ec70_216e8361c6bc87a8f89f58cc10d3b2fd4415bf87 in libjvmcicompiler.so, mask=00000000000000000000000000000000, flags=SA_RESTART
  *** Handler was modified!
  *** Expected: javaSignalHandler in libjvm.so, mask=11100100110111111111111111111110, flags=SA_RESTART|SA_SIGINFO
   SIGXFSZ: javaSignalHandler in libjvm.so, mask=11100100010111111101111111111110, flags=SA_RESTART|SA_SIGINFO
    SIGILL: crash_handler in libjvm.so, mask=11100100010111111101111111111110, flags=SA_RESTART|SA_SIGINFO
   SIGUSR2: SR_handler in libjvm.so, mask=00000000000000000000000000000000, flags=SA_RESTART|SA_SIGINFO
    SIGHUP: UserHandler in libjvm.so, mask=11100100010111111101111111111110, flags=SA_RESTART|SA_SIGINFO
    SIGINT: UserHandler in libjvm.so, mask=11100100010111111101111111111110, flags=SA_RESTART|SA_SIGINFO
   SIGTERM: UserHandler in libjvm.so, mask=11100100010111111101111111111110, flags=SA_RESTART|SA_SIGINFO
   SIGQUIT: UserHandler in libjvm.so, mask=11100100010111111101111111111110, flags=SA_RESTART|SA_SIGINFO
  *** Handler was modified!
  *** Expected: javaSignalHandler in libjvm.so, mask=11100100110111111111111111111110, flags=SA_RESTART|SA_SIGINFO
   SIGTRAP: crash_handler in libjvm.so, mask=11100100010111111101111111111110, flags=SA_RESTART|SA_SIGINFO


---------------  S Y S T E M  ---------------

OS:
DISTRIB_ID=Ubuntu
DISTRIB_RELEASE=20.04
DISTRIB_CODENAME=focal
DISTRIB_DESCRIPTION="Ubuntu 20.04.2 LTS"
uname: Linux 5.19.0-1025-gcp #27~22.04.1-Ubuntu SMP Wed May 24 03:53:01 UTC 2023 x86_64
OS uptime: 0 days 5:07 hours
libc: glibc 2.35 NPTL 2.35 
rlimit (soft/hard): STACK 8192k/infinity , CORE infinity/infinity , NPROC infinity/infinity , NOFILE 5242/5242 , AS infinity/infinity , CPU infinity/infinity , DATA infinity/infinity , FSIZE infinity/infinity , MEMLOCK 8192k/8192k
load average: 13.80 15.64 15.07

/proc/meminfo:
MemTotal:       65852244 kB
MemFree:         4410080 kB
MemAvailable:   32331872 kB
Buffers:         2763228 kB
Cached:         23278616 kB
SwapCached:            0 kB
Active:         10356028 kB
Inactive:       46485276 kB
Active(anon):      19100 kB
Inactive(anon): 30081164 kB
Active(file):   10336928 kB
Inactive(file): 16404112 kB
Unevictable:       56548 kB
Mlocked:           56548 kB
SwapTotal:             0 kB
SwapFree:              0 kB
Zswap:                 0 kB
Zswapped:              0 kB
Dirty:              9264 kB
Writeback:             0 kB
AnonPages:      30215384 kB
Mapped:          2259568 kB
Shmem:             51932 kB
KReclaimable:    1907352 kB
Slab:            3157872 kB
SReclaimable:    1907352 kB
SUnreclaim:      1250520 kB
KernelStack:      542744 kB
PageTables:       351968 kB
NFS_Unstable:          0 kB
Bounce:                0 kB
WritebackTmp:          0 kB
CommitLimit:    32926120 kB
Committed_AS:   103318316 kB
VmallocTotal:   34359738367 kB
VmallocUsed:      590608 kB
VmallocChunk:          0 kB
Percpu:            65600 kB
HardwareCorrupted:     0 kB
AnonHugePages:   6180864 kB
ShmemHugePages:        0 kB
ShmemPmdMapped:        0 kB
FileHugePages:         0 kB
FilePmdMapped:         0 kB
HugePages_Total:       0
HugePages_Free:        0
HugePages_Rsvd:        0
HugePages_Surp:        0
Hugepagesize:       2048 kB
Hugetlb:               0 kB
DirectMap4k:     6894392 kB
DirectMap2M:    57065472 kB
DirectMap1G:     5242880 kB

/sys/kernel/mm/transparent_hugepage/enabled: always [madvise] never
/sys/kernel/mm/transparent_hugepage/defrag (defrag/compaction efforts parameter): always defer defer+madvise [madvise] never

Process Memory:
Virtual Size: 4989016K (peak: 5012284K)
Resident Set Size: 772752K (peak: 806480K) (anon: 575620K, file: 197132K, shmem: 0K)
Swapped out: 0K
C-Heap outstanding allocations: 44217K, retained: 12834K
glibc malloc tunables: (default)

/proc/sys/kernel/threads-max (system-wide limit on the number of threads): 514406
/proc/sys/vm/max_map_count (maximum number of memory map areas a process may have): 65530
/proc/sys/kernel/pid_max (system-wide limit on number of process identifiers): 4194304

container (cgroup) information:
container_type: cgroupv1
cpu_cpuset_cpus: 2-7
cpu_memory_nodes: 0
active_processor_count: 1
cpu_quota: 50000
cpu_period: 100000
cpu_shares: 512
memory_limit_in_bytes: 1048576 k
memory_and_swap_limit_in_bytes: 1048576 k
memory_soft_limit_in_bytes: 524288 k
memory_usage_in_bytes: 627580 k
memory_max_usage_in_bytes: 646600 k
maximum number of tasks: 1000
current number of tasks: 50

KVM virtualization detected
Steal ticks since vm start: 0
Steal ticks percentage since vm start:  0.000

CPU: total 8 (initial active 1) (8 cores per cpu, 2 threads per core) family 23 model 49 stepping 0 microcode 0xffffffff, cx8, cmov, fxsr, ht, mmx, 3dnowpref, sse, sse2, sse3, ssse3, sse4a, sse4.1, sse4.2, popcnt, lzcnt, tsc, tscinvbit, avx, avx2, aes, clmul, bmi1, bmi2, adx, sha, fma, vzeroupper, clflush, clflushopt, hv
CPU Model and flags from /proc/cpuinfo:
model name	: AMD EPYC 7B12
flags		: fpu vme de pse tsc msr pae mce cx8 apic sep mtrr pge mca cmov pat pse36 clflush mmx fxsr sse sse2 ht syscall nx mmxext fxsr_opt pdpe1gb rdtscp lm constant_tsc rep_good nopl nonstop_tsc cpuid extd_apicid tsc_known_freq pni pclmulqdq ssse3 fma cx16 sse4_1 sse4_2 movbe popcnt aes xsave avx f16c rdrand hypervisor lahf_lm cmp_legacy cr8_legacy abm sse4a misalignsse 3dnowprefetch osvw topoext ssbd ibrs ibpb stibp vmmcall fsgsbase tsc_adjust bmi1 avx2 smep bmi2 rdseed adx smap clflushopt clwb sha_ni xsaveopt xsavec xgetbv1 clzero xsaveerptr arat npt nrip_save umip rdpid

Online cpus: 0-7
Offline cpus: 
BIOS frequency limitation: <Not Available>
Frequency switch latency (ns): <Not Available>
Available cpu frequencies: <Not Available>
Current governor: <Not Available>
Core performance/turbo boost: <Not Available>

Memory: 4k page, physical 1048576k(420988k free), swap 0k(0k free)
Page Sizes: 4k

vm_info: OpenJDK 64-Bit Server VM (17.0.5+8-jvmci-22.3-b08) for linux-amd64 JRE (17.0.5+8-jvmci-22.3-b08), built on Oct 19 2022 09:01:27 by "buildslave" with gcc 10.3.0

END.
