#
# A fatal error has been detected by the Java Runtime Environment:
#
#  Internal Error (jvmciRuntime.cpp:1609), pid=29, tid=43
#  fatal error: Fatal exception in JVMCI: Error calling jdk.vm.ci.services.Services.serializeSavedProperties
#
# JRE version: OpenJDK Runtime Environment GraalVM CE 22.3.0 (17.0.5+8) (build 17.0.5+8-jvmci-22.3-b08)
# Java VM: OpenJDK 64-Bit Server VM GraalVM CE 22.3.0 (17.0.5+8-jvmci-22.3-b08, mixed mode, sharing, tiered, jvmci, jvmci compiler, compressed oops, compressed class ptrs, parallel gc, linux-amd64)
# Problematic frame:
# V  [libjvm.so+0x972714]  JVMCIRuntime::fatal_exception(JVMCIEnv*, char const*)+0x74
#
# Core dump will be written. Default location: Core dumps may be processed with "/usr/share/apport/apport -p%p -s%s -c%c -d%d -P%P -u%u -g%g -- %E" (or dumping to /home/runner/ex1-decisao/core.29)
#
# If you would like to submit a bug report, please visit:
#   https://github.com/oracle/graal/issues
#

---------------  S U M M A R Y ------------

Command Line: -XX:ThreadPriorityPolicy=1 -XX:+UnlockExperimentalVMOptions -XX:+EnableJVMCIProduct -XX:JVMCIThreadsPerNativeLibraryRuntime=1 -XX:-UnlockExperimentalVMOptions -Declipse.application=org.eclipse.jdt.ls.core.id1 -Dosgi.bundles.defaultStartLevel=4 -Declipse.product=org.eclipse.jdt.ls.core.product -Dlog.level=ALL -Xverify:none -XX:+UseParallelGC -XX:GCTimeRatio=4 -XX:AdaptiveSizePolicyWeight=90 -Dsun.zip.disableMemoryMapping=true -Xmx512m -Xms100m /nix/store/m6gcpi1ii6rghy04cjwjddcavv7i90df-jdt-language-server-1.9.0/share/java/plugins/org.eclipse.equinox.launcher_1.6.400.v20210924-0641.jar --add-modules=ALL-SYSTEM --add-opens java.base/java.util=ALL-UNNAMED --add-opens java.base/java.lang=ALL-UNNAMED -configuration /home/runner/.cache/jdt-language-server/config -data /home/runner/.cache/jdt-language-server/data/home/runner/ex1-decisao

Host: AMD EPYC 7B12, 8 cores, 1G, Ubuntu 20.04.2 LTS
Time: Sat May 20 16:56:36 2023 UTC elapsed time: 1211.065675 seconds (0d 0h 20m 11s)

---------------  T H R E A D  ---------------

Current thread (0x00007fb8300b2210):  JavaThread "JVMCI-native CompilerThread0" daemon [_thread_in_vm, id=43, stack(0x00007fb816118000,0x00007fb816318000)]


Current CompileTask:
JVMCI-native:1211066 8756       4       org.eclipse.jdt.internal.core.JavaElement::escapeMementoName (200 bytes)

Stack: [0x00007fb816118000,0x00007fb816318000],  sp=0x00007fb816316380,  free space=2040k
Native frames: (J=compiled Java code, j=interpreted, Vv=VM code, C=native code)
V  [libjvm.so+0x972714]  JVMCIRuntime::fatal_exception(JVMCIEnv*, char const*)+0x74
V  [libjvm.so+0x93e2fe]  JVMCIEnv::copy_saved_properties()+0x14e
V  [libjvm.so+0x9732a9]  JVMCIRuntime::initialize(JVMCIEnv*)+0xb19
V  [libjvm.so+0x9738a2]  JVMCIRuntime::get_HotSpotJVMCIRuntime(JVMCIEnv*)+0x12
V  [libjvm.so+0x9749f2]  JVMCIRuntime::compile_method(JVMCIEnv*, JVMCICompiler*, methodHandle const&, int)+0xd2
V  [libjvm.so+0x5b0d20]  CompileBroker::invoke_compiler_on_method(CompileTask*)+0x1470
V  [libjvm.so+0x5b12e8]  CompileBroker::compiler_thread_loop()+0x528
V  [libjvm.so+0xd82460]  JavaThread::thread_main_inner()+0xd0
V  [libjvm.so+0xd85a40]  Thread::call_run()+0xc0
V  [libjvm.so+0xbdb1e1]  thread_native_entry(Thread*)+0xe1

Register to memory mapping:

RAX=0x00007fb835e97000 points into unknown readable memory: 0x0000000000000058 | 58 00 00 00 00 00 00 00
RBX=0x00007fb836f92398: <offset 0x0000000000ef5398> in /nix/store/gpxl5qgg8kicmcvivwmybwjlpf7wh20l-graalvm17-ce-22.3.0/lib/server/libjvm.so at 0x00007fb83609d000
RCX=0x00007fb836f4a1e8: <offset 0x0000000000ead1e8> in /nix/store/gpxl5qgg8kicmcvivwmybwjlpf7wh20l-graalvm17-ce-22.3.0/lib/server/libjvm.so at 0x00007fb83609d000
RDX=0x0000000000000649 is an unknown value
RSP=0x00007fb816316380 is pointing into the stack for thread: 0x00007fb8300b2210
RBP=0x00007fb8163163a0 is pointing into the stack for thread: 0x00007fb8300b2210
RSI=0x00007fb836f92c48: <offset 0x0000000000ef5c48> in /nix/store/gpxl5qgg8kicmcvivwmybwjlpf7wh20l-graalvm17-ce-22.3.0/lib/server/libjvm.so at 0x00007fb83609d000
RDI=0x00000000e0000000 is an oop: [B 
{0x00000000e0000000} - klass: {type array byte}
 - length: 49
R8 =0x00007fb836f92398: <offset 0x0000000000ef5398> in /nix/store/gpxl5qgg8kicmcvivwmybwjlpf7wh20l-graalvm17-ce-22.3.0/lib/server/libjvm.so at 0x00007fb83609d000
R9 =0x0000000000000003 is an unknown value
R10=0x00007fb8372e3da0: <offset 0x0000000001246da0> in /nix/store/gpxl5qgg8kicmcvivwmybwjlpf7wh20l-graalvm17-ce-22.3.0/lib/server/libjvm.so at 0x00007fb83609d000
R11=0x000000080044f048 is pointing into metadata
R12=0x0 is NULL
R13=0x00007fb8300b2210 is a thread
R14=0x00007fb830000b80 points into unknown readable memory: 0x00007fb8371c3a38 | 38 3a 1c 37 b8 7f 00 00
R15=0x00007fb8372d1e40: <offset 0x0000000001234e40> in /nix/store/gpxl5qgg8kicmcvivwmybwjlpf7wh20l-graalvm17-ce-22.3.0/lib/server/libjvm.so at 0x00007fb83609d000


Registers:
RAX=0x00007fb835e97000, RBX=0x00007fb836f92398, RCX=0x00007fb836f4a1e8, RDX=0x0000000000000649
RSP=0x00007fb816316380, RBP=0x00007fb8163163a0, RSI=0x00007fb836f92c48, RDI=0x00000000e0000000
R8 =0x00007fb836f92398, R9 =0x0000000000000003, R10=0x00007fb8372e3da0, R11=0x000000080044f048
R12=0x0000000000000000, R13=0x00007fb8300b2210, R14=0x00007fb830000b80, R15=0x00007fb8372d1e40
RIP=0x00007fb836a0f714, EFLAGS=0x0000000000010206, CSGSFS=0x002b000000000033, ERR=0x0000000000000006
  TRAPNO=0x000000000000000e

Top of Stack: (sp=0x00007fb816316380)
0x00007fb816316380:   00007fb816316940 00007fb8300b2210
0x00007fb816316390:   00007fb8348288c8 0000000800c413b0
0x00007fb8163163a0:   00007fb816316500 00007fb8369db2fe
0x00007fb8163163b0:   00007fb8163163e0 00007fb816316440 

Instructions: (pc=0x00007fb836a0f714)
0x00007fb836a0f614:   30 e8 f6 cf e8 ff 4c 89 e7 e8 2e 48 d1 ff 84 db
0x00007fb836a0f624:   75 2a 4d 85 ed 74 04 4d 8b 6d 00 48 83 c4 08 44
0x00007fb836a0f634:   89 f9 4c 89 f2 4c 89 ee 5b 4c 89 e7 41 5c 41 5d
0x00007fb836a0f644:   41 5e 41 5f 5d e9 e2 47 d1 ff 66 90 48 83 c4 08
0x00007fb836a0f654:   5b 41 5c 41 5d 41 5e 41 5f 5d c3 90 31 d2 be 08
0x00007fb836a0f664:   00 00 00 4c 89 ff e8 b1 78 a3 ff 49 89 c5 e9 37
0x00007fb836a0f674:   ff ff ff 66 0f 1f 84 00 00 00 00 00 48 8b 7a 08
0x00007fb836a0f684:   e9 6d ff ff ff 0f 1f 80 00 00 00 00 e8 5b 48 0a
0x00007fb836a0f694:   00 84 c0 75 89 e9 6a ff ff ff 66 90 55 48 89 e5
0x00007fb836a0f6a4:   41 56 41 55 41 54 49 89 fc 53 48 89 f3 66 48 8d
0x00007fb836a0f6b4:   3d 27 5e 85 00 66 66 48 e8 df 43 8d ff 4c 8b 28
0x00007fb836a0f6c4:   8b 05 be 72 8a 00 85 c0 75 14 ba 01 00 00 00 48
0x00007fb836a0f6d4:   8d 0d ae 72 8a 00 f0 0f b1 11 85 c0 74 4e be c8
0x00007fb836a0f6e4:   00 00 00 4c 89 ef e8 01 0b 41 00 48 8d 05 12 ac
0x00007fb836a0f6f4:   85 00 49 89 d8 48 8d 0d e8 aa 53 00 ba 49 06 00
0x00007fb836a0f704:   00 48 8d 35 3c 35 58 00 bf 00 00 00 e0 48 8b 00
0x00007fb836a0f714:   c6 00 58 31 c0 e8 e2 91 c6 ff 5b 41 5c 41 5d 41
0x00007fb836a0f724:   5e 5d e9 55 34 26 00 0f 1f 44 00 00 48 8d 05 81
0x00007fb836a0f734:   a3 8b 00 48 89 df 4c 8b 30 e8 9e 43 8d ff 48 89
0x00007fb836a0f744:   de 48 89 c2 49 8b 06 4c 89 f7 ff 50 08 4c 89 f7
0x00007fb836a0f754:   e8 a7 5c 27 00 4d 85 e4 74 12 be 01 00 00 00 4c
0x00007fb836a0f764:   89 e7 e8 35 43 fc ff eb 82 0f 1f 00 be 01 00 00
0x00007fb836a0f774:   00 4c 89 ef e8 d3 fd ff ff e9 6d ff ff ff 66 66
0x00007fb836a0f784:   2e 0f 1f 84 00 00 00 00 00 0f 1f 00 55 48 89 e5
0x00007fb836a0f794:   41 57 41 56 41 55 41 54 53 48 81 ec 08 02 00 00
0x00007fb836a0f7a4:   64 48 8b 04 25 28 00 00 00 48 89 45 c8 8b 07 83
0x00007fb836a0f7b4:   f8 02 0f 84 11 04 00 00 4c 8b 6f 18 49 89 ff 49
0x00007fb836a0f7c4:   89 f4 4d 85 ed 74 14 4c 89 ef e8 5d 57 22 00 41
0x00007fb836a0f7d4:   8b 07 83 f8 02 0f 84 19 04 00 00 48 8d 1d 9a 06
0x00007fb836a0f7e4:   8a 00 4c 8d 35 0b 3c 58 00 eb 38 90 48 85 d2 7f
0x00007fb836a0f7f4:   0d 48 8d 05 b4 c0 85 00 48 83 38 00 7e 0e 41 8b
0x00007fb836a0f804:   77 2c 4c 89 f7 31 c0 e8 a0 b2 f7 ff 49 8b 7f 18 


Stack slot to memory mapping:
stack at sp + 0 slots: 0x00007fb816316940 is pointing into the stack for thread: 0x00007fb8300b2210
stack at sp + 1 slots: 0x00007fb8300b2210 is a thread
stack at sp + 2 slots: 0x00007fb8348288c8 points into unknown readable memory: 0x6573001880c9ffff | ff ff c9 80 18 00 73 65
stack at sp + 3 slots: 0x0000000800c413b0 is a pointer to class: 
jdk.vm.ci.services.Services {0x0000000800c413b0}
 - instance size:     2
 - klass size:        65
 - access:            public final synchronized 
 - state:             fully_initialized
 - name:              'jdk/vm/ci/services/Services'
 - super:             'java/lang/Object'
 - sub:               
 - arrays:            NULL
 - methods:           Array<T>(0x00007fb816c40020)
 - method ordering:   Array<T>(0x0000000800928960)
 - default_methods:   Array<T>(0x0000000000000000)
 - local interfaces:  Array<T>(0x00000008005ce810)
 - trans. interfaces: Array<T>(0x00000008005ce810)
 - constants:         constant pool [427] {0x00007fb816c3ec30} for 'jdk/vm/ci/services/Services' cache=0x00007fb816c412f0
 - class loader data:  loader data: 0x00007fb8300283f0 of 'bootstrap'
 - source file:       'Services.java'
 - class annotations:       Array<T>(0x0000000000000000)
 - class type annotations:  Array<T>(0x0000000000000000)
 - field annotations:       Array<T>(0x0000000000000000)
 - field type annotations:  Array<T>(0x0000000000000000)
 - inner classes:     Array<T>(0x00007fb816c412c0)
 - nest members:     Array<T>(0x00007fb816c412e0)
 - permitted subclasses:     Array<T>(0x00000008005ce7a0)
 - java mirror:       a 'java/lang/Class'{0x00000000e017ddf8} = 'jdk/vm/ci/services/Services'
 - vtable length      5  (start addr: 0x0000000800c41580)
 - itable length      2 (start addr: 0x0000000800c415a8)
 - ---- static fields (3 words):
 - public static final 'IS_BUILDING_NATIVE_IMAGE' 'Z' @128 
 - public static final 'IS_IN_NATIVE_IMAGE' 'Z' @129 
 - private static volatile 'savedProperties' 'Ljava/util/Map;' @112 
 - static final 'JVMCI_ENABLED' 'Z' @130 
 - private static final 'servicesCache' 'Ljava/util/Map;' @116 
 - private static final 'MAX_UNICODE_IN_UTF8_LENGTH' 'I' @120 
 - private static final 'MAX_UTF8_PROPERTY_STRING_LENGTH' 'I' @124 
 - ---- non-static fields (0 words):
 - non-static oop maps: 
stack at sp + 4 slots: 0x00007fb816316500 is pointing into the stack for thread: 0x00007fb8300b2210
stack at sp + 5 slots: 0x00007fb8369db2fe: <offset 0x000000000093e2fe> in /nix/store/gpxl5qgg8kicmcvivwmybwjlpf7wh20l-graalvm17-ce-22.3.0/lib/server/libjvm.so at 0x00007fb83609d000
stack at sp + 6 slots: 0x00007fb8163163e0 is pointing into the stack for thread: 0x00007fb8300b2210
stack at sp + 7 slots: 0x00007fb816316440 is pointing into the stack for thread: 0x00007fb8300b2210


---------------  P R O C E S S  ---------------

Threads class SMR info:
_java_thread_list=0x00007fb77c000b70, length=25, elements={
0x00007fb830026690, 0x00007fb8300a64d0, 0x00007fb8300a7910, 0x00007fb8300ae080,
0x00007fb8300af430, 0x00007fb8300b0820, 0x00007fb8300b2210, 0x00007fb8300b3720,
0x00007fb8300b4b70, 0x00007fb8300d79c0, 0x00007fb83011fe60, 0x00007fb830333860,
0x00007fb8303670f0, 0x00007fb830369090, 0x00007fb8303954d0, 0x00007fb7c40171b0,
0x00007fb7c42b0f10, 0x00007fb7b80010d0, 0x00007fb7c4491f70, 0x00007fb7c463c7d0,
0x00007fb830362c50, 0x00007fb8304bd9f0, 0x00007fb794000ff0, 0x00007fb7a00e17b0,
0x00007fb7ac001ca0
}

Java Threads: ( => current thread )
  0x00007fb830026690 JavaThread "main" [_thread_blocked, id=35, stack(0x00007fb835eb8000,0x00007fb835fb8000)]
  0x00007fb8300a64d0 JavaThread "Reference Handler" daemon [_thread_blocked, id=38, stack(0x00007fb8169fe000,0x00007fb816afe000)]
  0x00007fb8300a7910 JavaThread "Finalizer" daemon [_thread_blocked, id=39, stack(0x00007fb8168fe000,0x00007fb8169fe000)]
  0x00007fb8300ae080 JavaThread "Signal Dispatcher" daemon [_thread_blocked, id=40, stack(0x00007fb816518000,0x00007fb816618000)]
  0x00007fb8300af430 JavaThread "Service Thread" daemon [_thread_blocked, id=41, stack(0x00007fb816418000,0x00007fb816518000)]
  0x00007fb8300b0820 JavaThread "Monitor Deflation Thread" daemon [_thread_blocked, id=42, stack(0x00007fb816318000,0x00007fb816418000)]
=>0x00007fb8300b2210 JavaThread "JVMCI-native CompilerThread0" daemon [_thread_in_vm, id=43, stack(0x00007fb816118000,0x00007fb816318000)]
  0x00007fb8300b3720 JavaThread "C1 CompilerThread0" daemon [_thread_blocked, id=44, stack(0x00007fb815f18000,0x00007fb816118000)]
  0x00007fb8300b4b70 JavaThread "Sweeper thread" daemon [_thread_blocked, id=45, stack(0x00007fb815e18000,0x00007fb815f18000)]
  0x00007fb8300d79c0 JavaThread "Common-Cleaner" daemon [_thread_blocked, id=47, stack(0x00007fb815d18000,0x00007fb815e18000)]
  0x00007fb83011fe60 JavaThread "Notification Thread" daemon [_thread_blocked, id=48, stack(0x00007fb815c18000,0x00007fb815d18000)]
  0x00007fb830333860 JavaThread "Active Thread: Equinox Container: e75425ae-ac14-4192-aac9-d202238f24d2" [_thread_blocked, id=62, stack(0x00007fb814800000,0x00007fb814900000)]
  0x00007fb8303670f0 JavaThread "Framework Event Dispatcher: Equinox Container: e75425ae-ac14-4192-aac9-d202238f24d2" daemon [_thread_blocked, id=63, stack(0x00007fb814600000,0x00007fb814700000)]
  0x00007fb830369090 JavaThread "Start Level: Equinox Container: e75425ae-ac14-4192-aac9-d202238f24d2" daemon [_thread_blocked, id=64, stack(0x00007fb814400000,0x00007fb814500000)]
  0x00007fb8303954d0 JavaThread "Refresh Thread: Equinox Container: e75425ae-ac14-4192-aac9-d202238f24d2" daemon [_thread_blocked, id=65, stack(0x00007fb814200000,0x00007fb814300000)]
  0x00007fb7c40171b0 JavaThread "SCR Component Actor" daemon [_thread_blocked, id=72, stack(0x00007fb814000000,0x00007fb814100000)]
  0x00007fb7c42b0f10 JavaThread "Worker-JM" [_thread_blocked, id=76, stack(0x00007fb7dd900000,0x00007fb7dda00000)]
  0x00007fb7b80010d0 JavaThread "Worker-1" [_thread_blocked, id=78, stack(0x00007fb7dd500000,0x00007fb7dd600000)]
  0x00007fb7c4491f70 JavaThread "Java indexing" daemon [_thread_blocked, id=79, stack(0x00007fb7dd300000,0x00007fb7dd400000)]
  0x00007fb7c463c7d0 JavaThread "Bundle File Closer" daemon [_thread_blocked, id=88, stack(0x00007fb7dd100000,0x00007fb7dd200000)]
  0x00007fb830362c50 JavaThread "pool-3-thread-1" [_thread_blocked, id=89, stack(0x00007fb7dcf00000,0x00007fb7dd000000)]
  0x00007fb8304bd9f0 JavaThread "pool-2-thread-1" [_thread_blocked, id=90, stack(0x00007fb7dcd00000,0x00007fb7dce00000)]
  0x00007fb794000ff0 JavaThread "Worker-4: Compacting resource model" [_thread_blocked, id=93, stack(0x00007fb7dc700000,0x00007fb7dc800000)]
  0x00007fb7a00e17b0 JavaThread "Worker-5: Java indexing... " [_thread_blocked, id=112, stack(0x00007fb7dc500000,0x00007fb7dc600000)]
  0x00007fb7ac001ca0 JavaThread "Worker-6: Publish Diagnostics" [_thread_blocked, id=533, stack(0x00007fb7dc900000,0x00007fb7dca00000)]

Other Threads:
  0x00007fb8300a1c10 VMThread "VM Thread" [stack: 0x00007fb816b00000,0x00007fb816c00000] [id=37] _threads_hazard_ptr=0x00007fb77c000b70
  0x00007fb830121800 WatcherThread [stack: 0x00007fb815b18000,0x00007fb815c18000] [id=49]
  0x00007fb83003df30 GCTaskThread "GC Thread#0" [stack: 0x00007fb835a7b000,0x00007fb835b7b000] [id=36]

Threads with active compile tasks:
JVMCI-native CompilerThread0  1211104 8756       4       org.eclipse.jdt.internal.core.JavaElement::escapeMementoName (200 bytes)

VM state: synchronizing (normal execution)

VM Mutex/Monitor currently owned by a thread:  ([mutex/lock_event])
[0x00007fb830023840] Threads_lock - owner thread: 0x00007fb8300a1c10
[0x00007fb830023ff0] Heap_lock - owner thread: 0x00007fb7a00e17b0

OutOfMemory and StackOverflow Exception counts:
OutOfMemoryError java_heap_errors=2
LinkageErrors=68

Heap address: 0x00000000e0000000, size: 512 MB, Compressed Oops mode: 32-bit

CDS archive(s) mapped at: [0x0000000800000000-0x0000000800bc8000-0x0000000800bc8000), size 12353536, SharedBaseAddress: 0x0000000800000000, ArchiveRelocationMode: 0.
Compressed class space mapped at: 0x0000000800c00000-0x0000000840c00000, reserved size: 1073741824
Narrow klass base: 0x0000000800000000, Narrow klass shift: 0, Narrow klass range: 0x100000000

GC Precious Log:
 CPUs: 8 total, 1 available
 Memory: 1024M
 Large Page Support: Disabled
 NUMA Support: Disabled
 Compressed Oops: Enabled (32-bit)
 Alignments: Space 512K, Generation 512K, Heap 2M
 Heap Min Capacity: 100M
 Heap Initial Capacity: 100M
 Heap Max Capacity: 512M
 Pre-touch: Disabled
 Parallel Workers: 1

Heap:
 PSYoungGen      total 47616K, used 30719K [0x00000000f5580000, 0x00000000f8f80000, 0x0000000100000000)
  eden space 30720K, 99% used [0x00000000f5580000,0x00000000f737fff8,0x00000000f7380000)
  from space 16896K, 0% used [0x00000000f7380000,0x00000000f7380000,0x00000000f8400000)
  to   space 11776K, 0% used [0x00000000f8400000,0x00000000f8400000,0x00000000f8f80000)
 ParOldGen       total 349696K, used 349693K [0x00000000e0000000, 0x00000000f5580000, 0x00000000f5580000)
  object space 349696K, 99% used [0x00000000e0000000,0x00000000f557f750,0x00000000f5580000)
 Metaspace       used 59943K, committed 60864K, reserved 1105920K
  class space    used 5968K, committed 6400K, reserved 1048576K

Card table byte_map: [0x00007fb835b7b000,0x00007fb835c7c000] _byte_map_base: 0x00007fb83547b000

Marking Bits: (ParMarkBitMap*) 0x00007fb8372cb4c0
 Begin Bits: [0x00007fb8349ce000, 0x00007fb8351ce000)
 End Bits:   [0x00007fb8351ce000, 0x00007fb8359ce000)

Polling page: 0x00007fb835e95000

Metaspace:

Usage:
  Non-class:     52.71 MB used.
      Class:      5.83 MB used.
       Both:     58.54 MB used.

Virtual space:
  Non-class space:       56.00 MB reserved,      53.19 MB ( 95%) committed,  7 nodes.
      Class space:        1.00 GB reserved,       6.25 MB ( <1%) committed,  1 nodes.
             Both:        1.05 GB reserved,      59.44 MB (  6%) committed. 

Chunk freelists:
   Non-Class:  2.02 MB
       Class:  1.75 MB
        Both:  3.77 MB

MaxMetaspaceSize: unlimited
CompressedClassSpaceSize: 1.00 GB
Initial GC threshold: 21.00 MB
Current GC threshold: 99.06 MB
CDS: on
MetaspaceReclaimPolicy: balanced
 - commit_granule_bytes: 65536.
 - commit_granule_words: 8192.
 - virtual_space_node_default_size: 1048576.
 - enlarge_chunks_in_place: 1.
 - new_chunks_are_fully_committed: 0.
 - uncommit_free_chunks: 1.
 - use_allocation_guard: 0.
 - handle_deallocations: 1.


Internal statistics:

num_allocs_failed_limit: 6.
num_arena_births: 496.
num_arena_deaths: 148.
num_vsnodes_births: 8.
num_vsnodes_deaths: 0.
num_space_committed: 950.
num_space_uncommitted: 0.
num_chunks_returned_to_freelist: 209.
num_chunks_taken_from_freelist: 2897.
num_chunk_merges: 81.
num_chunk_splits: 1839.
num_chunks_enlarged: 1146.
num_purges: 20.
num_inconsistent_stats: 0.

CodeHeap 'non-profiled nmethods': size=120036Kb used=2720Kb max_used=2720Kb free=117315Kb
 bounds [0x00007fb81ef7a000, 0x00007fb81f22a000, 0x00007fb8264b3000]
CodeHeap 'profiled nmethods': size=120032Kb used=15572Kb max_used=15572Kb free=104459Kb
 bounds [0x00007fb817a42000, 0x00007fb818982000, 0x00007fb81ef7a000]
CodeHeap 'non-nmethods': size=5692Kb used=1400Kb max_used=1405Kb free=4291Kb
 bounds [0x00007fb8174b3000, 0x00007fb817723000, 0x00007fb817a42000]
 total_blobs=8049 nmethods=7310 adapters=632
 compilation: enabled
              stopped_count=0, restarted_count=0
 full_count=0

JVMCI Events (20 events):
Event: 833.508 Thread 0x00007fb8300b2210 destroyed JavaVM[7]@0x00007fb7dbd9e340 for JVMCI runtime 0
Event: 833.508 Thread 0x00007fb8300b2210 compacted oop handles in JVMCI runtime 0 from 54 to 54
Event: 833.508 Thread 0x00007fb8300b2210 releasing handles for JVMCI runtime 0: oop handles=54, metadata handles={total=96, live=78, blocks=38}
Event: 833.508 Thread 0x00007fb8300b2210 detached from JVMCI runtime 0
Event: 931.813 Thread 0x00007fb8300b2210 attached to JVMCI runtime 0
Event: 931.814 Thread 0x00007fb8300b2210 created JavaVM[8]@0x00007fb7dbd9e340 for JVMCI runtime 0
Event: 931.814 Thread 0x00007fb8300b2210 initializing JVMCI runtime 0
Event: 931.814 Thread 0x00007fb8300b2210 done waiting for JavaVM references initialization in JVMCI runtime 0
Event: 948.733 Thread 0x00007fb8300b2210 initialized JVMCI runtime 0
Event: 970.840 Thread 0x00007fb8300b2210 detaching from JVMCI runtime 0: releasing idle compiler thread (0 other threads still attached)
Event: 970.840 Thread 0x00007fb8300b2210 shutting down HotSpotJVMCIRuntime for JVMCI runtime 0
Event: 970.840 Thread 0x00007fb8300b2210 shut down JVMCI runtime 0
Event: 970.842 Thread 0x00007fb8300b2210 destroyed JavaVM[8]@0x00007fb7dbd9e340 for JVMCI runtime 0
Event: 970.842 Thread 0x00007fb8300b2210 compacted oop handles in JVMCI runtime 0 from 46 to 46
Event: 970.842 Thread 0x00007fb8300b2210 releasing handles for JVMCI runtime 0: oop handles=46, metadata handles={total=88, live=75, blocks=38}
Event: 970.842 Thread 0x00007fb8300b2210 detached from JVMCI runtime 0
Event: 1179.234 Thread 0x00007fb8300b2210 attached to JVMCI runtime 0
Event: 1179.235 Thread 0x00007fb8300b2210 created JavaVM[9]@0x00007fb7dbd9e340 for JVMCI runtime 0
Event: 1180.463 Thread 0x00007fb8300b2210 initializing JVMCI runtime 0
Event: 1180.463 Thread 0x00007fb8300b2210 done waiting for JavaVM references initialization in JVMCI runtime 0

Compilation events (20 events):
Event: 969.712 Thread 0x00007fb8300b2210 nmethod 8744% 0x00007fb81f221190 code [0x00007fb81f221360, 0x00007fb81f221c28]
Event: 1032.597 Thread 0x00007fb8300b3720 8746       3       java.util.concurrent.ThreadPoolExecutor::workerCountOf (5 bytes)
Event: 1033.845 Thread 0x00007fb8300b3720 nmethod 8746 0x00007fb81896ee90 code [0x00007fb81896f020, 0x00007fb81896f110]
Event: 1042.835 Thread 0x00007fb8300b3720 8747 %     3       java.text.MessageFormat::applyPattern @ 34 (422 bytes)
Event: 1042.838 Thread 0x00007fb8300b3720 nmethod 8747% 0x00007fb81896f190 code [0x00007fb81896f6a0, 0x00007fb818972f60]
Event: 1065.009 Thread 0x00007fb8300b3720 8749       3       java.lang.StringBuffer::<init> (6 bytes)
Event: 1066.237 Thread 0x00007fb8300b3720 nmethod 8749 0x00007fb818974210 code [0x00007fb8189743c0, 0x00007fb818974500]
Event: 1089.199 Thread 0x00007fb8300b3720 8750       3       org.eclipse.jdt.internal.compiler.lookup.ReferenceBinding::compare (53 bytes)
Event: 1090.729 Thread 0x00007fb8300b3720 nmethod 8750 0x00007fb818974590 code [0x00007fb818974760, 0x00007fb818974a90]
Event: 1129.037 Thread 0x00007fb8300b3720 8751       3       java.util.concurrent.ScheduledThreadPoolExecutor$DelayedWorkQueue::setIndex (16 bytes)
Event: 1129.037 Thread 0x00007fb8300b3720 nmethod 8751 0x00007fb818974c10 code [0x00007fb818974dc0, 0x00007fb818975390]
Event: 1139.133 Thread 0x00007fb8300b3720 8752       3       java.lang.invoke.VarHandleReferences$FieldInstanceReadWrite::compareAndSet (48 bytes)
Event: 1139.133 Thread 0x00007fb8300b3720 nmethod 8752 0x00007fb818975490 code [0x00007fb818975700, 0x00007fb818976280]
Event: 1139.134 Thread 0x00007fb8300b3720 8753       1       java.util.concurrent.ThreadPoolExecutor::getQueue (5 bytes)
Event: 1139.134 Thread 0x00007fb8300b3720 nmethod 8753 0x00007fb81f222010 code [0x00007fb81f2221a0, 0x00007fb81f222270]
Event: 1157.939 Thread 0x00007fb8300b3720 8754       3       java.util.concurrent.locks.AbstractQueuedSynchronizer$ConditionObject::canReacquire (28 bytes)
Event: 1157.940 Thread 0x00007fb8300b3720 nmethod 8754 0x00007fb818976610 code [0x00007fb8189767c0, 0x00007fb818976b10]
Event: 1165.524 Thread 0x00007fb8300b3720 8755  s    3       org.eclipse.jdt.internal.core.search.processing.JobManager::awaitingJobsCount (21 bytes)
Event: 1165.524 Thread 0x00007fb8300b3720 nmethod 8755 0x00007fb818976c90 code [0x00007fb818976e40, 0x00007fb818977260]
Event: 1179.234 Thread 0x00007fb8300b2210 8756       4       org.eclipse.jdt.internal.core.JavaElement::escapeMementoName (200 bytes)

GC Heap History (20 events):
Event: 1198.711 GC heap before
{Heap before GC invocations=1037 (full 894):
 PSYoungGen      total 47616K, used 30720K [0x00000000f5580000, 0x00000000f8f80000, 0x0000000100000000)
  eden space 30720K, 100% used [0x00000000f5580000,0x00000000f7380000,0x00000000f7380000)
  from space 16896K, 0% used [0x00000000f7380000,0x00000000f7380000,0x00000000f8400000)
  to   space 11776K, 0% used [0x00000000f8400000,0x00000000f8400000,0x00000000f8f80000)
 ParOldGen       total 349696K, used 349695K [0x00000000e0000000, 0x00000000f5580000, 0x00000000f5580000)
  object space 349696K, 99% used [0x00000000e0000000,0x00000000f557ff48,0x00000000f5580000)
 Metaspace       used 59943K, committed 60864K, reserved 1105920K
  class space    used 5968K, committed 6400K, reserved 1048576K
}
Event: 1199.897 GC heap after
{Heap after GC invocations=1037 (full 894):
 PSYoungGen      total 42496K, used 30719K [0x00000000f5580000, 0x00000000f8f80000, 0x0000000100000000)
  eden space 30720K, 99% used [0x00000000f5580000,0x00000000f737ffc8,0x00000000f7380000)
  from space 11776K, 0% used [0x00000000f8400000,0x00000000f8400000,0x00000000f8f80000)
  to   space 16896K, 0% used [0x00000000f7380000,0x00000000f7380000,0x00000000f8400000)
 ParOldGen       total 349696K, used 349691K [0x00000000e0000000, 0x00000000f5580000, 0x00000000f5580000)
  object space 349696K, 99% used [0x00000000e0000000,0x00000000f557ed00,0x00000000f5580000)
 Metaspace       used 59943K, committed 60864K, reserved 1105920K
  class space    used 5968K, committed 6400K, reserved 1048576K
}
Event: 1199.900 GC heap before
{Heap before GC invocations=1038 (full 895):
 PSYoungGen      total 42496K, used 30720K [0x00000000f5580000, 0x00000000f8f80000, 0x0000000100000000)
  eden space 30720K, 100% used [0x00000000f5580000,0x00000000f7380000,0x00000000f7380000)
  from space 11776K, 0% used [0x00000000f8400000,0x00000000f8400000,0x00000000f8f80000)
  to   space 16896K, 0% used [0x00000000f7380000,0x00000000f7380000,0x00000000f8400000)
 ParOldGen       total 349696K, used 349694K [0x00000000e0000000, 0x00000000f5580000, 0x00000000f5580000)
  object space 349696K, 99% used [0x00000000e0000000,0x00000000f557f808,0x00000000f5580000)
 Metaspace       used 59943K, committed 60864K, reserved 1105920K
  class space    used 5968K, committed 6400K, reserved 1048576K
}
Event: 1201.016 GC heap after
{Heap after GC invocations=1038 (full 895):
 PSYoungGen      total 47616K, used 30719K [0x00000000f5580000, 0x00000000f8f80000, 0x0000000100000000)
  eden space 30720K, 99% used [0x00000000f5580000,0x00000000f737ffb0,0x00000000f7380000)
  from space 16896K, 0% used [0x00000000f7380000,0x00000000f7380000,0x00000000f8400000)
  to   space 11776K, 0% used [0x00000000f8400000,0x00000000f8400000,0x00000000f8f80000)
 ParOldGen       total 349696K, used 349690K [0x00000000e0000000, 0x00000000f5580000, 0x00000000f5580000)
  object space 349696K, 99% used [0x00000000e0000000,0x00000000f557e938,0x00000000f5580000)
 Metaspace       used 59943K, committed 60864K, reserved 1105920K
  class space    used 5968K, committed 6400K, reserved 1048576K
}
Event: 1201.016 GC heap before
{Heap before GC invocations=1039 (full 896):
 PSYoungGen      total 47616K, used 30720K [0x00000000f5580000, 0x00000000f8f80000, 0x0000000100000000)
  eden space 30720K, 100% used [0x00000000f5580000,0x00000000f7380000,0x00000000f7380000)
  from space 16896K, 0% used [0x00000000f7380000,0x00000000f7380000,0x00000000f8400000)
  to   space 11776K, 0% used [0x00000000f8400000,0x00000000f8400000,0x00000000f8f80000)
 ParOldGen       total 349696K, used 349690K [0x00000000e0000000, 0x00000000f5580000, 0x00000000f5580000)
  object space 349696K, 99% used [0x00000000e0000000,0x00000000f557e938,0x00000000f5580000)
 Metaspace       used 59943K, committed 60864K, reserved 1105920K
  class space    used 5968K, committed 6400K, reserved 1048576K
}
Event: 1202.206 GC heap after
{Heap after GC invocations=1039 (full 896):
 PSYoungGen      total 42496K, used 30719K [0x00000000f5580000, 0x00000000f8f80000, 0x0000000100000000)
  eden space 30720K, 99% used [0x00000000f5580000,0x00000000f737ffd0,0x00000000f7380000)
  from space 11776K, 0% used [0x00000000f8400000,0x00000000f8400000,0x00000000f8f80000)
  to   space 16896K, 0% used [0x00000000f7380000,0x00000000f7380000,0x00000000f8400000)
 ParOldGen       total 349696K, used 349690K [0x00000000e0000000, 0x00000000f5580000, 0x00000000f5580000)
  object space 349696K, 99% used [0x00000000e0000000,0x00000000f557e938,0x00000000f5580000)
 Metaspace       used 59943K, committed 60864K, reserved 1105920K
  class space    used 5968K, committed 6400K, reserved 1048576K
}
Event: 1202.207 GC heap before
{Heap before GC invocations=1040 (full 897):
 PSYoungGen      total 42496K, used 30720K [0x00000000f5580000, 0x00000000f8f80000, 0x0000000100000000)
  eden space 30720K, 100% used [0x00000000f5580000,0x00000000f7380000,0x00000000f7380000)
  from space 11776K, 0% used [0x00000000f8400000,0x00000000f8400000,0x00000000f8f80000)
  to   space 16896K, 0% used [0x00000000f7380000,0x00000000f7380000,0x00000000f8400000)
 ParOldGen       total 349696K, used 349690K [0x00000000e0000000, 0x00000000f5580000, 0x00000000f5580000)
  object space 349696K, 99% used [0x00000000e0000000,0x00000000f557e938,0x00000000f5580000)
 Metaspace       used 59943K, committed 60864K, reserved 1105920K
  class space    used 5968K, committed 6400K, reserved 1048576K
}
Event: 1203.436 GC heap after
{Heap after GC invocations=1040 (full 897):
 PSYoungGen      total 47616K, used 30719K [0x00000000f5580000, 0x00000000f8f80000, 0x0000000100000000)
  eden space 30720K, 99% used [0x00000000f5580000,0x00000000f737ffd0,0x00000000f7380000)
  from space 16896K, 0% used [0x00000000f7380000,0x00000000f7380000,0x00000000f8400000)
  to   space 11776K, 0% used [0x00000000f8400000,0x00000000f8400000,0x00000000f8f80000)
 ParOldGen       total 349696K, used 349690K [0x00000000e0000000, 0x00000000f5580000, 0x00000000f5580000)
  object space 349696K, 99% used [0x00000000e0000000,0x00000000f557e938,0x00000000f5580000)
 Metaspace       used 59943K, committed 60864K, reserved 1105920K
  class space    used 5968K, committed 6400K, reserved 1048576K
}
Event: 1203.437 GC heap before
{Heap before GC invocations=1041 (full 898):
 PSYoungGen      total 47616K, used 30719K [0x00000000f5580000, 0x00000000f8f80000, 0x0000000100000000)
  eden space 30720K, 99% used [0x00000000f5580000,0x00000000f737fff0,0x00000000f7380000)
  from space 16896K, 0% used [0x00000000f7380000,0x00000000f7380000,0x00000000f8400000)
  to   space 11776K, 0% used [0x00000000f8400000,0x00000000f8400000,0x00000000f8f80000)
 ParOldGen       total 349696K, used 349690K [0x00000000e0000000, 0x00000000f5580000, 0x00000000f5580000)
  object space 349696K, 99% used [0x00000000e0000000,0x00000000f557e938,0x00000000f5580000)
 Metaspace       used 59943K, committed 60864K, reserved 1105920K
  class space    used 5968K, committed 6400K, reserved 1048576K
}
Event: 1204.645 GC heap after
{Heap after GC invocations=1041 (full 898):
 PSYoungGen      total 42496K, used 30719K [0x00000000f5580000, 0x00000000f8f80000, 0x0000000100000000)
  eden space 30720K, 99% used [0x00000000f5580000,0x00000000f737ffd0,0x00000000f7380000)
  from space 11776K, 0% used [0x00000000f8400000,0x00000000f8400000,0x00000000f8f80000)
  to   space 16896K, 0% used [0x00000000f7380000,0x00000000f7380000,0x00000000f8400000)
 ParOldGen       total 349696K, used 349690K [0x00000000e0000000, 0x00000000f5580000, 0x00000000f5580000)
  object space 349696K, 99% used [0x00000000e0000000,0x00000000f557e938,0x00000000f5580000)
 Metaspace       used 59943K, committed 60864K, reserved 1105920K
  class space    used 5968K, committed 6400K, reserved 1048576K
}
Event: 1204.646 GC heap before
{Heap before GC invocations=1042 (full 899):
 PSYoungGen      total 42496K, used 30719K [0x00000000f5580000, 0x00000000f8f80000, 0x0000000100000000)
  eden space 30720K, 99% used [0x00000000f5580000,0x00000000f737fff0,0x00000000f7380000)
  from space 11776K, 0% used [0x00000000f8400000,0x00000000f8400000,0x00000000f8f80000)
  to   space 16896K, 0% used [0x00000000f7380000,0x00000000f7380000,0x00000000f8400000)
 ParOldGen       total 349696K, used 349690K [0x00000000e0000000, 0x00000000f5580000, 0x00000000f5580000)
  object space 349696K, 99% used [0x00000000e0000000,0x00000000f557e938,0x00000000f5580000)
 Metaspace       used 59943K, committed 60864K, reserved 1105920K
  class space    used 5968K, committed 6400K, reserved 1048576K
}
Event: 1205.710 GC heap after
{Heap after GC invocations=1042 (full 899):
 PSYoungGen      total 47616K, used 30719K [0x00000000f5580000, 0x00000000f8f80000, 0x0000000100000000)
  eden space 30720K, 99% used [0x00000000f5580000,0x00000000f737fff0,0x00000000f7380000)
  from space 16896K, 0% used [0x00000000f7380000,0x00000000f7380000,0x00000000f8400000)
  to   space 11776K, 0% used [0x00000000f8400000,0x00000000f8400000,0x00000000f8f80000)
 ParOldGen       total 349696K, used 349690K [0x00000000e0000000, 0x00000000f5580000, 0x00000000f5580000)
  object space 349696K, 99% used [0x00000000e0000000,0x00000000f557e938,0x00000000f5580000)
 Metaspace       used 59943K, committed 60864K, reserved 1105920K
  class space    used 5968K, committed 6400K, reserved 1048576K
}
Event: 1205.712 GC heap before
{Heap before GC invocations=1043 (full 900):
 PSYoungGen      total 47616K, used 30720K [0x00000000f5580000, 0x00000000f8f80000, 0x0000000100000000)
  eden space 30720K, 100% used [0x00000000f5580000,0x00000000f7380000,0x00000000f7380000)
  from space 16896K, 0% used [0x00000000f7380000,0x00000000f7380000,0x00000000f8400000)
  to   space 11776K, 0% used [0x00000000f8400000,0x00000000f8400000,0x00000000f8f80000)
 ParOldGen       total 349696K, used 349695K [0x00000000e0000000, 0x00000000f5580000, 0x00000000f5580000)
  object space 349696K, 99% used [0x00000000e0000000,0x00000000f557ff18,0x00000000f5580000)
 Metaspace       used 59943K, committed 60864K, reserved 1105920K
  class space    used 5968K, committed 6400K, reserved 1048576K
}
Event: 1206.922 GC heap after
{Heap after GC invocations=1043 (full 900):
 PSYoungGen      total 42496K, used 30719K [0x00000000f5580000, 0x00000000f8f80000, 0x0000000100000000)
  eden space 30720K, 99% used [0x00000000f5580000,0x00000000f737fc80,0x00000000f7380000)
  from space 11776K, 0% used [0x00000000f8400000,0x00000000f8400000,0x00000000f8f80000)
  to   space 16896K, 0% used [0x00000000f7380000,0x00000000f7380000,0x00000000f8400000)
 ParOldGen       total 349696K, used 349694K [0x00000000e0000000, 0x00000000f5580000, 0x00000000f5580000)
  object space 349696K, 99% used [0x00000000e0000000,0x00000000f557fa18,0x00000000f5580000)
 Metaspace       used 59943K, committed 60864K, reserved 1105920K
  class space    used 5968K, committed 6400K, reserved 1048576K
}
Event: 1206.922 GC heap before
{Heap before GC invocations=1044 (full 901):
 PSYoungGen      total 42496K, used 30719K [0x00000000f5580000, 0x00000000f8f80000, 0x0000000100000000)
  eden space 30720K, 99% used [0x00000000f5580000,0x00000000f737fc80,0x00000000f7380000)
  from space 11776K, 0% used [0x00000000f8400000,0x00000000f8400000,0x00000000f8f80000)
  to   space 16896K, 0% used [0x00000000f7380000,0x00000000f7380000,0x00000000f8400000)
 ParOldGen       total 349696K, used 349694K [0x00000000e0000000, 0x00000000f5580000, 0x00000000f5580000)
  object space 349696K, 99% used [0x00000000e0000000,0x00000000f557fa18,0x00000000f5580000)
 Metaspace       used 59943K, committed 60864K, reserved 1105920K
  class space    used 5968K, committed 6400K, reserved 1048576K
}
Event: 1208.222 GC heap after
{Heap after GC invocations=1044 (full 901):
 PSYoungGen      total 47616K, used 30719K [0x00000000f5580000, 0x00000000f8f80000, 0x0000000100000000)
  eden space 30720K, 99% used [0x00000000f5580000,0x00000000f737fc80,0x00000000f7380000)
  from space 16896K, 0% used [0x00000000f7380000,0x00000000f7380000,0x00000000f8400000)
  to   space 11776K, 0% used [0x00000000f8400000,0x00000000f8400000,0x00000000f8f80000)
 ParOldGen       total 349696K, used 349694K [0x00000000e0000000, 0x00000000f5580000, 0x00000000f5580000)
  object space 349696K, 99% used [0x00000000e0000000,0x00000000f557fa18,0x00000000f5580000)
 Metaspace       used 59943K, committed 60864K, reserved 1105920K
  class space    used 5968K, committed 6400K, reserved 1048576K
}
Event: 1208.223 GC heap before
{Heap before GC invocations=1045 (full 902):
 PSYoungGen      total 47616K, used 30720K [0x00000000f5580000, 0x00000000f8f80000, 0x0000000100000000)
  eden space 30720K, 100% used [0x00000000f5580000,0x00000000f7380000,0x00000000f7380000)
  from space 16896K, 0% used [0x00000000f7380000,0x00000000f7380000,0x00000000f8400000)
  to   space 11776K, 0% used [0x00000000f8400000,0x00000000f8400000,0x00000000f8f80000)
 ParOldGen       total 349696K, used 349695K [0x00000000e0000000, 0x00000000f5580000, 0x00000000f5580000)
  object space 349696K, 99% used [0x00000000e0000000,0x00000000f557fef8,0x00000000f5580000)
 Metaspace       used 59943K, committed 60864K, reserved 1105920K
  class space    used 5968K, committed 6400K, reserved 1048576K
}
Event: 1209.560 GC heap after
{Heap after GC invocations=1045 (full 902):
 PSYoungGen      total 42496K, used 30719K [0x00000000f5580000, 0x00000000f8f80000, 0x0000000100000000)
  eden space 30720K, 99% used [0x00000000f5580000,0x00000000f737fe78,0x00000000f7380000)
  from space 11776K, 0% used [0x00000000f8400000,0x00000000f8400000,0x00000000f8f80000)
  to   space 16896K, 0% used [0x00000000f7380000,0x00000000f7380000,0x00000000f8400000)
 ParOldGen       total 349696K, used 349693K [0x00000000e0000000, 0x00000000f5580000, 0x00000000f5580000)
  object space 349696K, 99% used [0x00000000e0000000,0x00000000f557f750,0x00000000f5580000)
 Metaspace       used 59943K, committed 60864K, reserved 1105920K
  class space    used 5968K, committed 6400K, reserved 1048576K
}
Event: 1209.560 GC heap before
{Heap before GC invocations=1046 (full 903):
 PSYoungGen      total 42496K, used 30719K [0x00000000f5580000, 0x00000000f8f80000, 0x0000000100000000)
  eden space 30720K, 99% used [0x00000000f5580000,0x00000000f737fe78,0x00000000f7380000)
  from space 11776K, 0% used [0x00000000f8400000,0x00000000f8400000,0x00000000f8f80000)
  to   space 16896K, 0% used [0x00000000f7380000,0x00000000f7380000,0x00000000f8400000)
 ParOldGen       total 349696K, used 349693K [0x00000000e0000000, 0x00000000f5580000, 0x00000000f5580000)
  object space 349696K, 99% used [0x00000000e0000000,0x00000000f557f750,0x00000000f5580000)
 Metaspace       used 59943K, committed 60864K, reserved 1105920K
  class space    used 5968K, committed 6400K, reserved 1048576K
}
Event: 1211.045 GC heap after
{Heap after GC invocations=1046 (full 903):
 PSYoungGen      total 47616K, used 30719K [0x00000000f5580000, 0x00000000f8f80000, 0x0000000100000000)
  eden space 30720K, 99% used [0x00000000f5580000,0x00000000f737fe78,0x00000000f7380000)
  from space 16896K, 0% used [0x00000000f7380000,0x00000000f7380000,0x00000000f8400000)
  to   space 11776K, 0% used [0x00000000f8400000,0x00000000f8400000,0x00000000f8f80000)
 ParOldGen       total 349696K, used 349693K [0x00000000e0000000, 0x00000000f5580000, 0x00000000f5580000)
  object space 349696K, 99% used [0x00000000e0000000,0x00000000f557f750,0x00000000f5580000)
 Metaspace       used 59943K, committed 60864K, reserved 1105920K
  class space    used 5968K, committed 6400K, reserved 1048576K
}

Dll operation events (9 events):
Event: 0.001 Loaded shared library /nix/store/gpxl5qgg8kicmcvivwmybwjlpf7wh20l-graalvm17-ce-22.3.0/lib/libjava.so
Event: 0.007 Loaded shared library /nix/store/gpxl5qgg8kicmcvivwmybwjlpf7wh20l-graalvm17-ce-22.3.0/lib/libjsvml.so
Event: 0.201 Loaded shared library /nix/store/gpxl5qgg8kicmcvivwmybwjlpf7wh20l-graalvm17-ce-22.3.0/lib/libjvmcicompiler.so
Event: 0.201 Loaded shared library /nix/store/gpxl5qgg8kicmcvivwmybwjlpf7wh20l-graalvm17-ce-22.3.0/lib/libnio.so
Event: 0.205 Loaded shared library /nix/store/gpxl5qgg8kicmcvivwmybwjlpf7wh20l-graalvm17-ce-22.3.0/lib/libzip.so
Event: 0.532 Loaded shared library /nix/store/gpxl5qgg8kicmcvivwmybwjlpf7wh20l-graalvm17-ce-22.3.0/lib/libjimage.so
Event: 1.011 Loaded shared library /nix/store/gpxl5qgg8kicmcvivwmybwjlpf7wh20l-graalvm17-ce-22.3.0/lib/libnet.so
Event: 3.898 Loaded shared library /home/runner/.cache/jdt-language-server/config/org.eclipse.equinox.launcher/org.eclipse.equinox.launcher.gtk.linux.x86_64_1.2.400.v20211117-0650/eclipse_11600.so
Event: 10.604 Loaded shared library /nix/store/gpxl5qgg8kicmcvivwmybwjlpf7wh20l-graalvm17-ce-22.3.0/lib/libextnet.so

Deoptimization events (20 events):
Event: 159.597 Thread 0x00007fb7b80010d0 Uncommon trap: trap_request=0xffffffcd fr.pc=0x00007fb81f18eb57 relative=0x0000000000000177
Event: 159.597 Thread 0x00007fb7b80010d0 Uncommon trap: reason=intrinsic_or_type_checked_inlining action=reinterpret pc=0x00007fb81f18eb57 method=java.util.stream.AbstractPipeline.<init>(Ljava/util/stream/AbstractPipeline;I)V @ 65 jvmci
Event: 159.597 Thread 0x00007fb7b80010d0 DEOPT PACKING pc=0x00007fb81f18eb57 sp=0x00007fb7dd5fd820
Event: 159.597 Thread 0x00007fb7b80010d0 DEOPT UNPACKING pc=0x00007fb817505325 sp=0x00007fb7dd5fccc8 mode 3
Event: 167.098 Thread 0x00007fb7b80010d0 DEOPT PACKING pc=0x00007fb81f20da54 sp=0x00007fb7dd5fce80
Event: 167.098 Thread 0x00007fb7b80010d0 DEOPT UNPACKING pc=0x00007fb817505325 sp=0x00007fb7dd5fc240 mode 1
Event: 167.098 Thread 0x00007fb7b80010d0 DEOPT PACKING pc=0x00007fb81f20cc54 sp=0x00007fb7dd5fce90
Event: 167.098 Thread 0x00007fb7b80010d0 DEOPT UNPACKING pc=0x00007fb817505325 sp=0x00007fb7dd5fc1e0 mode 1
Event: 174.819 Thread 0x00007fb7b80010d0 Uncommon trap: trap_request=0xffffffe5 fr.pc=0x00007fb81f216637 relative=0x0000000000000197
Event: 174.819 Thread 0x00007fb7b80010d0 Uncommon trap: reason=range_check action=reinterpret pc=0x00007fb81f216637 method=jdk.internal.jimage.ImageStringsReader.stringFromByteBufferMatches(Ljava/nio/ByteBuffer;ILjava/lang/String;I)I @ 0 jvmci
Event: 174.819 Thread 0x00007fb7b80010d0 DEOPT PACKING pc=0x00007fb81f216637 sp=0x00007fb7dd5fc5c0
Event: 174.819 Thread 0x00007fb7b80010d0 DEOPT UNPACKING pc=0x00007fb817505325 sp=0x00007fb7dd5fba18 mode 3
Event: 343.816 Thread 0x00007fb7c0003990 Uncommon trap: trap_request=0xffffffed fr.pc=0x00007fb81f20e65b relative=0x000000000000005b
Event: 343.816 Thread 0x00007fb7c0003990 Uncommon trap: reason=null_assert_or_unreached0 action=reinterpret pc=0x00007fb81f20e65b method=java.lang.Thread.interrupted()Z @ 8 jvmci
Event: 345.120 Thread 0x00007fb7c0003990 DEOPT PACKING pc=0x00007fb81f20e65b sp=0x00007fb7dd0fe650
Event: 345.120 Thread 0x00007fb7c0003990 DEOPT UNPACKING pc=0x00007fb817505325 sp=0x00007fb7dd0fdae0 mode 3
Event: 1208.223 Thread 0x00007fb8300b2210 Uncommon trap: trap_request=0xffffff8f fr.pc=0x00007fb81f03c79b relative=0x000000000000017b
Event: 1208.223 Thread 0x00007fb8300b2210 Uncommon trap: reason=constraint action=none pc=0x00007fb81f03c79b method=java.io.ByteArrayOutputStream.<init>(I)V @ 0 jvmci
Event: 1208.223 Thread 0x00007fb8300b2210 DEOPT PACKING pc=0x00007fb81f03c79b sp=0x00007fb816316020
Event: 1208.223 Thread 0x00007fb8300b2210 DEOPT UNPACKING pc=0x00007fb817505325 sp=0x00007fb8163154c8 mode 3

Classes unloaded (20 events):
Event: 175.610 Thread 0x00007fb8300a1c10 Unloading class 0x000000080113d800 'jdk/internal/reflect/GeneratedSerializationConstructorAccessor16'
Event: 175.610 Thread 0x00007fb8300a1c10 Unloading class 0x000000080113d400 'jdk/internal/reflect/GeneratedSerializationConstructorAccessor15'
Event: 175.610 Thread 0x00007fb8300a1c10 Unloading class 0x000000080113c800 'jdk/internal/reflect/GeneratedConstructorAccessor38'
Event: 175.610 Thread 0x00007fb8300a1c10 Unloading class 0x000000080113c400 'jdk/internal/reflect/GeneratedSerializationConstructorAccessor14'
Event: 175.610 Thread 0x00007fb8300a1c10 Unloading class 0x000000080113c000 'jdk/internal/reflect/GeneratedSerializationConstructorAccessor13'
Event: 175.610 Thread 0x00007fb8300a1c10 Unloading class 0x0000000801139c00 'jdk/internal/reflect/GeneratedSerializationConstructorAccessor12'
Event: 175.610 Thread 0x00007fb8300a1c10 Unloading class 0x0000000801139800 'jdk/internal/reflect/GeneratedMethodAccessor12'
Event: 175.610 Thread 0x00007fb8300a1c10 Unloading class 0x0000000801139000 'jdk/internal/reflect/GeneratedSerializationConstructorAccessor11'
Event: 175.610 Thread 0x00007fb8300a1c10 Unloading class 0x0000000801138c00 'jdk/internal/reflect/GeneratedSerializationConstructorAccessor10'
Event: 175.610 Thread 0x00007fb8300a1c10 Unloading class 0x0000000801138800 'jdk/internal/reflect/GeneratedSerializationConstructorAccessor9'
Event: 175.610 Thread 0x00007fb8300a1c10 Unloading class 0x0000000801138400 'jdk/internal/reflect/GeneratedSerializationConstructorAccessor8'
Event: 175.610 Thread 0x00007fb8300a1c10 Unloading class 0x00000008010d4000 'jdk/internal/reflect/GeneratedSerializationConstructorAccessor3'
Event: 175.610 Thread 0x00007fb8300a1c10 Unloading class 0x00000008010a8400 'jdk/internal/reflect/GeneratedSerializationConstructorAccessor2'
Event: 175.610 Thread 0x00007fb8300a1c10 Unloading class 0x00000008010a8000 'jdk/internal/reflect/GeneratedSerializationConstructorAccessor1'
Event: 178.529 Thread 0x00007fb8300a1c10 Unloading class 0x00000008010fcc00 'jdk/internal/reflect/GeneratedMethodAccessor10'
Event: 178.529 Thread 0x00007fb8300a1c10 Unloading class 0x00000008010fc800 'jdk/internal/reflect/GeneratedMethodAccessor9'
Event: 178.529 Thread 0x00007fb8300a1c10 Unloading class 0x00000008010fc000 'jdk/internal/reflect/GeneratedMethodAccessor7'
Event: 180.140 Thread 0x00007fb8300a1c10 Unloading class 0x00000008010fc400 'jdk/internal/reflect/GeneratedMethodAccessor8'
Event: 184.440 Thread 0x00007fb8300a1c10 Unloading class 0x0000000801139400 'jdk/internal/reflect/GeneratedMethodAccessor11'
Event: 350.514 Thread 0x00007fb8300a1c10 Unloading class 0x0000000801138000 'jdk/internal/reflect/GeneratedConstructorAccessor37'

Classes redefined (0 events):
No events

Internal exceptions (20 events):
Event: 35.811 Thread 0x00007fb7c4314d30 Exception <a 'java/io/FileNotFoundException'{0x00000000f55823c0}> (0x00000000f55823c0) 
thrown [src/hotspot/share/prims/jni.cpp, line 516]
Event: 35.913 Thread 0x00007fb7ac001ca0 Exception <a 'java/lang/NoSuchMethodError'{0x00000000f5b54948}: 'java.lang.Object java.lang.invoke.DirectMethodHandle$Holder.newInvokeSpecial(java.lang.Object, java.lang.Object, int, java.lang.Object, java.lang.Object)'> (0x00000000f5b54948) 
thrown [src/hotspot/share/interpreter/linkResolver.cpp, line 758]
Event: 35.913 Thread 0x00007fb7ac001ca0 Exception <a 'java/lang/NoSuchMethodError'{0x00000000f5b58d78}: 'java.lang.Object java.lang.invoke.DirectMethodHandle$Holder.invokeSpecial(java.lang.Object, java.lang.Object, java.lang.Object, int, java.lang.Object, java.lang.Object)'> (0x00000000f5b58d78) 
thrown [src/hotspot/share/interpreter/linkResolver.cpp, line 758]
Event: 36.098 Thread 0x00007fb7ac001ca0 Exception <a 'java/lang/NoSuchMethodError'{0x00000000f5899020}: 'java.lang.Object java.lang.invoke.DirectMethodHandle$Holder.newInvokeSpecial(java.lang.Object, java.lang.Object, java.lang.Object, int, java.lang.Object)'> (0x00000000f5899020) 
thrown [src/hotspot/share/interpreter/linkResolver.cpp, line 758]
Event: 36.098 Thread 0x00007fb7ac001ca0 Exception <a 'java/lang/NoSuchMethodError'{0x00000000f58ba168}: 'java.lang.Object java.lang.invoke.DirectMethodHandle$Holder.invokeSpecial(java.lang.Object, java.lang.Object, java.lang.Object, java.lang.Object, int, java.lang.Object)'> (0x00000000f58ba168) 
thrown [src/hotspot/share/interpreter/linkResolver.cpp, line 758]
Event: 36.098 Thread 0x00007fb7ac001ca0 Exception <a 'java/lang/NoSuchMethodError'{0x00000000f58bdea0}: 'java.lang.Object java.lang.invoke.Invokers$Holder.linkToTargetMethod(java.lang.Object, java.lang.Object, int, java.lang.Object, java.lang.Object)'> (0x00000000f58bdea0) 
thrown [src/hotspot/share/interpreter/linkResolver.cpp, line 758]
Event: 36.111 Thread 0x00007fb7c4491f70 Implicit null exception at 0x00007fb81f177a92 to 0x00007fb81f17b939
Event: 37.224 Thread 0x00007fb7b80010d0 Implicit null exception at 0x00007fb81f14de22 to 0x00007fb81f14e1b2
Event: 38.403 Thread 0x00007fb7b80010d0 Implicit null exception at 0x00007fb81f0d4e69 to 0x00007fb81f0d501b
Event: 40.011 Thread 0x00007fb79c141bf0 Exception <a 'java/lang/NoSuchMethodError'{0x00000000f56dc3c8}: 'java.lang.Object java.lang.invoke.DirectMethodHandle$Holder.invokeStatic(java.lang.Object, int, java.lang.Object, java.lang.Object, java.lang.Object, java.lang.Object)'> (0x00000000f56dc3c8) 
thrown [src/hotspot/share/interpreter/linkResolver.cpp, line 758]
Event: 40.012 Thread 0x00007fb79c141bf0 Exception <a 'java/lang/NoSuchMethodError'{0x00000000f577dc38}: 'java.lang.Object java.lang.invoke.DirectMethodHandle$Holder.newInvokeSpecial(java.lang.Object, int, java.lang.Object, java.lang.Object, java.lang.Object)'> (0x00000000f577dc38) 
thrown [src/hotspot/share/interpreter/linkResolver.cpp, line 758]
Event: 40.303 Thread 0x00007fb79c141bf0 Exception <a 'java/lang/NoSuchMethodError'{0x00000000f5b27048}: 'void java.lang.invoke.DirectMethodHandle$Holder.invokeSpecial(java.lang.Object, java.lang.Object, int)'> (0x00000000f5b27048) 
thrown [src/hotspot/share/interpreter/linkResolver.cpp, line 758]
Event: 41.010 Thread 0x00007fb79c141bf0 Exception <a 'java/lang/NoSuchMethodError'{0x00000000f5bf1788}: 'int java.lang.invoke.DirectMethodHandle$Holder.invokeSpecialIFC(java.lang.Object, java.lang.Object, java.lang.Object, java.lang.Object)'> (0x00000000f5bf1788) 
thrown [src/hotspot/share/interpreter/linkResolver.cpp, line 758]
Event: 153.731 Thread 0x00007fb79c037890 Exception <a 'java/lang/ArrayIndexOutOfBoundsException'{0x00000000f733b7e0}: Index 67 out of bounds for length 67> (0x00000000f733b7e0) 
thrown [src/hotspot/share/interpreter/interpreterRuntime.cpp, line 428]
Event: 168.149 Thread 0x00007fb79c037890 Exception <a 'java/lang/ArrayIndexOutOfBoundsException'{0x00000000f7372fb8}: Index 67 out of bounds for length 67> (0x00000000f7372fb8) 
thrown [src/hotspot/share/interpreter/interpreterRuntime.cpp, line 428]
Event: 168.149 Thread 0x00007fb79c037890 Exception <a 'java/lang/ArrayIndexOutOfBoundsException'{0x00000000f737dfd8}: Index 67 out of bounds for length 67> (0x00000000f737dfd8) 
thrown [src/hotspot/share/interpreter/interpreterRuntime.cpp, line 428]
Event: 168.149 Thread 0x00007fb79c037890 Exception <a 'java/lang/ArrayIndexOutOfBoundsException'{0x00000000f737e2f8}: Index 68 out of bounds for length 67> (0x00000000f737e2f8) 
thrown [src/hotspot/share/interpreter/interpreterRuntime.cpp, line 428]
Event: 1208.222 Thread 0x00007fb8300b2210 Exception <a 'java/lang/OutOfMemoryError'{0x00000000e0011890}> (0x00000000e0011890) 
thrown [src/hotspot/share/gc/shared/memAllocator.cpp, line 138]
Event: 1208.222 Thread 0x00007fb8300b2210 Implicit null exception at 0x00007fb81f03c751 to 0x00007fb81f03c780
Event: 1211.045 Thread 0x00007fb8300b2210 Exception <a 'java/lang/OutOfMemoryError'{0x00000000e0010d50}> (0x00000000e0010d50) 
thrown [src/hotspot/share/gc/shared/memAllocator.cpp, line 136]

VM Operations (20 events):
Event: 1196.346 Executing VM operation: ParallelGCFailedAllocation
Event: 1197.511 Executing VM operation: ParallelGCFailedAllocation done
Event: 1197.511 Executing VM operation: ParallelGCFailedAllocation
Event: 1198.711 Executing VM operation: ParallelGCFailedAllocation done
Event: 1198.711 Executing VM operation: ParallelGCFailedAllocation
Event: 1199.897 Executing VM operation: ParallelGCFailedAllocation done
Event: 1199.898 Executing VM operation: ParallelGCFailedAllocation
Event: 1201.016 Executing VM operation: ParallelGCFailedAllocation done
Event: 1201.016 Executing VM operation: ParallelGCFailedAllocation
Event: 1202.206 Executing VM operation: ParallelGCFailedAllocation done
Event: 1202.206 Executing VM operation: ParallelGCFailedAllocation
Event: 1203.436 Executing VM operation: ParallelGCFailedAllocation done
Event: 1203.437 Executing VM operation: ParallelGCFailedAllocation
Event: 1204.645 Executing VM operation: ParallelGCFailedAllocation done
Event: 1204.645 Executing VM operation: ParallelGCFailedAllocation
Event: 1205.710 Executing VM operation: ParallelGCFailedAllocation done
Event: 1205.711 Executing VM operation: ParallelGCFailedAllocation
Event: 1208.222 Executing VM operation: ParallelGCFailedAllocation done
Event: 1208.223 Executing VM operation: ParallelGCFailedAllocation
Event: 1211.045 Executing VM operation: ParallelGCFailedAllocation done

Events (20 events):
Event: 159.597 loading class java/util/Spliterators$IntArraySpliterator
Event: 159.597 loading class java/util/Spliterators$IntArraySpliterator done
Event: 163.402 loading class java/util/stream/Nodes$IntSpinedNodeBuilder
Event: 163.402 loading class java/util/stream/Node$Builder$OfInt
Event: 163.402 loading class java/util/stream/Node$Builder$OfInt done
Event: 163.402 loading class java/util/stream/SpinedBuffer$OfInt
Event: 163.402 loading class java/util/stream/SpinedBuffer$OfPrimitive
Event: 163.402 loading class java/util/stream/SpinedBuffer$OfPrimitive done
Event: 164.530 loading class java/util/stream/SpinedBuffer$OfInt done
Event: 164.530 loading class java/util/stream/Nodes$IntSpinedNodeBuilder done
Event: 170.816 Thread 0x00007fb79c037890 Thread exited: 0x00007fb79c037890
Event: 342.527 loading class java/io/InterruptedIOException
Event: 342.527 loading class java/io/InterruptedIOException done
Event: 342.527 loading class javax/net/ssl/SSLException
Event: 342.527 loading class javax/net/ssl/SSLException done
Event: 343.815 loading class java/lang/AssertionError
Event: 343.815 loading class java/lang/AssertionError done
Event: 345.120 Thread 0x00007fb798448ee0 Thread exited: 0x00007fb798448ee0
Event: 346.706 Thread 0x00007fb7c0003990 Thread exited: 0x00007fb7c0003990
Event: 407.625 Thread 0x00007fb7984498d0 Thread exited: 0x00007fb7984498d0


Dynamic libraries:
e0000000-f5580000 rw-p 00000000 00:00 0 
f5580000-f8f80000 rw-p 00000000 00:00 0 
f8f80000-100000000 ---p 00000000 00:00 0 
800000000-800449000 rw-p 00001000 00:1a40 4611686019135357769            /nix/store/gpxl5qgg8kicmcvivwmybwjlpf7wh20l-graalvm17-ce-22.3.0/lib/server/classes.jsa
800449000-800bc8000 r--p 0044a000 00:1a40 4611686019135357769            /nix/store/gpxl5qgg8kicmcvivwmybwjlpf7wh20l-graalvm17-ce-22.3.0/lib/server/classes.jsa
800bc8000-800c00000 ---p 00000000 00:00 0 
800c00000-800c20000 rw-p 00000000 00:00 0 
800c20000-800c40000 rw-p 00000000 00:00 0 
800c40000-800cc0000 rw-p 00000000 00:00 0 
800cc0000-800d00000 rw-p 00000000 00:00 0 
800d00000-800dc0000 rw-p 00000000 00:00 0 
800dc0000-800e00000 rw-p 00000000 00:00 0 
800e00000-800f40000 rw-p 00000000 00:00 0 
800f40000-800ff0000 rw-p 00000000 00:00 0 
800ff0000-801000000 ---p 00000000 00:00 0 
801000000-801250000 rw-p 00000000 00:00 0 
801250000-840c00000 ---p 00000000 00:00 0 
56235b770000-56235b771000 r-xp 00000000 00:1a40 4611686019099417844      /nix/store/gpxl5qgg8kicmcvivwmybwjlpf7wh20l-graalvm17-ce-22.3.0/bin/.java-wrapped
56235b772000-56235b773000 r--p 00001000 00:1a40 4611686019099417844      /nix/store/gpxl5qgg8kicmcvivwmybwjlpf7wh20l-graalvm17-ce-22.3.0/bin/.java-wrapped
56235b773000-56235b774000 rw-p 00002000 00:1a40 4611686019099417844      /nix/store/gpxl5qgg8kicmcvivwmybwjlpf7wh20l-graalvm17-ce-22.3.0/bin/.java-wrapped
56235b774000-56235b775000 rw-p 00004000 00:1a40 4611686019099417844      /nix/store/gpxl5qgg8kicmcvivwmybwjlpf7wh20l-graalvm17-ce-22.3.0/bin/.java-wrapped
56235b775000-56235b776000 rw-p 00005000 00:1a40 4611686019099417844      /nix/store/gpxl5qgg8kicmcvivwmybwjlpf7wh20l-graalvm17-ce-22.3.0/bin/.java-wrapped
56235c2ac000-56235c2f4000 rw-p 00000000 00:00 0                          [heap]
7fb76c000000-7fb76c169000 rw-p 00000000 00:00 0 
7fb76c169000-7fb770000000 ---p 00000000 00:00 0 
7fb773400000-7fb7734e0000 rw-p 00000000 00:00 0 
7fb7734e0000-7fb773730000 rw-p 00000000 00:00 0 
7fb773730000-7fb773800000 ---p 00000000 00:00 0 
7fb773800000-7fb773a00000 rw-p 00000000 00:00 0 
7fb773a00000-7fb773c00000 ---p 00000000 00:00 0 
7fb774000000-7fb774021000 rw-p 00000000 00:00 0 
7fb774021000-7fb778000000 ---p 00000000 00:00 0 
7fb778000000-7fb778021000 rw-p 00000000 00:00 0 
7fb778021000-7fb77c000000 ---p 00000000 00:00 0 
7fb77c000000-7fb77c021000 rw-p 00000000 00:00 0 
7fb77c021000-7fb780000000 ---p 00000000 00:00 0 
7fb780000000-7fb780021000 rw-p 00000000 00:00 0 
7fb780021000-7fb784000000 ---p 00000000 00:00 0 
7fb784000000-7fb784021000 rw-p 00000000 00:00 0 
7fb784021000-7fb788000000 ---p 00000000 00:00 0 
7fb789000000-7fb789800000 rw-p 00000000 00:00 0 
7fb789cb3000-7fb793800000 r--s 00000000 00:1a40 4611686019135192581      /nix/store/gpxl5qgg8kicmcvivwmybwjlpf7wh20l-graalvm17-ce-22.3.0/lib/modules
7fb793800000-7fb793e00000 rw-p 00000000 00:00 0 
7fb793e00000-7fb794000000 rw-p 00000000 00:00 0 
7fb794000000-7fb79406a000 rw-p 00000000 00:00 0 
7fb79406a000-7fb798000000 ---p 00000000 00:00 0 
7fb798000000-7fb798508000 rw-p 00000000 00:00 0 
7fb798508000-7fb79c000000 ---p 00000000 00:00 0 
7fb79c000000-7fb79c166000 rw-p 00000000 00:00 0 
7fb79c166000-7fb7a0000000 ---p 00000000 00:00 0 
7fb7a0000000-7fb7a0118000 rw-p 00000000 00:00 0 
7fb7a0118000-7fb7a4000000 ---p 00000000 00:00 0 
7fb7a4000000-7fb7a4021000 rw-p 00000000 00:00 0 
7fb7a4021000-7fb7a8000000 ---p 00000000 00:00 0 
7fb7a8000000-7fb7a8021000 rw-p 00000000 00:00 0 
7fb7a8021000-7fb7ac000000 ---p 00000000 00:00 0 
7fb7ac000000-7fb7ac1a2000 rw-p 00000000 00:00 0 
7fb7ac1a2000-7fb7b0000000 ---p 00000000 00:00 0 
7fb7b0000000-7fb7b005c000 rw-p 00000000 00:00 0 
7fb7b005c000-7fb7b4000000 ---p 00000000 00:00 0 
7fb7b4000000-7fb7b4021000 rw-p 00000000 00:00 0 
7fb7b4021000-7fb7b8000000 ---p 00000000 00:00 0 
7fb7b8000000-7fb7b830e000 rw-p 00000000 00:00 0 
7fb7b830e000-7fb7bc000000 ---p 00000000 00:00 0 
7fb7bc000000-7fb7bc021000 rw-p 00000000 00:00 0 
7fb7bc021000-7fb7c0000000 ---p 00000000 00:00 0 
7fb7c0000000-7fb7c0021000 rw-p 00000000 00:00 0 
7fb7c0021000-7fb7c4000000 ---p 00000000 00:00 0 
7fb7c4000000-7fb7c48ca000 rw-p 00000000 00:00 0 
7fb7c48ca000-7fb7c8000000 ---p 00000000 00:00 0 
7fb7c8000000-7fb7c8026000 rw-p 00000000 00:00 0 
7fb7c8026000-7fb7cc000000 ---p 00000000 00:00 0 
7fb7cc000000-7fb7cc021000 rw-p 00000000 00:00 0 
7fb7cc021000-7fb7d0000000 ---p 00000000 00:00 0 
7fb7d0000000-7fb7d0021000 rw-p 00000000 00:00 0 
7fb7d0021000-7fb7d4000000 ---p 00000000 00:00 0 
7fb7d4000000-7fb7d4021000 rw-p 00000000 00:00 0 
7fb7d4021000-7fb7d8000000 ---p 00000000 00:00 0 
7fb7d8400000-7fb7d84e0000 rw-p 00000000 00:00 0 
7fb7d84e0000-7fb7d8500000 rw-p 00000000 00:00 0 
7fb7d8500000-7fb7d8700000 rw-p 00000000 00:00 0 
7fb7d8700000-7fb7d8800000 rw-p 00000000 00:00 0 
7fb7d8800000-7fb7d8900000 rw-p 00000000 00:00 0 
7fb7d8900000-7fb7d8a00000 rw-p 00000000 00:00 0 
7fb7d8a00000-7fb7d8c00000 rw-p 00000000 00:00 0 
7fb7d8c00000-7fb7d8d00000 rw-p 00000000 00:00 0 
7fb7d8d00000-7fb7d8e00000 rw-p 00000000 00:00 0 
7fb7d8e00000-7fb7d92e0000 rw-p 00000000 00:00 0 
7fb7d92e0000-7fb7d9300000 rw-p 00000000 00:00 0 
7fb7d9300000-7fb7d9400000 rw-p 00000000 00:00 0 
7fb7d9400000-7fb7d9500000 rw-p 00000000 00:00 0 
7fb7d9500000-7fb7d9600000 rw-p 00000000 00:00 0 
7fb7d9600000-7fb7d9900000 rw-p 00000000 00:00 0 
7fb7d9900000-7fb7d9a00000 rw-p 00000000 00:00 0 
7fb7d9a00000-7fb7d9c00000 rw-p 00000000 00:00 0 
7fb7daa00000-7fb7daa10000 r-xp 00000000 00:821 366                       /home/runner/.cache/jdt-language-server/config/org.eclipse.equinox.launcher/org.eclipse.equinox.launcher.gtk.linux.x86_64_1.2.400.v20211117-0650/eclipse_11600.so
7fb7daa10000-7fb7dac0f000 ---p 00010000 00:821 366                       /home/runner/.cache/jdt-language-server/config/org.eclipse.equinox.launcher/org.eclipse.equinox.launcher.gtk.linux.x86_64_1.2.400.v20211117-0650/eclipse_11600.so
7fb7dac0f000-7fb7dac10000 r--p 0000f000 00:821 366                       /home/runner/.cache/jdt-language-server/config/org.eclipse.equinox.launcher/org.eclipse.equinox.launcher.gtk.linux.x86_64_1.2.400.v20211117-0650/eclipse_11600.so
7fb7dac10000-7fb7dac11000 rw-p 00010000 00:821 366                       /home/runner/.cache/jdt-language-server/config/org.eclipse.equinox.launcher/org.eclipse.equinox.launcher.gtk.linux.x86_64_1.2.400.v20211117-0650/eclipse_11600.so
7fb7db100000-7fb7db200000 ---p 00000000 00:00 0 
7fb7db200000-7fb7db7af000 r--p 01122000 00:1a40 4611686019135190040      /nix/store/gpxl5qgg8kicmcvivwmybwjlpf7wh20l-graalvm17-ce-22.3.0/lib/libjvmcicompiler.so
7fb7db7af000-7fb7db900000 r--p 00000000 00:00 0 
7fb7db900000-7fb7db93d000 rw-p 00000000 00:00 0 
7fb7db93d000-7fb7dbe5d000 rw-p 0185f000 00:1a40 4611686019135190040      /nix/store/gpxl5qgg8kicmcvivwmybwjlpf7wh20l-graalvm17-ce-22.3.0/lib/libjvmcicompiler.so
7fb7dbe5d000-7fb7dc244000 r--p 01d7f000 00:1a40 4611686019135190040      /nix/store/gpxl5qgg8kicmcvivwmybwjlpf7wh20l-graalvm17-ce-22.3.0/lib/libjvmcicompiler.so
7fb7dc300000-7fb7dc304000 ---p 00000000 00:00 0 
7fb7dc304000-7fb7dc400000 rw-p 00000000 00:00 0 
7fb7dc500000-7fb7dc504000 ---p 00000000 00:00 0 
7fb7dc504000-7fb7dc600000 rw-p 00000000 00:00 0 
7fb7dc600000-7fb7dc604000 ---p 00000000 00:00 0 
7fb7dc604000-7fb7dc700000 rw-p 00000000 00:00 0 
7fb7dc700000-7fb7dc704000 ---p 00000000 00:00 0 
7fb7dc704000-7fb7dc800000 rw-p 00000000 00:00 0 
7fb7dc900000-7fb7dc904000 ---p 00000000 00:00 0 
7fb7dc904000-7fb7dca00000 rw-p 00000000 00:00 0 
7fb7dca00000-7fb7dca04000 ---p 00000000 00:00 0 
7fb7dca04000-7fb7dcb00000 rw-p 00000000 00:00 0 
7fb7dcb00000-7fb7dcb04000 ---p 00000000 00:00 0 
7fb7dcb04000-7fb7dcc00000 rw-p 00000000 00:00 0 
7fb7dcd00000-7fb7dcd04000 ---p 00000000 00:00 0 
7fb7dcd04000-7fb7dce00000 rw-p 00000000 00:00 0 
7fb7dcf00000-7fb7dcf04000 ---p 00000000 00:00 0 
7fb7dcf04000-7fb7dd000000 rw-p 00000000 00:00 0 
7fb7dd000000-7fb7dd004000 ---p 00000000 00:00 0 
7fb7dd004000-7fb7dd100000 rw-p 00000000 00:00 0 
7fb7dd100000-7fb7dd104000 ---p 00000000 00:00 0 
7fb7dd104000-7fb7dd200000 rw-p 00000000 00:00 0 
7fb7dd300000-7fb7dd304000 ---p 00000000 00:00 0 
7fb7dd304000-7fb7dd400000 rw-p 00000000 00:00 0 
7fb7dd500000-7fb7dd504000 ---p 00000000 00:00 0 
7fb7dd504000-7fb7dd600000 rw-p 00000000 00:00 0 
7fb7dd700000-7fb7dd704000 ---p 00000000 00:00 0 
7fb7dd704000-7fb7dd800000 rw-p 00000000 00:00 0 
7fb7dd900000-7fb7dd904000 ---p 00000000 00:00 0 
7fb7dd904000-7fb7dda00000 rw-p 00000000 00:00 0 
7fb7ddb00000-7fb7ddb04000 ---p 00000000 00:00 0 
7fb7ddb04000-7fb7ddc00000 rw-p 00000000 00:00 0 
7fb7ddc00000-7fb7dfd6a000 r-xp 00000000 00:1a40 4611686019135190040      /nix/store/gpxl5qgg8kicmcvivwmybwjlpf7wh20l-graalvm17-ce-22.3.0/lib/libjvmcicompiler.so
7fb7dfd6a000-7fb7dff69000 ---p 0216a000 00:1a40 4611686019135190040      /nix/store/gpxl5qgg8kicmcvivwmybwjlpf7wh20l-graalvm17-ce-22.3.0/lib/libjvmcicompiler.so
7fb7dff69000-7fb7dff6a000 r--p 02169000 00:1a40 4611686019135190040      /nix/store/gpxl5qgg8kicmcvivwmybwjlpf7wh20l-graalvm17-ce-22.3.0/lib/libjvmcicompiler.so
7fb7dff6a000-7fb7dff6c000 rw-p 0216a000 00:1a40 4611686019135190040      /nix/store/gpxl5qgg8kicmcvivwmybwjlpf7wh20l-graalvm17-ce-22.3.0/lib/libjvmcicompiler.so
7fb7dff6c000-7fb7dff6d000 rw-p 00000000 00:00 0 
7fb7dff6d000-7fb7dff72000 rw-p 023c3000 00:1a40 4611686019135190040      /nix/store/gpxl5qgg8kicmcvivwmybwjlpf7wh20l-graalvm17-ce-22.3.0/lib/libjvmcicompiler.so
7fb7e0000000-7fb7e0021000 rw-p 00000000 00:00 0 
7fb7e0021000-7fb7e4000000 ---p 00000000 00:00 0 
7fb7e4000000-7fb7e4021000 rw-p 00000000 00:00 0 
7fb7e4021000-7fb7e8000000 ---p 00000000 00:00 0 
7fb7e8000000-7fb7e8051000 rw-p 00000000 00:00 0 
7fb7e8051000-7fb7ec000000 ---p 00000000 00:00 0 
7fb7ec000000-7fb7ec021000 rw-p 00000000 00:00 0 
7fb7ec021000-7fb7f0000000 ---p 00000000 00:00 0 
7fb7f0000000-7fb7f00d9000 rw-p 00000000 00:00 0 
7fb7f00d9000-7fb7f4000000 ---p 00000000 00:00 0 
7fb7f4000000-7fb7f47ab000 rw-p 00000000 00:00 0 
7fb7f47ab000-7fb7f8000000 ---p 00000000 00:00 0 
7fb7f8000000-7fb7f8021000 rw-p 00000000 00:00 0 
7fb7f8021000-7fb7fc000000 ---p 00000000 00:00 0 
7fb7fc000000-7fb7fc021000 rw-p 00000000 00:00 0 
7fb7fc021000-7fb800000000 ---p 00000000 00:00 0 
7fb800000000-7fb800021000 rw-p 00000000 00:00 0 
7fb800021000-7fb804000000 ---p 00000000 00:00 0 
7fb804000000-7fb804021000 rw-p 00000000 00:00 0 
7fb804021000-7fb808000000 ---p 00000000 00:00 0 
7fb808000000-7fb80802e000 rw-p 00000000 00:00 0 
7fb80802e000-7fb80c000000 ---p 00000000 00:00 0 
7fb80c000000-7fb80c021000 rw-p 00000000 00:00 0 
7fb80c021000-7fb810000000 ---p 00000000 00:00 0 
7fb810000000-7fb81007e000 rw-p 00000000 00:00 0 
7fb81007e000-7fb814000000 ---p 00000000 00:00 0 
7fb814000000-7fb814004000 ---p 00000000 00:00 0 
7fb814004000-7fb814100000 rw-p 00000000 00:00 0 
7fb814200000-7fb814204000 ---p 00000000 00:00 0 
7fb814204000-7fb814300000 rw-p 00000000 00:00 0 
7fb814400000-7fb814404000 ---p 00000000 00:00 0 
7fb814404000-7fb814500000 rw-p 00000000 00:00 0 
7fb814500000-7fb814504000 ---p 00000000 00:00 0 
7fb814504000-7fb814600000 rw-p 00000000 00:00 0 
7fb814600000-7fb814604000 ---p 00000000 00:00 0 
7fb814604000-7fb814700000 rw-p 00000000 00:00 0 
7fb814800000-7fb814804000 ---p 00000000 00:00 0 
7fb814804000-7fb814900000 rw-p 00000000 00:00 0 
7fb815668000-7fb815b00000 rw-p 00000000 00:00 0 
7fb815b16000-7fb815b17000 ---p 00000000 00:00 0 
7fb815b17000-7fb815c18000 rw-p 00000000 00:00 0 
7fb815c18000-7fb815c1c000 ---p 00000000 00:00 0 
7fb815c1c000-7fb815d18000 rw-p 00000000 00:00 0 
7fb815d18000-7fb815d1c000 ---p 00000000 00:00 0 
7fb815d1c000-7fb815e18000 rw-p 00000000 00:00 0 
7fb815e18000-7fb815e1c000 ---p 00000000 00:00 0 
7fb815e1c000-7fb815f18000 rw-p 00000000 00:00 0 
7fb815f18000-7fb815f1c000 ---p 00000000 00:00 0 
7fb815f1c000-7fb816118000 rw-p 00000000 00:00 0 
7fb816118000-7fb81611c000 ---p 00000000 00:00 0 
7fb81611c000-7fb816318000 rw-p 00000000 00:00 0 
7fb816318000-7fb81631c000 ---p 00000000 00:00 0 
7fb81631c000-7fb816418000 rw-p 00000000 00:00 0 
7fb816418000-7fb81641c000 ---p 00000000 00:00 0 
7fb81641c000-7fb816518000 rw-p 00000000 00:00 0 
7fb816518000-7fb81651c000 ---p 00000000 00:00 0 
7fb81651c000-7fb816618000 rw-p 00000000 00:00 0 
7fb816618000-7fb8168fe000 r--p 00000000 00:1959 28444448                 /usr/lib/locale/locale-archive
7fb8168fe000-7fb816902000 ---p 00000000 00:00 0 
7fb816902000-7fb8169fe000 rw-p 00000000 00:00 0 
7fb8169fe000-7fb816a02000 ---p 00000000 00:00 0 
7fb816a02000-7fb816afe000 rw-p 00000000 00:00 0 
7fb816afe000-7fb816aff000 ---p 00000000 00:00 0 
7fb816aff000-7fb817000000 rw-p 00000000 00:00 0 
7fb817000000-7fb817300000 rw-p 00000000 00:00 0 
7fb817300000-7fb817400000 rw-p 00000000 00:00 0 
7fb8174b3000-7fb817723000 rwxp 00000000 00:00 0 
7fb817723000-7fb817a42000 ---p 00000000 00:00 0 
7fb817a42000-7fb818982000 rwxp 00000000 00:00 0 
7fb818982000-7fb81ef7a000 ---p 00000000 00:00 0 
7fb81ef7a000-7fb81f22a000 rwxp 00000000 00:00 0 
7fb81f22a000-7fb8264b3000 ---p 00000000 00:00 0 
7fb8264b3000-7fb830000000 r--s 00000000 00:1a40 4611686019135192581      /nix/store/gpxl5qgg8kicmcvivwmybwjlpf7wh20l-graalvm17-ce-22.3.0/lib/modules
7fb830000000-7fb830632000 rw-p 00000000 00:00 0 
7fb830632000-7fb834000000 ---p 00000000 00:00 0 
7fb834069000-7fb83406b000 r-xp 00000000 00:1a40 4611686019135190017      /nix/store/gpxl5qgg8kicmcvivwmybwjlpf7wh20l-graalvm17-ce-22.3.0/lib/libextnet.so
7fb83406b000-7fb83406c000 r--p 00001000 00:1a40 4611686019135190017      /nix/store/gpxl5qgg8kicmcvivwmybwjlpf7wh20l-graalvm17-ce-22.3.0/lib/libextnet.so
7fb83406c000-7fb83406d000 rw-p 00002000 00:1a40 4611686019135190017      /nix/store/gpxl5qgg8kicmcvivwmybwjlpf7wh20l-graalvm17-ce-22.3.0/lib/libextnet.so
7fb83406d000-7fb83406e000 rw-p 00004000 00:1a40 4611686019135190017      /nix/store/gpxl5qgg8kicmcvivwmybwjlpf7wh20l-graalvm17-ce-22.3.0/lib/libextnet.so
7fb83406e000-7fb834072000 ---p 00000000 00:00 0 
7fb834072000-7fb834090000 rw-p 00000000 00:00 0 
7fb834090000-7fb834097000 r-xp 00000000 00:1a40 4611686019135192580      /nix/store/gpxl5qgg8kicmcvivwmybwjlpf7wh20l-graalvm17-ce-22.3.0/lib/libzip.so
7fb834097000-7fb834098000 ---p 00007000 00:1a40 4611686019135192580      /nix/store/gpxl5qgg8kicmcvivwmybwjlpf7wh20l-graalvm17-ce-22.3.0/lib/libzip.so
7fb834098000-7fb834099000 r--p 00007000 00:1a40 4611686019135192580      /nix/store/gpxl5qgg8kicmcvivwmybwjlpf7wh20l-graalvm17-ce-22.3.0/lib/libzip.so
7fb834099000-7fb83409a000 rw-p 00008000 00:1a40 4611686019135192580      /nix/store/gpxl5qgg8kicmcvivwmybwjlpf7wh20l-graalvm17-ce-22.3.0/lib/libzip.so
7fb83409a000-7fb83409c000 rw-p 0000b000 00:1a40 4611686019135192580      /nix/store/gpxl5qgg8kicmcvivwmybwjlpf7wh20l-graalvm17-ce-22.3.0/lib/libzip.so
7fb83409c000-7fb8340b1000 r-xp 00000000 00:1a40 4611686019135192570      /nix/store/gpxl5qgg8kicmcvivwmybwjlpf7wh20l-graalvm17-ce-22.3.0/lib/libnet.so
7fb8340b1000-7fb8340b2000 ---p 00015000 00:1a40 4611686019135192570      /nix/store/gpxl5qgg8kicmcvivwmybwjlpf7wh20l-graalvm17-ce-22.3.0/lib/libnet.so
7fb8340b2000-7fb8340b3000 r--p 00015000 00:1a40 4611686019135192570      /nix/store/gpxl5qgg8kicmcvivwmybwjlpf7wh20l-graalvm17-ce-22.3.0/lib/libnet.so
7fb8340b3000-7fb8340b4000 rw-p 00016000 00:1a40 4611686019135192570      /nix/store/gpxl5qgg8kicmcvivwmybwjlpf7wh20l-graalvm17-ce-22.3.0/lib/libnet.so
7fb8340b4000-7fb8340b7000 rw-p 0001b000 00:1a40 4611686019135192570      /nix/store/gpxl5qgg8kicmcvivwmybwjlpf7wh20l-graalvm17-ce-22.3.0/lib/libnet.so
7fb8340b7000-7fb8340ca000 r-xp 00000000 00:1a40 4611686019135192571      /nix/store/gpxl5qgg8kicmcvivwmybwjlpf7wh20l-graalvm17-ce-22.3.0/lib/libnio.so
7fb8340ca000-7fb8340cb000 r--p 00012000 00:1a40 4611686019135192571      /nix/store/gpxl5qgg8kicmcvivwmybwjlpf7wh20l-graalvm17-ce-22.3.0/lib/libnio.so
7fb8340cb000-7fb8340cc000 rw-p 00013000 00:1a40 4611686019135192571      /nix/store/gpxl5qgg8kicmcvivwmybwjlpf7wh20l-graalvm17-ce-22.3.0/lib/libnio.so
7fb8340cc000-7fb8340d1000 rw-p 00019000 00:1a40 4611686019135192571      /nix/store/gpxl5qgg8kicmcvivwmybwjlpf7wh20l-graalvm17-ce-22.3.0/lib/libnio.so
7fb8340d1000-7fb83419f000 r-xp 00000000 00:1a40 4611686019135190036      /nix/store/gpxl5qgg8kicmcvivwmybwjlpf7wh20l-graalvm17-ce-22.3.0/lib/libjsvml.so
7fb83419f000-7fb8341a0000 r--p 000cd000 00:1a40 4611686019135190036      /nix/store/gpxl5qgg8kicmcvivwmybwjlpf7wh20l-graalvm17-ce-22.3.0/lib/libjsvml.so
7fb8341a0000-7fb8341a1000 rw-p 000ce000 00:1a40 4611686019135190036      /nix/store/gpxl5qgg8kicmcvivwmybwjlpf7wh20l-graalvm17-ce-22.3.0/lib/libjsvml.so
7fb8341a1000-7fb835a79000 rw-p 00000000 00:00 0 
7fb835a79000-7fb835a7a000 ---p 00000000 00:00 0 
7fb835a7a000-7fb835c25000 rw-p 00000000 00:00 0 
7fb835c25000-7fb835c43000 rw-p 00000000 00:00 0 
7fb835c43000-7fb835c7b000 ---p 00000000 00:00 0 
7fb835c7b000-7fb835c82000 rw-p 00000000 00:00 0 
7fb835c82000-7fb835d67000 ---p 00000000 00:00 0 
7fb835d67000-7fb835d86000 rw-p 00000000 00:00 0 
7fb835d86000-7fb835e52000 ---p 00000000 00:00 0 
7fb835e52000-7fb835e57000 rw-p 00000000 00:00 0 
7fb835e57000-7fb835e5e000 ---p 00000000 00:00 0 
7fb835e5e000-7fb835e82000 r-xp 00000000 00:1a40 4611686019135190028      /nix/store/gpxl5qgg8kicmcvivwmybwjlpf7wh20l-graalvm17-ce-22.3.0/lib/libjava.so
7fb835e82000-7fb835e83000 ---p 00024000 00:1a40 4611686019135190028      /nix/store/gpxl5qgg8kicmcvivwmybwjlpf7wh20l-graalvm17-ce-22.3.0/lib/libjava.so
7fb835e83000-7fb835e84000 r--p 00024000 00:1a40 4611686019135190028      /nix/store/gpxl5qgg8kicmcvivwmybwjlpf7wh20l-graalvm17-ce-22.3.0/lib/libjava.so
7fb835e84000-7fb835e85000 rw-p 00025000 00:1a40 4611686019135190028      /nix/store/gpxl5qgg8kicmcvivwmybwjlpf7wh20l-graalvm17-ce-22.3.0/lib/libjava.so
7fb835e85000-7fb835e86000 rw-p 00000000 00:00 0 
7fb835e86000-7fb835e8d000 rw-p 0002f000 00:1a40 4611686019135190028      /nix/store/gpxl5qgg8kicmcvivwmybwjlpf7wh20l-graalvm17-ce-22.3.0/lib/libjava.so
7fb835e8d000-7fb835e95000 rw-s 00000000 00:12eb 363                      /tmp/hsperfdata_runner/29
7fb835e95000-7fb835e96000 ---p 00000000 00:00 0 
7fb835e96000-7fb835e97000 r--p 00000000 00:00 0 
7fb835e97000-7fb835e98000 rwxp 00000000 00:00 0 
7fb835e98000-7fb835eb3000 r-xp 00000000 00:1a40 4611686019135190032      /nix/store/gpxl5qgg8kicmcvivwmybwjlpf7wh20l-graalvm17-ce-22.3.0/lib/libjimage.so
7fb835eb3000-7fb835eb4000 ---p 0001b000 00:1a40 4611686019135190032      /nix/store/gpxl5qgg8kicmcvivwmybwjlpf7wh20l-graalvm17-ce-22.3.0/lib/libjimage.so
7fb835eb4000-7fb835eb6000 r--p 0001b000 00:1a40 4611686019135190032      /nix/store/gpxl5qgg8kicmcvivwmybwjlpf7wh20l-graalvm17-ce-22.3.0/lib/libjimage.so
7fb835eb6000-7fb835eb7000 rw-p 0001d000 00:1a40 4611686019135190032      /nix/store/gpxl5qgg8kicmcvivwmybwjlpf7wh20l-graalvm17-ce-22.3.0/lib/libjimage.so
7fb835eb7000-7fb835eb8000 rw-p 00024000 00:1a40 4611686019135190032      /nix/store/gpxl5qgg8kicmcvivwmybwjlpf7wh20l-graalvm17-ce-22.3.0/lib/libjimage.so
7fb835eb8000-7fb835ebc000 ---p 00000000 00:00 0 
7fb835ebc000-7fb835fb8000 rw-p 00000000 00:00 0 
7fb835fb8000-7fb835fc6000 r--p 00000000 00:1a40 4611686019027979927      /nix/store/4nlgxhb09sdr51nc9hdm8az5b08vzkgx-glibc-2.35-163/lib/libm.so.6
7fb835fc6000-7fb836039000 r-xp 0000e000 00:1a40 4611686019027979927      /nix/store/4nlgxhb09sdr51nc9hdm8az5b08vzkgx-glibc-2.35-163/lib/libm.so.6
7fb836039000-7fb836096000 r--p 00081000 00:1a40 4611686019027979927      /nix/store/4nlgxhb09sdr51nc9hdm8az5b08vzkgx-glibc-2.35-163/lib/libm.so.6
7fb836096000-7fb836097000 r--p 000dd000 00:1a40 4611686019027979927      /nix/store/4nlgxhb09sdr51nc9hdm8az5b08vzkgx-glibc-2.35-163/lib/libm.so.6
7fb836097000-7fb836098000 rw-p 000de000 00:1a40 4611686019027979927      /nix/store/4nlgxhb09sdr51nc9hdm8az5b08vzkgx-glibc-2.35-163/lib/libm.so.6
7fb836098000-7fb836099000 r--p 00000000 00:1a40 4611686019027979946      /nix/store/4nlgxhb09sdr51nc9hdm8az5b08vzkgx-glibc-2.35-163/lib/librt.so.1
7fb836099000-7fb83609a000 r-xp 00001000 00:1a40 4611686019027979946      /nix/store/4nlgxhb09sdr51nc9hdm8az5b08vzkgx-glibc-2.35-163/lib/librt.so.1
7fb83609a000-7fb83609b000 r--p 00002000 00:1a40 4611686019027979946      /nix/store/4nlgxhb09sdr51nc9hdm8az5b08vzkgx-glibc-2.35-163/lib/librt.so.1
7fb83609b000-7fb83609c000 r--p 00002000 00:1a40 4611686019027979946      /nix/store/4nlgxhb09sdr51nc9hdm8az5b08vzkgx-glibc-2.35-163/lib/librt.so.1
7fb83609c000-7fb83609d000 rw-p 00003000 00:1a40 4611686019027979946      /nix/store/4nlgxhb09sdr51nc9hdm8az5b08vzkgx-glibc-2.35-163/lib/librt.so.1
7fb83609d000-7fb8371b0000 r-xp 00000000 00:1a40 4611686019135360866      /nix/store/gpxl5qgg8kicmcvivwmybwjlpf7wh20l-graalvm17-ce-22.3.0/lib/server/libjvm.so
7fb8371b0000-7fb8371b1000 ---p 01113000 00:1a40 4611686019135360866      /nix/store/gpxl5qgg8kicmcvivwmybwjlpf7wh20l-graalvm17-ce-22.3.0/lib/server/libjvm.so
7fb8371b1000-7fb837266000 r--p 01113000 00:1a40 4611686019135360866      /nix/store/gpxl5qgg8kicmcvivwmybwjlpf7wh20l-graalvm17-ce-22.3.0/lib/server/libjvm.so
7fb837266000-7fb83729a000 rw-p 011c8000 00:1a40 4611686019135360866      /nix/store/gpxl5qgg8kicmcvivwmybwjlpf7wh20l-graalvm17-ce-22.3.0/lib/server/libjvm.so
7fb83729a000-7fb8372f6000 rw-p 00000000 00:00 0 
7fb8372f6000-7fb83731e000 r--p 00000000 00:1a40 4611686019027979918      /nix/store/4nlgxhb09sdr51nc9hdm8az5b08vzkgx-glibc-2.35-163/lib/libc.so.6
7fb83731e000-7fb837494000 r-xp 00028000 00:1a40 4611686019027979918      /nix/store/4nlgxhb09sdr51nc9hdm8az5b08vzkgx-glibc-2.35-163/lib/libc.so.6
7fb837494000-7fb8374ec000 r--p 0019e000 00:1a40 4611686019027979918      /nix/store/4nlgxhb09sdr51nc9hdm8az5b08vzkgx-glibc-2.35-163/lib/libc.so.6
7fb8374ec000-7fb8374f0000 r--p 001f6000 00:1a40 4611686019027979918      /nix/store/4nlgxhb09sdr51nc9hdm8az5b08vzkgx-glibc-2.35-163/lib/libc.so.6
7fb8374f0000-7fb8374f2000 rw-p 001fa000 00:1a40 4611686019027979918      /nix/store/4nlgxhb09sdr51nc9hdm8az5b08vzkgx-glibc-2.35-163/lib/libc.so.6
7fb8374f2000-7fb837501000 rw-p 00000000 00:00 0 
7fb837501000-7fb837502000 r--p 00000000 00:1a40 4611686019027979923      /nix/store/4nlgxhb09sdr51nc9hdm8az5b08vzkgx-glibc-2.35-163/lib/libdl.so.2
7fb837502000-7fb837503000 r-xp 00001000 00:1a40 4611686019027979923      /nix/store/4nlgxhb09sdr51nc9hdm8az5b08vzkgx-glibc-2.35-163/lib/libdl.so.2
7fb837503000-7fb837504000 r--p 00002000 00:1a40 4611686019027979923      /nix/store/4nlgxhb09sdr51nc9hdm8az5b08vzkgx-glibc-2.35-163/lib/libdl.so.2
7fb837504000-7fb837505000 r--p 00002000 00:1a40 4611686019027979923      /nix/store/4nlgxhb09sdr51nc9hdm8az5b08vzkgx-glibc-2.35-163/lib/libdl.so.2
7fb837505000-7fb837506000 rw-p 00003000 00:1a40 4611686019027979923      /nix/store/4nlgxhb09sdr51nc9hdm8az5b08vzkgx-glibc-2.35-163/lib/libdl.so.2
7fb837506000-7fb837507000 r--p 00000000 00:1a40 4611686019027979942      /nix/store/4nlgxhb09sdr51nc9hdm8az5b08vzkgx-glibc-2.35-163/lib/libpthread.so.0
7fb837507000-7fb837508000 r-xp 00001000 00:1a40 4611686019027979942      /nix/store/4nlgxhb09sdr51nc9hdm8az5b08vzkgx-glibc-2.35-163/lib/libpthread.so.0
7fb837508000-7fb837509000 r--p 00002000 00:1a40 4611686019027979942      /nix/store/4nlgxhb09sdr51nc9hdm8az5b08vzkgx-glibc-2.35-163/lib/libpthread.so.0
7fb837509000-7fb83750a000 r--p 00002000 00:1a40 4611686019027979942      /nix/store/4nlgxhb09sdr51nc9hdm8az5b08vzkgx-glibc-2.35-163/lib/libpthread.so.0
7fb83750a000-7fb83750b000 rw-p 00003000 00:1a40 4611686019027979942      /nix/store/4nlgxhb09sdr51nc9hdm8az5b08vzkgx-glibc-2.35-163/lib/libpthread.so.0
7fb83750b000-7fb837519000 r-xp 00000000 00:1a40 4611686019135190033      /nix/store/gpxl5qgg8kicmcvivwmybwjlpf7wh20l-graalvm17-ce-22.3.0/lib/libjli.so
7fb837519000-7fb83751a000 ---p 0000e000 00:1a40 4611686019135190033      /nix/store/gpxl5qgg8kicmcvivwmybwjlpf7wh20l-graalvm17-ce-22.3.0/lib/libjli.so
7fb83751a000-7fb83751b000 r--p 0000e000 00:1a40 4611686019135190033      /nix/store/gpxl5qgg8kicmcvivwmybwjlpf7wh20l-graalvm17-ce-22.3.0/lib/libjli.so
7fb83751b000-7fb83751c000 rw-p 0000f000 00:1a40 4611686019135190033      /nix/store/gpxl5qgg8kicmcvivwmybwjlpf7wh20l-graalvm17-ce-22.3.0/lib/libjli.so
7fb83751c000-7fb83751d000 rw-p 00012000 00:1a40 4611686019135190033      /nix/store/gpxl5qgg8kicmcvivwmybwjlpf7wh20l-graalvm17-ce-22.3.0/lib/libjli.so
7fb83751d000-7fb837520000 r--p 00000000 00:1a40 4611686019106210071      /nix/store/026hln0aq1hyshaxsdvhg0kmcm6yf45r-zlib-1.2.13/lib/libz.so.1.2.13
7fb837520000-7fb837532000 r-xp 00003000 00:1a40 4611686019106210071      /nix/store/026hln0aq1hyshaxsdvhg0kmcm6yf45r-zlib-1.2.13/lib/libz.so.1.2.13
7fb837532000-7fb837539000 r--p 00015000 00:1a40 4611686019106210071      /nix/store/026hln0aq1hyshaxsdvhg0kmcm6yf45r-zlib-1.2.13/lib/libz.so.1.2.13
7fb837539000-7fb83753a000 r--p 0001b000 00:1a40 4611686019106210071      /nix/store/026hln0aq1hyshaxsdvhg0kmcm6yf45r-zlib-1.2.13/lib/libz.so.1.2.13
7fb83753a000-7fb83753b000 rw-p 0001c000 00:1a40 4611686019106210071      /nix/store/026hln0aq1hyshaxsdvhg0kmcm6yf45r-zlib-1.2.13/lib/libz.so.1.2.13
7fb83753b000-7fb83753d000 rw-p 00000000 00:00 0 
7fb83753d000-7fb83753f000 r--p 00000000 00:1a40 4611686019027979912      /nix/store/4nlgxhb09sdr51nc9hdm8az5b08vzkgx-glibc-2.35-163/lib/ld-linux-x86-64.so.2
7fb83753f000-7fb837566000 r-xp 00002000 00:1a40 4611686019027979912      /nix/store/4nlgxhb09sdr51nc9hdm8az5b08vzkgx-glibc-2.35-163/lib/ld-linux-x86-64.so.2
7fb837566000-7fb837572000 r--p 00029000 00:1a40 4611686019027979912      /nix/store/4nlgxhb09sdr51nc9hdm8az5b08vzkgx-glibc-2.35-163/lib/ld-linux-x86-64.so.2
7fb837572000-7fb837574000 r--p 00034000 00:1a40 4611686019027979912      /nix/store/4nlgxhb09sdr51nc9hdm8az5b08vzkgx-glibc-2.35-163/lib/ld-linux-x86-64.so.2
7fb837574000-7fb837576000 rw-p 00036000 00:1a40 4611686019027979912      /nix/store/4nlgxhb09sdr51nc9hdm8az5b08vzkgx-glibc-2.35-163/lib/ld-linux-x86-64.so.2
7fff83a8f000-7fff83ab4000 rw-p 00000000 00:00 0                          [stack]
7fff83b58000-7fff83b5c000 r--p 00000000 00:00 0                          [vvar]
7fff83b5c000-7fff83b5e000 r-xp 00000000 00:00 0                          [vdso]
ffffffffff600000-ffffffffff601000 --xp 00000000 00:00 0                  [vsyscall]


VM Arguments:
jvm_args: -XX:ThreadPriorityPolicy=1 -XX:+UnlockExperimentalVMOptions -XX:+EnableJVMCIProduct -XX:JVMCIThreadsPerNativeLibraryRuntime=1 -XX:-UnlockExperimentalVMOptions -Declipse.application=org.eclipse.jdt.ls.core.id1 -Dosgi.bundles.defaultStartLevel=4 -Declipse.product=org.eclipse.jdt.ls.core.product -Dlog.level=ALL -Xverify:none -XX:+UseParallelGC -XX:GCTimeRatio=4 -XX:AdaptiveSizePolicyWeight=90 -Dsun.zip.disableMemoryMapping=true -Xmx512m -Xms100m 
java_command: /nix/store/m6gcpi1ii6rghy04cjwjddcavv7i90df-jdt-language-server-1.9.0/share/java/plugins/org.eclipse.equinox.launcher_1.6.400.v20210924-0641.jar --add-modules=ALL-SYSTEM --add-opens java.base/java.util=ALL-UNNAMED --add-opens java.base/java.lang=ALL-UNNAMED -configuration /home/runner/.cache/jdt-language-server/config -data /home/runner/.cache/jdt-language-server/data/home/runner/ex1-decisao
java_class_path (initial): /nix/store/m6gcpi1ii6rghy04cjwjddcavv7i90df-jdt-language-server-1.9.0/share/java/plugins/org.eclipse.equinox.launcher_1.6.400.v20210924-0641.jar
Launcher Type: SUN_STANDARD

[Global flags]
    uintx AdaptiveSizePolicyWeight                 = 90                                        {product} {command line}
     intx CICompilerCount                          = 2                                         {product} {ergonomic}
     bool EnableJVMCIProduct                       = true                                {JVMCI product} {jimage}
    uintx GCTimeRatio                              = 4                                         {product} {command line}
   size_t InitialHeapSize                          = 104857600                                 {product} {command line}
     uint JVMCIThreadsPerNativeLibraryRuntime      = 1                                   {JVMCI product} {jimage}
   size_t MaxHeapSize                              = 536870912                                 {product} {command line}
   size_t MaxNewSize                               = 178782208                                 {product} {ergonomic}
   size_t MinHeapDeltaBytes                        = 524288                                    {product} {ergonomic}
   size_t MinHeapSize                              = 104857600                                 {product} {command line}
   size_t NewSize                                  = 34603008                                  {product} {ergonomic}
    uintx NonNMethodCodeHeapSize                   = 5826188                                {pd product} {ergonomic}
    uintx NonProfiledCodeHeapSize                  = 122916026                              {pd product} {ergonomic}
   size_t OldSize                                  = 70254592                                  {product} {ergonomic}
    uintx ProfiledCodeHeapSize                     = 122916026                              {pd product} {ergonomic}
    uintx ReservedCodeCacheSize                    = 251658240                              {pd product} {ergonomic}
     bool SegmentedCodeCache                       = true                                      {product} {ergonomic}
   size_t SoftMaxHeapSize                          = 536870912                              {manageable} {ergonomic}
     intx ThreadPriorityPolicy                     = 1                                         {product} {jimage}
     bool UseCompressedClassPointers               = true                           {product lp64_product} {ergonomic}
     bool UseCompressedOops                        = true                           {product lp64_product} {ergonomic}
     bool UseParallelGC                            = true                                      {product} {command line}

Logging:
Log output configuration:
 #0: stdout all=warning uptime,level,tags
 #1: stderr all=off uptime,level,tags

Environment Variables:
JAVA_HOME=/nix/store/gpxl5qgg8kicmcvivwmybwjlpf7wh20l-graalvm17-ce-22.3.0
PATH=/nix/store/1d6ian3r8kdzspw8hacjhl3xkp40g1lj-binutils-wrapper-2.39/bin:/nix/store/dq0xwmsk1g0i2ayg6pb7y87na2knzylh-gcc-wrapper-11.3.0/bin:/nix/store/bap4d0lpcrhpwmpb8ayjcgkmvfj62lnq-bash-interactive-5.1-p16/bin:/nix/store/pr5n59mb4jzmfx6kanwxly0l07p861fg-patchelf-0.15.0/bin:/nix/store/1gf2flfqnpqbr1b4p4qz2f72y42bs56r-gcc-11.3.0/bin:/nix/store/57xv61c5zi8pphjbcwxxjlgc34p61ic9-glibc-2.35-163-bin/bin:/nix/store/a7gvj343m05j2s32xcnwr35v31ynlypr-coreutils-9.1/bin:/nix/store/039g378vc3pc3dvi9dzdlrd0i4q93qwf-binutils-2.39/bin:/nix/store/gpxl5qgg8kicmcvivwmybwjlpf7wh20l-graalvm17-ce-22.3.0/bin:/nix/store/6z9ag3ihc8mq2hzsw48lhbznvzny65nz-apache-maven-3.8.6/bin:/nix/store/m6gcpi1ii6rghy04cjwjddcavv7i90df-jdt-language-server-1.9.0/bin:/nix/store/84xs5alhs01zrbr4ywm05kxbjbp5590l-java-debug/bin:/nix/store/mydc6f4k2z73xlcz7ilif3v2lcaiqvza-findutils-4.9.0/bin:/nix/store/j9p3g8472iijd50vhdprx0nmk2fqn5gv-diffutils-3.8/bin:/nix/store/89zs7rms6x00xfq4dq6m7mjnhkr8a6r4-gnused-4.8/bin:/nix/store/86bp03jkmsl6f92w0yzg4s59g5mhxwmy-gnugrep-3.7/bin:/nix/store/hwcdqw4jrjnd37wxqgsd47hd0j8bnj09-gawk-5.1.1/bin:/nix/store/cfbhw8r8ags41vwqaz47r583d0p4h4a1-gnutar-1.34/bin:/nix/store/p3m1ndl1lapwrlh698bnb5lvvxh67378-gzip-1.12/bin:/nix/store/a8mhcagrsly7c7mpjrpsnaahk4aax056-bzip2-1.0.8-bin/bin:/nix/store/mblgz65m3zv9x548a3d5m96fj2pbwr09-gnumake-4.3/bin:/nix/store/dsd5gz46hdbdk2rfdimqddhq6m8m8fqs-bash-5.1-p16/bin:/nix/store/v7ljksji50mg3w61dykaa3n3y79n6nil-patch-2.7.6/bin:/nix/store/zlcnmqq14jz5x9439jf937mvayyl63da-xz-5.2.7-bin/bin:/nix/store/y6aj732zm9m87c82fpvf103a1xb22blp-file-5.43/bin:/nix/store/i4kzir3m7mrisxmf5xvlnkw01x4qaqr4-prybar-elisp-0.0.0-e0d9a52/bin:/nix/store/lwwivxf6h7x3cvxp9zv8sj0mv7dak99r-prybar-lua-0.0.0-e0d9a52/bin:/nix/store/gxj28g1cg4hq3qanmjv07156h800qr58-prybar-python3-0.0.0-e0d9a52/bin:/nix/store/hshkjnxrgidigf8x75vg6lqng2xlx9i3-prybar-sqlite-0.0.0-e0d9a52/bin:/nix/store/c4w01bpjgyy5ixmwdk8m1pw87zq4sl26-prybar-tcl-0.0.0-e0d9a52/bin:/nix/store/hpbvrlwd5viqmvcaisb3x0118i913a9n-st
LD_LIBRARY_PATH=/nix/store/a4pff549sk2idnkpzk5nsfps3mdkdnvm-cups-2.4.2-lib/lib:/nix/store/72mqxxhh3cy5yifh92wh2yb8cl2hikyy-cairo-1.16.0/lib:/nix/store/2k366jrbsra97gjfxwvrhvixjfxdach5-glib-2.74.1/lib:/nix/store/2j2znigd8ak37rlwh9khz0ry3clqlw1l-gtk+3-3.24.34/lib:/nix/store/hisqvx32cd57apbpcsnkpx6k3549wql1-libglvnd-1.4.0/lib:/nix/store/p36pgcv991mq5srvg765b78yqpxvk3qs-mesa-21.3.3-drivers/lib:/nix/store/mav4251if1ahjq5vkpwycyyvnmy459c4-pulseaudio-14.2/lib
DISPLAY=:0
LANG=en_US.UTF-8

Signal Handlers:
   SIGSEGV: crash_handler in libjvm.so, mask=11100100010111111101111111111110, flags=SA_RESTART|SA_SIGINFO
    SIGBUS: crash_handler in libjvm.so, mask=11100100010111111101111111111110, flags=SA_RESTART|SA_SIGINFO
    SIGFPE: crash_handler in libjvm.so, mask=11100100010111111101111111111110, flags=SA_RESTART|SA_SIGINFO
   SIGPIPE: IsolateEnterStub_IgnoreSIGPIPEStartupHook_noopSignalHandler_8f19bff2f35b5f630d83b364d6b2339320d4ec70_216e8361c6bc87a8f89f58cc10d3b2fd4415bf87 in libjvmcicompiler.so, mask=00000000000000000000000000000000, flags=SA_RESTART
  *** Handler was modified!
  *** Expected: javaSignalHandler in libjvm.so, mask=11100100110111111111111111111110, flags=SA_RESTART|SA_SIGINFO
   SIGXFSZ: javaSignalHandler in libjvm.so, mask=11100100010111111101111111111110, flags=SA_RESTART|SA_SIGINFO
    SIGILL: crash_handler in libjvm.so, mask=11100100010111111101111111111110, flags=SA_RESTART|SA_SIGINFO
   SIGUSR2: SR_handler in libjvm.so, mask=00000000000000000000000000000000, flags=SA_RESTART|SA_SIGINFO
    SIGHUP: UserHandler in libjvm.so, mask=11100100010111111101111111111110, flags=SA_RESTART|SA_SIGINFO
    SIGINT: UserHandler in libjvm.so, mask=11100100010111111101111111111110, flags=SA_RESTART|SA_SIGINFO
   SIGTERM: UserHandler in libjvm.so, mask=11100100010111111101111111111110, flags=SA_RESTART|SA_SIGINFO
   SIGQUIT: UserHandler in libjvm.so, mask=11100100010111111101111111111110, flags=SA_RESTART|SA_SIGINFO
  *** Handler was modified!
  *** Expected: javaSignalHandler in libjvm.so, mask=11100100110111111111111111111110, flags=SA_RESTART|SA_SIGINFO
   SIGTRAP: crash_handler in libjvm.so, mask=11100100010111111101111111111110, flags=SA_RESTART|SA_SIGINFO


---------------  S Y S T E M  ---------------

OS:
DISTRIB_ID=Ubuntu
DISTRIB_RELEASE=20.04
DISTRIB_CODENAME=focal
DISTRIB_DESCRIPTION="Ubuntu 20.04.2 LTS"
uname: Linux 5.19.0-1022-gcp #24~22.04.1-Ubuntu SMP Sun Apr 23 09:51:08 UTC 2023 x86_64
OS uptime: 0 days 3:30 hours
libc: glibc 2.35 NPTL 2.35 
rlimit (soft/hard): STACK 8192k/infinity , CORE infinity/infinity , NPROC infinity/infinity , NOFILE 5242/5242 , AS infinity/infinity , CPU infinity/infinity , DATA infinity/infinity , FSIZE infinity/infinity , MEMLOCK 8192k/8192k
load average: 15.93 13.13 12.18

/proc/meminfo:
MemTotal:       65852256 kB
MemFree:        14561420 kB
MemAvailable:   40055408 kB
Buffers:         2115488 kB
Cached:         21941084 kB
SwapCached:            0 kB
Active:          8926556 kB
Inactive:       38286260 kB
Active(anon):      18812 kB
Inactive(anon): 22786464 kB
Active(file):    8907744 kB
Inactive(file): 15499796 kB
Unevictable:       54940 kB
Mlocked:           54940 kB
SwapTotal:             0 kB
SwapFree:              0 kB
Zswap:                 0 kB
Zswapped:              0 kB
Dirty:              2888 kB
Writeback:             0 kB
AnonPages:      22382388 kB
Mapped:          1827224 kB
Shmem:             36140 kB
KReclaimable:    1813048 kB
Slab:            2925928 kB
SReclaimable:    1813048 kB
SUnreclaim:      1112880 kB
KernelStack:      446492 kB
PageTables:       229052 kB
NFS_Unstable:          0 kB
Bounce:                0 kB
WritebackTmp:          0 kB
CommitLimit:    32926128 kB
Committed_AS:   75608592 kB
VmallocTotal:   34359738367 kB
VmallocUsed:      487988 kB
VmallocChunk:          0 kB
Percpu:            51712 kB
HardwareCorrupted:     0 kB
AnonHugePages:   4501504 kB
ShmemHugePages:        0 kB
ShmemPmdMapped:        0 kB
FileHugePages:         0 kB
FilePmdMapped:         0 kB
HugePages_Total:       0
HugePages_Free:        0
HugePages_Rsvd:        0
HugePages_Surp:        0
Hugepagesize:       2048 kB
Hugetlb:               0 kB
DirectMap4k:     3953464 kB
DirectMap2M:    46374912 kB
DirectMap1G:    18874368 kB

/sys/kernel/mm/transparent_hugepage/enabled: always [madvise] never
/sys/kernel/mm/transparent_hugepage/defrag (defrag/compaction efforts parameter): always defer defer+madvise [madvise] never

Process Memory:
Virtual Size: 4788864K (peak: 4869952K)
Resident Set Size: 750296K (peak: 784344K) (anon: 555528K, file: 194768K, shmem: 0K)
Swapped out: 0K
C-Heap outstanding allocations: 44070K, retained: 11353K
glibc malloc tunables: (default)

/proc/sys/kernel/threads-max (system-wide limit on the number of threads): 514406
/proc/sys/vm/max_map_count (maximum number of memory map areas a process may have): 65530
/proc/sys/kernel/pid_max (system-wide limit on number of process identifiers): 4194304

container (cgroup) information:
container_type: cgroupv1
cpu_cpuset_cpus: 2-7
cpu_memory_nodes: 0
active_processor_count: 1
cpu_quota: 50000
cpu_period: 100000
cpu_shares: 512
memory_limit_in_bytes: 1048576 k
memory_and_swap_limit_in_bytes: 1048576 k
memory_soft_limit_in_bytes: 524288 k
memory_usage_in_bytes: 608076 k
memory_max_usage_in_bytes: 661256 k
maximum number of tasks: 1000
current number of tasks: 47

KVM virtualization detected
Steal ticks since vm start: 0
Steal ticks percentage since vm start:  0.000

CPU: total 8 (initial active 1) (8 cores per cpu, 2 threads per core) family 23 model 49 stepping 0 microcode 0xffffffff, cx8, cmov, fxsr, ht, mmx, 3dnowpref, sse, sse2, sse3, ssse3, sse4a, sse4.1, sse4.2, popcnt, lzcnt, tsc, tscinvbit, avx, avx2, aes, clmul, bmi1, bmi2, adx, sha, fma, vzeroupper, clflush, clflushopt, hv
CPU Model and flags from /proc/cpuinfo:
model name	: AMD EPYC 7B12
flags		: fpu vme de pse tsc msr pae mce cx8 apic sep mtrr pge mca cmov pat pse36 clflush mmx fxsr sse sse2 ht syscall nx mmxext fxsr_opt pdpe1gb rdtscp lm constant_tsc rep_good nopl nonstop_tsc cpuid extd_apicid tsc_known_freq pni pclmulqdq ssse3 fma cx16 sse4_1 sse4_2 movbe popcnt aes xsave avx f16c rdrand hypervisor lahf_lm cmp_legacy cr8_legacy abm sse4a misalignsse 3dnowprefetch osvw topoext ssbd ibrs ibpb stibp vmmcall fsgsbase tsc_adjust bmi1 avx2 smep bmi2 rdseed adx smap clflushopt clwb sha_ni xsaveopt xsavec xgetbv1 clzero xsaveerptr arat npt nrip_save umip rdpid

Online cpus: 0-7
Offline cpus: 
BIOS frequency limitation: <Not Available>
Frequency switch latency (ns): <Not Available>
Available cpu frequencies: <Not Available>
Current governor: <Not Available>
Core performance/turbo boost: <Not Available>

Memory: 4k page, physical 1048576k(440496k free), swap 0k(0k free)
Page Sizes: 4k

vm_info: OpenJDK 64-Bit Server VM (17.0.5+8-jvmci-22.3-b08) for linux-amd64 JRE (17.0.5+8-jvmci-22.3-b08), built on Oct 19 2022 09:01:27 by "buildslave" with gcc 10.3.0

END.
