#
# A fatal error has been detected by the Java Runtime Environment:
#
#  Internal Error (jvmciRuntime.cpp:1609), pid=1892, tid=1906
#  fatal error: Fatal exception in JVMCI: Error calling jdk.vm.ci.services.Services.serializeSavedProperties
#
# JRE version: OpenJDK Runtime Environment GraalVM CE 22.3.0 (17.0.5+8) (build 17.0.5+8-jvmci-22.3-b08)
# Java VM: OpenJDK 64-Bit Server VM GraalVM CE 22.3.0 (17.0.5+8-jvmci-22.3-b08, mixed mode, sharing, tiered, jvmci, jvmci compiler, compressed oops, compressed class ptrs, parallel gc, linux-amd64)
# Problematic frame:
# V  [libjvm.so+0x972714]  JVMCIRuntime::fatal_exception(JVMCIEnv*, char const*)+0x74
#
# Core dump will be written. Default location: Core dumps may be processed with "/usr/share/apport/apport -p%p -s%s -c%c -d%d -P%P -u%u -g%g -- %E" (or dumping to /home/runner/Ex-16-WikiPython/core.1892)
#
# If you would like to submit a bug report, please visit:
#   https://github.com/oracle/graal/issues
#

---------------  S U M M A R Y ------------

Command Line: -XX:ThreadPriorityPolicy=1 -XX:+UnlockExperimentalVMOptions -XX:+EnableJVMCIProduct -XX:JVMCIThreadsPerNativeLibraryRuntime=1 -XX:-UnlockExperimentalVMOptions -Declipse.application=org.eclipse.jdt.ls.core.id1 -Dosgi.bundles.defaultStartLevel=4 -Declipse.product=org.eclipse.jdt.ls.core.product -Dlog.level=ALL -Xverify:none -XX:+UseParallelGC -XX:GCTimeRatio=4 -XX:AdaptiveSizePolicyWeight=90 -Dsun.zip.disableMemoryMapping=true -Xmx512m -Xms100m /nix/store/m6gcpi1ii6rghy04cjwjddcavv7i90df-jdt-language-server-1.9.0/share/java/plugins/org.eclipse.equinox.launcher_1.6.400.v20210924-0641.jar --add-modules=ALL-SYSTEM --add-opens java.base/java.util=ALL-UNNAMED --add-opens java.base/java.lang=ALL-UNNAMED -configuration /home/runner/.cache/jdt-language-server/config -data /home/runner/.cache/jdt-language-server/data/home/runner/Ex-16-WikiPython

Host: AMD EPYC 7B12, 8 cores, 1G, Ubuntu 20.04.2 LTS
Time: Sat Apr  8 00:45:08 2023 UTC elapsed time: 1392.493100 seconds (0d 0h 23m 12s)

---------------  T H R E A D  ---------------

Current thread (0x00007f83a80b21e0):  JavaThread "JVMCI-native CompilerThread0" daemon [_thread_in_vm, id=1906, stack(0x00007f838eecd000,0x00007f838f0cd000)]


Current CompileTask:
JVMCI-native:1392493 7849       4       java.lang.Integer::parseInt (264 bytes)

Stack: [0x00007f838eecd000,0x00007f838f0cd000],  sp=0x00007f838f0cb380,  free space=2040k
Native frames: (J=compiled Java code, j=interpreted, Vv=VM code, C=native code)
V  [libjvm.so+0x972714]  JVMCIRuntime::fatal_exception(JVMCIEnv*, char const*)+0x74
V  [libjvm.so+0x93e2fe]  JVMCIEnv::copy_saved_properties()+0x14e
V  [libjvm.so+0x9732a9]  JVMCIRuntime::initialize(JVMCIEnv*)+0xb19
V  [libjvm.so+0x9738a2]  JVMCIRuntime::get_HotSpotJVMCIRuntime(JVMCIEnv*)+0x12
V  [libjvm.so+0x9749f2]  JVMCIRuntime::compile_method(JVMCIEnv*, JVMCICompiler*, methodHandle const&, int)+0xd2
V  [libjvm.so+0x5b0d20]  CompileBroker::invoke_compiler_on_method(CompileTask*)+0x1470
V  [libjvm.so+0x5b12e8]  CompileBroker::compiler_thread_loop()+0x528
V  [libjvm.so+0xd82460]  JavaThread::thread_main_inner()+0xd0
V  [libjvm.so+0xd85a40]  Thread::call_run()+0xc0
V  [libjvm.so+0xbdb1e1]  thread_native_entry(Thread*)+0xe1

Register to memory mapping:

RAX=0x00007f83aeb15000 points into unknown readable memory: 0x0000000000000058 | 58 00 00 00 00 00 00 00
RBX=0x00007f83afc10398: <offset 0x0000000000ef5398> in /nix/store/gpxl5qgg8kicmcvivwmybwjlpf7wh20l-graalvm17-ce-22.3.0/lib/server/libjvm.so at 0x00007f83aed1b000
RCX=0x00007f83afbc81e8: <offset 0x0000000000ead1e8> in /nix/store/gpxl5qgg8kicmcvivwmybwjlpf7wh20l-graalvm17-ce-22.3.0/lib/server/libjvm.so at 0x00007f83aed1b000
RDX=0x0000000000000649 is an unknown value
RSP=0x00007f838f0cb380 is pointing into the stack for thread: 0x00007f83a80b21e0
RBP=0x00007f838f0cb3a0 is pointing into the stack for thread: 0x00007f83a80b21e0
RSI=0x00007f83afc10c48: <offset 0x0000000000ef5c48> in /nix/store/gpxl5qgg8kicmcvivwmybwjlpf7wh20l-graalvm17-ce-22.3.0/lib/server/libjvm.so at 0x00007f83aed1b000
RDI=0x00000000e0000000 is an oop: java.util.jar.Attributes 
{0x00000000e0000000} - klass: 'java/util/jar/Attributes'
 - ---- fields (total size 2 words):
 - protected 'map' 'Ljava/util/Map;' @12  a 'java/util/LinkedHashMap'{0x00000000e0000010} (e0000010)
R8 =0x00007f83afc10398: <offset 0x0000000000ef5398> in /nix/store/gpxl5qgg8kicmcvivwmybwjlpf7wh20l-graalvm17-ce-22.3.0/lib/server/libjvm.so at 0x00007f83aed1b000
R9 =0x00007f838f0cb330 is pointing into the stack for thread: 0x00007f83a80b21e0
R10=0x00007f838f0cc948 is pointing into the stack for thread: 0x00007f83a80b21e0
R11=0x0000000000000293 is an unknown value
R12=0x0 is NULL
R13=0x00007f83a80b21e0 is a thread
R14=0x00007f83a8000b80 points into unknown readable memory: 0x00007f83afe41a38 | 38 1a e4 af 83 7f 00 00
R15=0x00007f83aff4fe40: <offset 0x0000000001234e40> in /nix/store/gpxl5qgg8kicmcvivwmybwjlpf7wh20l-graalvm17-ce-22.3.0/lib/server/libjvm.so at 0x00007f83aed1b000


Registers:
RAX=0x00007f83aeb15000, RBX=0x00007f83afc10398, RCX=0x00007f83afbc81e8, RDX=0x0000000000000649
RSP=0x00007f838f0cb380, RBP=0x00007f838f0cb3a0, RSI=0x00007f83afc10c48, RDI=0x00000000e0000000
R8 =0x00007f83afc10398, R9 =0x00007f838f0cb330, R10=0x00007f838f0cc948, R11=0x0000000000000293
R12=0x0000000000000000, R13=0x00007f83a80b21e0, R14=0x00007f83a8000b80, R15=0x00007f83aff4fe40
RIP=0x00007f83af68d714, EFLAGS=0x0000000000010206, CSGSFS=0x002b000000000033, ERR=0x0000000000000006
  TRAPNO=0x000000000000000e

Top of Stack: (sp=0x00007f838f0cb380)
0x00007f838f0cb380:   00007f838f0cb940 00007f83a80b21e0
0x00007f838f0cb390:   00007f83ad4a68c8 0000000800c417a0
0x00007f838f0cb3a0:   00007f838f0cb500 00007f83af6592fe
0x00007f838f0cb3b0:   00007f838f0cb3e0 00007f838f0cb440 

Instructions: (pc=0x00007f83af68d714)
0x00007f83af68d614:   30 e8 f6 cf e8 ff 4c 89 e7 e8 2e 48 d1 ff 84 db
0x00007f83af68d624:   75 2a 4d 85 ed 74 04 4d 8b 6d 00 48 83 c4 08 44
0x00007f83af68d634:   89 f9 4c 89 f2 4c 89 ee 5b 4c 89 e7 41 5c 41 5d
0x00007f83af68d644:   41 5e 41 5f 5d e9 e2 47 d1 ff 66 90 48 83 c4 08
0x00007f83af68d654:   5b 41 5c 41 5d 41 5e 41 5f 5d c3 90 31 d2 be 08
0x00007f83af68d664:   00 00 00 4c 89 ff e8 b1 78 a3 ff 49 89 c5 e9 37
0x00007f83af68d674:   ff ff ff 66 0f 1f 84 00 00 00 00 00 48 8b 7a 08
0x00007f83af68d684:   e9 6d ff ff ff 0f 1f 80 00 00 00 00 e8 5b 48 0a
0x00007f83af68d694:   00 84 c0 75 89 e9 6a ff ff ff 66 90 55 48 89 e5
0x00007f83af68d6a4:   41 56 41 55 41 54 49 89 fc 53 48 89 f3 66 48 8d
0x00007f83af68d6b4:   3d 27 5e 85 00 66 66 48 e8 df 43 8d ff 4c 8b 28
0x00007f83af68d6c4:   8b 05 be 72 8a 00 85 c0 75 14 ba 01 00 00 00 48
0x00007f83af68d6d4:   8d 0d ae 72 8a 00 f0 0f b1 11 85 c0 74 4e be c8
0x00007f83af68d6e4:   00 00 00 4c 89 ef e8 01 0b 41 00 48 8d 05 12 ac
0x00007f83af68d6f4:   85 00 49 89 d8 48 8d 0d e8 aa 53 00 ba 49 06 00
0x00007f83af68d704:   00 48 8d 35 3c 35 58 00 bf 00 00 00 e0 48 8b 00
0x00007f83af68d714:   c6 00 58 31 c0 e8 e2 91 c6 ff 5b 41 5c 41 5d 41
0x00007f83af68d724:   5e 5d e9 55 34 26 00 0f 1f 44 00 00 48 8d 05 81
0x00007f83af68d734:   a3 8b 00 48 89 df 4c 8b 30 e8 9e 43 8d ff 48 89
0x00007f83af68d744:   de 48 89 c2 49 8b 06 4c 89 f7 ff 50 08 4c 89 f7
0x00007f83af68d754:   e8 a7 5c 27 00 4d 85 e4 74 12 be 01 00 00 00 4c
0x00007f83af68d764:   89 e7 e8 35 43 fc ff eb 82 0f 1f 00 be 01 00 00
0x00007f83af68d774:   00 4c 89 ef e8 d3 fd ff ff e9 6d ff ff ff 66 66
0x00007f83af68d784:   2e 0f 1f 84 00 00 00 00 00 0f 1f 00 55 48 89 e5
0x00007f83af68d794:   41 57 41 56 41 55 41 54 53 48 81 ec 08 02 00 00
0x00007f83af68d7a4:   64 48 8b 04 25 28 00 00 00 48 89 45 c8 8b 07 83
0x00007f83af68d7b4:   f8 02 0f 84 11 04 00 00 4c 8b 6f 18 49 89 ff 49
0x00007f83af68d7c4:   89 f4 4d 85 ed 74 14 4c 89 ef e8 5d 57 22 00 41
0x00007f83af68d7d4:   8b 07 83 f8 02 0f 84 19 04 00 00 48 8d 1d 9a 06
0x00007f83af68d7e4:   8a 00 4c 8d 35 0b 3c 58 00 eb 38 90 48 85 d2 7f
0x00007f83af68d7f4:   0d 48 8d 05 b4 c0 85 00 48 83 38 00 7e 0e 41 8b
0x00007f83af68d804:   77 2c 4c 89 f7 31 c0 e8 a0 b2 f7 ff 49 8b 7f 18 


Stack slot to memory mapping:
stack at sp + 0 slots: 0x00007f838f0cb940 is pointing into the stack for thread: 0x00007f83a80b21e0
stack at sp + 1 slots: 0x00007f83a80b21e0 is a thread
stack at sp + 2 slots: 0x00007f83ad4a68c8 points into unknown readable memory: 0x65730018052dffff | ff ff 2d 05 18 00 73 65
stack at sp + 3 slots: 0x0000000800c417a0 is a pointer to class: 
jdk.vm.ci.services.Services {0x0000000800c417a0}
 - instance size:     2
 - klass size:        65
 - access:            public final synchronized 
 - state:             fully_initialized
 - name:              'jdk/vm/ci/services/Services'
 - super:             'java/lang/Object'
 - sub:               
 - arrays:            NULL
 - methods:           Array<T>(0x00007f83ac444660)
 - method ordering:   Array<T>(0x0000000800928960)
 - default_methods:   Array<T>(0x0000000000000000)
 - local interfaces:  Array<T>(0x00000008005ce810)
 - trans. interfaces: Array<T>(0x00000008005ce810)
 - constants:         constant pool [427] {0x00007f83ac443578} for 'jdk/vm/ci/services/Services' cache=0x00007f83ac445930
 - class loader data:  loader data: 0x00007f83a80283f0 of 'bootstrap'
 - source file:       'Services.java'
 - class annotations:       Array<T>(0x0000000000000000)
 - class type annotations:  Array<T>(0x0000000000000000)
 - field annotations:       Array<T>(0x0000000000000000)
 - field type annotations:  Array<T>(0x0000000000000000)
 - inner classes:     Array<T>(0x00007f83ac445900)
 - nest members:     Array<T>(0x00007f83ac445920)
 - permitted subclasses:     Array<T>(0x00000008005ce7a0)
 - java mirror:       a 'java/lang/Class'{0x00000000e02aa2f0} = 'jdk/vm/ci/services/Services'
 - vtable length      5  (start addr: 0x0000000800c41970)
 - itable length      2 (start addr: 0x0000000800c41998)
 - ---- static fields (3 words):
 - public static final 'IS_BUILDING_NATIVE_IMAGE' 'Z' @128 
 - public static final 'IS_IN_NATIVE_IMAGE' 'Z' @129 
 - private static volatile 'savedProperties' 'Ljava/util/Map;' @112 
 - static final 'JVMCI_ENABLED' 'Z' @130 
 - private static final 'servicesCache' 'Ljava/util/Map;' @116 
 - private static final 'MAX_UNICODE_IN_UTF8_LENGTH' 'I' @120 
 - private static final 'MAX_UTF8_PROPERTY_STRING_LENGTH' 'I' @124 
 - ---- non-static fields (0 words):
 - non-static oop maps: 
stack at sp + 4 slots: 0x00007f838f0cb500 is pointing into the stack for thread: 0x00007f83a80b21e0
stack at sp + 5 slots: 0x00007f83af6592fe: <offset 0x000000000093e2fe> in /nix/store/gpxl5qgg8kicmcvivwmybwjlpf7wh20l-graalvm17-ce-22.3.0/lib/server/libjvm.so at 0x00007f83aed1b000
stack at sp + 6 slots: 0x00007f838f0cb3e0 is pointing into the stack for thread: 0x00007f83a80b21e0
stack at sp + 7 slots: 0x00007f838f0cb440 is pointing into the stack for thread: 0x00007f83a80b21e0


---------------  P R O C E S S  ---------------

Threads class SMR info:
_java_thread_list=0x00007f83180a0370, length=24, elements={
0x00007f83a8026690, 0x00007f83a80a64d0, 0x00007f83a80a7910, 0x00007f83a80ae050,
0x00007f83a80af400, 0x00007f83a80b07f0, 0x00007f83a80b21e0, 0x00007f83a80b36f0,
0x00007f83a80b4750, 0x00007f83a80e0160, 0x00007f83a8127c90, 0x00007f83a82d5620,
0x00007f83a831da30, 0x00007f83a8320940, 0x00007f833c02bdb0, 0x00007f833c40c6f0,
0x00007f832c0010d0, 0x00007f83300010d0, 0x00007f833c634860, 0x00007f833c6e7f10,
0x00007f83a8363b40, 0x00007f83a8409250, 0x00007f832c00f0e0, 0x00007f83142351b0
}

Java Threads: ( => current thread )
  0x00007f83a8026690 JavaThread "main" [_thread_blocked, id=1898, stack(0x00007f83aeb36000,0x00007f83aec36000)]
  0x00007f83a80a64d0 JavaThread "Reference Handler" daemon [_thread_blocked, id=1901, stack(0x00007f83ac300000,0x00007f83ac400000)]
  0x00007f83a80a7910 JavaThread "Finalizer" daemon [_thread_blocked, id=1902, stack(0x00007f83ac200000,0x00007f83ac300000)]
  0x00007f83a80ae050 JavaThread "Signal Dispatcher" daemon [_thread_blocked, id=1903, stack(0x00007f83ac100000,0x00007f83ac200000)]
  0x00007f83a80af400 JavaThread "Service Thread" daemon [_thread_blocked, id=1904, stack(0x00007f83ac000000,0x00007f83ac100000)]
  0x00007f83a80b07f0 JavaThread "Monitor Deflation Thread" daemon [_thread_blocked, id=1905, stack(0x00007f838f0cd000,0x00007f838f1cd000)]
=>0x00007f83a80b21e0 JavaThread "JVMCI-native CompilerThread0" daemon [_thread_in_vm, id=1906, stack(0x00007f838eecd000,0x00007f838f0cd000)]
  0x00007f83a80b36f0 JavaThread "C1 CompilerThread0" daemon [_thread_blocked, id=1907, stack(0x00007f838eccd000,0x00007f838eecd000)]
  0x00007f83a80b4750 JavaThread "Sweeper thread" daemon [_thread_blocked, id=1908, stack(0x00007f838ebcd000,0x00007f838eccd000)]
  0x00007f83a80e0160 JavaThread "Common-Cleaner" daemon [_thread_blocked, id=1909, stack(0x00007f838eacd000,0x00007f838ebcd000)]
  0x00007f83a8127c90 JavaThread "Notification Thread" daemon [_thread_blocked, id=1910, stack(0x00007f838e9cd000,0x00007f838eacd000)]
  0x00007f83a82d5620 JavaThread "Active Thread: Equinox Container: d0e2cf3f-5a07-4b7b-91c1-32c2cbb3eed3" [_thread_blocked, id=1915, stack(0x00007f838e7a9000,0x00007f838e8a9000)]
  0x00007f83a831da30 JavaThread "Framework Event Dispatcher: Equinox Container: d0e2cf3f-5a07-4b7b-91c1-32c2cbb3eed3" daemon [_thread_blocked, id=1916, stack(0x00007f838c300000,0x00007f838c400000)]
  0x00007f83a8320940 JavaThread "Start Level: Equinox Container: d0e2cf3f-5a07-4b7b-91c1-32c2cbb3eed3" daemon [_thread_blocked, id=1917, stack(0x00007f838c100000,0x00007f838c200000)]
  0x00007f833c02bdb0 JavaThread "SCR Component Actor" daemon [_thread_blocked, id=1918, stack(0x00007f8356d00000,0x00007f8356e00000)]
  0x00007f833c40c6f0 JavaThread "Worker-JM" [_thread_blocked, id=1920, stack(0x00007f8356900000,0x00007f8356a00000)]
  0x00007f832c0010d0 JavaThread "Worker-1: Compacting resource model" [_thread_blocked, id=1922, stack(0x00007f8356500000,0x00007f8356600000)]
  0x00007f83300010d0 JavaThread "Worker-2: Java indexing... " [_thread_blocked, id=1923, stack(0x00007f8356300000,0x00007f8356400000)]
  0x00007f833c634860 JavaThread "Java indexing" daemon [_thread_blocked, id=1939, stack(0x00007f8356100000,0x00007f8356200000)]
  0x00007f833c6e7f10 JavaThread "Bundle File Closer" daemon [_thread_blocked, id=1940, stack(0x00007f8355f00000,0x00007f8356000000)]
  0x00007f83a8363b40 JavaThread "pool-3-thread-1" [_thread_blocked, id=1942, stack(0x00007f8356b00000,0x00007f8356c00000)]
  0x00007f83a8409250 JavaThread "pool-2-thread-1" [_thread_blocked, id=1943, stack(0x00007f8355d00000,0x00007f8355e00000)]
  0x00007f832c00f0e0 JavaThread "Worker-3: Periodic workspace save." [_thread_blocked, id=1955, stack(0x00007f8355b00000,0x00007f8355c00000)]
  0x00007f83142351b0 JavaThread "Worker-5" [_thread_blocked, id=2058, stack(0x00007f8356700000,0x00007f8356800000)]

Other Threads:
  0x00007f83a80a1c10 VMThread "VM Thread" [stack: 0x00007f83acc4f000,0x00007f83acd4f000] [id=1900] _threads_hazard_ptr=0x00007f83180a0370
  0x00007f83a8129630 WatcherThread [stack: 0x00007f838e8cd000,0x00007f838e9cd000] [id=1911]
  0x00007f83a803df30 GCTaskThread "GC Thread#0" [stack: 0x00007f83ae6f9000,0x00007f83ae7f9000] [id=1899]

Threads with active compile tasks:
JVMCI-native CompilerThread0  1392567 7849       4       java.lang.Integer::parseInt (264 bytes)

VM state: synchronizing (normal execution)

VM Mutex/Monitor currently owned by a thread:  ([mutex/lock_event])
[0x00007f83a8023840] Threads_lock - owner thread: 0x00007f83a80a1c10
[0x00007f83a8023ff0] Heap_lock - owner thread: 0x00007f833c634860

OutOfMemory and StackOverflow Exception counts:
OutOfMemoryError java_heap_errors=4
LinkageErrors=54

Heap address: 0x00000000e0000000, size: 512 MB, Compressed Oops mode: 32-bit

CDS archive(s) mapped at: [0x0000000800000000-0x0000000800bc8000-0x0000000800bc8000), size 12353536, SharedBaseAddress: 0x0000000800000000, ArchiveRelocationMode: 0.
Compressed class space mapped at: 0x0000000800c00000-0x0000000840c00000, reserved size: 1073741824
Narrow klass base: 0x0000000800000000, Narrow klass shift: 0, Narrow klass range: 0x100000000

GC Precious Log:
 CPUs: 8 total, 1 available
 Memory: 1024M
 Large Page Support: Disabled
 NUMA Support: Disabled
 Compressed Oops: Enabled (32-bit)
 Alignments: Space 512K, Generation 512K, Heap 2M
 Heap Min Capacity: 100M
 Heap Initial Capacity: 100M
 Heap Max Capacity: 512M
 Pre-touch: Disabled
 Parallel Workers: 1

Heap:
 PSYoungGen      total 44032K, used 31232K [0x00000000f5580000, 0x00000000f8e80000, 0x0000000100000000)
  eden space 31232K, 100% used [0x00000000f5580000,0x00000000f7400000,0x00000000f7400000)
  from space 12800K, 0% used [0x00000000f8000000,0x00000000f8000000,0x00000000f8c80000)
  to   space 12288K, 0% used [0x00000000f7400000,0x00000000f7400000,0x00000000f8000000)
 ParOldGen       total 349696K, used 349696K [0x00000000e0000000, 0x00000000f5580000, 0x00000000f5580000)
  object space 349696K, 100% used [0x00000000e0000000,0x00000000f5580000,0x00000000f5580000)
 Metaspace       used 52578K, committed 53376K, reserved 1097728K
  class space    used 5185K, committed 5568K, reserved 1048576K

Card table byte_map: [0x00007f83ae7f9000,0x00007f83ae8fa000] _byte_map_base: 0x00007f83ae0f9000

Marking Bits: (ParMarkBitMap*) 0x00007f83aff494c0
 Begin Bits: [0x00007f83ad64c000, 0x00007f83ade4c000)
 End Bits:   [0x00007f83ade4c000, 0x00007f83ae64c000)

Polling page: 0x00007f83aeb13000

Metaspace:

Usage:
  Non-class:     46.28 MB used.
      Class:      5.06 MB used.
       Both:     51.35 MB used.

Virtual space:
  Non-class space:       48.00 MB reserved,      46.69 MB ( 97%) committed,  6 nodes.
      Class space:        1.00 GB reserved,       5.44 MB ( <1%) committed,  1 nodes.
             Both:        1.05 GB reserved,      52.12 MB (  5%) committed. 

Chunk freelists:
   Non-Class:  1.00 MB
       Class:  2.59 MB
        Both:  3.59 MB

MaxMetaspaceSize: unlimited
CompressedClassSpaceSize: 1.00 GB
Initial GC threshold: 21.00 MB
Current GC threshold: 86.88 MB
CDS: on
MetaspaceReclaimPolicy: balanced
 - commit_granule_bytes: 65536.
 - commit_granule_words: 8192.
 - virtual_space_node_default_size: 1048576.
 - enlarge_chunks_in_place: 1.
 - new_chunks_are_fully_committed: 0.
 - uncommit_free_chunks: 1.
 - use_allocation_guard: 0.
 - handle_deallocations: 1.


Internal statistics:

num_allocs_failed_limit: 6.
num_arena_births: 442.
num_arena_deaths: 132.
num_vsnodes_births: 7.
num_vsnodes_deaths: 0.
num_space_committed: 833.
num_space_uncommitted: 0.
num_chunks_returned_to_freelist: 184.
num_chunks_taken_from_freelist: 2717.
num_chunk_merges: 82.
num_chunk_splits: 1713.
num_chunks_enlarged: 1043.
num_purges: 6.
num_inconsistent_stats: 0.

CodeHeap 'non-profiled nmethods': size=120036Kb used=2846Kb max_used=2846Kb free=117189Kb
 bounds [0x00007f8396f7a000, 0x00007f839724a000, 0x00007f839e4b3000]
CodeHeap 'profiled nmethods': size=120032Kb used=13735Kb max_used=15200Kb free=106296Kb
 bounds [0x00007f838fa42000, 0x00007f8390922000, 0x00007f8396f7a000]
CodeHeap 'non-nmethods': size=5692Kb used=1373Kb max_used=1385Kb free=4318Kb
 bounds [0x00007f838f4b3000, 0x00007f838f723000, 0x00007f838fa42000]
 total_blobs=6711 nmethods=5997 adapters=581
 compilation: enabled
              stopped_count=0, restarted_count=0
 full_count=0

JVMCI Events (20 events):
Event: 1046.885 Thread 0x00007f83a80b21e0 releasing handles for JVMCI runtime 0: oop handles=42, metadata handles={total=86, live=75, blocks=49}
Event: 1046.885 Thread 0x00007f83a80b21e0 detached from JVMCI runtime 0
Event: 1129.454 Thread 0x00007f83a80b21e0 attached to JVMCI runtime 0
Event: 1129.456 Thread 0x00007f83a80b21e0 created JavaVM[12]@0x00007f835519e340 for JVMCI runtime 0
Event: 1130.876 Thread 0x00007f83a80b21e0 initializing JVMCI runtime 0
Event: 1130.876 Thread 0x00007f83a80b21e0 done waiting for JavaVM references initialization in JVMCI runtime 0
Event: 1158.160 Thread 0x00007f83a80b21e0 initialized JVMCI runtime 0
Event: 1210.067 Thread 0x00007f83a80b21e0 compacted oop handles in JVMCI runtime 0 from 83 to 70
Event: 1216.286 Thread 0x00007f83a80b21e0 detaching from JVMCI runtime 0: releasing idle compiler thread (0 other threads still attached)
Event: 1216.286 Thread 0x00007f83a80b21e0 shutting down HotSpotJVMCIRuntime for JVMCI runtime 0
Event: 1216.286 Thread 0x00007f83a80b21e0 compacted oop handles in JVMCI runtime 0 from 70 to 54
Event: 1219.467 Thread 0x00007f83a80b21e0 shut down JVMCI runtime 0
Event: 1221.075 Thread 0x00007f83a80b21e0 destroyed JavaVM[12]@0x00007f835519e340 for JVMCI runtime 0
Event: 1221.075 Thread 0x00007f83a80b21e0 compacted oop handles in JVMCI runtime 0 from 54 to 54
Event: 1221.075 Thread 0x00007f83a80b21e0 releasing handles for JVMCI runtime 0: oop handles=54, metadata handles={total=160, live=142, blocks=49}
Event: 1221.075 Thread 0x00007f83a80b21e0 detached from JVMCI runtime 0
Event: 1367.503 Thread 0x00007f83a80b21e0 attached to JVMCI runtime 0
Event: 1367.505 Thread 0x00007f83a80b21e0 created JavaVM[13]@0x00007f835519e340 for JVMCI runtime 0
Event: 1369.456 Thread 0x00007f83a80b21e0 initializing JVMCI runtime 0
Event: 1369.456 Thread 0x00007f83a80b21e0 done waiting for JavaVM references initialization in JVMCI runtime 0

Compilation events (20 events):
Event: 1205.597 Thread 0x00007f83a80b36f0 7838       3       java.lang.invoke.VarHandleReferences$FieldInstanceReadWrite::compareAndSet (48 bytes)
Event: 1208.592 Thread 0x00007f83a80b36f0 nmethod 7838 0x00007f838fbf3b90 code [0x00007f838fbf3e00, 0x00007f838fbf4980]
Event: 1210.067 Thread 0x00007f83a80b21e0 nmethod 7832 0x00007f8397240790 code [0x00007f83972409c0, 0x00007f8397240da0]
Event: 1210.067 Thread 0x00007f83a80b36f0 7840       3       java.util.concurrent.ScheduledThreadPoolExecutor$DelayedWorkQueue::setIndex (16 bytes)
Event: 1211.715 Thread 0x00007f83a80b36f0 nmethod 7840 0x00007f83901d0810 code [0x00007f83901d09c0, 0x00007f83901d0f90]
Event: 1214.759 Thread 0x00007f83a80b36f0 7841       3       java.util.concurrent.locks.AbstractQueuedSynchronizer$ConditionObject::canReacquire (28 bytes)
Event: 1214.760 Thread 0x00007f83a80b36f0 nmethod 7841 0x00007f838fcd0b10 code [0x00007f838fcd0cc0, 0x00007f838fcd1010]
Event: 1242.621 Thread 0x00007f83a80b36f0 7842       3       org.eclipse.jdt.internal.corext.dom.GenericVisitor::visit (6 bytes)
Event: 1244.183 Thread 0x00007f83a80b36f0 nmethod 7842 0x00007f838fc33c90 code [0x00007f838fc33e40, 0x00007f838fc34160]
Event: 1245.742 Thread 0x00007f83a80b36f0 7843       3       org.eclipse.jdt.internal.core.CompilationUnit::resource (37 bytes)
Event: 1247.407 Thread 0x00007f83a80b36f0 nmethod 7843 0x00007f838fe0ad10 code [0x00007f838fe0af40, 0x00007f838fe0c470]
Event: 1261.906 Thread 0x00007f83a80b36f0 7844       1       org.eclipse.core.internal.jobs.InternalJob::setResult (6 bytes)
Event: 1263.587 Thread 0x00007f83a80b36f0 nmethod 7844 0x00007f8397241310 code [0x00007f83972414a0, 0x00007f8397241570]
Event: 1263.591 Thread 0x00007f83a80b36f0 7846       1       java.lang.ThreadGroup::getMaxPriority (5 bytes)
Event: 1263.591 Thread 0x00007f83a80b36f0 nmethod 7846 0x00007f8397241610 code [0x00007f83972417a0, 0x00007f8397241870]
Event: 1272.427 Thread 0x00007f83a80b36f0 7847  s    3       java.lang.StringBuffer::append (13 bytes)
Event: 1272.427 Thread 0x00007f83a80b36f0 nmethod 7847 0x00007f838ff9d310 code [0x00007f838ff9d4c0, 0x00007f838ff9d6c0]
Event: 1283.400 Thread 0x00007f83a80b36f0 7848   !   3       java.util.concurrent.locks.AbstractQueuedSynchronizer::acquire (407 bytes)
Event: 1286.568 Thread 0x00007f83a80b36f0 nmethod 7848 0x00007f8390250c10 code [0x00007f8390250f80, 0x00007f8390252da0]
Event: 1367.503 Thread 0x00007f83a80b21e0 7849       4       java.lang.Integer::parseInt (264 bytes)

GC Heap History (20 events):
Event: 1376.988 GC heap before
{Heap before GC invocations=926 (full 805):
 PSYoungGen      total 44032K, used 31232K [0x00000000f5580000, 0x00000000f8e80000, 0x0000000100000000)
  eden space 31232K, 100% used [0x00000000f5580000,0x00000000f7400000,0x00000000f7400000)
  from space 12800K, 0% used [0x00000000f8000000,0x00000000f8000000,0x00000000f8c80000)
  to   space 12288K, 0% used [0x00000000f7400000,0x00000000f7400000,0x00000000f8000000)
 ParOldGen       total 349696K, used 349692K [0x00000000e0000000, 0x00000000f5580000, 0x00000000f5580000)
  object space 349696K, 99% used [0x00000000e0000000,0x00000000f557f0a0,0x00000000f5580000)
 Metaspace       used 52575K, committed 53376K, reserved 1097728K
  class space    used 5184K, committed 5568K, reserved 1048576K
}
Event: 1378.554 GC heap after
{Heap after GC invocations=926 (full 805):
 PSYoungGen      total 43520K, used 31231K [0x00000000f5580000, 0x00000000f8e80000, 0x0000000100000000)
  eden space 31232K, 99% used [0x00000000f5580000,0x00000000f73fffc8,0x00000000f7400000)
  from space 12288K, 0% used [0x00000000f7400000,0x00000000f7400000,0x00000000f8000000)
  to   space 12800K, 0% used [0x00000000f8000000,0x00000000f8000000,0x00000000f8c80000)
 ParOldGen       total 349696K, used 349692K [0x00000000e0000000, 0x00000000f5580000, 0x00000000f5580000)
  object space 349696K, 99% used [0x00000000e0000000,0x00000000f557f0a0,0x00000000f5580000)
 Metaspace       used 52575K, committed 53376K, reserved 1097728K
  class space    used 5184K, committed 5568K, reserved 1048576K
}
Event: 1378.554 GC heap before
{Heap before GC invocations=927 (full 806):
 PSYoungGen      total 43520K, used 31231K [0x00000000f5580000, 0x00000000f8e80000, 0x0000000100000000)
  eden space 31232K, 99% used [0x00000000f5580000,0x00000000f73ffff8,0x00000000f7400000)
  from space 12288K, 0% used [0x00000000f7400000,0x00000000f7400000,0x00000000f8000000)
  to   space 12800K, 0% used [0x00000000f8000000,0x00000000f8000000,0x00000000f8c80000)
 ParOldGen       total 349696K, used 349692K [0x00000000e0000000, 0x00000000f5580000, 0x00000000f5580000)
  object space 349696K, 99% used [0x00000000e0000000,0x00000000f557f0a0,0x00000000f5580000)
 Metaspace       used 52575K, committed 53376K, reserved 1097728K
  class space    used 5184K, committed 5568K, reserved 1048576K
}
Event: 1379.984 GC heap after
{Heap after GC invocations=927 (full 806):
 PSYoungGen      total 44032K, used 31231K [0x00000000f5580000, 0x00000000f8e80000, 0x0000000100000000)
  eden space 31232K, 99% used [0x00000000f5580000,0x00000000f73fffe0,0x00000000f7400000)
  from space 12800K, 0% used [0x00000000f8000000,0x00000000f8000000,0x00000000f8c80000)
  to   space 12288K, 0% used [0x00000000f7400000,0x00000000f7400000,0x00000000f8000000)
 ParOldGen       total 349696K, used 349692K [0x00000000e0000000, 0x00000000f5580000, 0x00000000f5580000)
  object space 349696K, 99% used [0x00000000e0000000,0x00000000f557f080,0x00000000f5580000)
 Metaspace       used 52575K, committed 53376K, reserved 1097728K
  class space    used 5184K, committed 5568K, reserved 1048576K
}
Event: 1379.984 GC heap before
{Heap before GC invocations=928 (full 807):
 PSYoungGen      total 44032K, used 31231K [0x00000000f5580000, 0x00000000f8e80000, 0x0000000100000000)
  eden space 31232K, 99% used [0x00000000f5580000,0x00000000f73ffff8,0x00000000f7400000)
  from space 12800K, 0% used [0x00000000f8000000,0x00000000f8000000,0x00000000f8c80000)
  to   space 12288K, 0% used [0x00000000f7400000,0x00000000f7400000,0x00000000f8000000)
 ParOldGen       total 349696K, used 349692K [0x00000000e0000000, 0x00000000f5580000, 0x00000000f5580000)
  object space 349696K, 99% used [0x00000000e0000000,0x00000000f557f080,0x00000000f5580000)
 Metaspace       used 52575K, committed 53376K, reserved 1097728K
  class space    used 5184K, committed 5568K, reserved 1048576K
}
Event: 1381.589 GC heap after
{Heap after GC invocations=928 (full 807):
 PSYoungGen      total 43520K, used 31231K [0x00000000f5580000, 0x00000000f8e80000, 0x0000000100000000)
  eden space 31232K, 99% used [0x00000000f5580000,0x00000000f73fffd8,0x00000000f7400000)
  from space 12288K, 0% used [0x00000000f7400000,0x00000000f7400000,0x00000000f8000000)
  to   space 12800K, 0% used [0x00000000f8000000,0x00000000f8000000,0x00000000f8c80000)
 ParOldGen       total 349696K, used 349692K [0x00000000e0000000, 0x00000000f5580000, 0x00000000f5580000)
  object space 349696K, 99% used [0x00000000e0000000,0x00000000f557f080,0x00000000f5580000)
 Metaspace       used 52575K, committed 53376K, reserved 1097728K
  class space    used 5184K, committed 5568K, reserved 1048576K
}
Event: 1381.591 GC heap before
{Heap before GC invocations=929 (full 808):
 PSYoungGen      total 43520K, used 31231K [0x00000000f5580000, 0x00000000f8e80000, 0x0000000100000000)
  eden space 31232K, 99% used [0x00000000f5580000,0x00000000f73ffff0,0x00000000f7400000)
  from space 12288K, 0% used [0x00000000f7400000,0x00000000f7400000,0x00000000f8000000)
  to   space 12800K, 0% used [0x00000000f8000000,0x00000000f8000000,0x00000000f8c80000)
 ParOldGen       total 349696K, used 349694K [0x00000000e0000000, 0x00000000f5580000, 0x00000000f5580000)
  object space 349696K, 99% used [0x00000000e0000000,0x00000000f557f848,0x00000000f5580000)
 Metaspace       used 52575K, committed 53376K, reserved 1097728K
  class space    used 5184K, committed 5568K, reserved 1048576K
}
Event: 1383.224 GC heap after
{Heap after GC invocations=929 (full 808):
 PSYoungGen      total 44032K, used 31231K [0x00000000f5580000, 0x00000000f8e80000, 0x0000000100000000)
  eden space 31232K, 99% used [0x00000000f5580000,0x00000000f73ffe28,0x00000000f7400000)
  from space 12800K, 0% used [0x00000000f8000000,0x00000000f8000000,0x00000000f8c80000)
  to   space 12288K, 0% used [0x00000000f7400000,0x00000000f7400000,0x00000000f8000000)
 ParOldGen       total 349696K, used 349694K [0x00000000e0000000, 0x00000000f5580000, 0x00000000f5580000)
  object space 349696K, 99% used [0x00000000e0000000,0x00000000f557f848,0x00000000f5580000)
 Metaspace       used 52575K, committed 53376K, reserved 1097728K
  class space    used 5184K, committed 5568K, reserved 1048576K
}
Event: 1383.224 GC heap before
{Heap before GC invocations=930 (full 809):
 PSYoungGen      total 44032K, used 31231K [0x00000000f5580000, 0x00000000f8e80000, 0x0000000100000000)
  eden space 31232K, 99% used [0x00000000f5580000,0x00000000f73fffe8,0x00000000f7400000)
  from space 12800K, 0% used [0x00000000f8000000,0x00000000f8000000,0x00000000f8c80000)
  to   space 12288K, 0% used [0x00000000f7400000,0x00000000f7400000,0x00000000f8000000)
 ParOldGen       total 349696K, used 349694K [0x00000000e0000000, 0x00000000f5580000, 0x00000000f5580000)
  object space 349696K, 99% used [0x00000000e0000000,0x00000000f557f848,0x00000000f5580000)
 Metaspace       used 52575K, committed 53376K, reserved 1097728K
  class space    used 5184K, committed 5568K, reserved 1048576K
}
Event: 1384.713 GC heap after
{Heap after GC invocations=930 (full 809):
 PSYoungGen      total 43520K, used 31231K [0x00000000f5580000, 0x00000000f8e80000, 0x0000000100000000)
  eden space 31232K, 99% used [0x00000000f5580000,0x00000000f73fff88,0x00000000f7400000)
  from space 12288K, 0% used [0x00000000f7400000,0x00000000f7400000,0x00000000f8000000)
  to   space 12800K, 0% used [0x00000000f8000000,0x00000000f8000000,0x00000000f8c80000)
 ParOldGen       total 349696K, used 349694K [0x00000000e0000000, 0x00000000f5580000, 0x00000000f5580000)
  object space 349696K, 99% used [0x00000000e0000000,0x00000000f557f848,0x00000000f5580000)
 Metaspace       used 52575K, committed 53376K, reserved 1097728K
  class space    used 5184K, committed 5568K, reserved 1048576K
}
Event: 1384.713 GC heap before
{Heap before GC invocations=931 (full 810):
 PSYoungGen      total 43520K, used 31231K [0x00000000f5580000, 0x00000000f8e80000, 0x0000000100000000)
  eden space 31232K, 99% used [0x00000000f5580000,0x00000000f73fffe8,0x00000000f7400000)
  from space 12288K, 0% used [0x00000000f7400000,0x00000000f7400000,0x00000000f8000000)
  to   space 12800K, 0% used [0x00000000f8000000,0x00000000f8000000,0x00000000f8c80000)
 ParOldGen       total 349696K, used 349694K [0x00000000e0000000, 0x00000000f5580000, 0x00000000f5580000)
  object space 349696K, 99% used [0x00000000e0000000,0x00000000f557f848,0x00000000f5580000)
 Metaspace       used 52575K, committed 53376K, reserved 1097728K
  class space    used 5184K, committed 5568K, reserved 1048576K
}
Event: 1386.182 GC heap after
{Heap after GC invocations=931 (full 810):
 PSYoungGen      total 44032K, used 31231K [0x00000000f5580000, 0x00000000f8e80000, 0x0000000100000000)
  eden space 31232K, 99% used [0x00000000f5580000,0x00000000f73fffd0,0x00000000f7400000)
  from space 12800K, 0% used [0x00000000f8000000,0x00000000f8000000,0x00000000f8c80000)
  to   space 12288K, 0% used [0x00000000f7400000,0x00000000f7400000,0x00000000f8000000)
 ParOldGen       total 349696K, used 349694K [0x00000000e0000000, 0x00000000f5580000, 0x00000000f5580000)
  object space 349696K, 99% used [0x00000000e0000000,0x00000000f557f848,0x00000000f5580000)
 Metaspace       used 52575K, committed 53376K, reserved 1097728K
  class space    used 5184K, committed 5568K, reserved 1048576K
}
Event: 1386.182 GC heap before
{Heap before GC invocations=932 (full 811):
 PSYoungGen      total 44032K, used 31232K [0x00000000f5580000, 0x00000000f8e80000, 0x0000000100000000)
  eden space 31232K, 100% used [0x00000000f5580000,0x00000000f7400000,0x00000000f7400000)
  from space 12800K, 0% used [0x00000000f8000000,0x00000000f8000000,0x00000000f8c80000)
  to   space 12288K, 0% used [0x00000000f7400000,0x00000000f7400000,0x00000000f8000000)
 ParOldGen       total 349696K, used 349694K [0x00000000e0000000, 0x00000000f5580000, 0x00000000f5580000)
  object space 349696K, 99% used [0x00000000e0000000,0x00000000f557f848,0x00000000f5580000)
 Metaspace       used 52575K, committed 53376K, reserved 1097728K
  class space    used 5184K, committed 5568K, reserved 1048576K
}
Event: 1387.788 GC heap after
{Heap after GC invocations=932 (full 811):
 PSYoungGen      total 43520K, used 31231K [0x00000000f5580000, 0x00000000f8e80000, 0x0000000100000000)
  eden space 31232K, 99% used [0x00000000f5580000,0x00000000f73fffe8,0x00000000f7400000)
  from space 12288K, 0% used [0x00000000f7400000,0x00000000f7400000,0x00000000f8000000)
  to   space 12800K, 0% used [0x00000000f8000000,0x00000000f8000000,0x00000000f8c80000)
 ParOldGen       total 349696K, used 349694K [0x00000000e0000000, 0x00000000f5580000, 0x00000000f5580000)
  object space 349696K, 99% used [0x00000000e0000000,0x00000000f557f848,0x00000000f5580000)
 Metaspace       used 52575K, committed 53376K, reserved 1097728K
  class space    used 5184K, committed 5568K, reserved 1048576K
}
Event: 1387.789 GC heap before
{Heap before GC invocations=933 (full 812):
 PSYoungGen      total 43520K, used 31232K [0x00000000f5580000, 0x00000000f8e80000, 0x0000000100000000)
  eden space 31232K, 100% used [0x00000000f5580000,0x00000000f7400000,0x00000000f7400000)
  from space 12288K, 0% used [0x00000000f7400000,0x00000000f7400000,0x00000000f8000000)
  to   space 12800K, 0% used [0x00000000f8000000,0x00000000f8000000,0x00000000f8c80000)
 ParOldGen       total 349696K, used 349694K [0x00000000e0000000, 0x00000000f5580000, 0x00000000f5580000)
  object space 349696K, 99% used [0x00000000e0000000,0x00000000f557f848,0x00000000f5580000)
 Metaspace       used 52575K, committed 53376K, reserved 1097728K
  class space    used 5184K, committed 5568K, reserved 1048576K
}
Event: 1389.313 GC heap after
{Heap after GC invocations=933 (full 812):
 PSYoungGen      total 44032K, used 31232K [0x00000000f5580000, 0x00000000f8e80000, 0x0000000100000000)
  eden space 31232K, 100% used [0x00000000f5580000,0x00000000f7400000,0x00000000f7400000)
  from space 12800K, 0% used [0x00000000f8000000,0x00000000f8000000,0x00000000f8c80000)
  to   space 12288K, 0% used [0x00000000f7400000,0x00000000f7400000,0x00000000f8000000)
 ParOldGen       total 349696K, used 349694K [0x00000000e0000000, 0x00000000f5580000, 0x00000000f5580000)
  object space 349696K, 99% used [0x00000000e0000000,0x00000000f557f848,0x00000000f5580000)
 Metaspace       used 52575K, committed 53376K, reserved 1097728K
  class space    used 5184K, committed 5568K, reserved 1048576K
}
Event: 1389.314 GC heap before
{Heap before GC invocations=934 (full 813):
 PSYoungGen      total 44032K, used 31232K [0x00000000f5580000, 0x00000000f8e80000, 0x0000000100000000)
  eden space 31232K, 100% used [0x00000000f5580000,0x00000000f7400000,0x00000000f7400000)
  from space 12800K, 0% used [0x00000000f8000000,0x00000000f8000000,0x00000000f8c80000)
  to   space 12288K, 0% used [0x00000000f7400000,0x00000000f7400000,0x00000000f8000000)
 ParOldGen       total 349696K, used 349694K [0x00000000e0000000, 0x00000000f5580000, 0x00000000f5580000)
  object space 349696K, 99% used [0x00000000e0000000,0x00000000f557f878,0x00000000f5580000)
 Metaspace       used 52575K, committed 53376K, reserved 1097728K
  class space    used 5184K, committed 5568K, reserved 1048576K
}
Event: 1390.904 GC heap after
{Heap after GC invocations=934 (full 813):
 PSYoungGen      total 43520K, used 31231K [0x00000000f5580000, 0x00000000f8e80000, 0x0000000100000000)
  eden space 31232K, 99% used [0x00000000f5580000,0x00000000f73fffe8,0x00000000f7400000)
  from space 12288K, 0% used [0x00000000f7400000,0x00000000f7400000,0x00000000f8000000)
  to   space 12800K, 0% used [0x00000000f8000000,0x00000000f8000000,0x00000000f8c80000)
 ParOldGen       total 349696K, used 349694K [0x00000000e0000000, 0x00000000f5580000, 0x00000000f5580000)
  object space 349696K, 99% used [0x00000000e0000000,0x00000000f557f878,0x00000000f5580000)
 Metaspace       used 52575K, committed 53376K, reserved 1097728K
  class space    used 5184K, committed 5568K, reserved 1048576K
}
Event: 1390.904 GC heap before
{Heap before GC invocations=935 (full 814):
 PSYoungGen      total 43520K, used 31231K [0x00000000f5580000, 0x00000000f8e80000, 0x0000000100000000)
  eden space 31232K, 99% used [0x00000000f5580000,0x00000000f73fffe8,0x00000000f7400000)
  from space 12288K, 0% used [0x00000000f7400000,0x00000000f7400000,0x00000000f8000000)
  to   space 12800K, 0% used [0x00000000f8000000,0x00000000f8000000,0x00000000f8c80000)
 ParOldGen       total 349696K, used 349694K [0x00000000e0000000, 0x00000000f5580000, 0x00000000f5580000)
  object space 349696K, 99% used [0x00000000e0000000,0x00000000f557f878,0x00000000f5580000)
 Metaspace       used 52575K, committed 53376K, reserved 1097728K
  class space    used 5184K, committed 5568K, reserved 1048576K
}
Event: 1392.459 GC heap after
{Heap after GC invocations=935 (full 814):
 PSYoungGen      total 44032K, used 31231K [0x00000000f5580000, 0x00000000f8e80000, 0x0000000100000000)
  eden space 31232K, 99% used [0x00000000f5580000,0x00000000f73fffe8,0x00000000f7400000)
  from space 12800K, 0% used [0x00000000f8000000,0x00000000f8000000,0x00000000f8c80000)
  to   space 12288K, 0% used [0x00000000f7400000,0x00000000f7400000,0x00000000f8000000)
 ParOldGen       total 349696K, used 349694K [0x00000000e0000000, 0x00000000f5580000, 0x00000000f5580000)
  object space 349696K, 99% used [0x00000000e0000000,0x00000000f557f878,0x00000000f5580000)
 Metaspace       used 52575K, committed 53376K, reserved 1097728K
  class space    used 5184K, committed 5568K, reserved 1048576K
}

Dll operation events (8 events):
Event: 0.003 Loaded shared library /nix/store/gpxl5qgg8kicmcvivwmybwjlpf7wh20l-graalvm17-ce-22.3.0/lib/libjava.so
Event: 0.009 Loaded shared library /nix/store/gpxl5qgg8kicmcvivwmybwjlpf7wh20l-graalvm17-ce-22.3.0/lib/libjsvml.so
Event: 0.288 Loaded shared library /nix/store/gpxl5qgg8kicmcvivwmybwjlpf7wh20l-graalvm17-ce-22.3.0/lib/libnio.so
Event: 0.292 Loaded shared library /nix/store/gpxl5qgg8kicmcvivwmybwjlpf7wh20l-graalvm17-ce-22.3.0/lib/libzip.so
Event: 0.295 Loaded shared library /nix/store/gpxl5qgg8kicmcvivwmybwjlpf7wh20l-graalvm17-ce-22.3.0/lib/libjvmcicompiler.so
Event: 0.762 Loaded shared library /nix/store/gpxl5qgg8kicmcvivwmybwjlpf7wh20l-graalvm17-ce-22.3.0/lib/libjimage.so
Event: 2.679 Loaded shared library /nix/store/gpxl5qgg8kicmcvivwmybwjlpf7wh20l-graalvm17-ce-22.3.0/lib/libnet.so
Event: 4.265 Loaded shared library /home/runner/.cache/jdt-language-server/config/org.eclipse.equinox.launcher/org.eclipse.equinox.launcher.gtk.linux.x86_64_1.2.400.v20211117-0650/eclipse_11600.so

Deoptimization events (20 events):
Event: 142.354 Thread 0x00007f832c00f0e0 Uncommon trap: trap_request=0xffffffed fr.pc=0x00007f83971d8f58 relative=0x0000000000000058
Event: 142.354 Thread 0x00007f832c00f0e0 Uncommon trap: reason=null_assert_or_unreached0 action=reinterpret pc=0x00007f83971d8f58 method=org.eclipse.jdt.core.Signature.checkNextChar([CCIIZ)I @ 0 jvmci
Event: 142.354 Thread 0x00007f832c00f0e0 DEOPT PACKING pc=0x00007f83971d8f58 sp=0x00007f8355bfda50
Event: 142.354 Thread 0x00007f832c00f0e0 DEOPT UNPACKING pc=0x00007f838f505325 sp=0x00007f8355bfcef8 mode 3
Event: 142.354 Thread 0x00007f832c00f0e0 Uncommon trap: trap_request=0xffffffed fr.pc=0x00007f83970d0615 relative=0x0000000000000355
Event: 142.354 Thread 0x00007f832c00f0e0 Uncommon trap: reason=null_assert_or_unreached0 action=reinterpret pc=0x00007f83970d0615 method=org.eclipse.jdt.core.Signature.encodeQualifiedName([CIILjava/lang/StringBuffer;)I @ 183 jvmci
Event: 142.354 Thread 0x00007f832c00f0e0 DEOPT PACKING pc=0x00007f83970d0615 sp=0x00007f8355bfdaf0
Event: 142.354 Thread 0x00007f832c00f0e0 DEOPT UNPACKING pc=0x00007f838f505325 sp=0x00007f8355bfcf78 mode 3
Event: 144.283 Thread 0x00007f832c0010d0 Uncommon trap: trap_request=0xffffffed fr.pc=0x00007f83972232be relative=0x000000000000019e
Event: 144.283 Thread 0x00007f832c0010d0 Uncommon trap: reason=null_assert_or_unreached0 action=reinterpret pc=0x00007f83972232be method=org.eclipse.jdt.internal.compiler.classfmt.ClassFileReader.isAnonymous()Z @ 0 jvmci
Event: 144.283 Thread 0x00007f832c0010d0 DEOPT PACKING pc=0x00007f83972232be sp=0x00007f83565fd9c0
Event: 144.283 Thread 0x00007f832c0010d0 DEOPT UNPACKING pc=0x00007f838f505325 sp=0x00007f83565fce70 mode 3
Event: 156.183 Thread 0x00007f832c0010d0 Uncommon trap: trap_request=0xffffffcd fr.pc=0x00007f839722635b relative=0x00000000000000db
Event: 156.184 Thread 0x00007f832c0010d0 Uncommon trap: reason=intrinsic_or_type_checked_inlining action=reinterpret pc=0x00007f839722635b method=org.eclipse.jdt.internal.core.Openable.<init>(Lorg/eclipse/jdt/internal/core/JavaElement;)V @ 0 jvmci
Event: 156.184 Thread 0x00007f832c0010d0 DEOPT PACKING pc=0x00007f839722635b sp=0x00007f83565fe2a0
Event: 156.184 Thread 0x00007f832c0010d0 DEOPT UNPACKING pc=0x00007f838f505325 sp=0x00007f83565fd748 mode 3
Event: 156.255 Thread 0x00007f832c0010d0 DEOPT PACKING pc=0x00007f8390219211 sp=0x00007f83565fcc20
Event: 156.255 Thread 0x00007f832c0010d0 DEOPT UNPACKING pc=0x00007f838f505325 sp=0x00007f83565fc078 mode 0
Event: 166.091 Thread 0x00007f83a8409250 DEOPT PACKING pc=0x00007f838fce6d59 sp=0x00007f8355dfcd80
Event: 166.091 Thread 0x00007f83a8409250 DEOPT UNPACKING pc=0x00007f838f505325 sp=0x00007f8355dfc2b0 mode 0

Classes unloaded (20 events):
Event: 154.367 Thread 0x00007f83a80a1c10 Unloading class 0x0000000800d9d000 'java/lang/invoke/LambdaForm$MH+0x0000000800d9d000'
Event: 154.367 Thread 0x00007f83a80a1c10 Unloading class 0x0000000800d9cc00 'java/lang/invoke/LambdaForm$MH+0x0000000800d9cc00'
Event: 154.367 Thread 0x00007f83a80a1c10 Unloading class 0x0000000800d9c800 'java/lang/invoke/LambdaForm$MH+0x0000000800d9c800'
Event: 154.367 Thread 0x00007f83a80a1c10 Unloading class 0x0000000800d9c400 'java/lang/invoke/LambdaForm$MH+0x0000000800d9c400'
Event: 154.367 Thread 0x00007f83a80a1c10 Unloading class 0x0000000800d9c000 'jdk/internal/reflect/GeneratedConstructorAccessor3'
Event: 154.367 Thread 0x00007f83a80a1c10 Unloading class 0x0000000800d91400 'java/lang/invoke/LambdaForm$MH+0x0000000800d91400'
Event: 154.367 Thread 0x00007f83a80a1c10 Unloading class 0x0000000800d91000 'java/lang/invoke/LambdaForm$MH+0x0000000800d91000'
Event: 154.367 Thread 0x00007f83a80a1c10 Unloading class 0x0000000800d90c00 'java/lang/invoke/LambdaForm$MH+0x0000000800d90c00'
Event: 154.367 Thread 0x00007f83a80a1c10 Unloading class 0x0000000800d90800 'java/lang/invoke/LambdaForm$MH+0x0000000800d90800'
Event: 154.367 Thread 0x00007f83a80a1c10 Unloading class 0x0000000800d90400 'java/lang/invoke/LambdaForm$MH+0x0000000800d90400'
Event: 154.367 Thread 0x00007f83a80a1c10 Unloading class 0x0000000800d90000 'java/lang/invoke/LambdaForm$MH+0x0000000800d90000'
Event: 154.367 Thread 0x00007f83a80a1c10 Unloading class 0x0000000800cb2800 'java/lang/invoke/LambdaForm$MH+0x0000000800cb2800'
Event: 154.367 Thread 0x00007f83a80a1c10 Unloading class 0x0000000800cb2000 'java/lang/invoke/LambdaForm$MH+0x0000000800cb2000'
Event: 154.367 Thread 0x00007f83a80a1c10 Unloading class 0x0000000800cb1c00 'java/lang/invoke/LambdaForm$MH+0x0000000800cb1c00'
Event: 154.367 Thread 0x00007f83a80a1c10 Unloading class 0x0000000800cb1800 'java/lang/invoke/LambdaForm$MH+0x0000000800cb1800'
Event: 154.367 Thread 0x00007f83a80a1c10 Unloading class 0x0000000800cb1000 'java/lang/invoke/LambdaForm$MH+0x0000000800cb1000'
Event: 154.367 Thread 0x00007f83a80a1c10 Unloading class 0x0000000800cb0c00 'java/lang/invoke/LambdaForm$MH+0x0000000800cb0c00'
Event: 154.367 Thread 0x00007f83a80a1c10 Unloading class 0x0000000800cb0800 'java/lang/invoke/LambdaForm$MH+0x0000000800cb0800'
Event: 154.367 Thread 0x00007f83a80a1c10 Unloading class 0x0000000800cb0000 'java/lang/invoke/LambdaForm$MH+0x0000000800cb0000'
Event: 326.262 Thread 0x00007f83a80a1c10 Unloading class 0x0000000801164000 'jdk/internal/reflect/GeneratedConstructorAccessor26'

Classes redefined (0 events):
No events

Internal exceptions (20 events):
Event: 30.862 Thread 0x00007f8314254df0 Exception <a 'java/io/FileNotFoundException'{0x00000000f5f43c90}> (0x00000000f5f43c90) 
thrown [src/hotspot/share/prims/jni.cpp, line 516]
Event: 33.266 Thread 0x00007f832c0010d0 Exception <a 'java/lang/NoSuchMethodError'{0x00000000f59aa7f8}: 'java.lang.Object java.lang.invoke.DirectMethodHandle$Holder.invokeStatic(java.lang.Object, java.lang.Object, int, java.lang.Object)'> (0x00000000f59aa7f8) 
thrown [src/hotspot/share/interpreter/linkResolver.cpp, line 758]
Event: 33.267 Thread 0x00007f832c0010d0 Exception <a 'java/lang/NoSuchMethodError'{0x00000000f59c3c20}: 'java.lang.Object java.lang.invoke.DirectMethodHandle$Holder.newInvokeSpecial(java.lang.Object, java.lang.Object, int)'> (0x00000000f59c3c20) 
thrown [src/hotspot/share/interpreter/linkResolver.cpp, line 758]
Event: 34.360 Thread 0x00007f832016d300 Implicit null exception at 0x00007f83970d8722 to 0x00007f83970d8aac
Event: 34.852 Thread 0x00007f832016d300 Implicit null exception at 0x00007f83970885c2 to 0x00007f8397088b1e
Event: 36.468 Thread 0x00007f832016d300 Exception <a 'java/lang/NoSuchMethodError'{0x00000000f6826408}: 'java.lang.Object java.lang.invoke.DirectMethodHandle$Holder.invokeStatic(java.lang.Object, int, java.lang.Object, java.lang.Object, java.lang.Object, java.lang.Object)'> (0x00000000f6826408) 
thrown [src/hotspot/share/interpreter/linkResolver.cpp, line 758]
Event: 36.469 Thread 0x00007f832016d300 Exception <a 'java/lang/NoSuchMethodError'{0x00000000f682e928}: 'java.lang.Object java.lang.invoke.DirectMethodHandle$Holder.newInvokeSpecial(java.lang.Object, int, java.lang.Object, java.lang.Object, java.lang.Object)'> (0x00000000f682e928) 
thrown [src/hotspot/share/interpreter/linkResolver.cpp, line 758]
Event: 36.763 Thread 0x00007f832016d300 Exception <a 'java/lang/NoSuchMethodError'{0x00000000f6a2f3e0}: 'void java.lang.invoke.DirectMethodHandle$Holder.invokeSpecial(java.lang.Object, java.lang.Object, int)'> (0x00000000f6a2f3e0) 
thrown [src/hotspot/share/interpreter/linkResolver.cpp, line 758]
Event: 37.167 Thread 0x00007f832016d300 Exception <a 'java/lang/NoSuchMethodError'{0x00000000f5717348}: 'int java.lang.invoke.DirectMethodHandle$Holder.invokeSpecial(java.lang.Object, java.lang.Object, java.lang.Object)'> (0x00000000f5717348) 
thrown [src/hotspot/share/interpreter/linkResolver.cpp, line 758]
Event: 37.453 Thread 0x00007f832016d300 Exception <a 'java/lang/NoSuchMethodError'{0x00000000f59924a8}: 'int java.lang.invoke.DirectMethodHandle$Holder.invokeSpecialIFC(java.lang.Object, java.lang.Object, java.lang.Object, java.lang.Object)'> (0x00000000f59924a8) 
thrown [src/hotspot/share/interpreter/linkResolver.cpp, line 758]
Event: 74.636 Thread 0x00007f8320170e70 Exception <a 'java/io/FileNotFoundException'{0x00000000f6169668}> (0x00000000f6169668) 
thrown [src/hotspot/share/prims/jni.cpp, line 516]
Event: 77.655 Thread 0x00007f833c634860 Implicit null exception at 0x00007f83971686b0 to 0x00007f8397168757
Event: 79.658 Thread 0x00007f8320170e70 Implicit null exception at 0x00007f8397047e74 to 0x00007f839704817c
Event: 95.754 Thread 0x00007f833c634860 Implicit null exception at 0x00007f83971b6fae to 0x00007f83971b9924
Event: 144.283 Thread 0x00007f832c0010d0 Implicit null exception at 0x00007f8397223157 to 0x00007f83972232a3
Event: 156.263 Thread 0x00007f8320170e70 Exception <a 'java/lang/ArrayIndexOutOfBoundsException'{0x00000000f73ea170}: Index 408 out of bounds for length 408> (0x00000000f73ea170) 
thrown [src/hotspot/share/interpreter/interpreterRuntime.cpp, line 428]
Event: 1258.693 Thread 0x00007f8314254df0 Exception <a 'java/lang/OutOfMemoryError'{0x00000000e00bd960}> (0x00000000e00bd960) 
thrown [src/hotspot/share/gc/shared/memAllocator.cpp, line 136]
Event: 1286.568 Thread 0x00007f8314254df0 Exception <a 'java/lang/OutOfMemoryError'{0x00000000e00bdc30}> (0x00000000e00bdc30) 
thrown [src/hotspot/share/gc/shared/memAllocator.cpp, line 136]
Event: 1302.390 Thread 0x00007f8314254df0 Exception <a 'java/lang/OutOfMemoryError'{0x00000000e00be220}> (0x00000000e00be220) 
thrown [src/hotspot/share/gc/shared/memAllocator.cpp, line 136]
Event: 1392.459 Thread 0x00007f83a80b21e0 Exception <a 'java/lang/OutOfMemoryError'{0x00000000e00bdf50}> (0x00000000e00bdf50) 
thrown [src/hotspot/share/gc/shared/memAllocator.cpp, line 136]

VM Operations (20 events):
Event: 1375.489 Executing VM operation: ParallelGCFailedAllocation
Event: 1376.988 Executing VM operation: ParallelGCFailedAllocation done
Event: 1376.988 Executing VM operation: ParallelGCFailedAllocation
Event: 1378.554 Executing VM operation: ParallelGCFailedAllocation done
Event: 1378.554 Executing VM operation: ParallelGCFailedAllocation
Event: 1379.984 Executing VM operation: ParallelGCFailedAllocation done
Event: 1379.984 Executing VM operation: ParallelGCFailedAllocation
Event: 1381.589 Executing VM operation: ParallelGCFailedAllocation done
Event: 1381.591 Executing VM operation: ParallelGCFailedAllocation
Event: 1383.224 Executing VM operation: ParallelGCFailedAllocation done
Event: 1383.224 Executing VM operation: ParallelGCFailedAllocation
Event: 1384.713 Executing VM operation: ParallelGCFailedAllocation done
Event: 1384.713 Executing VM operation: ParallelGCFailedAllocation
Event: 1386.182 Executing VM operation: ParallelGCFailedAllocation done
Event: 1386.182 Executing VM operation: ParallelGCFailedAllocation
Event: 1387.788 Executing VM operation: ParallelGCFailedAllocation done
Event: 1387.789 Executing VM operation: ParallelGCFailedAllocation
Event: 1389.313 Executing VM operation: ParallelGCFailedAllocation done
Event: 1389.314 Executing VM operation: ParallelGCFailedAllocation
Event: 1392.459 Executing VM operation: ParallelGCFailedAllocation done

Events (20 events):
Event: 96.258 Thread 0x00007f83a80b4750 flushing nmethod 0x00007f8390871f10
Event: 96.259 Thread 0x00007f83a80b4750 flushing nmethod 0x00007f839089e890
Event: 96.260 Thread 0x00007f83a80b4750 flushing nmethod 0x00007f83908f3290
Event: 96.260 Thread 0x00007f83a80b4750 flushing nmethod 0x00007f8390909810
Event: 142.356 Thread 0x00007f833c48c340 Thread exited: 0x00007f833c48c340
Event: 142.365 Thread 0x00007f8320170e70 Thread added: 0x00007f8320170e70
Event: 142.365 Protecting memory [0x00007f8356700000,0x00007f8356704000] with protection modes 0
Event: 156.153 Thread 0x00007f83a80b4750 flushing nmethod 0x00007f8390125c90
Event: 156.153 Thread 0x00007f83a80b4750 flushing nmethod 0x00007f8390136f10
Event: 156.154 Thread 0x00007f83a80b4750 flushing nmethod 0x00007f83901fc690
Event: 164.354 Thread 0x00007f8320170e70 Thread exited: 0x00007f8320170e70
Event: 1258.693 loading class java/nio/charset/IllegalCharsetNameException
Event: 1258.693 loading class java/nio/charset/IllegalCharsetNameException done
Event: 1258.694 loading class java/io/UnsupportedEncodingException
Event: 1258.694 loading class java/io/UnsupportedEncodingException done
Event: 1263.591 Thread 0x00007f83142351b0 Thread added: 0x00007f83142351b0
Event: 1263.591 Protecting memory [0x00007f8356700000,0x00007f8356704000] with protection modes 0
Event: 1302.390 loading class java/lang/Throwable$WrappedPrintStream
Event: 1302.390 loading class java/lang/Throwable$WrappedPrintStream done
Event: 1302.391 Thread 0x00007f8314254df0 Thread exited: 0x00007f8314254df0


Dynamic libraries:
e0000000-f5580000 rw-p 00000000 00:00 0 
f5580000-f8e80000 rw-p 00000000 00:00 0 
f8e80000-100000000 ---p 00000000 00:00 0 
800000000-800449000 rw-p 00001000 00:15c6 4611686019135357769            /nix/store/gpxl5qgg8kicmcvivwmybwjlpf7wh20l-graalvm17-ce-22.3.0/lib/server/classes.jsa
800449000-800bc8000 r--p 0044a000 00:15c6 4611686019135357769            /nix/store/gpxl5qgg8kicmcvivwmybwjlpf7wh20l-graalvm17-ce-22.3.0/lib/server/classes.jsa
800bc8000-800c00000 ---p 00000000 00:00 0 
800c00000-800c20000 rw-p 00000000 00:00 0 
800c20000-800c40000 rw-p 00000000 00:00 0 
800c40000-800cc0000 rw-p 00000000 00:00 0 
800cc0000-800d00000 rw-p 00000000 00:00 0 
800d00000-800dc0000 rw-p 00000000 00:00 0 
800dc0000-800e00000 rw-p 00000000 00:00 0 
800e00000-801170000 rw-p 00000000 00:00 0 
801170000-840c00000 ---p 00000000 00:00 0 
55ae29791000-55ae29792000 r-xp 00000000 00:15c6 4611686019099417844      /nix/store/gpxl5qgg8kicmcvivwmybwjlpf7wh20l-graalvm17-ce-22.3.0/bin/.java-wrapped
55ae29793000-55ae29794000 r--p 00001000 00:15c6 4611686019099417844      /nix/store/gpxl5qgg8kicmcvivwmybwjlpf7wh20l-graalvm17-ce-22.3.0/bin/.java-wrapped
55ae29794000-55ae29795000 rw-p 00002000 00:15c6 4611686019099417844      /nix/store/gpxl5qgg8kicmcvivwmybwjlpf7wh20l-graalvm17-ce-22.3.0/bin/.java-wrapped
55ae29795000-55ae29796000 rw-p 00004000 00:15c6 4611686019099417844      /nix/store/gpxl5qgg8kicmcvivwmybwjlpf7wh20l-graalvm17-ce-22.3.0/bin/.java-wrapped
55ae29796000-55ae29797000 rw-p 00005000 00:15c6 4611686019099417844      /nix/store/gpxl5qgg8kicmcvivwmybwjlpf7wh20l-graalvm17-ce-22.3.0/bin/.java-wrapped
55ae29ff3000-55ae2a03b000 rw-p 00000000 00:00 0                          [heap]
7f8304000000-7f83042f8000 rw-p 00000000 00:00 0 
7f83042f8000-7f8308000000 ---p 00000000 00:00 0 
7f8309800000-7f8309f00000 rw-p 00000000 00:00 0 
7f8309f00000-7f830a000000 ---p 00000000 00:00 0 
7f830a4b3000-7f8314000000 r--s 00000000 00:15c6 4611686019135192581      /nix/store/gpxl5qgg8kicmcvivwmybwjlpf7wh20l-graalvm17-ce-22.3.0/lib/modules
7f8314000000-7f8314286000 rw-p 00000000 00:00 0 
7f8314286000-7f8318000000 ---p 00000000 00:00 0 
7f8318000000-7f83180ef000 rw-p 00000000 00:00 0 
7f83180ef000-7f831c000000 ---p 00000000 00:00 0 
7f831c000000-7f831c021000 rw-p 00000000 00:00 0 
7f831c021000-7f8320000000 ---p 00000000 00:00 0 
7f8320000000-7f832019e000 rw-p 00000000 00:00 0 
7f832019e000-7f8324000000 ---p 00000000 00:00 0 
7f8324000000-7f832404b000 rw-p 00000000 00:00 0 
7f832404b000-7f8328000000 ---p 00000000 00:00 0 
7f8328000000-7f8328021000 rw-p 00000000 00:00 0 
7f8328021000-7f832c000000 ---p 00000000 00:00 0 
7f832c000000-7f832c164000 rw-p 00000000 00:00 0 
7f832c164000-7f8330000000 ---p 00000000 00:00 0 
7f8330000000-7f8330324000 rw-p 00000000 00:00 0 
7f8330324000-7f8334000000 ---p 00000000 00:00 0 
7f8334000000-7f8334021000 rw-p 00000000 00:00 0 
7f8334021000-7f8338000000 ---p 00000000 00:00 0 
7f8338000000-7f8338021000 rw-p 00000000 00:00 0 
7f8338021000-7f833c000000 ---p 00000000 00:00 0 
7f833c000000-7f833c8f0000 rw-p 00000000 00:00 0 
7f833c8f0000-7f8340000000 ---p 00000000 00:00 0 
7f8340000000-7f8340021000 rw-p 00000000 00:00 0 
7f8340021000-7f8344000000 ---p 00000000 00:00 0 
7f8344000000-7f8344021000 rw-p 00000000 00:00 0 
7f8344021000-7f8348000000 ---p 00000000 00:00 0 
7f8348000000-7f8348021000 rw-p 00000000 00:00 0 
7f8348021000-7f834c000000 ---p 00000000 00:00 0 
7f834c000000-7f834c0ca000 rw-p 00000000 00:00 0 
7f834c0ca000-7f8350000000 ---p 00000000 00:00 0 
7f8350800000-7f8350b00000 rw-p 00000000 00:00 0 
7f8350b00000-7f8350bb0000 rw-p 00000000 00:00 0 
7f8350bb0000-7f8350c00000 ---p 00000000 00:00 0 
7f8350c00000-7f8351000000 rw-p 00000000 00:00 0 
7f8351800000-7f8352000000 rw-p 00000000 00:00 0 
7f8352000000-7f8352100000 rw-p 00000000 00:00 0 
7f8352100000-7f83525e0000 rw-p 00000000 00:00 0 
7f83525e0000-7f8352600000 rw-p 00000000 00:00 0 
7f8352600000-7f8352700000 rw-p 00000000 00:00 0 
7f8352700000-7f8352800000 rw-p 00000000 00:00 0 
7f8353000000-7f8353100000 rw-p 00000000 00:00 0 
7f8353100000-7f8353200000 rw-p 00000000 00:00 0 
7f8353200000-7f8353760000 rw-p 00000000 00:00 0 
7f8353760000-7f8353780000 rw-p 00000000 00:00 0 
7f8353780000-7f8353800000 rw-p 00000000 00:00 0 
7f8353800000-7f8353810000 r-xp 00000000 00:15b6 356                      /home/runner/.cache/jdt-language-server/config/org.eclipse.equinox.launcher/org.eclipse.equinox.launcher.gtk.linux.x86_64_1.2.400.v20211117-0650/eclipse_11600.so
7f8353810000-7f8353a0f000 ---p 00010000 00:15b6 356                      /home/runner/.cache/jdt-language-server/config/org.eclipse.equinox.launcher/org.eclipse.equinox.launcher.gtk.linux.x86_64_1.2.400.v20211117-0650/eclipse_11600.so
7f8353a0f000-7f8353a10000 r--p 0000f000 00:15b6 356                      /home/runner/.cache/jdt-language-server/config/org.eclipse.equinox.launcher/org.eclipse.equinox.launcher.gtk.linux.x86_64_1.2.400.v20211117-0650/eclipse_11600.so
7f8353a10000-7f8353a11000 rw-p 00010000 00:15b6 356                      /home/runner/.cache/jdt-language-server/config/org.eclipse.equinox.launcher/org.eclipse.equinox.launcher.gtk.linux.x86_64_1.2.400.v20211117-0650/eclipse_11600.so
7f8354500000-7f8354600000 ---p 00000000 00:00 0 
7f8354600000-7f8354baf000 r--p 01122000 00:15c6 4611686019135190040      /nix/store/gpxl5qgg8kicmcvivwmybwjlpf7wh20l-graalvm17-ce-22.3.0/lib/libjvmcicompiler.so
7f8354baf000-7f8354d00000 r--p 00000000 00:00 0 
7f8354d00000-7f8354d3d000 rw-p 00000000 00:00 0 
7f8354d3d000-7f835525d000 rw-p 0185f000 00:15c6 4611686019135190040      /nix/store/gpxl5qgg8kicmcvivwmybwjlpf7wh20l-graalvm17-ce-22.3.0/lib/libjvmcicompiler.so
7f835525d000-7f8355644000 r--p 01d7f000 00:15c6 4611686019135190040      /nix/store/gpxl5qgg8kicmcvivwmybwjlpf7wh20l-graalvm17-ce-22.3.0/lib/libjvmcicompiler.so
7f8355700000-7f8355704000 ---p 00000000 00:00 0 
7f8355704000-7f8355800000 rw-p 00000000 00:00 0 
7f8355900000-7f8355904000 ---p 00000000 00:00 0 
7f8355904000-7f8355a00000 rw-p 00000000 00:00 0 
7f8355b00000-7f8355b04000 ---p 00000000 00:00 0 
7f8355b04000-7f8355c00000 rw-p 00000000 00:00 0 
7f8355d00000-7f8355d04000 ---p 00000000 00:00 0 
7f8355d04000-7f8355e00000 rw-p 00000000 00:00 0 
7f8355f00000-7f8355f04000 ---p 00000000 00:00 0 
7f8355f04000-7f8356000000 rw-p 00000000 00:00 0 
7f8356100000-7f8356104000 ---p 00000000 00:00 0 
7f8356104000-7f8356200000 rw-p 00000000 00:00 0 
7f8356300000-7f8356304000 ---p 00000000 00:00 0 
7f8356304000-7f8356400000 rw-p 00000000 00:00 0 
7f8356500000-7f8356504000 ---p 00000000 00:00 0 
7f8356504000-7f8356600000 rw-p 00000000 00:00 0 
7f8356700000-7f8356704000 ---p 00000000 00:00 0 
7f8356704000-7f8356800000 rw-p 00000000 00:00 0 
7f8356900000-7f8356904000 ---p 00000000 00:00 0 
7f8356904000-7f8356a00000 rw-p 00000000 00:00 0 
7f8356b00000-7f8356b04000 ---p 00000000 00:00 0 
7f8356b04000-7f8356c00000 rw-p 00000000 00:00 0 
7f8356d00000-7f8356d04000 ---p 00000000 00:00 0 
7f8356d04000-7f8356e00000 rw-p 00000000 00:00 0 
7f8357a68000-7f8357f00000 rw-p 00000000 00:00 0 
7f8358000000-7f8358021000 rw-p 00000000 00:00 0 
7f8358021000-7f835c000000 ---p 00000000 00:00 0 
7f835c000000-7f835c021000 rw-p 00000000 00:00 0 
7f835c021000-7f8360000000 ---p 00000000 00:00 0 
7f8360000000-7f8360079000 rw-p 00000000 00:00 0 
7f8360079000-7f8364000000 ---p 00000000 00:00 0 
7f8364000000-7f8364021000 rw-p 00000000 00:00 0 
7f8364021000-7f8368000000 ---p 00000000 00:00 0 
7f8368000000-7f83680e8000 rw-p 00000000 00:00 0 
7f83680e8000-7f836c000000 ---p 00000000 00:00 0 
7f836c000000-7f836caa5000 rw-p 00000000 00:00 0 
7f836caa5000-7f8370000000 ---p 00000000 00:00 0 
7f8370000000-7f8370021000 rw-p 00000000 00:00 0 
7f8370021000-7f8374000000 ---p 00000000 00:00 0 
7f8374000000-7f8374021000 rw-p 00000000 00:00 0 
7f8374021000-7f8378000000 ---p 00000000 00:00 0 
7f8378000000-7f8378021000 rw-p 00000000 00:00 0 
7f8378021000-7f837c000000 ---p 00000000 00:00 0 
7f837c000000-7f837c021000 rw-p 00000000 00:00 0 
7f837c021000-7f8380000000 ---p 00000000 00:00 0 
7f8380000000-7f8380021000 rw-p 00000000 00:00 0 
7f8380021000-7f8384000000 ---p 00000000 00:00 0 
7f8384000000-7f8384021000 rw-p 00000000 00:00 0 
7f8384021000-7f8388000000 ---p 00000000 00:00 0 
7f8388000000-7f8388055000 rw-p 00000000 00:00 0 
7f8388055000-7f838c000000 ---p 00000000 00:00 0 
7f838c100000-7f838c104000 ---p 00000000 00:00 0 
7f838c104000-7f838c200000 rw-p 00000000 00:00 0 
7f838c200000-7f838c204000 ---p 00000000 00:00 0 
7f838c204000-7f838c300000 rw-p 00000000 00:00 0 
7f838c300000-7f838c304000 ---p 00000000 00:00 0 
7f838c304000-7f838c400000 rw-p 00000000 00:00 0 
7f838c400000-7f838e56a000 r-xp 00000000 00:15c6 4611686019135190040      /nix/store/gpxl5qgg8kicmcvivwmybwjlpf7wh20l-graalvm17-ce-22.3.0/lib/libjvmcicompiler.so
7f838e56a000-7f838e769000 ---p 0216a000 00:15c6 4611686019135190040      /nix/store/gpxl5qgg8kicmcvivwmybwjlpf7wh20l-graalvm17-ce-22.3.0/lib/libjvmcicompiler.so
7f838e769000-7f838e76a000 r--p 02169000 00:15c6 4611686019135190040      /nix/store/gpxl5qgg8kicmcvivwmybwjlpf7wh20l-graalvm17-ce-22.3.0/lib/libjvmcicompiler.so
7f838e76a000-7f838e76c000 rw-p 0216a000 00:15c6 4611686019135190040      /nix/store/gpxl5qgg8kicmcvivwmybwjlpf7wh20l-graalvm17-ce-22.3.0/lib/libjvmcicompiler.so
7f838e76c000-7f838e76d000 rw-p 00000000 00:00 0 
7f838e76d000-7f838e772000 rw-p 023c3000 00:15c6 4611686019135190040      /nix/store/gpxl5qgg8kicmcvivwmybwjlpf7wh20l-graalvm17-ce-22.3.0/lib/libjvmcicompiler.so
7f838e7a9000-7f838e7ad000 ---p 00000000 00:00 0 
7f838e7ad000-7f838e8a9000 rw-p 00000000 00:00 0 
7f838e8a9000-7f838e8ad000 ---p 00000000 00:00 0 
7f838e8ad000-7f838e8cb000 rw-p 00000000 00:00 0 
7f838e8cb000-7f838e8cc000 ---p 00000000 00:00 0 
7f838e8cc000-7f838e9cd000 rw-p 00000000 00:00 0 
7f838e9cd000-7f838e9d1000 ---p 00000000 00:00 0 
7f838e9d1000-7f838eacd000 rw-p 00000000 00:00 0 
7f838eacd000-7f838ead1000 ---p 00000000 00:00 0 
7f838ead1000-7f838ebcd000 rw-p 00000000 00:00 0 
7f838ebcd000-7f838ebd1000 ---p 00000000 00:00 0 
7f838ebd1000-7f838eccd000 rw-p 00000000 00:00 0 
7f838eccd000-7f838ecd1000 ---p 00000000 00:00 0 
7f838ecd1000-7f838eecd000 rw-p 00000000 00:00 0 
7f838eecd000-7f838eed1000 ---p 00000000 00:00 0 
7f838eed1000-7f838f0cd000 rw-p 00000000 00:00 0 
7f838f0cd000-7f838f0d1000 ---p 00000000 00:00 0 
7f838f0d1000-7f838f1cd000 rw-p 00000000 00:00 0 
7f838f1cd000-7f838f4b3000 r--p 00000000 00:159f 28444448                 /usr/lib/locale/locale-archive
7f838f4b3000-7f838f723000 rwxp 00000000 00:00 0 
7f838f723000-7f838fa42000 ---p 00000000 00:00 0 
7f838fa42000-7f8390922000 rwxp 00000000 00:00 0 
7f8390922000-7f8396f7a000 ---p 00000000 00:00 0 
7f8396f7a000-7f839724a000 rwxp 00000000 00:00 0 
7f839724a000-7f839e4b3000 ---p 00000000 00:00 0 
7f839e4b3000-7f83a8000000 r--s 00000000 00:15c6 4611686019135192581      /nix/store/gpxl5qgg8kicmcvivwmybwjlpf7wh20l-graalvm17-ce-22.3.0/lib/modules
7f83a8000000-7f83a8446000 rw-p 00000000 00:00 0 
7f83a8446000-7f83ac000000 ---p 00000000 00:00 0 
7f83ac000000-7f83ac004000 ---p 00000000 00:00 0 
7f83ac004000-7f83ac100000 rw-p 00000000 00:00 0 
7f83ac100000-7f83ac104000 ---p 00000000 00:00 0 
7f83ac104000-7f83ac200000 rw-p 00000000 00:00 0 
7f83ac200000-7f83ac204000 ---p 00000000 00:00 0 
7f83ac204000-7f83ac300000 rw-p 00000000 00:00 0 
7f83ac300000-7f83ac304000 ---p 00000000 00:00 0 
7f83ac304000-7f83ac800000 rw-p 00000000 00:00 0 
7f83ac800000-7f83acb00000 rw-p 00000000 00:00 0 
7f83acb00000-7f83acc00000 rw-p 00000000 00:00 0 
7f83acc0c000-7f83acc13000 r-xp 00000000 00:15c6 4611686019135192580      /nix/store/gpxl5qgg8kicmcvivwmybwjlpf7wh20l-graalvm17-ce-22.3.0/lib/libzip.so
7f83acc13000-7f83acc14000 ---p 00007000 00:15c6 4611686019135192580      /nix/store/gpxl5qgg8kicmcvivwmybwjlpf7wh20l-graalvm17-ce-22.3.0/lib/libzip.so
7f83acc14000-7f83acc15000 r--p 00007000 00:15c6 4611686019135192580      /nix/store/gpxl5qgg8kicmcvivwmybwjlpf7wh20l-graalvm17-ce-22.3.0/lib/libzip.so
7f83acc15000-7f83acc16000 rw-p 00008000 00:15c6 4611686019135192580      /nix/store/gpxl5qgg8kicmcvivwmybwjlpf7wh20l-graalvm17-ce-22.3.0/lib/libzip.so
7f83acc16000-7f83acc18000 rw-p 0000b000 00:15c6 4611686019135192580      /nix/store/gpxl5qgg8kicmcvivwmybwjlpf7wh20l-graalvm17-ce-22.3.0/lib/libzip.so
7f83acc18000-7f83acc2d000 r-xp 00000000 00:15c6 4611686019135192570      /nix/store/gpxl5qgg8kicmcvivwmybwjlpf7wh20l-graalvm17-ce-22.3.0/lib/libnet.so
7f83acc2d000-7f83acc2e000 ---p 00015000 00:15c6 4611686019135192570      /nix/store/gpxl5qgg8kicmcvivwmybwjlpf7wh20l-graalvm17-ce-22.3.0/lib/libnet.so
7f83acc2e000-7f83acc2f000 r--p 00015000 00:15c6 4611686019135192570      /nix/store/gpxl5qgg8kicmcvivwmybwjlpf7wh20l-graalvm17-ce-22.3.0/lib/libnet.so
7f83acc2f000-7f83acc30000 rw-p 00016000 00:15c6 4611686019135192570      /nix/store/gpxl5qgg8kicmcvivwmybwjlpf7wh20l-graalvm17-ce-22.3.0/lib/libnet.so
7f83acc30000-7f83acc33000 rw-p 0001b000 00:15c6 4611686019135192570      /nix/store/gpxl5qgg8kicmcvivwmybwjlpf7wh20l-graalvm17-ce-22.3.0/lib/libnet.so
7f83acc33000-7f83acc46000 r-xp 00000000 00:15c6 4611686019135192571      /nix/store/gpxl5qgg8kicmcvivwmybwjlpf7wh20l-graalvm17-ce-22.3.0/lib/libnio.so
7f83acc46000-7f83acc47000 r--p 00012000 00:15c6 4611686019135192571      /nix/store/gpxl5qgg8kicmcvivwmybwjlpf7wh20l-graalvm17-ce-22.3.0/lib/libnio.so
7f83acc47000-7f83acc48000 rw-p 00013000 00:15c6 4611686019135192571      /nix/store/gpxl5qgg8kicmcvivwmybwjlpf7wh20l-graalvm17-ce-22.3.0/lib/libnio.so
7f83acc48000-7f83acc4d000 rw-p 00019000 00:15c6 4611686019135192571      /nix/store/gpxl5qgg8kicmcvivwmybwjlpf7wh20l-graalvm17-ce-22.3.0/lib/libnio.so
7f83acc4d000-7f83acc4e000 ---p 00000000 00:00 0 
7f83acc4e000-7f83acd4f000 rw-p 00000000 00:00 0 
7f83acd4f000-7f83ace1d000 r-xp 00000000 00:15c6 4611686019135190036      /nix/store/gpxl5qgg8kicmcvivwmybwjlpf7wh20l-graalvm17-ce-22.3.0/lib/libjsvml.so
7f83ace1d000-7f83ace1e000 r--p 000cd000 00:15c6 4611686019135190036      /nix/store/gpxl5qgg8kicmcvivwmybwjlpf7wh20l-graalvm17-ce-22.3.0/lib/libjsvml.so
7f83ace1e000-7f83ace1f000 rw-p 000ce000 00:15c6 4611686019135190036      /nix/store/gpxl5qgg8kicmcvivwmybwjlpf7wh20l-graalvm17-ce-22.3.0/lib/libjsvml.so
7f83ace1f000-7f83ae6f7000 rw-p 00000000 00:00 0 
7f83ae6f7000-7f83ae6f8000 ---p 00000000 00:00 0 
7f83ae6f8000-7f83ae8a3000 rw-p 00000000 00:00 0 
7f83ae8a3000-7f83ae8c1000 rw-p 00000000 00:00 0 
7f83ae8c1000-7f83ae8f9000 ---p 00000000 00:00 0 
7f83ae8f9000-7f83ae900000 rw-p 00000000 00:00 0 
7f83ae900000-7f83ae9e5000 ---p 00000000 00:00 0 
7f83ae9e5000-7f83aea03000 rw-p 00000000 00:00 0 
7f83aea03000-7f83aead0000 ---p 00000000 00:00 0 
7f83aead0000-7f83aead5000 rw-p 00000000 00:00 0 
7f83aead5000-7f83aeadc000 ---p 00000000 00:00 0 
7f83aeadc000-7f83aeb00000 r-xp 00000000 00:15c6 4611686019135190028      /nix/store/gpxl5qgg8kicmcvivwmybwjlpf7wh20l-graalvm17-ce-22.3.0/lib/libjava.so
7f83aeb00000-7f83aeb01000 ---p 00024000 00:15c6 4611686019135190028      /nix/store/gpxl5qgg8kicmcvivwmybwjlpf7wh20l-graalvm17-ce-22.3.0/lib/libjava.so
7f83aeb01000-7f83aeb02000 r--p 00024000 00:15c6 4611686019135190028      /nix/store/gpxl5qgg8kicmcvivwmybwjlpf7wh20l-graalvm17-ce-22.3.0/lib/libjava.so
7f83aeb02000-7f83aeb03000 rw-p 00025000 00:15c6 4611686019135190028      /nix/store/gpxl5qgg8kicmcvivwmybwjlpf7wh20l-graalvm17-ce-22.3.0/lib/libjava.so
7f83aeb03000-7f83aeb04000 rw-p 00000000 00:00 0 
7f83aeb04000-7f83aeb0b000 rw-p 0002f000 00:15c6 4611686019135190028      /nix/store/gpxl5qgg8kicmcvivwmybwjlpf7wh20l-graalvm17-ce-22.3.0/lib/libjava.so
7f83aeb0b000-7f83aeb13000 rw-s 00000000 00:d3 695                        /tmp/hsperfdata_runner/1892
7f83aeb13000-7f83aeb14000 ---p 00000000 00:00 0 
7f83aeb14000-7f83aeb15000 r--p 00000000 00:00 0 
7f83aeb15000-7f83aeb16000 rwxp 00000000 00:00 0 
7f83aeb16000-7f83aeb31000 r-xp 00000000 00:15c6 4611686019135190032      /nix/store/gpxl5qgg8kicmcvivwmybwjlpf7wh20l-graalvm17-ce-22.3.0/lib/libjimage.so
7f83aeb31000-7f83aeb32000 ---p 0001b000 00:15c6 4611686019135190032      /nix/store/gpxl5qgg8kicmcvivwmybwjlpf7wh20l-graalvm17-ce-22.3.0/lib/libjimage.so
7f83aeb32000-7f83aeb34000 r--p 0001b000 00:15c6 4611686019135190032      /nix/store/gpxl5qgg8kicmcvivwmybwjlpf7wh20l-graalvm17-ce-22.3.0/lib/libjimage.so
7f83aeb34000-7f83aeb35000 rw-p 0001d000 00:15c6 4611686019135190032      /nix/store/gpxl5qgg8kicmcvivwmybwjlpf7wh20l-graalvm17-ce-22.3.0/lib/libjimage.so
7f83aeb35000-7f83aeb36000 rw-p 00024000 00:15c6 4611686019135190032      /nix/store/gpxl5qgg8kicmcvivwmybwjlpf7wh20l-graalvm17-ce-22.3.0/lib/libjimage.so
7f83aeb36000-7f83aeb3a000 ---p 00000000 00:00 0 
7f83aeb3a000-7f83aec36000 rw-p 00000000 00:00 0 
7f83aec36000-7f83aec44000 r--p 00000000 00:15c6 4611686019027979927      /nix/store/4nlgxhb09sdr51nc9hdm8az5b08vzkgx-glibc-2.35-163/lib/libm.so.6
7f83aec44000-7f83aecb7000 r-xp 0000e000 00:15c6 4611686019027979927      /nix/store/4nlgxhb09sdr51nc9hdm8az5b08vzkgx-glibc-2.35-163/lib/libm.so.6
7f83aecb7000-7f83aed14000 r--p 00081000 00:15c6 4611686019027979927      /nix/store/4nlgxhb09sdr51nc9hdm8az5b08vzkgx-glibc-2.35-163/lib/libm.so.6
7f83aed14000-7f83aed15000 r--p 000dd000 00:15c6 4611686019027979927      /nix/store/4nlgxhb09sdr51nc9hdm8az5b08vzkgx-glibc-2.35-163/lib/libm.so.6
7f83aed15000-7f83aed16000 rw-p 000de000 00:15c6 4611686019027979927      /nix/store/4nlgxhb09sdr51nc9hdm8az5b08vzkgx-glibc-2.35-163/lib/libm.so.6
7f83aed16000-7f83aed17000 r--p 00000000 00:15c6 4611686019027979946      /nix/store/4nlgxhb09sdr51nc9hdm8az5b08vzkgx-glibc-2.35-163/lib/librt.so.1
7f83aed17000-7f83aed18000 r-xp 00001000 00:15c6 4611686019027979946      /nix/store/4nlgxhb09sdr51nc9hdm8az5b08vzkgx-glibc-2.35-163/lib/librt.so.1
7f83aed18000-7f83aed19000 r--p 00002000 00:15c6 4611686019027979946      /nix/store/4nlgxhb09sdr51nc9hdm8az5b08vzkgx-glibc-2.35-163/lib/librt.so.1
7f83aed19000-7f83aed1a000 r--p 00002000 00:15c6 4611686019027979946      /nix/store/4nlgxhb09sdr51nc9hdm8az5b08vzkgx-glibc-2.35-163/lib/librt.so.1
7f83aed1a000-7f83aed1b000 rw-p 00003000 00:15c6 4611686019027979946      /nix/store/4nlgxhb09sdr51nc9hdm8az5b08vzkgx-glibc-2.35-163/lib/librt.so.1
7f83aed1b000-7f83afe2e000 r-xp 00000000 00:15c6 4611686019135360866      /nix/store/gpxl5qgg8kicmcvivwmybwjlpf7wh20l-graalvm17-ce-22.3.0/lib/server/libjvm.so
7f83afe2e000-7f83afe2f000 ---p 01113000 00:15c6 4611686019135360866      /nix/store/gpxl5qgg8kicmcvivwmybwjlpf7wh20l-graalvm17-ce-22.3.0/lib/server/libjvm.so
7f83afe2f000-7f83afee4000 r--p 01113000 00:15c6 4611686019135360866      /nix/store/gpxl5qgg8kicmcvivwmybwjlpf7wh20l-graalvm17-ce-22.3.0/lib/server/libjvm.so
7f83afee4000-7f83aff18000 rw-p 011c8000 00:15c6 4611686019135360866      /nix/store/gpxl5qgg8kicmcvivwmybwjlpf7wh20l-graalvm17-ce-22.3.0/lib/server/libjvm.so
7f83aff18000-7f83aff74000 rw-p 00000000 00:00 0 
7f83aff74000-7f83aff9c000 r--p 00000000 00:15c6 4611686019027979918      /nix/store/4nlgxhb09sdr51nc9hdm8az5b08vzkgx-glibc-2.35-163/lib/libc.so.6
7f83aff9c000-7f83b0112000 r-xp 00028000 00:15c6 4611686019027979918      /nix/store/4nlgxhb09sdr51nc9hdm8az5b08vzkgx-glibc-2.35-163/lib/libc.so.6
7f83b0112000-7f83b016a000 r--p 0019e000 00:15c6 4611686019027979918      /nix/store/4nlgxhb09sdr51nc9hdm8az5b08vzkgx-glibc-2.35-163/lib/libc.so.6
7f83b016a000-7f83b016e000 r--p 001f6000 00:15c6 4611686019027979918      /nix/store/4nlgxhb09sdr51nc9hdm8az5b08vzkgx-glibc-2.35-163/lib/libc.so.6
7f83b016e000-7f83b0170000 rw-p 001fa000 00:15c6 4611686019027979918      /nix/store/4nlgxhb09sdr51nc9hdm8az5b08vzkgx-glibc-2.35-163/lib/libc.so.6
7f83b0170000-7f83b017f000 rw-p 00000000 00:00 0 
7f83b017f000-7f83b0180000 r--p 00000000 00:15c6 4611686019027979923      /nix/store/4nlgxhb09sdr51nc9hdm8az5b08vzkgx-glibc-2.35-163/lib/libdl.so.2
7f83b0180000-7f83b0181000 r-xp 00001000 00:15c6 4611686019027979923      /nix/store/4nlgxhb09sdr51nc9hdm8az5b08vzkgx-glibc-2.35-163/lib/libdl.so.2
7f83b0181000-7f83b0182000 r--p 00002000 00:15c6 4611686019027979923      /nix/store/4nlgxhb09sdr51nc9hdm8az5b08vzkgx-glibc-2.35-163/lib/libdl.so.2
7f83b0182000-7f83b0183000 r--p 00002000 00:15c6 4611686019027979923      /nix/store/4nlgxhb09sdr51nc9hdm8az5b08vzkgx-glibc-2.35-163/lib/libdl.so.2
7f83b0183000-7f83b0184000 rw-p 00003000 00:15c6 4611686019027979923      /nix/store/4nlgxhb09sdr51nc9hdm8az5b08vzkgx-glibc-2.35-163/lib/libdl.so.2
7f83b0184000-7f83b0185000 r--p 00000000 00:15c6 4611686019027979942      /nix/store/4nlgxhb09sdr51nc9hdm8az5b08vzkgx-glibc-2.35-163/lib/libpthread.so.0
7f83b0185000-7f83b0186000 r-xp 00001000 00:15c6 4611686019027979942      /nix/store/4nlgxhb09sdr51nc9hdm8az5b08vzkgx-glibc-2.35-163/lib/libpthread.so.0
7f83b0186000-7f83b0187000 r--p 00002000 00:15c6 4611686019027979942      /nix/store/4nlgxhb09sdr51nc9hdm8az5b08vzkgx-glibc-2.35-163/lib/libpthread.so.0
7f83b0187000-7f83b0188000 r--p 00002000 00:15c6 4611686019027979942      /nix/store/4nlgxhb09sdr51nc9hdm8az5b08vzkgx-glibc-2.35-163/lib/libpthread.so.0
7f83b0188000-7f83b0189000 rw-p 00003000 00:15c6 4611686019027979942      /nix/store/4nlgxhb09sdr51nc9hdm8az5b08vzkgx-glibc-2.35-163/lib/libpthread.so.0
7f83b0189000-7f83b0197000 r-xp 00000000 00:15c6 4611686019135190033      /nix/store/gpxl5qgg8kicmcvivwmybwjlpf7wh20l-graalvm17-ce-22.3.0/lib/libjli.so
7f83b0197000-7f83b0198000 ---p 0000e000 00:15c6 4611686019135190033      /nix/store/gpxl5qgg8kicmcvivwmybwjlpf7wh20l-graalvm17-ce-22.3.0/lib/libjli.so
7f83b0198000-7f83b0199000 r--p 0000e000 00:15c6 4611686019135190033      /nix/store/gpxl5qgg8kicmcvivwmybwjlpf7wh20l-graalvm17-ce-22.3.0/lib/libjli.so
7f83b0199000-7f83b019a000 rw-p 0000f000 00:15c6 4611686019135190033      /nix/store/gpxl5qgg8kicmcvivwmybwjlpf7wh20l-graalvm17-ce-22.3.0/lib/libjli.so
7f83b019a000-7f83b019b000 rw-p 00012000 00:15c6 4611686019135190033      /nix/store/gpxl5qgg8kicmcvivwmybwjlpf7wh20l-graalvm17-ce-22.3.0/lib/libjli.so
7f83b019b000-7f83b019e000 r--p 00000000 00:15c6 4611686019106210071      /nix/store/026hln0aq1hyshaxsdvhg0kmcm6yf45r-zlib-1.2.13/lib/libz.so.1.2.13
7f83b019e000-7f83b01b0000 r-xp 00003000 00:15c6 4611686019106210071      /nix/store/026hln0aq1hyshaxsdvhg0kmcm6yf45r-zlib-1.2.13/lib/libz.so.1.2.13
7f83b01b0000-7f83b01b7000 r--p 00015000 00:15c6 4611686019106210071      /nix/store/026hln0aq1hyshaxsdvhg0kmcm6yf45r-zlib-1.2.13/lib/libz.so.1.2.13
7f83b01b7000-7f83b01b8000 r--p 0001b000 00:15c6 4611686019106210071      /nix/store/026hln0aq1hyshaxsdvhg0kmcm6yf45r-zlib-1.2.13/lib/libz.so.1.2.13
7f83b01b8000-7f83b01b9000 rw-p 0001c000 00:15c6 4611686019106210071      /nix/store/026hln0aq1hyshaxsdvhg0kmcm6yf45r-zlib-1.2.13/lib/libz.so.1.2.13
7f83b01b9000-7f83b01bb000 rw-p 00000000 00:00 0 
7f83b01bb000-7f83b01bd000 r--p 00000000 00:15c6 4611686019027979912      /nix/store/4nlgxhb09sdr51nc9hdm8az5b08vzkgx-glibc-2.35-163/lib/ld-linux-x86-64.so.2
7f83b01bd000-7f83b01e4000 r-xp 00002000 00:15c6 4611686019027979912      /nix/store/4nlgxhb09sdr51nc9hdm8az5b08vzkgx-glibc-2.35-163/lib/ld-linux-x86-64.so.2
7f83b01e4000-7f83b01f0000 r--p 00029000 00:15c6 4611686019027979912      /nix/store/4nlgxhb09sdr51nc9hdm8az5b08vzkgx-glibc-2.35-163/lib/ld-linux-x86-64.so.2
7f83b01f0000-7f83b01f2000 r--p 00034000 00:15c6 4611686019027979912      /nix/store/4nlgxhb09sdr51nc9hdm8az5b08vzkgx-glibc-2.35-163/lib/ld-linux-x86-64.so.2
7f83b01f2000-7f83b01f4000 rw-p 00036000 00:15c6 4611686019027979912      /nix/store/4nlgxhb09sdr51nc9hdm8az5b08vzkgx-glibc-2.35-163/lib/ld-linux-x86-64.so.2
7ffe501e0000-7ffe50205000 rw-p 00000000 00:00 0                          [stack]
7ffe50315000-7ffe50319000 r--p 00000000 00:00 0                          [vvar]
7ffe50319000-7ffe5031b000 r-xp 00000000 00:00 0                          [vdso]
ffffffffff600000-ffffffffff601000 --xp 00000000 00:00 0                  [vsyscall]


VM Arguments:
jvm_args: -XX:ThreadPriorityPolicy=1 -XX:+UnlockExperimentalVMOptions -XX:+EnableJVMCIProduct -XX:JVMCIThreadsPerNativeLibraryRuntime=1 -XX:-UnlockExperimentalVMOptions -Declipse.application=org.eclipse.jdt.ls.core.id1 -Dosgi.bundles.defaultStartLevel=4 -Declipse.product=org.eclipse.jdt.ls.core.product -Dlog.level=ALL -Xverify:none -XX:+UseParallelGC -XX:GCTimeRatio=4 -XX:AdaptiveSizePolicyWeight=90 -Dsun.zip.disableMemoryMapping=true -Xmx512m -Xms100m 
java_command: /nix/store/m6gcpi1ii6rghy04cjwjddcavv7i90df-jdt-language-server-1.9.0/share/java/plugins/org.eclipse.equinox.launcher_1.6.400.v20210924-0641.jar --add-modules=ALL-SYSTEM --add-opens java.base/java.util=ALL-UNNAMED --add-opens java.base/java.lang=ALL-UNNAMED -configuration /home/runner/.cache/jdt-language-server/config -data /home/runner/.cache/jdt-language-server/data/home/runner/Ex-16-WikiPython
java_class_path (initial): /nix/store/m6gcpi1ii6rghy04cjwjddcavv7i90df-jdt-language-server-1.9.0/share/java/plugins/org.eclipse.equinox.launcher_1.6.400.v20210924-0641.jar
Launcher Type: SUN_STANDARD

[Global flags]
    uintx AdaptiveSizePolicyWeight                 = 90                                        {product} {command line}
     intx CICompilerCount                          = 2                                         {product} {ergonomic}
     bool EnableJVMCIProduct                       = true                                {JVMCI product} {jimage}
    uintx GCTimeRatio                              = 4                                         {product} {command line}
   size_t InitialHeapSize                          = 104857600                                 {product} {command line}
     uint JVMCIThreadsPerNativeLibraryRuntime      = 1                                   {JVMCI product} {jimage}
   size_t MaxHeapSize                              = 536870912                                 {product} {command line}
   size_t MaxNewSize                               = 178782208                                 {product} {ergonomic}
   size_t MinHeapDeltaBytes                        = 524288                                    {product} {ergonomic}
   size_t MinHeapSize                              = 104857600                                 {product} {command line}
   size_t NewSize                                  = 34603008                                  {product} {ergonomic}
    uintx NonNMethodCodeHeapSize                   = 5826188                                {pd product} {ergonomic}
    uintx NonProfiledCodeHeapSize                  = 122916026                              {pd product} {ergonomic}
   size_t OldSize                                  = 70254592                                  {product} {ergonomic}
    uintx ProfiledCodeHeapSize                     = 122916026                              {pd product} {ergonomic}
    uintx ReservedCodeCacheSize                    = 251658240                              {pd product} {ergonomic}
     bool SegmentedCodeCache                       = true                                      {product} {ergonomic}
   size_t SoftMaxHeapSize                          = 536870912                              {manageable} {ergonomic}
     intx ThreadPriorityPolicy                     = 1                                         {product} {jimage}
     bool UseCompressedClassPointers               = true                           {product lp64_product} {ergonomic}
     bool UseCompressedOops                        = true                           {product lp64_product} {ergonomic}
     bool UseParallelGC                            = true                                      {product} {command line}

Logging:
Log output configuration:
 #0: stdout all=warning uptime,level,tags
 #1: stderr all=off uptime,level,tags

Environment Variables:
JAVA_HOME=/nix/store/gpxl5qgg8kicmcvivwmybwjlpf7wh20l-graalvm17-ce-22.3.0
PATH=/nix/store/1d6ian3r8kdzspw8hacjhl3xkp40g1lj-binutils-wrapper-2.39/bin:/nix/store/dq0xwmsk1g0i2ayg6pb7y87na2knzylh-gcc-wrapper-11.3.0/bin:/nix/store/bap4d0lpcrhpwmpb8ayjcgkmvfj62lnq-bash-interactive-5.1-p16/bin:/nix/store/pr5n59mb4jzmfx6kanwxly0l07p861fg-patchelf-0.15.0/bin:/nix/store/1gf2flfqnpqbr1b4p4qz2f72y42bs56r-gcc-11.3.0/bin:/nix/store/57xv61c5zi8pphjbcwxxjlgc34p61ic9-glibc-2.35-163-bin/bin:/nix/store/a7gvj343m05j2s32xcnwr35v31ynlypr-coreutils-9.1/bin:/nix/store/039g378vc3pc3dvi9dzdlrd0i4q93qwf-binutils-2.39/bin:/nix/store/gpxl5qgg8kicmcvivwmybwjlpf7wh20l-graalvm17-ce-22.3.0/bin:/nix/store/6z9ag3ihc8mq2hzsw48lhbznvzny65nz-apache-maven-3.8.6/bin:/nix/store/m6gcpi1ii6rghy04cjwjddcavv7i90df-jdt-language-server-1.9.0/bin:/nix/store/84xs5alhs01zrbr4ywm05kxbjbp5590l-java-debug/bin:/nix/store/mydc6f4k2z73xlcz7ilif3v2lcaiqvza-findutils-4.9.0/bin:/nix/store/j9p3g8472iijd50vhdprx0nmk2fqn5gv-diffutils-3.8/bin:/nix/store/89zs7rms6x00xfq4dq6m7mjnhkr8a6r4-gnused-4.8/bin:/nix/store/86bp03jkmsl6f92w0yzg4s59g5mhxwmy-gnugrep-3.7/bin:/nix/store/hwcdqw4jrjnd37wxqgsd47hd0j8bnj09-gawk-5.1.1/bin:/nix/store/cfbhw8r8ags41vwqaz47r583d0p4h4a1-gnutar-1.34/bin:/nix/store/p3m1ndl1lapwrlh698bnb5lvvxh67378-gzip-1.12/bin:/nix/store/a8mhcagrsly7c7mpjrpsnaahk4aax056-bzip2-1.0.8-bin/bin:/nix/store/mblgz65m3zv9x548a3d5m96fj2pbwr09-gnumake-4.3/bin:/nix/store/dsd5gz46hdbdk2rfdimqddhq6m8m8fqs-bash-5.1-p16/bin:/nix/store/v7ljksji50mg3w61dykaa3n3y79n6nil-patch-2.7.6/bin:/nix/store/zlcnmqq14jz5x9439jf937mvayyl63da-xz-5.2.7-bin/bin:/nix/store/y6aj732zm9m87c82fpvf103a1xb22blp-file-5.43/bin:/nix/store/i4kzir3m7mrisxmf5xvlnkw01x4qaqr4-prybar-elisp-0.0.0-e0d9a52/bin:/nix/store/lwwivxf6h7x3cvxp9zv8sj0mv7dak99r-prybar-lua-0.0.0-e0d9a52/bin:/nix/store/gxj28g1cg4hq3qanmjv07156h800qr58-prybar-python3-0.0.0-e0d9a52/bin:/nix/store/hshkjnxrgidigf8x75vg6lqng2xlx9i3-prybar-sqlite-0.0.0-e0d9a52/bin:/nix/store/c4w01bpjgyy5ixmwdk8m1pw87zq4sl26-prybar-tcl-0.0.0-e0d9a52/bin:/nix/store/hpbvrlwd5viqmvcaisb3x0118i913a9n-st
LD_LIBRARY_PATH=/nix/store/a4pff549sk2idnkpzk5nsfps3mdkdnvm-cups-2.4.2-lib/lib:/nix/store/72mqxxhh3cy5yifh92wh2yb8cl2hikyy-cairo-1.16.0/lib:/nix/store/2k366jrbsra97gjfxwvrhvixjfxdach5-glib-2.74.1/lib:/nix/store/2j2znigd8ak37rlwh9khz0ry3clqlw1l-gtk+3-3.24.34/lib:/nix/store/hisqvx32cd57apbpcsnkpx6k3549wql1-libglvnd-1.4.0/lib:/nix/store/p36pgcv991mq5srvg765b78yqpxvk3qs-mesa-21.3.3-drivers/lib:/nix/store/mav4251if1ahjq5vkpwycyyvnmy459c4-pulseaudio-14.2/lib
DISPLAY=:0
LANG=en_US.UTF-8

Signal Handlers:
   SIGSEGV: crash_handler in libjvm.so, mask=11100100010111111101111111111110, flags=SA_RESTART|SA_SIGINFO
    SIGBUS: crash_handler in libjvm.so, mask=11100100010111111101111111111110, flags=SA_RESTART|SA_SIGINFO
    SIGFPE: crash_handler in libjvm.so, mask=11100100010111111101111111111110, flags=SA_RESTART|SA_SIGINFO
   SIGPIPE: IsolateEnterStub_IgnoreSIGPIPEStartupHook_noopSignalHandler_8f19bff2f35b5f630d83b364d6b2339320d4ec70_216e8361c6bc87a8f89f58cc10d3b2fd4415bf87 in libjvmcicompiler.so, mask=00000000000000000000000000000000, flags=SA_RESTART
  *** Handler was modified!
  *** Expected: javaSignalHandler in libjvm.so, mask=11100100110111111111111111111110, flags=SA_RESTART|SA_SIGINFO
   SIGXFSZ: javaSignalHandler in libjvm.so, mask=11100100010111111101111111111110, flags=SA_RESTART|SA_SIGINFO
    SIGILL: crash_handler in libjvm.so, mask=11100100010111111101111111111110, flags=SA_RESTART|SA_SIGINFO
   SIGUSR2: SR_handler in libjvm.so, mask=00000000000000000000000000000000, flags=SA_RESTART|SA_SIGINFO
    SIGHUP: UserHandler in libjvm.so, mask=11100100010111111101111111111110, flags=SA_RESTART|SA_SIGINFO
    SIGINT: UserHandler in libjvm.so, mask=11100100010111111101111111111110, flags=SA_RESTART|SA_SIGINFO
   SIGTERM: UserHandler in libjvm.so, mask=11100100010111111101111111111110, flags=SA_RESTART|SA_SIGINFO
   SIGQUIT: UserHandler in libjvm.so, mask=11100100010111111101111111111110, flags=SA_RESTART|SA_SIGINFO
  *** Handler was modified!
  *** Expected: javaSignalHandler in libjvm.so, mask=11100100110111111111111111111110, flags=SA_RESTART|SA_SIGINFO
   SIGTRAP: crash_handler in libjvm.so, mask=11100100010111111101111111111110, flags=SA_RESTART|SA_SIGINFO


---------------  S Y S T E M  ---------------

OS:
DISTRIB_ID=Ubuntu
DISTRIB_RELEASE=20.04
DISTRIB_CODENAME=focal
DISTRIB_DESCRIPTION="Ubuntu 20.04.2 LTS"
uname: Linux 5.15.0-1031-gcp #38~20.04.1-Ubuntu SMP Sun Mar 12 04:47:58 UTC 2023 x86_64
OS uptime: 0 days 8:18 hours
libc: glibc 2.35 NPTL 2.35 
rlimit (soft/hard): STACK 8192k/infinity , CORE infinity/infinity , NPROC infinity/infinity , NOFILE 5242/5242 , AS infinity/infinity , CPU infinity/infinity , DATA infinity/infinity , FSIZE infinity/infinity , MEMLOCK 64k/64k
load average: 15.73 14.25 13.87

/proc/meminfo:
MemTotal:       65852712 kB
MemFree:         6067460 kB
MemAvailable:   38766136 kB
Buffers:         2529276 kB
Cached:         28188464 kB
SwapCached:            0 kB
Active:         10270060 kB
Inactive:       43750976 kB
Active(anon):      16560 kB
Inactive(anon): 22890896 kB
Active(file):   10253500 kB
Inactive(file): 20860080 kB
Unevictable:       42812 kB
Mlocked:           42812 kB
SwapTotal:             0 kB
SwapFree:              0 kB
Dirty:              2556 kB
Writeback:             0 kB
AnonPages:      22255136 kB
Mapped:          1710956 kB
Shmem:             29004 kB
KReclaimable:    2311696 kB
Slab:            4530372 kB
SReclaimable:    2311696 kB
SUnreclaim:      2218676 kB
KernelStack:      413300 kB
PageTables:       228432 kB
NFS_Unstable:          0 kB
Bounce:                0 kB
WritebackTmp:          0 kB
CommitLimit:    32926356 kB
Committed_AS:   69800104 kB
VmallocTotal:   34359738367 kB
VmallocUsed:      466072 kB
VmallocChunk:          0 kB
Percpu:            86944 kB
HardwareCorrupted:     0 kB
AnonHugePages:   3471360 kB
ShmemHugePages:        0 kB
ShmemPmdMapped:        0 kB
FileHugePages:         0 kB
FilePmdMapped:         0 kB
HugePages_Total:       0
HugePages_Free:        0
HugePages_Rsvd:        0
HugePages_Surp:        0
Hugepagesize:       2048 kB
Hugetlb:               0 kB
DirectMap4k:     5561152 kB
DirectMap2M:    58398720 kB
DirectMap1G:     5242880 kB

/sys/kernel/mm/transparent_hugepage/enabled: always [madvise] never
/sys/kernel/mm/transparent_hugepage/defrag (defrag/compaction efforts parameter): always defer defer+madvise [madvise] never

Process Memory:
Virtual Size: 4315208K (peak: 4404012K)
Resident Set Size: 738412K (peak: 806300K) (anon: 542000K, file: 196412K, shmem: 0K)
Swapped out: 0K
C-Heap outstanding allocations: 38639K, retained: 16588K
glibc malloc tunables: (default)

/proc/sys/kernel/threads-max (system-wide limit on the number of threads): 514406
/proc/sys/vm/max_map_count (maximum number of memory map areas a process may have): 65530
/proc/sys/kernel/pid_max (system-wide limit on number of process identifiers): 4194304

container (cgroup) information:
container_type: cgroupv1
cpu_cpuset_cpus: 2-7
cpu_memory_nodes: 0
active_processor_count: 1
cpu_quota: 50000
cpu_period: 100000
cpu_shares: 512
memory_limit_in_bytes: 1048576 k
memory_and_swap_limit_in_bytes: 1048576 k
memory_soft_limit_in_bytes: 524288 k
memory_usage_in_bytes: 580844 k
memory_max_usage_in_bytes: 1048576 k
maximum number of tasks: 1000
current number of tasks: 45

KVM virtualization detected
Steal ticks since vm start: 0
Steal ticks percentage since vm start:  0.000

CPU: total 8 (initial active 1) (8 cores per cpu, 2 threads per core) family 23 model 49 stepping 0 microcode 0xffffffff, cx8, cmov, fxsr, ht, mmx, 3dnowpref, sse, sse2, sse3, ssse3, sse4a, sse4.1, sse4.2, popcnt, lzcnt, tsc, tscinvbit, avx, avx2, aes, clmul, bmi1, bmi2, adx, sha, fma, vzeroupper, clflush, clflushopt, hv
CPU Model and flags from /proc/cpuinfo:
model name	: AMD EPYC 7B12
flags		: fpu vme de pse tsc msr pae mce cx8 apic sep mtrr pge mca cmov pat pse36 clflush mmx fxsr sse sse2 ht syscall nx mmxext fxsr_opt pdpe1gb rdtscp lm constant_tsc rep_good nopl nonstop_tsc cpuid extd_apicid tsc_known_freq pni pclmulqdq ssse3 fma cx16 sse4_1 sse4_2 movbe popcnt aes xsave avx f16c rdrand hypervisor lahf_lm cmp_legacy cr8_legacy abm sse4a misalignsse 3dnowprefetch osvw topoext ssbd ibrs ibpb stibp vmmcall fsgsbase tsc_adjust bmi1 avx2 smep bmi2 rdseed adx smap clflushopt clwb sha_ni xsaveopt xsavec xgetbv1 clzero xsaveerptr arat npt nrip_save umip rdpid

Online cpus: 0-7
Offline cpus: 
BIOS frequency limitation: <Not Available>
Frequency switch latency (ns): <Not Available>
Available cpu frequencies: <Not Available>
Current governor: <Not Available>
Core performance/turbo boost: <Not Available>

Memory: 4k page, physical 1048576k(467724k free), swap 0k(0k free)
Page Sizes: 4k

vm_info: OpenJDK 64-Bit Server VM (17.0.5+8-jvmci-22.3-b08) for linux-amd64 JRE (17.0.5+8-jvmci-22.3-b08), built on Oct 19 2022 09:01:27 by "buildslave" with gcc 10.3.0

END.
